#
# A fatal error has been detected by the Java Runtime Environment:
#
#  SIGSEGV (0xb) at pc=0x00007fff911be05d, pid=568, tid=775
#
# JRE version: Java(TM) SE Runtime Environment (9.0+11) (build 9.0.4+11)
# Java VM: Java HotSpot(TM) 64-Bit Server VM (9.0.4+11, mixed mode, tiered, compressed oops, g1 gc, bsd-amd64)
# Problematic frame:
# C  [libobjc.A.dylib+0x705d]  objc_msgSend+0x1d
#
# No core dump will be written. Core dumps have been disabled. To enable core dumping, try "ulimit -c unlimited" before starting Java again
#
# If you would like to submit a bug report, please visit:
#   http://bugreport.java.com/bugreport/crash.jsp
# The crash happened outside the Java Virtual Machine in native code.
# See problematic frame for where to report the bug.
#

---------------  S U M M A R Y ------------

Command Line: -javaagent:/Users/macbook/Library/Application Support/JetBrains/Toolbox/apps/IDEA-U/ch-0/173.4548.28/IntelliJ IDEA.app/Contents/lib/idea_rt.jar=49334:/Users/macbook/Library/Application Support/JetBrains/Toolbox/apps/IDEA-U/ch-0/173.4548.28/IntelliJ IDEA.app/Contents/bin -Dfile.encoding=UTF-8 Main.Main

Host: MacBookPro14,1 x86_64 2300 MHz, 4 cores, 8G, Darwin 16.7.0
Time: Mon Jul 16 00:10:34 2018 PDT elapsed time: 33 seconds (0d 0h 0m 33s)

---------------  T H R E A D  ---------------

Current thread (0x00007fd3d3341800):  JavaThread "JavaFX Application Thread" [_thread_in_native, id=775, stack(0x00007fff5e603000,0x00007fff5ee03000)]

Stack: [0x00007fff5e603000,0x00007fff5ee03000],  sp=0x00007fff5edff8e8,  free space=8178k
Native frames: (J=compiled Java code, A=aot compiled Java code, j=interpreted, Vv=VM code, C=native code)
C  [libobjc.A.dylib+0x705d]  objc_msgSend+0x1d
C  [libglass.dylib+0x20009]  -[GlassView3D performKeyEquivalent:]+0x319
C  [AppKit+0x29554e]  -[NSView _performKeyEquivalent:conditionally:]+0xe3
C  [AppKit+0x29564c]  -[NSView performKeyEquivalent:]+0xea
C  [AppKit+0x29554e]  -[NSView _performKeyEquivalent:conditionally:]+0xe3
C  [AppKit+0x29564c]  -[NSView performKeyEquivalent:]+0xea
C  [AppKit+0x29554e]  -[NSView _performKeyEquivalent:conditionally:]+0xe3
C  [AppKit+0x8e6ea2]  -[NSWindow _commonPerformKeyEquivalent:conditionally:]+0x4f
C  [libglass.dylib+0x27eb0]  -[GlassWindow_Normal performKeyEquivalent:]+0x40
C  [AppKit+0x7c3158]  routeKeyEquivalent+0x23c
C  [AppKit+0x7c0f39]  -[NSApplication(NSEvent) sendEvent:]+0xd31
C  [AppKit+0x3b427]  -[NSApplication run]+0x3ea
C  [libglass.dylib+0x7592]  -[GlassApplication runLoop:]+0x742
C  [Foundation+0x7152a]  __NSThreadPerformPerform+0x146
C  [CoreFoundation+0xa7321]  __CFRUNLOOP_IS_CALLING_OUT_TO_A_SOURCE0_PERFORM_FUNCTION__+0x11
C  [CoreFoundation+0x8821d]  __CFRunLoopDoSources0+0x22d
C  [CoreFoundation+0x87716]  __CFRunLoopRun+0x3a6
C  [CoreFoundation+0x87114]  CFRunLoopRunSpecific+0x1a4
C  [java+0x6b2e]  CreateExecutionEnvironment+0x35c
C  [java+0x2c65]  JLI_Launch+0x5a9
C  [java+0x1b62]  main+0x186
C  [java+0x19d4]  start+0x34
C  0x0000000000000006


siginfo: si_signo: 11 (SIGSEGV), si_code: 1 (SEGV_MAPERR), si_addr: 0x0000000000000018

Register to memory mapping:

RAX=0x0000000000000008 is an unknown value
RBX=0x00007fff911be040: objc_msgSend+0 in /usr/lib/libobjc.A.dylib at 0x00007fff911b7000
RCX=0x00007fd3d14df2f0 is an unknown value
RDX=0x00000001256cdf78: OBJC_CLASS_$_GlassNSEvent+0 in /Library/Java/JavaVirtualMachines/jdk-9.0.4.jdk/Contents/Home/lib/libglass.dylib at 0x000000012568c000
RSP=0x00007fff5edff8e8 is pointing into the stack for thread: 0x00007fd3d3341800
RBP=0x00007fff5edffd40 is pointing into the stack for thread: 0x00007fd3d3341800
RSI=0x00007fff7aa44fd8: __NSStyleNameIndexTable+0x7ac20 in /System/Library/Frameworks/AppKit.framework/Versions/C/AppKit at 0x00007fff79ddd000
RDI=0x0000000000000025 is an unknown value
R8 =0x0000000000000002 is an unknown value
R9 =0x00000007498220d8 is an oop
com.sun.javafx.collections.ListListenerHelper$SingleChange 
{0x00000007498220d8} - klass: 'com/sun/javafx/collections/ListListenerHelper$SingleChange'
R10=0x0000000000000000 is an unknown value
R11=0x00007fff7aa44fd8: __NSStyleNameIndexTable+0x7ac20 in /System/Library/Frameworks/AppKit.framework/Versions/C/AppKit at 0x00007fff79ddd000
R12=0x00007fd3d14a6dd0 is an unknown value
R13=0x00007fd3d3341a18 is an unknown value
R14=0x0000000000000000 is an unknown value
R15=0x0000000000000002 is an unknown value


Registers:
RAX=0x0000000000000008, RBX=0x00007fff911be040, RCX=0x00007fd3d14df2f0, RDX=0x00000001256cdf78
RSP=0x00007fff5edff8e8, RBP=0x00007fff5edffd40, RSI=0x00007fff7aa44fd8, RDI=0x0000000000000025
R8 =0x0000000000000002, R9 =0x00000007498220d8, R10=0x0000000000000000, R11=0x00007fff7aa44fd8
R12=0x00007fd3d14a6dd0, R13=0x00007fd3d3341a18, R14=0x0000000000000000, R15=0x0000000000000002
RIP=0x00007fff911be05d, EFLAGS=0x0000000000010297, ERR=0x0000000000000004
  TRAPNO=0x000000000000000e

Top of Stack: (sp=0x00007fff5edff8e8)
0x00007fff5edff8e8:   00000001256aefc3 00007fff00000002
0x00007fff5edff8f8:   00007fd3d3d9e1f0 0000000000000026
0x00007fff5edff908:   00007fd3d14df2f0 00007fff5edff920
0x00007fff5edff918:   00007fff7b89cfc5 00007fff5edffc70
0x00007fff5edff928:   00007fff7b89a6f9 00007fff5edffa18
0x00007fff5edff938:   00007fffffffd96e 00007fd3d1494bb0
0x00007fff5edff948:   00007fd3d15dc4f0 00007fff5edff9f0
0x00007fff5edff958:   00007fff7b8ba775 00007fff5edff9c0
0x00007fff5edff968:   00007fff9a9ae060 0000000042000000
0x00007fff5edff978:   00007fff7b8ba84d 00007fff97059c60
0x00007fff5edff988:   00007fff5edffcd0 00007fd3d15dc4f0
0x00007fff5edff998:   00007fff00000000 00007fff5edff9d0
0x00007fff5edff9a8:   00007fd3d1494bb0 00007fd3d15dc4f0
0x00007fff5edff9b8:   00000000ffffd96e 00007fff5edff9f0
0x00007fff5edff9c8:   00007fd3d1494bb0 00007fff5edffa20
0x00007fff5edff9d8:   00000001080efd33 00007fd3d15dc4f0
0x00007fff5edff9e8:   00007fff9706eba0 00007fd3d1452f10
0x00007fff5edff9f8:   0000000000000002 00007fff9706a7a0
0x00007fff5edffa08:   0000000000000000 00007fff5edffa30
0x00007fff5edffa18:   00007fff7c2c1870 00007fff9706eba0
0x00007fff5edffa28:   000000000000000d 00007fff5edffac0
0x00007fff5edffa38:   00007fff7c2b0ea5 00007fff5edffa60
0x00007fff5edffa48:   00007fff7c2c1870 00007fff9706eba0
0x00007fff5edffa58:   000000000000000d 00007fff5edffaf0
0x00007fff5edffa68:   aff108aa33140b62 ffffffffffffffff
0x00007fff5edffa78:   00007fd3d3f3e840 0000000000000017
0x00007fff5edffa88:   00007fff5edffad8 00007fff9706a7a0
0x00007fff5edffa98:   00007fd3d1452f10 41ee0541d21f0087
0x00007fff5edffaa8:   41ee0541d21f0087 00007fff5edffb38
0x00007fff5edffab8:   00007fff9706a7a0 00007fff5edffb10
0x00007fff5edffac8:   00007fff7c2ca4a1 41ee0541d21f0087
0x00007fff5edffad8:   000000000000000e 41ee0541d21f0087 

Instructions: (pc=0x00007fff911be05d)
0x00007fff911be03d:   0f 1f 00 48 85 ff 2e 74 62 40 f6 c7 01 2e 75 66
0x00007fff911be04d:   49 ba f8 ff ff ff ff 7f 00 00 4c 23 17 49 89 f3
0x00007fff911be05d:   45 23 5a 18 49 c1 e3 04 4d 03 5a 10 49 3b 33 75
0x00007fff911be06d:   04 41 ff 63 08 49 83 3b 01 76 0d 49 83 c3 10 49 


---------------  P R O C E S S  ---------------

Java Threads: ( => current thread )
  0x00007fd3d22bb000 JavaThread "Timer-1" daemon [_thread_blocked, id=85191, stack(0x0000700006aea000,0x0000700006bea000)]
  0x00007fd3d2e06000 JavaThread "Media Resource Disposer" daemon [_thread_blocked, id=81715, stack(0x0000700006964000,0x0000700006a64000)]
  0x00007fd3d2b16000 JavaThread "Prism Font Disposer" daemon [_thread_blocked, id=76279, stack(0x0000700006861000,0x0000700006961000)]
  0x00007fd3d2215800 JavaThread "Java2D Disposer" daemon [_thread_blocked, id=74759, stack(0x000070000675e000,0x000070000685e000)]
  0x00007fd3d3196800 JavaThread "JFXMedia Player EventQueueThread" daemon [_thread_blocked, id=73219, stack(0x0000700006555000,0x0000700006655000)]
  0x00007fd3d21bf800 JavaThread "JFXMedia Player EventQueueThread" daemon [_thread_blocked, id=71175, stack(0x000070000634c000,0x000070000644c000)]
  0x00007fd3d3368800 JavaThread "JFXMedia Player EventQueueThread" daemon [_thread_blocked, id=58631, stack(0x00007000060c0000,0x00007000061c0000)]
  0x00007fd3d2109000 JavaThread "JavaFX-Launcher" [_thread_blocked, id=57347, stack(0x0000700005f3a000,0x000070000603a000)]
  0x00007fd3d2b31000 JavaThread "Thread-2" daemon [_thread_in_native, id=43523, stack(0x0000700005db1000,0x0000700005e31000)]
=>0x00007fd3d3341800 JavaThread "JavaFX Application Thread" [_thread_in_native, id=775, stack(0x00007fff5e603000,0x00007fff5ee03000)]
  0x00007fd3d20e4800 JavaThread "InvokeLaterDispatcher" daemon [_thread_blocked, id=31751, stack(0x0000700005cae000,0x0000700005dae000)]
  0x00007fd3d2062000 JavaThread "QuantumRenderer-0" daemon [_thread_blocked, id=26371, stack(0x0000700005bab000,0x0000700005cab000)]
  0x00007fd3d2067800 JavaThread "Service Thread" daemon [_thread_blocked, id=25347, stack(0x00007000059a5000,0x0000700005aa5000)]
  0x00007fd3d301c000 JavaThread "Monitor Ctrl-Break" daemon [_thread_in_native, id=24835, stack(0x00007000058a2000,0x00007000059a2000)]
  0x00007fd3d287d000 JavaThread "Common-Cleaner" daemon [_thread_blocked, id=24323, stack(0x000070000579f000,0x000070000589f000)]
  0x00007fd3d3015000 JavaThread "Sweeper thread" daemon [_thread_blocked, id=23811, stack(0x000070000569c000,0x000070000579c000)]
  0x00007fd3d2871000 JavaThread "C1 CompilerThread2" daemon [_thread_blocked, id=23299, stack(0x0000700005599000,0x0000700005699000)]
  0x00007fd3d2009000 JavaThread "C2 CompilerThread1" daemon [_thread_blocked, id=22787, stack(0x0000700005496000,0x0000700005596000)]
  0x00007fd3d2812000 JavaThread "C2 CompilerThread0" daemon [_thread_blocked, id=22275, stack(0x0000700005393000,0x0000700005493000)]
  0x00007fd3d2814000 JavaThread "Signal Dispatcher" daemon [_thread_blocked, id=21763, stack(0x0000700005290000,0x0000700005390000)]
  0x00007fd3d18b2800 JavaThread "Finalizer" daemon [_thread_blocked, id=17667, stack(0x000070000518d000,0x000070000528d000)]
  0x00007fd3d2807800 JavaThread "Reference Handler" daemon [_thread_blocked, id=17155, stack(0x000070000508a000,0x000070000518a000)]
  0x00007fd3d3001800 JavaThread "main" [_thread_blocked, id=7427, stack(0x0000700004363000,0x0000700004463000)]

Other Threads:
  0x00007fd3d2806800 VMThread "VM Thread" [stack: 0x0000700004f87000,0x0000700005087000] [id=16643]
  0x00007fd3d201a000 WatcherThread [stack: 0x0000700005aa8000,0x0000700005ba8000] [id=25859]
  0x00007fd3d1812800 GCTaskThread "GC Thread#0" [stack: 0x0000700004466000,0x0000700004566000] [id=10499]
  0x00007fd3d1813800 GCTaskThread "GC Thread#1" [stack: 0x0000700004569000,0x0000700004669000] [id=11011]
  0x00007fd3d1814000 GCTaskThread "GC Thread#2" [stack: 0x000070000466c000,0x000070000476c000] [id=11523]
  0x00007fd3d1814800 GCTaskThread "GC Thread#3" [stack: 0x000070000476f000,0x000070000486f000] [id=12035]
  0x00007fd3d183c800 ConcurrentGCThread "G1 Main Marker" [stack: 0x0000700004d81000,0x0000700004e81000] [id=15107]
  0x00007fd3d183d000 ConcurrentGCThread "G1 Marker#0" [stack: 0x0000700004e84000,0x0000700004f84000] [id=16131]
  0x00007fd3d1816800 ConcurrentGCThread "G1 Refine#0" [stack: 0x0000700004b7b000,0x0000700004c7b000] [id=14083]
  0x00007fd3d300a800 ConcurrentGCThread "G1 Refine#1" [stack: 0x0000700004a78000,0x0000700004b78000] [id=13571]
  0x00007fd3d1816000 ConcurrentGCThread "G1 Refine#2" [stack: 0x0000700004975000,0x0000700004a75000] [id=13059]
  0x00007fd3d1815000 ConcurrentGCThread "G1 Refine#3" [stack: 0x0000700004872000,0x0000700004972000] [id=12547]
  0x00007fd3d1817800 ConcurrentGCThread "G1 Young RemSet Sampling" [stack: 0x0000700004c7e000,0x0000700004d7e000] [id=14595]

Threads with active compile tasks:

VM state:not at safepoint (normal execution)

VM Mutex/Monitor currently owned by a thread: None

Heap address: 0x0000000740000000, size: 2048 MB, Compressed Oops mode: Zero based, Oop shift amount: 3
Narrow klass base: 0x0000000000000000, Narrow klass shift: 3
Compressed class space size: 1073741824 Address: 0x00000007c0000000

Heap:
 garbage-first heap   total 157696K, used 113534K [0x0000000740000000, 0x00000007401004d0, 0x00000007c0000000)
  region size 1024K, 12 young (12288K), 2 survivors (2048K)
 Metaspace       used 25629K, capacity 27842K, committed 28160K, reserved 1073152K
  class space    used 3308K, capacity 3729K, committed 3840K, reserved 1048576K
Heap Regions: E=young(eden), S=young(survivor), O=old, HS=humongous(starts), HC=humongous(continues), CS=collection set, F=free, A=archive, TS=gc time stamp, AC=allocation context, TAMS=top-at-mark-start (previous, next)
|   0|0x0000000740000000, 0x0000000740100000, 0x0000000740100000|100%|HS|  |TS  0|AC  0|TAMS 0x0000000740100000, 0x0000000740100000|
|   1|0x0000000740100000, 0x0000000740200000, 0x0000000740200000|100%|HC|  |TS  0|AC  0|TAMS 0x0000000740200000, 0x0000000740200000|
|   2|0x0000000740200000, 0x0000000740300000, 0x0000000740300000|100%| O|  |TS  0|AC  0|TAMS 0x0000000740300000, 0x0000000740300000|
|   3|0x0000000740300000, 0x0000000740400000, 0x0000000740400000|100%| O|  |TS  0|AC  0|TAMS 0x0000000740400000, 0x0000000740400000|
|   4|0x0000000740400000, 0x0000000740500000, 0x0000000740500000|100%| O|  |TS  0|AC  0|TAMS 0x0000000740500000, 0x0000000740500000|
|   5|0x0000000740500000, 0x0000000740600000, 0x0000000740600000|100%| O|  |TS  0|AC  0|TAMS 0x0000000740600000, 0x0000000740600000|
|   6|0x0000000740600000, 0x0000000740700000, 0x0000000740700000|100%| O|  |TS  0|AC  0|TAMS 0x0000000740700000, 0x0000000740700000|
|   7|0x0000000740700000, 0x0000000740800000, 0x0000000740800000|100%| O|  |TS  0|AC  0|TAMS 0x0000000740800000, 0x0000000740800000|
|   8|0x0000000740800000, 0x0000000740900000, 0x0000000740900000|100%| O|  |TS  0|AC  0|TAMS 0x0000000740900000, 0x0000000740900000|
|   9|0x0000000740900000, 0x0000000740937000, 0x0000000740a00000| 21%| O|  |TS  0|AC  0|TAMS 0x0000000740937000, 0x0000000740937000|
|  10|0x0000000740a00000, 0x0000000740a00000, 0x0000000740b00000|  0%| F|  |TS  0|AC  0|TAMS 0x0000000740a00000, 0x0000000740a00000|
|  11|0x0000000740b00000, 0x0000000740c00000, 0x0000000740c00000|100%|HS|  |TS  0|AC  0|TAMS 0x0000000740c00000, 0x0000000740c00000|
|  12|0x0000000740c00000, 0x0000000740d00000, 0x0000000740d00000|100%|HC|  |TS  0|AC  0|TAMS 0x0000000740d00000, 0x0000000740d00000|
|  13|0x0000000740d00000, 0x0000000740e00000, 0x0000000740e00000|100%|HC|  |TS  0|AC  0|TAMS 0x0000000740e00000, 0x0000000740e00000|
|  14|0x0000000740e00000, 0x0000000740f00000, 0x0000000740f00000|100%|HC|  |TS  0|AC  0|TAMS 0x0000000740f00000, 0x0000000740f00000|
|  15|0x0000000740f00000, 0x0000000741000000, 0x0000000741000000|100%|HC|  |TS  0|AC  0|TAMS 0x0000000741000000, 0x0000000741000000|
|  16|0x0000000741000000, 0x0000000741100000, 0x0000000741100000|100%|HS|  |TS  0|AC  0|TAMS 0x0000000741100000, 0x0000000741100000|
|  17|0x0000000741100000, 0x0000000741200000, 0x0000000741200000|100%|HC|  |TS  0|AC  0|TAMS 0x0000000741200000, 0x0000000741200000|
|  18|0x0000000741200000, 0x0000000741300000, 0x0000000741300000|100%|HS|  |TS  0|AC  0|TAMS 0x0000000741300000, 0x0000000741300000|
|  19|0x0000000741300000, 0x0000000741400000, 0x0000000741400000|100%|HC|  |TS  0|AC  0|TAMS 0x0000000741400000, 0x0000000741400000|
|  20|0x0000000741400000, 0x0000000741500000, 0x0000000741500000|100%|HC|  |TS  0|AC  0|TAMS 0x0000000741500000, 0x0000000741500000|
|  21|0x0000000741500000, 0x0000000741600000, 0x0000000741600000|100%|HS|  |TS  0|AC  0|TAMS 0x0000000741600000, 0x0000000741600000|
|  22|0x0000000741600000, 0x0000000741700000, 0x0000000741700000|100%|HC|  |TS  0|AC  0|TAMS 0x0000000741700000, 0x0000000741700000|
|  23|0x0000000741700000, 0x0000000741800000, 0x0000000741800000|100%|HC|  |TS  0|AC  0|TAMS 0x0000000741800000, 0x0000000741800000|
|  24|0x0000000741800000, 0x0000000741900000, 0x0000000741900000|100%|HC|  |TS  0|AC  0|TAMS 0x0000000741900000, 0x0000000741900000|
|  25|0x0000000741900000, 0x0000000741a00000, 0x0000000741a00000|100%|HC|  |TS  0|AC  0|TAMS 0x0000000741a00000, 0x0000000741a00000|
|  26|0x0000000741a00000, 0x0000000741b00000, 0x0000000741b00000|100%|HC|  |TS  0|AC  0|TAMS 0x0000000741b00000, 0x0000000741b00000|
|  27|0x0000000741b00000, 0x0000000741c00000, 0x0000000741c00000|100%|HC|  |TS  0|AC  0|TAMS 0x0000000741c00000, 0x0000000741c00000|
|  28|0x0000000741c00000, 0x0000000741d00000, 0x0000000741d00000|100%|HC|  |TS  0|AC  0|TAMS 0x0000000741d00000, 0x0000000741d00000|
|  29|0x0000000741d00000, 0x0000000741e00000, 0x0000000741e00000|100%|HC|  |TS  0|AC  0|TAMS 0x0000000741e00000, 0x0000000741e00000|
|  30|0x0000000741e00000, 0x0000000741f00000, 0x0000000741f00000|100%|HC|  |TS  0|AC  0|TAMS 0x0000000741f00000, 0x0000000741f00000|
|  31|0x0000000741f00000, 0x0000000742000000, 0x0000000742000000|100%|HC|  |TS  0|AC  0|TAMS 0x0000000742000000, 0x0000000742000000|
|  32|0x0000000742000000, 0x0000000742100000, 0x0000000742100000|100%|HC|  |TS  0|AC  0|TAMS 0x0000000742100000, 0x0000000742100000|
|  33|0x0000000742100000, 0x0000000742200000, 0x0000000742200000|100%|HC|  |TS  0|AC  0|TAMS 0x0000000742200000, 0x0000000742200000|
|  34|0x0000000742200000, 0x0000000742300000, 0x0000000742300000|100%|HC|  |TS  0|AC  0|TAMS 0x0000000742300000, 0x0000000742300000|
|  35|0x0000000742300000, 0x0000000742400000, 0x0000000742400000|100%|HC|  |TS  0|AC  0|TAMS 0x0000000742400000, 0x0000000742400000|
|  36|0x0000000742400000, 0x0000000742500000, 0x0000000742500000|100%|HC|  |TS  0|AC  0|TAMS 0x0000000742500000, 0x0000000742500000|
|  37|0x0000000742500000, 0x0000000742600000, 0x0000000742600000|100%|HC|  |TS  0|AC  0|TAMS 0x0000000742600000, 0x0000000742600000|
|  38|0x0000000742600000, 0x0000000742700000, 0x0000000742700000|100%|HC|  |TS  0|AC  0|TAMS 0x0000000742700000, 0x0000000742700000|
|  39|0x0000000742700000, 0x0000000742800000, 0x0000000742800000|100%|HC|  |TS  0|AC  0|TAMS 0x0000000742800000, 0x0000000742800000|
|  40|0x0000000742800000, 0x0000000742900000, 0x0000000742900000|100%|HC|  |TS  0|AC  0|TAMS 0x0000000742900000, 0x0000000742900000|
|  41|0x0000000742900000, 0x0000000742a00000, 0x0000000742a00000|100%|HC|  |TS  0|AC  0|TAMS 0x0000000742a00000, 0x0000000742a00000|
|  42|0x0000000742a00000, 0x0000000742b00000, 0x0000000742b00000|100%|HC|  |TS  0|AC  0|TAMS 0x0000000742b00000, 0x0000000742b00000|
|  43|0x0000000742b00000, 0x0000000742c00000, 0x0000000742c00000|100%|HC|  |TS  0|AC  0|TAMS 0x0000000742c00000, 0x0000000742c00000|
|  44|0x0000000742c00000, 0x0000000742d00000, 0x0000000742d00000|100%|HC|  |TS  0|AC  0|TAMS 0x0000000742d00000, 0x0000000742d00000|
|  45|0x0000000742d00000, 0x0000000742e00000, 0x0000000742e00000|100%|HC|  |TS  0|AC  0|TAMS 0x0000000742e00000, 0x0000000742e00000|
|  46|0x0000000742e00000, 0x0000000742f00000, 0x0000000742f00000|100%|HC|  |TS  0|AC  0|TAMS 0x0000000742f00000, 0x0000000742f00000|
|  47|0x0000000742f00000, 0x0000000743000000, 0x0000000743000000|100%|HC|  |TS  0|AC  0|TAMS 0x0000000743000000, 0x0000000743000000|
|  48|0x0000000743000000, 0x0000000743100000, 0x0000000743100000|100%|HC|  |TS  0|AC  0|TAMS 0x0000000743100000, 0x0000000743100000|
|  49|0x0000000743100000, 0x0000000743200000, 0x0000000743200000|100%|HC|  |TS  0|AC  0|TAMS 0x0000000743200000, 0x0000000743200000|
|  50|0x0000000743200000, 0x0000000743300000, 0x0000000743300000|100%|HC|  |TS  0|AC  0|TAMS 0x0000000743300000, 0x0000000743300000|
|  51|0x0000000743300000, 0x0000000743400000, 0x0000000743400000|100%|HC|  |TS  0|AC  0|TAMS 0x0000000743400000, 0x0000000743400000|
|  52|0x0000000743400000, 0x0000000743500000, 0x0000000743500000|100%|HC|  |TS  0|AC  0|TAMS 0x0000000743500000, 0x0000000743500000|
|  53|0x0000000743500000, 0x0000000743600000, 0x0000000743600000|100%|HC|  |TS  0|AC  0|TAMS 0x0000000743600000, 0x0000000743600000|
|  54|0x0000000743600000, 0x0000000743700000, 0x0000000743700000|100%|HC|  |TS  0|AC  0|TAMS 0x0000000743700000, 0x0000000743700000|
|  55|0x0000000743700000, 0x0000000743800000, 0x0000000743800000|100%|HC|  |TS  0|AC  0|TAMS 0x0000000743800000, 0x0000000743800000|
|  56|0x0000000743800000, 0x0000000743900000, 0x0000000743900000|100%|HC|  |TS  0|AC  0|TAMS 0x0000000743900000, 0x0000000743900000|
|  57|0x0000000743900000, 0x0000000743a00000, 0x0000000743a00000|100%|HC|  |TS  0|AC  0|TAMS 0x0000000743a00000, 0x0000000743a00000|
|  58|0x0000000743a00000, 0x0000000743b00000, 0x0000000743b00000|100%|HC|  |TS  0|AC  0|TAMS 0x0000000743b00000, 0x0000000743b00000|
|  59|0x0000000743b00000, 0x0000000743c00000, 0x0000000743c00000|100%|HC|  |TS  0|AC  0|TAMS 0x0000000743c00000, 0x0000000743c00000|
|  60|0x0000000743c00000, 0x0000000743d00000, 0x0000000743d00000|100%|HC|  |TS  0|AC  0|TAMS 0x0000000743d00000, 0x0000000743d00000|
|  61|0x0000000743d00000, 0x0000000743e00000, 0x0000000743e00000|100%|HC|  |TS  0|AC  0|TAMS 0x0000000743e00000, 0x0000000743e00000|
|  62|0x0000000743e00000, 0x0000000743f00000, 0x0000000743f00000|100%|HC|  |TS  0|AC  0|TAMS 0x0000000743f00000, 0x0000000743f00000|
|  63|0x0000000743f00000, 0x0000000744000000, 0x0000000744000000|100%|HC|  |TS  0|AC  0|TAMS 0x0000000744000000, 0x0000000744000000|
|  64|0x0000000744000000, 0x0000000744100000, 0x0000000744100000|100%|HC|  |TS  0|AC  0|TAMS 0x0000000744100000, 0x0000000744100000|
|  65|0x0000000744100000, 0x0000000744200000, 0x0000000744200000|100%|HC|  |TS  0|AC  0|TAMS 0x0000000744200000, 0x0000000744200000|
|  66|0x0000000744200000, 0x0000000744300000, 0x0000000744300000|100%|HC|  |TS  0|AC  0|TAMS 0x0000000744300000, 0x0000000744300000|
|  67|0x0000000744300000, 0x0000000744400000, 0x0000000744400000|100%|HC|  |TS  0|AC  0|TAMS 0x0000000744400000, 0x0000000744400000|
|  68|0x0000000744400000, 0x0000000744500000, 0x0000000744500000|100%|HC|  |TS  0|AC  0|TAMS 0x0000000744500000, 0x0000000744500000|
|  69|0x0000000744500000, 0x0000000744600000, 0x0000000744600000|100%|HC|  |TS  0|AC  0|TAMS 0x0000000744600000, 0x0000000744600000|
|  70|0x0000000744600000, 0x0000000744700000, 0x0000000744700000|100%|HC|  |TS  0|AC  0|TAMS 0x0000000744700000, 0x0000000744700000|
|  71|0x0000000744700000, 0x0000000744800000, 0x0000000744800000|100%|HC|  |TS  0|AC  0|TAMS 0x0000000744800000, 0x0000000744800000|
|  72|0x0000000744800000, 0x0000000744900000, 0x0000000744900000|100%|HC|  |TS  0|AC  0|TAMS 0x0000000744900000, 0x0000000744900000|
|  73|0x0000000744900000, 0x0000000744a00000, 0x0000000744a00000|100%|HC|  |TS  0|AC  0|TAMS 0x0000000744a00000, 0x0000000744a00000|
|  74|0x0000000744a00000, 0x0000000744b00000, 0x0000000744b00000|100%|HC|  |TS  0|AC  0|TAMS 0x0000000744b00000, 0x0000000744b00000|
|  75|0x0000000744b00000, 0x0000000744c00000, 0x0000000744c00000|100%|HC|  |TS  0|AC  0|TAMS 0x0000000744c00000, 0x0000000744c00000|
|  76|0x0000000744c00000, 0x0000000744d00000, 0x0000000744d00000|100%|HC|  |TS  0|AC  0|TAMS 0x0000000744d00000, 0x0000000744d00000|
|  77|0x0000000744d00000, 0x0000000744e00000, 0x0000000744e00000|100%|HC|  |TS  0|AC  0|TAMS 0x0000000744e00000, 0x0000000744e00000|
|  78|0x0000000744e00000, 0x0000000744f00000, 0x0000000744f00000|100%|HS|  |TS  0|AC  0|TAMS 0x0000000744f00000, 0x0000000744f00000|
|  79|0x0000000744f00000, 0x0000000745000000, 0x0000000745000000|100%|HC|  |TS  0|AC  0|TAMS 0x0000000745000000, 0x0000000745000000|
|  80|0x0000000745000000, 0x0000000745100000, 0x0000000745100000|100%|HC|  |TS  0|AC  0|TAMS 0x0000000745100000, 0x0000000745100000|
|  81|0x0000000745100000, 0x0000000745200000, 0x0000000745200000|100%|HC|  |TS  0|AC  0|TAMS 0x0000000745200000, 0x0000000745200000|
|  82|0x0000000745200000, 0x0000000745300000, 0x0000000745300000|100%|HC|  |TS  0|AC  0|TAMS 0x0000000745300000, 0x0000000745300000|
|  83|0x0000000745300000, 0x0000000745400000, 0x0000000745400000|100%|HC|  |TS  0|AC  0|TAMS 0x0000000745400000, 0x0000000745400000|
|  84|0x0000000745400000, 0x0000000745500000, 0x0000000745500000|100%|HS|  |TS  0|AC  0|TAMS 0x0000000745500000, 0x0000000745500000|
|  85|0x0000000745500000, 0x0000000745600000, 0x0000000745600000|100%|HC|  |TS  0|AC  0|TAMS 0x0000000745600000, 0x0000000745600000|
|  86|0x0000000745600000, 0x0000000745700000, 0x0000000745700000|100%|HC|  |TS  0|AC  0|TAMS 0x0000000745700000, 0x0000000745700000|
|  87|0x0000000745700000, 0x0000000745800000, 0x0000000745800000|100%|HS|  |TS  0|AC  0|TAMS 0x0000000745800000, 0x0000000745800000|
|  88|0x0000000745800000, 0x0000000745900000, 0x0000000745900000|100%|HC|  |TS  0|AC  0|TAMS 0x0000000745900000, 0x0000000745900000|
|  89|0x0000000745900000, 0x0000000745a00000, 0x0000000745a00000|100%|HC|  |TS  0|AC  0|TAMS 0x0000000745a00000, 0x0000000745a00000|
|  90|0x0000000745a00000, 0x0000000745b00000, 0x0000000745b00000|100%|HC|  |TS  0|AC  0|TAMS 0x0000000745b00000, 0x0000000745b00000|
|  91|0x0000000745b00000, 0x0000000745c00000, 0x0000000745c00000|100%|HS|  |TS  0|AC  0|TAMS 0x0000000745c00000, 0x0000000745c00000|
|  92|0x0000000745c00000, 0x0000000745d00000, 0x0000000745d00000|100%|HC|  |TS  0|AC  0|TAMS 0x0000000745d00000, 0x0000000745d00000|
|  93|0x0000000745d00000, 0x0000000745e00000, 0x0000000745e00000|100%|HS|  |TS  0|AC  0|TAMS 0x0000000745e00000, 0x0000000745e00000|
|  94|0x0000000745e00000, 0x0000000745f00000, 0x0000000745f00000|100%|HC|  |TS  0|AC  0|TAMS 0x0000000745f00000, 0x0000000745f00000|
|  95|0x0000000745f00000, 0x0000000746000000, 0x0000000746000000|100%|HC|  |TS  0|AC  0|TAMS 0x0000000746000000, 0x0000000746000000|
|  96|0x0000000746000000, 0x0000000746100000, 0x0000000746100000|100%|HS|  |TS  0|AC  0|TAMS 0x0000000746100000, 0x0000000746100000|
|  97|0x0000000746100000, 0x0000000746200000, 0x0000000746200000|100%|HC|  |TS  0|AC  0|TAMS 0x0000000746200000, 0x0000000746200000|
|  98|0x0000000746200000, 0x0000000746300000, 0x0000000746300000|100%|HC|  |TS  0|AC  0|TAMS 0x0000000746300000, 0x0000000746300000|
|  99|0x0000000746300000, 0x0000000746400000, 0x0000000746400000|100%|HC|  |TS  0|AC  0|TAMS 0x0000000746400000, 0x0000000746400000|
| 100|0x0000000746400000, 0x0000000746500000, 0x0000000746500000|100%|HS|  |TS  0|AC  0|TAMS 0x0000000746400000, 0x0000000746400000|
| 101|0x0000000746500000, 0x0000000746600000, 0x0000000746600000|100%|HC|  |TS  0|AC  0|TAMS 0x0000000746500000, 0x0000000746500000|
| 102|0x0000000746600000, 0x0000000746600000, 0x0000000746700000|  0%| F|  |TS  0|AC  0|TAMS 0x0000000746600000, 0x0000000746600000|
| 103|0x0000000746700000, 0x0000000746700000, 0x0000000746800000|  0%| F|  |TS  0|AC  0|TAMS 0x0000000746700000, 0x0000000746700000|
| 104|0x0000000746800000, 0x0000000746800000, 0x0000000746900000|  0%| F|  |TS  0|AC  0|TAMS 0x0000000746800000, 0x0000000746800000|
| 105|0x0000000746900000, 0x0000000746900000, 0x0000000746a00000|  0%| F|  |TS  0|AC  0|TAMS 0x0000000746900000, 0x0000000746900000|
| 106|0x0000000746a00000, 0x0000000746a00000, 0x0000000746b00000|  0%| F|  |TS  0|AC  0|TAMS 0x0000000746a00000, 0x0000000746a00000|
| 107|0x0000000746b00000, 0x0000000746b00000, 0x0000000746c00000|  0%| F|  |TS  0|AC  0|TAMS 0x0000000746b00000, 0x0000000746b00000|
| 108|0x0000000746c00000, 0x0000000746c00000, 0x0000000746d00000|  0%| F|  |TS  0|AC  0|TAMS 0x0000000746c00000, 0x0000000746c00000|
| 109|0x0000000746d00000, 0x0000000746d00000, 0x0000000746e00000|  0%| F|  |TS  0|AC  0|TAMS 0x0000000746d00000, 0x0000000746d00000|
| 110|0x0000000746e00000, 0x0000000746e00000, 0x0000000746f00000|  0%| F|  |TS  0|AC  0|TAMS 0x0000000746e00000, 0x0000000746e00000|
| 111|0x0000000746f00000, 0x0000000746f00000, 0x0000000747000000|  0%| F|  |TS  0|AC  0|TAMS 0x0000000746f00000, 0x0000000746f00000|
| 112|0x0000000747000000, 0x0000000747000000, 0x0000000747100000|  0%| F|  |TS  0|AC  0|TAMS 0x0000000747000000, 0x0000000747000000|
| 113|0x0000000747100000, 0x0000000747100000, 0x0000000747200000|  0%| F|  |TS  0|AC  0|TAMS 0x0000000747100000, 0x0000000747100000|
| 114|0x0000000747200000, 0x0000000747200000, 0x0000000747300000|  0%| F|  |TS  0|AC  0|TAMS 0x0000000747200000, 0x0000000747200000|
| 115|0x0000000747300000, 0x0000000747300000, 0x0000000747400000|  0%| F|  |TS  0|AC  0|TAMS 0x0000000747300000, 0x0000000747300000|
| 116|0x0000000747400000, 0x0000000747400000, 0x0000000747500000|  0%| F|  |TS  0|AC  0|TAMS 0x0000000747400000, 0x0000000747400000|
| 117|0x0000000747500000, 0x0000000747500000, 0x0000000747600000|  0%| F|  |TS  0|AC  0|TAMS 0x0000000747500000, 0x0000000747500000|
| 118|0x0000000747600000, 0x0000000747600000, 0x0000000747700000|  0%| F|  |TS  0|AC  0|TAMS 0x0000000747600000, 0x0000000747600000|
| 119|0x0000000747700000, 0x0000000747700000, 0x0000000747800000|  0%| F|  |TS  0|AC  0|TAMS 0x0000000747700000, 0x0000000747700000|
| 120|0x0000000747800000, 0x0000000747800000, 0x0000000747900000|  0%| F|  |TS  0|AC  0|TAMS 0x0000000747800000, 0x0000000747800000|
| 121|0x0000000747900000, 0x0000000747900000, 0x0000000747a00000|  0%| F|  |TS  0|AC  0|TAMS 0x0000000747900000, 0x0000000747900000|
| 122|0x0000000747a00000, 0x0000000747a00000, 0x0000000747b00000|  0%| F|  |TS  0|AC  0|TAMS 0x0000000747a00000, 0x0000000747a00000|
| 123|0x0000000747b00000, 0x0000000747b00000, 0x0000000747c00000|  0%| F|  |TS  0|AC  0|TAMS 0x0000000747b00000, 0x0000000747b00000|
| 124|0x0000000747c00000, 0x0000000747c00000, 0x0000000747d00000|  0%| F|  |TS  0|AC  0|TAMS 0x0000000747c00000, 0x0000000747c00000|
| 125|0x0000000747d00000, 0x0000000747d00000, 0x0000000747e00000|  0%| F|  |TS  0|AC  0|TAMS 0x0000000747d00000, 0x0000000747d00000|
| 126|0x0000000747e00000, 0x0000000747e00000, 0x0000000747f00000|  0%| F|  |TS  0|AC  0|TAMS 0x0000000747e00000, 0x0000000747e00000|
| 127|0x0000000747f00000, 0x0000000747f00000, 0x0000000748000000|  0%| F|  |TS  0|AC  0|TAMS 0x0000000747f00000, 0x0000000747f00000|
| 128|0x0000000748000000, 0x0000000748000000, 0x0000000748100000|  0%| F|  |TS  0|AC  0|TAMS 0x0000000748000000, 0x0000000748000000|
| 129|0x0000000748100000, 0x0000000748100000, 0x0000000748200000|  0%| F|  |TS  0|AC  0|TAMS 0x0000000748100000, 0x0000000748100000|
| 130|0x0000000748200000, 0x0000000748200000, 0x0000000748300000|  0%| F|  |TS  0|AC  0|TAMS 0x0000000748200000, 0x0000000748200000|
| 131|0x0000000748300000, 0x0000000748300000, 0x0000000748400000|  0%| F|  |TS  0|AC  0|TAMS 0x0000000748300000, 0x0000000748300000|
| 132|0x0000000748400000, 0x0000000748400000, 0x0000000748500000|  0%| F|  |TS  0|AC  0|TAMS 0x0000000748400000, 0x0000000748400000|
| 133|0x0000000748500000, 0x0000000748500000, 0x0000000748600000|  0%| F|  |TS  0|AC  0|TAMS 0x0000000748500000, 0x0000000748500000|
| 134|0x0000000748600000, 0x0000000748600000, 0x0000000748700000|  0%| F|  |TS  0|AC  0|TAMS 0x0000000748600000, 0x0000000748600000|
| 135|0x0000000748700000, 0x0000000748700000, 0x0000000748800000|  0%| F|  |TS  0|AC  0|TAMS 0x0000000748700000, 0x0000000748700000|
| 136|0x0000000748800000, 0x0000000748800000, 0x0000000748900000|  0%| F|  |TS  0|AC  0|TAMS 0x0000000748800000, 0x0000000748800000|
| 137|0x0000000748900000, 0x0000000748900000, 0x0000000748a00000|  0%| F|  |TS  0|AC  0|TAMS 0x0000000748900000, 0x0000000748900000|
| 138|0x0000000748a00000, 0x0000000748a00000, 0x0000000748b00000|  0%| F|  |TS  0|AC  0|TAMS 0x0000000748a00000, 0x0000000748a00000|
| 139|0x0000000748b00000, 0x0000000748b00000, 0x0000000748c00000|  0%| F|  |TS  0|AC  0|TAMS 0x0000000748b00000, 0x0000000748b00000|
| 140|0x0000000748c00000, 0x0000000748c00000, 0x0000000748d00000|  0%| F|  |TS  0|AC  0|TAMS 0x0000000748c00000, 0x0000000748c00000|
| 141|0x0000000748d00000, 0x0000000748d00000, 0x0000000748e00000|  0%| F|  |TS  0|AC  0|TAMS 0x0000000748d00000, 0x0000000748d00000|
| 142|0x0000000748e00000, 0x0000000748e00800, 0x0000000748f00000|  0%| E|  |TS  0|AC  0|TAMS 0x0000000748e00000, 0x0000000748e00000|
| 143|0x0000000748f00000, 0x0000000749000000, 0x0000000749000000|100%| E|CS|TS  0|AC  0|TAMS 0x0000000748f00000, 0x0000000748f00000|
| 144|0x0000000749000000, 0x0000000749100000, 0x0000000749100000|100%| E|CS|TS  0|AC  0|TAMS 0x0000000749000000, 0x0000000749000000|
| 145|0x0000000749100000, 0x0000000749200000, 0x0000000749200000|100%| E|CS|TS  0|AC  0|TAMS 0x0000000749100000, 0x0000000749100000|
| 146|0x0000000749200000, 0x0000000749300000, 0x0000000749300000|100%| E|CS|TS  0|AC  0|TAMS 0x0000000749200000, 0x0000000749200000|
| 147|0x0000000749300000, 0x0000000749400000, 0x0000000749400000|100%| E|CS|TS  0|AC  0|TAMS 0x0000000749300000, 0x0000000749300000|
| 148|0x0000000749400000, 0x0000000749500000, 0x0000000749500000|100%| E|CS|TS  0|AC  0|TAMS 0x0000000749400000, 0x0000000749400000|
| 149|0x0000000749500000, 0x0000000749600000, 0x0000000749600000|100%| E|CS|TS  0|AC  0|TAMS 0x0000000749500000, 0x0000000749500000|
| 150|0x0000000749600000, 0x0000000749700000, 0x0000000749700000|100%| E|CS|TS  0|AC  0|TAMS 0x0000000749600000, 0x0000000749600000|
| 151|0x0000000749700000, 0x00000007497a8a90, 0x0000000749800000| 65%| S|CS|TS  0|AC  0|TAMS 0x0000000749700000, 0x0000000749700000|
| 152|0x0000000749800000, 0x0000000749900000, 0x0000000749900000|100%| S|CS|TS  0|AC  0|TAMS 0x0000000749800000, 0x0000000749800000|
| 153|0x0000000749900000, 0x0000000749a00000, 0x0000000749a00000|100%| E|CS|TS  0|AC  0|TAMS 0x0000000749900000, 0x0000000749900000|

Card table byte_map: [0x0000000103279000,0x0000000103679000] byte_map_base: 0x00000000ff879000

Marking Bits (Prev, Next): (CMBitMap*) 0x00007fd3d183bca8, (CMBitMap*) 0x00007fd3d183bc70
 Prev Bits: [0x0000000105a79000, 0x0000000107a79000)
 Next Bits: [0x0000000103a79000, 0x0000000105a79000)

Polling page: 0x0000000100eb6000

CodeHeap 'non-profiled nmethods': size=120032Kb used=1416Kb max_used=1416Kb free=118615Kb
 bounds [0x000000011a381000, 0x000000011a5f1000, 0x00000001218b9000]
CodeHeap 'profiled nmethods': size=120032Kb used=6903Kb max_used=6903Kb free=113128Kb
 bounds [0x0000000112e49000, 0x0000000113509000, 0x000000011a381000]
CodeHeap 'non-nmethods': size=5696Kb used=1471Kb max_used=1497Kb free=4224Kb
 bounds [0x00000001128b9000, 0x0000000112b29000, 0x0000000112e49000]
 total_blobs=4750 nmethods=3370 adapters=695
 compilation: enabled

Compilation events (10 events):
Event: 33.214 Thread 0x00007fd3d2871000 3368       3       com.sun.prism.es2.GLContext::canCreateNonPowTwoTextures (43 bytes)
Event: 33.215 Thread 0x00007fd3d2871000 nmethod 3368 0x0000000113504d10 code [0x0000000113504f20, 0x0000000113505658]
Event: 33.217 Thread 0x00007fd3d2871000 3369       1       com.sun.prism.impl.BaseGraphics::setExtraAlpha (6 bytes)
Event: 33.217 Thread 0x00007fd3d2871000 nmethod 3369 0x000000011a4e2b10 code [0x000000011a4e2cc0, 0x000000011a4e2dd0]
Event: 33.227 Thread 0x00007fd3d2871000 3370       1       com.sun.javafx.geom.transform.Translate2D::getDegree (4 bytes)
Event: 33.227 Thread 0x00007fd3d2871000 nmethod 3370 0x000000011a4e2e90 code [0x000000011a4e3040, 0x000000011a4e3150]
Event: 33.231 Thread 0x00007fd3d2871000 3371       3       com.sun.javafx.binding.BindingHelperObserver::invalidated (32 bytes)
Event: 33.232 Thread 0x00007fd3d2871000 nmethod 3371 0x0000000113505810 code [0x0000000113505a00, 0x0000000113505f08]
Event: 33.266 Thread 0x00007fd3d2871000 3372       3       com.sun.javafx.tk.quantum.SceneState::update (80 bytes)
Event: 33.267 Thread 0x00007fd3d2871000 nmethod 3372 0x0000000113506090 code [0x00000001135062a0, 0x0000000113506a98]

GC Heap History (10 events):
Event: 31.971 GC heap before
{Heap before GC invocations=17 (full 0):
 garbage-first heap   total 157696K, used 124950K [0x0000000740000000, 0x00000007401004d0, 0x00000007c0000000)
  region size 1024K, 40 young (40960K), 1 survivors (1024K)
 Metaspace       used 25542K, capacity 27808K, committed 28032K, reserved 1073152K
  class space    used 3294K, capacity 3696K, committed 3712K, reserved 1048576K
}
Event: 31.972 GC heap after
{Heap after GC invocations=18 (full 0):
 garbage-first heap   total 157696K, used 85020K [0x0000000740000000, 0x00000007401004d0, 0x00000007c0000000)
  region size 1024K, 1 young (1024K), 1 survivors (1024K)
 Metaspace       used 25542K, capacity 27808K, committed 28032K, reserved 1073152K
  class space    used 3294K, capacity 3696K, committed 3712K, reserved 1048576K
}
Event: 32.440 GC heap before
{Heap before GC invocations=19 (full 0):
 garbage-first heap   total 157696K, used 89116K [0x0000000740000000, 0x00000007401004d0, 0x00000007c0000000)
  region size 1024K, 6 young (6144K), 1 survivors (1024K)
 Metaspace       used 25542K, capacity 27808K, committed 28032K, reserved 1073152K
  class space    used 3294K, capacity 3696K, committed 3712K, reserved 1048576K
}
Event: 32.441 GC heap after
{Heap after GC invocations=20 (full 0):
 garbage-first heap   total 157696K, used 85018K [0x0000000740000000, 0x00000007401004d0, 0x00000007c0000000)
  region size 1024K, 1 young (1024K), 1 survivors (1024K)
 Metaspace       used 25542K, capacity 27808K, committed 28032K, reserved 1073152K
  class space    used 3294K, capacity 3696K, committed 3712K, reserved 1048576K
}
Event: 32.473 GC heap before
{Heap before GC invocations=21 (full 0):
 garbage-first heap   total 157696K, used 92186K [0x0000000740000000, 0x00000007401004d0, 0x00000007c0000000)
  region size 1024K, 2 young (2048K), 1 survivors (1024K)
 Metaspace       used 25543K, capacity 27808K, committed 28032K, reserved 1073152K
  class space    used 3294K, capacity 3696K, committed 3712K, reserved 1048576K
}
Event: 32.475 GC heap after
{Heap after GC invocations=22 (full 0):
 garbage-first heap   total 157696K, used 92220K [0x0000000740000000, 0x00000007401004d0, 0x00000007c0000000)
  region size 1024K, 2 young (2048K), 2 survivors (2048K)
 Metaspace       used 25543K, capacity 27808K, committed 28032K, reserved 1073152K
  class space    used 3294K, capacity 3696K, committed 3712K, reserved 1048576K
}
Event: 32.512 GC heap before
{Heap before GC invocations=23 (full 0):
 garbage-first heap   total 157696K, used 98364K [0x0000000740000000, 0x00000007401004d0, 0x00000007c0000000)
  region size 1024K, 4 young (4096K), 2 survivors (2048K)
 Metaspace       used 25565K, capacity 27840K, committed 28160K, reserved 1073152K
  class space    used 3296K, capacity 3728K, committed 3840K, reserved 1048576K
}
Event: 32.513 GC heap after
{Heap after GC invocations=24 (full 0):
 garbage-first heap   total 157696K, used 98074K [0x0000000740000000, 0x00000007401004d0, 0x00000007c0000000)
  region size 1024K, 2 young (2048K), 2 survivors (2048K)
 Metaspace       used 25565K, capacity 27840K, committed 28160K, reserved 1073152K
  class space    used 3296K, capacity 3728K, committed 3840K, reserved 1048576K
}
Event: 32.547 GC heap before
{Heap before GC invocations=25 (full 0):
 garbage-first heap   total 157696K, used 102170K [0x0000000740000000, 0x00000007401004d0, 0x00000007c0000000)
  region size 1024K, 3 young (3072K), 2 survivors (2048K)
 Metaspace       used 25570K, capacity 27840K, committed 28160K, reserved 1073152K
  class space    used 3297K, capacity 3728K, committed 3840K, reserved 1048576K
}
Event: 32.549 GC heap after
{Heap after GC invocations=26 (full 0):
 garbage-first heap   total 157696K, used 102270K [0x0000000740000000, 0x00000007401004d0, 0x00000007c0000000)
  region size 1024K, 2 young (2048K), 2 survivors (2048K)
 Metaspace       used 25570K, capacity 27840K, committed 28160K, reserved 1073152K
  class space    used 3297K, capacity 3728K, committed 3840K, reserved 1048576K
}

Deoptimization events (10 events):
Event: 3.848 Thread 0x00007fd3d3341800 Uncommon trap: reason=class_check action=maybe_recompile pc=0x000000011a41e9e8 method=com.sun.javafx.geom.Path2D$TxIterator.currentSegment([F)I @ 40 c2
Event: 3.850 Thread 0x00007fd3d3341800 Uncommon trap: reason=class_check action=maybe_recompile pc=0x000000011a41e9e8 method=com.sun.javafx.geom.Path2D$TxIterator.currentSegment([F)I @ 40 c2
Event: 3.850 Thread 0x00007fd3d3341800 Uncommon trap: reason=class_check action=maybe_recompile pc=0x000000011a41e9e8 method=com.sun.javafx.geom.Path2D$TxIterator.currentSegment([F)I @ 40 c2
Event: 12.054 Thread 0x00007fd3d3341800 Uncommon trap: reason=unstable_if action=reinterpret pc=0x000000011a3b95fc method=com.sun.javafx.image.impl.ByteBgra$ToByteBgraPreConv.doConvert([BII[BIIII)V @ 31 c2
Event: 12.057 Thread 0x00007fd3d3341800 Uncommon trap: reason=unstable_if action=reinterpret pc=0x000000011a3c4138 method=com.sun.javafx.image.impl.BaseByteToByteConverter$FourByteReorderer.doConvert([BII[BIIII)V @ 31 c2
Event: 12.660 Thread 0x00007fd3d3341800 Uncommon trap: reason=unstable_if action=reinterpret pc=0x000000011a3f96ec method=java.lang.AbstractStringBuilder.putStringAt(ILjava/lang/String;)V @ 8 c2
Event: 12.660 Thread 0x00007fd3d3341800 Uncommon trap: reason=unstable_if action=reinterpret pc=0x000000011a3fae58 method=java.lang.AbstractStringBuilder.putStringAt(ILjava/lang/String;)V @ 8 c2
Event: 12.660 Thread 0x00007fd3d3341800 Uncommon trap: reason=unstable_if action=reinterpret pc=0x000000011a3b3ee4 method=java.lang.String.getBytes([BIB)V @ 5 c2
Event: 12.660 Thread 0x00007fd3d3341800 Uncommon trap: reason=unstable_if action=reinterpret pc=0x000000011a3d5450 method=java.lang.StringBuilder.toString()Ljava/lang/String; @ 4 c2
Event: 12.693 Thread 0x00007fd3d3341800 Uncommon trap: reason=unstable_if action=reinterpret pc=0x000000011a4afe2c method=com.sun.prism.Image.getPixelAccessor()Lcom/sun/prism/Image$Accessor; @ 4 c2

Classes redefined (0 events):
No events

Internal exceptions (10 events):
Event: 7.360 Thread 0x00007fd3d3341800 Exception <a 'java/lang/NoSuchMethodError'{0x0000000747023930}: method resolution failed> (0x0000000747023930) thrown at [/scratch/mesos/slaves/450fa0f5-8733-43f8-b866-79fe3e86d200-S756/frameworks/1735e8a2-a1db-478c-8104-60c8b0af87dd-0196/executors/132405
Event: 7.360 Thread 0x00007fd3d3341800 Exception <a 'java/lang/NoSuchMethodError'{0x000000074702b1c0}: java.lang.invoke.DirectMethodHandle$Holder.invokeStatic(Ljava/lang/Object;Ljava/lang/Object;Ljava/lang/Object;IIIII)Ljava/lang/Object;> (0x000000074702b1c0) thrown at [/scratch/mesos/slaves/4
Event: 7.361 Thread 0x00007fd3d3341800 Exception <a 'java/lang/NoSuchMethodError'{0x000000074702eb48}: method resolution failed> (0x000000074702eb48) thrown at [/scratch/mesos/slaves/450fa0f5-8733-43f8-b866-79fe3e86d200-S756/frameworks/1735e8a2-a1db-478c-8104-60c8b0af87dd-0196/executors/132405
Event: 7.452 Thread 0x00007fd3d3341800 Exception <a 'java/lang/NoSuchMethodError'{0x0000000746fbb898}: java.lang.invoke.DirectMethodHandle$Holder.invokeStaticInit(Ljava/lang/Object;Ljava/lang/Object;Ljava/lang/Object;)Ljava/lang/Object;> (0x0000000746fbb898) thrown at [/scratch/mesos/slaves/45
Event: 7.455 Thread 0x00007fd3d22bb000 Exception <a 'java/lang/NoSuchMethodError'{0x0000000746fec4b0}: method resolution failed> (0x0000000746fec4b0) thrown at [/scratch/mesos/slaves/450fa0f5-8733-43f8-b866-79fe3e86d200-S756/frameworks/1735e8a2-a1db-478c-8104-60c8b0af87dd-0196/executors/132405
Event: 7.467 Thread 0x00007fd3d3341800 Exception <a 'java/io/FileNotFoundException'{0x0000000746e566a0}> (0x0000000746e566a0) thrown at [/scratch/mesos/slaves/450fa0f5-8733-43f8-b866-79fe3e86d200-S756/frameworks/1735e8a2-a1db-478c-8104-60c8b0af87dd-0196/executors/132405fd-871a-46c3-bcb1-9693a1
Event: 11.963 Thread 0x00007fd3d3341800 Exception <a 'java/io/FileNotFoundException'{0x0000000747f47730}> (0x0000000747f47730) thrown at [/scratch/mesos/slaves/450fa0f5-8733-43f8-b866-79fe3e86d200-S756/frameworks/1735e8a2-a1db-478c-8104-60c8b0af87dd-0196/executors/132405fd-871a-46c3-bcb1-9693a1
Event: 12.660 Thread 0x00007fd3d3341800 Exception <a 'java/lang/NoSuchMethodError'{0x000000074995f748}: java.lang.Object.lambda$negate$3(I)Z> (0x000000074995f748) thrown at [/scratch/mesos/slaves/450fa0f5-8733-43f8-b866-79fe3e86d200-S756/frameworks/1735e8a2-a1db-478c-8104-60c8b0af87dd-0196/exec
Event: 12.660 Thread 0x00007fd3d3341800 Exception <a 'java/lang/NoSuchMethodError'{0x00000007499623a0}: java.lang.Object.lambda$and$0(Ljava/util/regex/Pattern$CharPredicate;I)Z> (0x00000007499623a0) thrown at [/scratch/mesos/slaves/450fa0f5-8733-43f8-b866-79fe3e86d200-S756/frameworks/1735e8a2-a
Event: 12.664 Thread 0x00007fd3d3341800 Exception <a 'java/io/FileNotFoundException'{0x0000000749340d28}> (0x0000000749340d28) thrown at [/scratch/mesos/slaves/450fa0f5-8733-43f8-b866-79fe3e86d200-S756/frameworks/1735e8a2-a1db-478c-8104-60c8b0af87dd-0196/executors/132405fd-871a-46c3-bcb1-9693a1

Events (10 events):
Event: 33.770 Thread 0x00007fd3d2d01800 Thread added: 0x00007fd3d2d01800
Event: 33.770 Thread 0x00007fd3d2d01800 Thread exited: 0x00007fd3d2d01800
Event: 33.770 Thread 0x00007fd3d60ee800 Thread added: 0x00007fd3d60ee800
Event: 33.770 Thread 0x00007fd3d60ee800 Thread exited: 0x00007fd3d60ee800
Event: 33.770 Thread 0x00007fd3d60ee800 Thread added: 0x00007fd3d60ee800
Event: 33.770 Thread 0x00007fd3d60ee800 Thread exited: 0x00007fd3d60ee800
Event: 33.805 Thread 0x00007fd3d7899800 Thread added: 0x00007fd3d7899800
Event: 33.805 Thread 0x00007fd3d7899800 Thread exited: 0x00007fd3d7899800
Event: 33.805 Thread 0x00007fd3d7899800 Thread added: 0x00007fd3d7899800
Event: 33.805 Thread 0x00007fd3d7899800 Thread exited: 0x00007fd3d7899800


Dynamic libraries:
0x00007fff7bd0f000 	/System/Library/Frameworks/Cocoa.framework/Versions/A/Cocoa
0x00007fff825b2000 	/System/Library/Frameworks/Security.framework/Versions/A/Security
0x00007fff7abc8000 	/System/Library/Frameworks/ApplicationServices.framework/Versions/A/ApplicationServices
0x00007fff919b6000 	/usr/lib/libz.1.dylib
0x00007fff90509000 	/usr/lib/libSystem.B.dylib
0x00007fff7c2a5000 	/System/Library/Frameworks/CoreFoundation.framework/Versions/A/CoreFoundation
0x00007fff7dd1d000 	/System/Library/Frameworks/Foundation.framework/Versions/C/Foundation
0x00007fff911b7000 	/usr/lib/libobjc.A.dylib
0x00007fff79ddd000 	/System/Library/Frameworks/AppKit.framework/Versions/C/AppKit
0x00007fff7befb000 	/System/Library/Frameworks/CoreData.framework/Versions/A/CoreData
0x00007fff8cf8e000 	/System/Library/PrivateFrameworks/RemoteViewServices.framework/Versions/A/RemoteViewServices
0x00007fff8ef79000 	/System/Library/PrivateFrameworks/UIFoundation.framework/Versions/A/UIFoundation
0x00007fff88333000 	/System/Library/PrivateFrameworks/DFRFoundation.framework/Versions/A/DFRFoundation
0x00007fff90afa000 	/usr/lib/libenergytrace.dylib
0x00007fff8ddbb000 	/System/Library/PrivateFrameworks/SkyLight.framework/Versions/A/SkyLight
0x00007fff7c73f000 	/System/Library/Frameworks/CoreGraphics.framework/Versions/A/CoreGraphics
0x00007fff90504000 	/usr/lib/libScreenReader.dylib
0x00007fff78dff000 	/System/Library/Frameworks/Accelerate.framework/Versions/A/Accelerate
0x00007fff7e31b000 	/System/Library/Frameworks/IOSurface.framework/Versions/A/IOSurface
0x00007fff7b0eb000 	/System/Library/Frameworks/AudioToolbox.framework/Versions/A/AudioToolbox
0x00007fff7b2f8000 	/System/Library/Frameworks/AudioUnit.framework/Versions/A/AudioUnit
0x00007fff88378000 	/System/Library/PrivateFrameworks/DataDetectorsCore.framework/Versions/A/DataDetectorsCore
0x00007fff88469000 	/System/Library/PrivateFrameworks/DesktopServicesPriv.framework/Versions/A/DesktopServicesPriv
0x00007fff7b85c000 	/System/Library/Frameworks/Carbon.framework/Versions/A/Frameworks/HIToolbox.framework/Versions/A/HIToolbox
0x00007fff90c03000 	/usr/lib/libicucore.A.dylib
0x00007fff81e4a000 	/System/Library/Frameworks/QuartzCore.framework/Versions/A/QuartzCore
0x00007fff7bc28000 	/System/Library/Frameworks/Carbon.framework/Versions/A/Frameworks/SpeechRecognition.framework/Versions/A/SpeechRecognition
0x00007fff90622000 	/usr/lib/libauto.dylib
0x00007fff9189c000 	/usr/lib/libxml2.2.dylib
0x00007fff87fed000 	/System/Library/PrivateFrameworks/CoreUI.framework/Versions/A/CoreUI
0x00007fff7be59000 	/System/Library/Frameworks/CoreAudio.framework/Versions/A/CoreAudio
0x00007fff7db86000 	/System/Library/Frameworks/DiskArbitration.framework/Versions/A/DiskArbitration
0x00007fff90e2e000 	/usr/lib/liblangid.dylib
0x00007fff8be75000 	/System/Library/PrivateFrameworks/MultitouchSupport.framework/Versions/A/MultitouchSupport
0x00007fff7e284000 	/System/Library/Frameworks/IOKit.framework/Versions/A/IOKit
0x00007fff902ca000 	/usr/lib/libDiagnosticMessagesClient.dylib
0x00007fff7d16a000 	/System/Library/Frameworks/CoreServices.framework/Versions/A/CoreServices
0x00007fff8c832000 	/System/Library/PrivateFrameworks/PerformanceAnalysis.framework/Versions/A/PerformanceAnalysis
0x00007fff8a2bb000 	/System/Library/PrivateFrameworks/GenerationalStorage.framework/Versions/A/GenerationalStorage
0x00007fff812ea000 	/System/Library/Frameworks/OpenGL.framework/Versions/A/OpenGL
0x00007fff7cdc2000 	/System/Library/Frameworks/CoreImage.framework/Versions/A/CoreImage
0x00007fff7d893000 	/System/Library/Frameworks/CoreText.framework/Versions/A/CoreText
0x00007fff7e374000 	/System/Library/Frameworks/ImageIO.framework/Versions/A/ImageIO
0x00007fff85baa000 	/System/Library/PrivateFrameworks/Backup.framework/Versions/A/Backup
0x00007fff90576000 	/usr/lib/libarchive.2.dylib
0x00007fff7b461000 	/System/Library/Frameworks/CFNetwork.framework/Versions/A/CFNetwork
0x00007fff82cdf000 	/System/Library/Frameworks/SystemConfiguration.framework/Versions/A/SystemConfiguration
0x00007fff90211000 	/usr/lib/libCRFSuite.dylib
0x00007fff90643000 	/usr/lib/libc++.1.dylib
0x00007fff9069a000 	/usr/lib/libc++abi.dylib
0x00007fff919d6000 	/usr/lib/system/libcache.dylib
0x00007fff919db000 	/usr/lib/system/libcommonCrypto.dylib
0x00007fff919e6000 	/usr/lib/system/libcompiler_rt.dylib
0x00007fff919ee000 	/usr/lib/system/libcopyfile.dylib
0x00007fff919f7000 	/usr/lib/system/libcorecrypto.dylib
0x00007fff91a7b000 	/usr/lib/system/libdispatch.dylib
0x00007fff91aad000 	/usr/lib/system/libdyld.dylib
0x00007fff91ab3000 	/usr/lib/system/libkeymgr.dylib
0x00007fff91ac1000 	/usr/lib/system/liblaunch.dylib
0x00007fff91ac2000 	/usr/lib/system/libmacho.dylib
0x00007fff91ac8000 	/usr/lib/system/libquarantine.dylib
0x00007fff91acb000 	/usr/lib/system/libremovefile.dylib
0x00007fff91acd000 	/usr/lib/system/libsystem_asl.dylib
0x00007fff91ae6000 	/usr/lib/system/libsystem_blocks.dylib
0x00007fff91ae7000 	/usr/lib/system/libsystem_c.dylib
0x00007fff91b75000 	/usr/lib/system/libsystem_configuration.dylib
0x00007fff91b79000 	/usr/lib/system/libsystem_coreservices.dylib
0x00007fff91b7d000 	/usr/lib/system/libsystem_coretls.dylib
0x00007fff91b96000 	/usr/lib/system/libsystem_dnssd.dylib
0x00007fff91b9d000 	/usr/lib/system/libsystem_info.dylib
0x00007fff91bc7000 	/usr/lib/system/libsystem_kernel.dylib
0x00007fff91bea000 	/usr/lib/system/libsystem_m.dylib
0x00007fff91c32000 	/usr/lib/system/libsystem_malloc.dylib
0x00007fff91c51000 	/usr/lib/system/libsystem_network.dylib
0x00007fff91cab000 	/usr/lib/system/libsystem_networkextension.dylib
0x00007fff91cb5000 	/usr/lib/system/libsystem_notify.dylib
0x00007fff91cbf000 	/usr/lib/system/libsystem_platform.dylib
0x00007fff91cc8000 	/usr/lib/system/libsystem_pthread.dylib
0x00007fff91cd3000 	/usr/lib/system/libsystem_sandbox.dylib
0x00007fff91cd7000 	/usr/lib/system/libsystem_secinit.dylib
0x00007fff91cd9000 	/usr/lib/system/libsystem_symptoms.dylib
0x00007fff91ce1000 	/usr/lib/system/libsystem_trace.dylib
0x00007fff91cf5000 	/usr/lib/system/libunwind.dylib
0x00007fff91cfb000 	/usr/lib/system/libxpc.dylib
0x00007fff90623000 	/usr/lib/libbsm.0.dylib
0x00007fff91ab4000 	/usr/lib/system/libkxld.dylib
0x00007fff906ec000 	/usr/lib/libcoretls.dylib
0x00007fff906ed000 	/usr/lib/libcoretls_cfhelpers.dylib
0x00007fff90503000 	/usr/lib/libOpenScriptingUtil.dylib
0x00007fff9158c000 	/usr/lib/libpam.2.dylib
0x00007fff9164b000 	/usr/lib/libsqlite3.dylib
0x00007fff9188e000 	/usr/lib/libxar.1.dylib
0x00007fff90634000 	/usr/lib/libbz2.1.0.dylib
0x00007fff90e30000 	/usr/lib/liblzma.5.dylib
0x00007fff9113c000 	/usr/lib/libnetwork.dylib
0x00007fff91591000 	/usr/lib/libpcap.A.dylib
0x00007fff7d4cd000 	/System/Library/Frameworks/CoreServices.framework/Versions/A/Frameworks/FSEvents.framework/Versions/A/FSEvents
0x00007fff7d1bd000 	/System/Library/Frameworks/CoreServices.framework/Versions/A/Frameworks/CarbonCore.framework/Versions/A/CarbonCore
0x00007fff7d643000 	/System/Library/Frameworks/CoreServices.framework/Versions/A/Frameworks/Metadata.framework/Versions/A/Metadata
0x00007fff7d6f4000 	/System/Library/Frameworks/CoreServices.framework/Versions/A/Frameworks/OSServices.framework/Versions/A/OSServices
0x00007fff7d754000 	/System/Library/Frameworks/CoreServices.framework/Versions/A/Frameworks/SearchKit.framework/Versions/A/SearchKit
0x00007fff7d16b000 	/System/Library/Frameworks/CoreServices.framework/Versions/A/Frameworks/AE.framework/Versions/A/AE
0x00007fff7d4d6000 	/System/Library/Frameworks/CoreServices.framework/Versions/A/Frameworks/LaunchServices.framework/Versions/A/LaunchServices
0x00007fff7d499000 	/System/Library/Frameworks/CoreServices.framework/Versions/A/Frameworks/DictionaryServices.framework/Versions/A/DictionaryServices
0x00007fff7d7c5000 	/System/Library/Frameworks/CoreServices.framework/Versions/A/Frameworks/SharedFileList.framework/Versions/A/SharedFileList
0x00007fff8050e000 	/System/Library/Frameworks/NetFS.framework/Versions/A/NetFS
0x00007fff8bf4f000 	/System/Library/PrivateFrameworks/NetAuth.framework/Versions/A/NetAuth
0x00007fff901ba000 	/System/Library/PrivateFrameworks/login.framework/Versions/A/Frameworks/loginsupport.framework/Versions/A/loginsupport
0x00007fff8edab000 	/System/Library/PrivateFrameworks/TCC.framework/Versions/A/TCC
0x00007fff90e61000 	/usr/lib/libmecabra.dylib
0x00007fff7abc9000 	/System/Library/Frameworks/ApplicationServices.framework/Versions/A/Frameworks/ATS.framework/Versions/A/ATS
0x00007fff7af48000 	/System/Library/Frameworks/ApplicationServices.framework/Versions/A/Frameworks/ColorSync.framework/Versions/A/ColorSync
0x00007fff7aff3000 	/System/Library/Frameworks/ApplicationServices.framework/Versions/A/Frameworks/HIServices.framework/Versions/A/HIServices
0x00007fff7b045000 	/System/Library/Frameworks/ApplicationServices.framework/Versions/A/Frameworks/LangAnalysis.framework/Versions/A/LangAnalysis
0x00007fff7b055000 	/System/Library/Frameworks/ApplicationServices.framework/Versions/A/Frameworks/PrintCore.framework/Versions/A/PrintCore
0x00007fff7b0a3000 	/System/Library/Frameworks/ApplicationServices.framework/Versions/A/Frameworks/QD.framework/Versions/A/QD
0x00007fff7b0df000 	/System/Library/Frameworks/ApplicationServices.framework/Versions/A/Frameworks/SpeechSynthesis.framework/Versions/A/SpeechSynthesis
0x00007fff78e18000 	/System/Library/Frameworks/Accelerate.framework/Versions/A/Frameworks/vImage.framework/Versions/A/vImage
0x00007fff79b1e000 	/System/Library/Frameworks/Accelerate.framework/Versions/A/Frameworks/vecLib.framework/Versions/A/vecLib
0x00007fff798e3000 	/System/Library/Frameworks/Accelerate.framework/Versions/A/Frameworks/vecLib.framework/Versions/A/libvDSP.dylib
0x00007fff794a4000 	/System/Library/Frameworks/Accelerate.framework/Versions/A/Frameworks/vecLib.framework/Versions/A/libBNNS.dylib
0x00007fff798c7000 	/System/Library/Frameworks/Accelerate.framework/Versions/A/Frameworks/vecLib.framework/Versions/A/libQuadrature.dylib
0x00007fff79a6b000 	/System/Library/Frameworks/Accelerate.framework/Versions/A/Frameworks/vecLib.framework/Versions/A/libvMisc.dylib
0x00007fff794b9000 	/System/Library/Frameworks/Accelerate.framework/Versions/A/Frameworks/vecLib.framework/Versions/A/libLAPACK.dylib
0x00007fff79332000 	/System/Library/Frameworks/Accelerate.framework/Versions/A/Frameworks/vecLib.framework/Versions/A/libBLAS.dylib
0x00007fff798b0000 	/System/Library/Frameworks/Accelerate.framework/Versions/A/Frameworks/vecLib.framework/Versions/A/libLinearAlgebra.dylib
0x00007fff798ce000 	/System/Library/Frameworks/Accelerate.framework/Versions/A/Frameworks/vecLib.framework/Versions/A/libSparseBLAS.dylib
0x00007fff7acd1000 	/System/Library/Frameworks/ApplicationServices.framework/Versions/A/Frameworks/ATS.framework/Versions/A/Resources/libFontParser.dylib
0x00007fff7ae01000 	/System/Library/Frameworks/ApplicationServices.framework/Versions/A/Frameworks/ATS.framework/Versions/A/Resources/libFontRegistry.dylib
0x00007fff7e5cb000 	/System/Library/Frameworks/ImageIO.framework/Versions/A/Resources/libJPEG.dylib
0x00007fff7e61a000 	/System/Library/Frameworks/ImageIO.framework/Versions/A/Resources/libTIFF.dylib
0x00007fff7e5ef000 	/System/Library/Frameworks/ImageIO.framework/Versions/A/Resources/libPng.dylib
0x00007fff7e4d5000 	/System/Library/Frameworks/ImageIO.framework/Versions/A/Resources/libGIF.dylib
0x00007fff7e4da000 	/System/Library/Frameworks/ImageIO.framework/Versions/A/Resources/libJP2.dylib
0x00007fff7e617000 	/System/Library/Frameworks/ImageIO.framework/Versions/A/Resources/libRadiance.dylib
0x00007fff906d5000 	/usr/lib/libcompression.dylib
0x00007fff856ec000 	/System/Library/PrivateFrameworks/AppleJPEG.framework/Versions/A/AppleJPEG
0x00007fff90a2a000 	/usr/lib/libcups.2.dylib
0x00007fff7f3d1000 	/System/Library/Frameworks/Kerberos.framework/Versions/A/Kerberos
0x00007fff7e0ef000 	/System/Library/Frameworks/GSS.framework/Versions/A/GSS
0x00007fff915df000 	/usr/lib/libresolv.9.dylib
0x00007fff90b10000 	/usr/lib/libiconv.2.dylib
0x00007fff8a9e8000 	/System/Library/PrivateFrameworks/Heimdal.framework/Versions/A/Heimdal
0x00007fff90b0a000 	/usr/lib/libheimdal-asn1.dylib
0x00007fff8075f000 	/System/Library/Frameworks/OpenDirectory.framework/Versions/A/OpenDirectory
0x00007fff871ff000 	/System/Library/PrivateFrameworks/CommonAuth.framework/Versions/A/CommonAuth
0x00007fff80745000 	/System/Library/Frameworks/OpenDirectory.framework/Versions/A/Frameworks/CFOpenDirectory.framework/Versions/A/CFOpenDirectory
0x00007fff828b5000 	/System/Library/Frameworks/SecurityFoundation.framework/Versions/A/SecurityFoundation
0x00007fff8b1a0000 	/System/Library/PrivateFrameworks/LanguageModeling.framework/Versions/A/LanguageModeling
0x00007fff90e4a000 	/usr/lib/libmarisa.dylib
0x00007fff9022d000 	/usr/lib/libChineseTokenizer.dylib
0x00007fff906c4000 	/usr/lib/libcmph.dylib
0x00007fff87951000 	/System/Library/PrivateFrameworks/CoreEmoji.framework/Versions/A/CoreEmoji
0x00007fff82955000 	/System/Library/Frameworks/ServiceManagement.framework/Versions/A/ServiceManagement
0x00007fff9198c000 	/usr/lib/libxslt.1.dylib
0x00007fff7bb70000 	/System/Library/Frameworks/Carbon.framework/Versions/A/Frameworks/Ink.framework/Versions/A/Ink
0x00007fff8ee3d000 	/System/Library/PrivateFrameworks/TextureIO.framework/Versions/A/TextureIO
0x00007fff7fbca000 	/System/Library/Frameworks/Metal.framework/Versions/A/Metal
0x00007fff905a2000 	/usr/lib/libate.dylib
0x00007fff89fea000 	/System/Library/PrivateFrameworks/GPUCompiler.framework/libmetal_timestamp.dylib
0x00007fff8076e000 	/System/Library/Frameworks/OpenGL.framework/Versions/A/Libraries/libCoreFSCache.dylib
0x00007fff8b079000 	/System/Library/PrivateFrameworks/IOAccelerator.framework/Versions/A/IOAccelerator
0x00007fff7d9e1000 	/System/Library/Frameworks/CoreVideo.framework/Versions/A/CoreVideo
0x00007fff902cc000 	/usr/lib/libFosl_dynamic.dylib
0x00007fff8bc78000 	/System/Library/PrivateFrameworks/MetalPerformanceShaders.framework/Versions/A/MetalPerformanceShaders
0x00007fff88862000 	/System/Library/PrivateFrameworks/FaceCore.framework/Versions/A/FaceCore
0x00007fff806f6000 	/System/Library/Frameworks/OpenCL.framework/Versions/A/OpenCL
0x00007fff80941000 	/System/Library/Frameworks/OpenGL.framework/Versions/A/Libraries/libGLU.dylib
0x00007fff80777000 	/System/Library/Frameworks/OpenGL.framework/Versions/A/Libraries/libGFXShared.dylib
0x00007fff80781000 	/System/Library/Frameworks/OpenGL.framework/Versions/A/Libraries/libGL.dylib
0x00007fff8078d000 	/System/Library/Frameworks/OpenGL.framework/Versions/A/Libraries/libGLImage.dylib
0x00007fff8076b000 	/System/Library/Frameworks/OpenGL.framework/Versions/A/Libraries/libCVMSPluginSupport.dylib
0x00007fff80772000 	/System/Library/Frameworks/OpenGL.framework/Versions/A/Libraries/libCoreVMClient.dylib
0x00007fff882b3000 	/System/Library/PrivateFrameworks/CrashReporterSupport.framework/Versions/A/CrashReporterSupport
0x00007fff8dd0d000 	/System/Library/PrivateFrameworks/Sharing.framework/Versions/A/Sharing
0x00007fff8b097000 	/System/Library/PrivateFrameworks/IconServices.framework/Versions/A/IconServices
0x00007fff8cf5b000 	/System/Library/PrivateFrameworks/ProtocolBuffer.framework/Versions/A/ProtocolBuffer
0x00007fff855cf000 	/System/Library/PrivateFrameworks/Apple80211.framework/Versions/A/Apple80211
0x00007fff7da17000 	/System/Library/Frameworks/CoreWLAN.framework/Versions/A/CoreWLAN
0x00007fff8812d000 	/System/Library/PrivateFrameworks/CoreUtils.framework/Versions/A/CoreUtils
0x00007fff7e1e0000 	/System/Library/Frameworks/IOBluetooth.framework/Versions/A/IOBluetooth
0x00007fff8824d000 	/System/Library/PrivateFrameworks/CoreWiFi.framework/Versions/A/CoreWiFi
0x00007fff7bee7000 	/System/Library/Frameworks/CoreBluetooth.framework/Versions/A/CoreBluetooth
0x00007fff7c1f7000 	/System/Library/Frameworks/CoreDisplay.framework/Versions/A/CoreDisplay
0x00007fff8b082000 	/System/Library/PrivateFrameworks/IOPresentment.framework/Versions/A/IOPresentment
0x00007fff8833e000 	/System/Library/PrivateFrameworks/DSExternalDisplay.framework/Versions/A/DSExternalDisplay
0x00007fff88429000 	/System/Library/PrivateFrameworks/DebugSymbols.framework/Versions/A/DebugSymbols
0x00007fff87f5d000 	/System/Library/PrivateFrameworks/CoreSymbolication.framework/Versions/A/CoreSymbolication
0x00007fff8e8f8000 	/System/Library/PrivateFrameworks/Symbolication.framework/Versions/A/Symbolication
0x00007fff855f2000 	/System/Library/PrivateFrameworks/AppleFSCompression.framework/Versions/A/AppleFSCompression
0x00007fff8e200000 	/System/Library/PrivateFrameworks/SpeechRecognitionCore.framework/Versions/A/SpeechRecognitionCore
0x00007fff868b3000 	/System/Library/PrivateFrameworks/ChunkingLibrary.framework/Versions/A/ChunkingLibrary
0x0000000101800000 	/Library/Java/JavaVirtualMachines/jdk-9.0.4.jdk/Contents/Home/lib/server/libjvm.dylib
0x00007fff917f5000 	/usr/lib/libstdc++.6.dylib
0x0000000100e74000 	/Library/Java/JavaVirtualMachines/jdk-9.0.4.jdk/Contents/Home/lib/libverify.dylib
0x0000000100e81000 	/Library/Java/JavaVirtualMachines/jdk-9.0.4.jdk/Contents/Home/lib/libjava.dylib
0x0000000100eb7000 	/Library/Java/JavaVirtualMachines/jdk-9.0.4.jdk/Contents/Home/lib/libinstrument.dylib
0x0000000100f0c000 	/Library/Java/JavaVirtualMachines/jdk-9.0.4.jdk/Contents/Home/lib/libzip.dylib
0x0000000100f14000 	/Library/Java/JavaVirtualMachines/jdk-9.0.4.jdk/Contents/Home/lib/libjimage.dylib
0x0000000107f8a000 	/Library/Java/JavaVirtualMachines/jdk-9.0.4.jdk/Contents/Home/lib/libnio.dylib
0x0000000107f9a000 	/Library/Java/JavaVirtualMachines/jdk-9.0.4.jdk/Contents/Home/lib/./libnet.dylib
0x00000001080ba000 	/Library/Java/JavaVirtualMachines/jdk-9.0.4.jdk/Contents/Home/lib/libprism_es2.dylib
0x0000000124288000 	/System/Library/Frameworks/OpenGL.framework/Resources/GLEngine.bundle/GLEngine
0x00007fff807ca000 	/System/Library/Frameworks/OpenGL.framework/Versions/A/Libraries/libGLProgrammability.dylib
0x000000012446d000 	/System/Library/Extensions/AppleIntelKBLGraphicsGLDriver.bundle/Contents/MacOS/AppleIntelKBLGraphicsGLDriver
0x00007fff89ff7000 	/System/Library/PrivateFrameworks/GPUSupport.framework/Versions/A/Libraries/libGPUSupportMercury.dylib
0x00000001251f0000 	/System/Library/Frameworks/OpenGL.framework/Resources//GLRendererFloat.bundle/GLRendererFloat
0x00007fff806ed000 	/System/Library/Frameworks/OpenCL.framework/Versions/A/Libraries/libcldcpuengine.dylib
0x00007fff907a8000 	/usr/lib/libcrypto.0.9.8.dylib
0x00007fff8ef77000 	/System/Library/PrivateFrameworks/TrustEvaluationAgent.framework/Versions/A/TrustEvaluationAgent
0x000000012568c000 	/Library/Java/JavaVirtualMachines/jdk-9.0.4.jdk/Contents/Home/lib/libglass.dylib
0x00007fff87c9c000 	/System/Library/PrivateFrameworks/CoreServicesInternal.framework/Versions/A/CoreServicesInternal
0x00007fff76f54000 	/System/Library/CoreServices/RawCamera.bundle/Contents/MacOS/RawCamera
0x00007fff78e00000 	/System/Library/Frameworks/Accelerate.framework/Versions/A/Frameworks/vImage.framework/Versions/A/Libraries/libCGInterfaces.dylib
0x000000012a709000 	/Library/Java/JavaVirtualMachines/jdk-9.0.4.jdk/Contents/Home/lib/libglib-lite.dylib
0x00007fff90b08000 	/usr/lib/libffi.dylib
0x000000012a83b000 	/Library/Java/JavaVirtualMachines/jdk-9.0.4.jdk/Contents/Home/lib/libgstreamer-lite.dylib
0x000000012a9a0000 	/Library/Java/JavaVirtualMachines/jdk-9.0.4.jdk/Contents/Home/lib/libjfxmedia.dylib
0x000000012a9d5000 	/Library/Java/JavaVirtualMachines/jdk-9.0.4.jdk/Contents/Home/lib/libjfxmedia_avf.dylib
0x00007fff78ad0000 	/System/Library/Frameworks/AVFoundation.framework/Versions/A/AVFoundation
0x00007fff7d06c000 	/System/Library/Frameworks/CoreMedia.framework/Versions/A/CoreMedia
0x00007fff7f690000 	/System/Library/Frameworks/MediaToolbox.framework/Versions/A/MediaToolbox
0x00007fff78c92000 	/System/Library/Frameworks/AVFoundation.framework/Versions/A/Frameworks/AVFAudio.framework/Versions/A/AVFAudio
0x00007fff82d4f000 	/System/Library/Frameworks/VideoToolbox.framework/Versions/A/VideoToolbox
0x00007fff8b155000 	/System/Library/PrivateFrameworks/IntlPreferences.framework/Versions/A/IntlPreferences
0x00007fff7d11e000 	/System/Library/Frameworks/CoreMediaIO.framework/Versions/A/CoreMediaIO
0x00007fff91649000 	/usr/lib/libspindump.dylib
0x00007fff90ad1000 	/usr/lib/libdscsym.dylib
0x00007fff8776d000 	/System/Library/PrivateFrameworks/CoreAVCHD.framework/Versions/A/CoreAVCHD
0x00007fff7f674000 	/System/Library/Frameworks/MediaAccessibility.framework/Versions/A/MediaAccessibility
0x00007fff8b9c7000 	/System/Library/PrivateFrameworks/Mangrove.framework/Versions/A/Mangrove
0x00007fff8738d000 	/System/Library/PrivateFrameworks/CoreAUC.framework/Versions/A/CoreAUC
0x00007fff857b4000 	/System/Library/PrivateFrameworks/AppleVA.framework/Versions/A/AppleVA
0x00007fff7b857000 	/System/Library/Frameworks/Carbon.framework/Versions/A/Carbon
0x00007fff7b858000 	/System/Library/Frameworks/Carbon.framework/Versions/A/Frameworks/CommonPanels.framework/Versions/A/CommonPanels
0x00007fff7bb66000 	/System/Library/Frameworks/Carbon.framework/Versions/A/Frameworks/Help.framework/Versions/A/Help
0x00007fff7bb6a000 	/System/Library/Frameworks/Carbon.framework/Versions/A/Frameworks/ImageCapture.framework/Versions/A/ImageCapture
0x00007fff7bc08000 	/System/Library/Frameworks/Carbon.framework/Versions/A/Frameworks/OpenScripting.framework/Versions/A/OpenScripting
0x00007fff7bc23000 	/System/Library/Frameworks/Carbon.framework/Versions/A/Frameworks/Print.framework/Versions/A/Print
0x00007fff7bc25000 	/System/Library/Frameworks/Carbon.framework/Versions/A/Frameworks/SecurityHI.framework/Versions/A/SecurityHI
0x00007fff900e3000 	/System/Library/PrivateFrameworks/XPCService.framework/Versions/A/XPCService
0x00007fff855c1000 	/System/Library/PrivateFrameworks/AppSandbox.framework/Versions/A/AppSandbox
0x00007fff915fc000 	/usr/lib/libsandbox.1.dylib
0x00007fff855a5000 	/System/Library/PrivateFrameworks/AppContainer.framework/Versions/A/AppContainer
0x00007fff8dc7b000 	/System/Library/PrivateFrameworks/SecCodeWrapper.framework/Versions/A/SecCodeWrapper
0x00007fff904fb000 	/usr/lib/libMatch.1.dylib
0x00000001270d4000 	/Library/Java/JavaVirtualMachines/jdk-9.0.4.jdk/Contents/Home/lib/libfxplugins.dylib
0x00000001270fc000 	/System/Library/Frameworks/VideoDecodeAcceleration.framework/Versions/A/VideoDecodeAcceleration
0x0000000127102000 	/System/Library/Extensions/AppleHDA.kext/Contents/PlugIns/AppleHDAHALPlugIn.bundle/Contents/MacOS/AppleHDAHALPlugIn
0x000000012801b000 	/System/Library/Components/CoreAudio.component/Contents/MacOS/CoreAudio
0x000000012ac08000 	/System/Library/Components/AudioCodecs.component/Contents/MacOS/AudioCodecs
0x0000000127133000 	/Library/Java/JavaVirtualMachines/jdk-9.0.4.jdk/Contents/Home/lib/libjavafx_font.dylib
0x0000000127359000 	/Library/Java/JavaVirtualMachines/jdk-9.0.4.jdk/Contents/Home/lib/libawt.dylib
0x0000000128419000 	/Library/Java/JavaVirtualMachines/jdk-9.0.4.jdk/Contents/Home/lib/./libmlib_image.dylib
0x000000012713d000 	/System/Library/Frameworks/JavaVM.framework/Versions/A/Frameworks/JavaNativeFoundation.framework/Versions/A/JavaNativeFoundation
0x0000000127152000 	/System/Library/Frameworks/JavaVM.framework/Versions/A/Frameworks/JavaRuntimeSupport.framework/Versions/A/JavaRuntimeSupport
0x0000000127190000 	/System/Library/Frameworks/JavaVM.framework/Versions/A/JavaVM
0x000000012719d000 	/System/Library/PrivateFrameworks/JavaLaunching.framework/Versions/A/JavaLaunching
0x0000000128487000 	/Library/Java/JavaVirtualMachines/jdk-9.0.4.jdk/Contents/Home/lib/libawt_lwawt.dylib
0x00000001273fe000 	/Library/Java/JavaVirtualMachines/jdk-9.0.4.jdk/Contents/Home/lib/./libosxapp.dylib
0x00007fff7dd1a000 	/System/Library/Frameworks/ExceptionHandling.framework/Versions/A/ExceptionHandling
0x000000012b25e000 	/Library/Java/JavaVirtualMachines/jdk-9.0.4.jdk/Contents/Home/lib/libfontmanager.dylib
0x00007fff7aea8000 	/System/Library/Frameworks/ApplicationServices.framework/Versions/A/Frameworks/ATS.framework/Versions/A/Resources/libTrueTypeScaler.dylib
0x0000000127901000 	/Library/Java/JavaVirtualMachines/jdk-9.0.4.jdk/Contents/Home/lib/libprism_common.dylib
0x000000012cfea000 	/System/Library/Extensions/AppleIntelKBLGraphicsMTLDriver.bundle/Contents/MacOS/AppleIntelKBLGraphicsMTLDriver
0x00007fff8fbd8000 	/System/Library/PrivateFrameworks/ViewBridge.framework/Versions/A/ViewBridge
0x000000012bd50000 	/Library/Java/JavaVirtualMachines/jdk-9.0.4.jdk/Contents/Home/lib/libjavafx_iio.dylib

VM Arguments:
jvm_args: -javaagent:/Users/macbook/Library/Application Support/JetBrains/Toolbox/apps/IDEA-U/ch-0/173.4548.28/IntelliJ IDEA.app/Contents/lib/idea_rt.jar=49334:/Users/macbook/Library/Application Support/JetBrains/Toolbox/apps/IDEA-U/ch-0/173.4548.28/IntelliJ IDEA.app/Contents/bin -Dfile.encoding=UTF-8 
java_command: Main.Main
java_class_path (initial): /Users/macbook/Desktop/javacodes/projectfooking/ap_project/out/production/projectAp
Launcher Type: SUN_STANDARD

Logging:
Log output configuration:
#0: stdout all=warning uptime,level,tags
#1: stderr all=off uptime,level,tags

Environment Variables:
PATH=/usr/local/bin:/usr/bin:/bin:/usr/sbin:/sbin
SHELL=/bin/bash

Signal Handlers:
SIGSEGV: [libjvm.dylib+0x73f3dc], sa_mask[0]=11111111011111110111111111111111, sa_flags=SA_ONSTACK|SA_RESTART|SA_SIGINFO
SIGBUS: [libjvm.dylib+0x73f3dc], sa_mask[0]=11111111011111110111111111111111, sa_flags=SA_RESTART|SA_SIGINFO
SIGFPE: [libjvm.dylib+0x73f3dc], sa_mask[0]=11111111011111110111111111111111, sa_flags=SA_RESTART|SA_SIGINFO
SIGPIPE: [libjvm.dylib+0x5f233c], sa_mask[0]=11111111011111110111111111111111, sa_flags=SA_RESTART|SA_SIGINFO
SIGXFSZ: [libjvm.dylib+0x5f233c], sa_mask[0]=11111111011111110111111111111111, sa_flags=SA_RESTART|SA_SIGINFO
SIGILL: [libjvm.dylib+0x73f3dc], sa_mask[0]=11111111011111110111111111111111, sa_flags=SA_RESTART|SA_SIGINFO
SIGUSR2: [libjvm.dylib+0x5f2bcc], sa_mask[0]=00100000000000000000000000000000, sa_flags=SA_RESTART|SA_SIGINFO
SIGHUP: [libjvm.dylib+0x5f1409], sa_mask[0]=11111111011111110111111111111111, sa_flags=SA_RESTART|SA_SIGINFO
SIGINT: [libjvm.dylib+0x5f1409], sa_mask[0]=11111111011111110111111111111111, sa_flags=SA_RESTART|SA_SIGINFO
SIGTERM: [libjvm.dylib+0x5f1409], sa_mask[0]=11111111011111110111111111111111, sa_flags=SA_RESTART|SA_SIGINFO
SIGQUIT: [libjvm.dylib+0x5f1409], sa_mask[0]=11111111011111110111111111111111, sa_flags=SA_RESTART|SA_SIGINFO


---------------  S Y S T E M  ---------------

OS:uname:Darwin 16.7.0 Darwin Kernel Version 16.7.0: Mon Nov 13 21:56:25 PST 2017; root:xnu-3789.72.11~1/RELEASE_X86_64 x86_64
rlimit: STACK 8192k, CORE 0k, NPROC 709, NOFILE 10240, AS infinity
load average:3.53 3.02 2.46

CPU:total 4 (initial active 4) (2 cores per cpu, 2 threads per core) family 6 model 142 stepping 9, cmov, cx8, fxsr, mmx, sse, sse2, sse3, ssse3, sse4.1, sse4.2, popcnt, avx, avx2, aes, clmul, erms, rtm, 3dnowpref, lzcnt, ht, tsc, tscinvbit, bmi1, bmi2, adx, fma

Memory: 4k page, physical 8388608k(1130300k free)

vm_info: Java HotSpot(TM) 64-Bit Server VM (9.0.4+11) for bsd-amd64 JRE (9.0.4+11), built on Dec 20 2017 02:08:50 by "mach5one" with gcc 4.2.1 Compatible Apple LLVM 6.1.0 (clang-602.0.49)

END.
