#
# A fatal error has been detected by the Java Runtime Environment:
#
#  SIGSEGV (0xb) at pc=0x00007fff911be057, pid=557, tid=775
#
# JRE version: Java(TM) SE Runtime Environment (9.0+11) (build 9.0.4+11)
# Java VM: Java HotSpot(TM) 64-Bit Server VM (9.0.4+11, mixed mode, tiered, compressed oops, g1 gc, bsd-amd64)
# Problematic frame:
# C  [libobjc.A.dylib+0x7057]  objc_msgSend+0x17
#
# No core dump will be written. Core dumps have been disabled. To enable core dumping, try "ulimit -c unlimited" before starting Java again
#
# If you would like to submit a bug report, please visit:
#   http://bugreport.java.com/bugreport/crash.jsp
# The crash happened outside the Java Virtual Machine in native code.
# See problematic frame for where to report the bug.
#

---------------  S U M M A R Y ------------

Command Line: -javaagent:/Users/macbook/Library/Application Support/JetBrains/Toolbox/apps/IDEA-U/ch-0/173.4548.28/IntelliJ IDEA.app/Contents/lib/idea_rt.jar=49313:/Users/macbook/Library/Application Support/JetBrains/Toolbox/apps/IDEA-U/ch-0/173.4548.28/IntelliJ IDEA.app/Contents/bin -Dfile.encoding=UTF-8 Main.Main

Host: MacBookPro14,1 x86_64 2300 MHz, 4 cores, 8G, Darwin 16.7.0
Time: Mon Jul 16 00:09:47 2018 PDT elapsed time: 38 seconds (0d 0h 0m 38s)

---------------  T H R E A D  ---------------

Current thread (0x00007fbbc8970000):  JavaThread "JavaFX Application Thread" [_thread_in_native, id=775, stack(0x00007fff5d23f000,0x00007fff5da3f000)]

Stack: [0x00007fff5d23f000,0x00007fff5da3f000],  sp=0x00007fff5da3b8e8,  free space=8178k
Native frames: (J=compiled Java code, A=aot compiled Java code, j=interpreted, Vv=VM code, C=native code)
C  [libobjc.A.dylib+0x7057]  objc_msgSend+0x17
C  [libglass.dylib+0x20009]  -[GlassView3D performKeyEquivalent:]+0x319
C  [AppKit+0x29554e]  -[NSView _performKeyEquivalent:conditionally:]+0xe3
C  [AppKit+0x29564c]  -[NSView performKeyEquivalent:]+0xea
C  [AppKit+0x29554e]  -[NSView _performKeyEquivalent:conditionally:]+0xe3
C  [AppKit+0x29564c]  -[NSView performKeyEquivalent:]+0xea
C  [AppKit+0x29554e]  -[NSView _performKeyEquivalent:conditionally:]+0xe3
C  [AppKit+0x8e6ea2]  -[NSWindow _commonPerformKeyEquivalent:conditionally:]+0x4f
C  [libglass.dylib+0x27eb0]  -[GlassWindow_Normal performKeyEquivalent:]+0x40
C  [AppKit+0x7c3158]  routeKeyEquivalent+0x23c
C  [AppKit+0x7c0f39]  -[NSApplication(NSEvent) sendEvent:]+0xd31
C  [AppKit+0x3b427]  -[NSApplication run]+0x3ea
C  [libglass.dylib+0x7592]  -[GlassApplication runLoop:]+0x742
C  [Foundation+0x7152a]  __NSThreadPerformPerform+0x146
C  [CoreFoundation+0xa7321]  __CFRUNLOOP_IS_CALLING_OUT_TO_A_SOURCE0_PERFORM_FUNCTION__+0x11
C  [CoreFoundation+0x8821d]  __CFRunLoopDoSources0+0x22d
C  [CoreFoundation+0x87716]  __CFRunLoopRun+0x3a6
C  [CoreFoundation+0x87114]  CFRunLoopRunSpecific+0x1a4
C  [java+0x6b2e]  CreateExecutionEnvironment+0x35c
C  [java+0x2c65]  JLI_Launch+0x5a9
C  [java+0x1b62]  main+0x186
C  [java+0x19d4]  start+0x34
C  0x0000000000000006


siginfo: si_signo: 11 (SIGSEGV), si_code: 1 (SEGV_MAPERR), si_addr: 0x00000000c1000002

Register to memory mapping:

RAX=0x0000000000000008 is an unknown value
RBX=0x00007fff911be040: objc_msgSend+0 in /usr/lib/libobjc.A.dylib at 0x00007fff911b7000
RCX=0x00007fbbc6ed2f80 is an unknown value
RDX=0x0000000126a13f78: OBJC_CLASS_$_GlassNSEvent+0 in /Library/Java/JavaVirtualMachines/jdk-9.0.4.jdk/Contents/Home/lib/libglass.dylib at 0x00000001269d2000
RSP=0x00007fff5da3b8e8 is pointing into the stack for thread: 0x00007fbbc8970000
RBP=0x00007fff5da3bd40 is pointing into the stack for thread: 0x00007fbbc8970000
RSI=0x00007fff7aa44fd8: __NSStyleNameIndexTable+0x7ac20 in /System/Library/Frameworks/AppKit.framework/Versions/C/AppKit at 0x00007fff79ddd000
RDI=0x00000000c1000002 is an unknown value
R8 =0x0000000000000002 is an unknown value
R9 =0x0000000747b28018 is an oop
com.sun.javafx.collections.ListListenerHelper$SingleChange 
{0x0000000747b28018} - klass: 'com/sun/javafx/collections/ListListenerHelper$SingleChange'
R10=0x00007ffffffffff8 is an unknown value
R11=0x00007fbbc89fa810 is an unknown value
R12=0x00007fbbc930f830 is an unknown value
R13=0x00007fbbc8970218 is an unknown value
R14=0x0000000000000000 is an unknown value
R15=0x0000000000000002 is an unknown value


Registers:
RAX=0x0000000000000008, RBX=0x00007fff911be040, RCX=0x00007fbbc6ed2f80, RDX=0x0000000126a13f78
RSP=0x00007fff5da3b8e8, RBP=0x00007fff5da3bd40, RSI=0x00007fff7aa44fd8, RDI=0x00000000c1000002
R8 =0x0000000000000002, R9 =0x0000000747b28018, R10=0x00007ffffffffff8, R11=0x00007fbbc89fa810
R12=0x00007fbbc930f830, R13=0x00007fbbc8970218, R14=0x0000000000000000, R15=0x0000000000000002
RIP=0x00007fff911be057, EFLAGS=0x0000000000010246, ERR=0x0000000000000004
  TRAPNO=0x000000000000000e

Top of Stack: (sp=0x00007fff5da3b8e8)
0x00007fff5da3b8e8:   00000001269f4fc3 00007fff00000002
0x00007fff5da3b8f8:   00007fbbc9642618 0000000000000026
0x00007fff5da3b908:   00007fbbc6ed2f80 00007fff5da3b920
0x00007fff5da3b918:   00007fff7b89cfc5 00007fff5da3bc70
0x00007fff5da3b928:   00007fff7b89a6f9 00007fff5da3ba18
0x00007fff5da3b938:   00007fffffffd96e 00007fbbc6d84d40
0x00007fff5da3b948:   00007fbbc6eecdc0 00007fff5da3b9f0
0x00007fff5da3b958:   00007fff7b8ba775 00007fff5da3b9c0
0x00007fff5da3b968:   00007fff9a9ae060 0000000042000000
0x00007fff5da3b978:   00007fff7b8ba84d 00007fff97059c60
0x00007fff5da3b988:   00007fff5da3bcd0 00007fbbc6eecdc0
0x00007fff5da3b998:   00007fff00000000 00007fff5da3b9d0
0x00007fff5da3b9a8:   00007fbbc6d84d40 00007fbbc6eecdc0
0x00007fff5da3b9b8:   00000000ffffd96e 00007fff5da3b9f0
0x00007fff5da3b9c8:   00007fbbc6d84d40 00007fff5da3ba20
0x00007fff5da3b9d8:   0000000104ca6d33 00007fbbc6eecdc0
0x00007fff5da3b9e8:   00007fff9706eba0 00007fbbc6e3e740
0x00007fff5da3b9f8:   0000000000000002 00007fff9706a7a0
0x00007fff5da3ba08:   0000000000000000 00007fff5da3ba30
0x00007fff5da3ba18:   00007fff7c2c1870 00007fff9706eba0
0x00007fff5da3ba28:   000000000000000d 00007fff5da3bac0
0x00007fff5da3ba38:   00007fff7c2b0ea5 00007fff5da3ba60
0x00007fff5da3ba48:   00007fff7c2c1870 00007fff9706eba0
0x00007fff5da3ba58:   000000000000000d 00007fff5da3baf0
0x00007fff5da3ba68:   aff108aa33140b62 ffffffffffffffff
0x00007fff5da3ba78:   00007fbbc92bc450 0000000000000017
0x00007fff5da3ba88:   00007fff5da3bad8 00007fff9706a7a0
0x00007fff5da3ba98:   00007fbbc6e3e740 7519de3d433d0021
0x00007fff5da3baa8:   7519de3d433d0021 00007fff5da3bb38
0x00007fff5da3bab8:   00007fff9706a7a0 00007fff5da3bb10
0x00007fff5da3bac8:   00007fff7c2ca4a1 7519de3d433d0021
0x00007fff5da3bad8:   000000000000000e 7519de3d433d0021 

Instructions: (pc=0x00007fff911be057)
0x00007fff911be037:   84 00 00 00 00 00 0f 1f 00 48 85 ff 2e 74 62 40
0x00007fff911be047:   f6 c7 01 2e 75 66 49 ba f8 ff ff ff ff 7f 00 00
0x00007fff911be057:   4c 23 17 49 89 f3 45 23 5a 18 49 c1 e3 04 4d 03
0x00007fff911be067:   5a 10 49 3b 33 75 04 41 ff 63 08 49 83 3b 01 76 


---------------  P R O C E S S  ---------------

Java Threads: ( => current thread )
  0x00007fbbcb07b000 JavaThread "Timer-1" daemon [_thread_blocked, id=91979, stack(0x0000700010475000,0x0000700010575000)]
  0x00007fbbc7c46800 JavaThread "Media Resource Disposer" daemon [_thread_blocked, id=81715, stack(0x000070001026c000,0x000070001036c000)]
  0x00007fbbc8b2e800 JavaThread "Prism Font Disposer" daemon [_thread_blocked, id=76279, stack(0x0000700010169000,0x0000700010269000)]
  0x00007fbbc7c37000 JavaThread "Java2D Disposer" daemon [_thread_blocked, id=74755, stack(0x0000700010066000,0x0000700010166000)]
  0x00007fbbc81fe000 JavaThread "JFXMedia Player EventQueueThread" daemon [_thread_blocked, id=73219, stack(0x000070000fe5d000,0x000070000ff5d000)]
  0x00007fbbc8993800 JavaThread "JFXMedia Player EventQueueThread" daemon [_thread_blocked, id=71683, stack(0x000070000fc54000,0x000070000fd54000)]
  0x00007fbbc899b000 JavaThread "JFXMedia Player EventQueueThread" daemon [_thread_blocked, id=58631, stack(0x000070000f9c8000,0x000070000fac8000)]
  0x00007fbbc809b000 JavaThread "JavaFX-Launcher" [_thread_blocked, id=57347, stack(0x000070000f842000,0x000070000f942000)]
  0x00007fbbc711a000 JavaThread "Thread-2" daemon [_thread_in_native, id=43523, stack(0x000070000f6b9000,0x000070000f739000)]
=>0x00007fbbc8970000 JavaThread "JavaFX Application Thread" [_thread_in_native, id=775, stack(0x00007fff5d23f000,0x00007fff5da3f000)]
  0x00007fbbc7922000 JavaThread "InvokeLaterDispatcher" daemon [_thread_blocked, id=31751, stack(0x000070000f5b6000,0x000070000f6b6000)]
  0x00007fbbc803b000 JavaThread "QuantumRenderer-0" daemon [_thread_blocked, id=26115, stack(0x000070000f4b3000,0x000070000f5b3000)]
  0x00007fbbc709d800 JavaThread "Service Thread" daemon [_thread_blocked, id=25091, stack(0x000070000f2ad000,0x000070000f3ad000)]
  0x00007fbbc709d000 JavaThread "Monitor Ctrl-Break" daemon [_thread_in_native, id=24579, stack(0x000070000f1aa000,0x000070000f2aa000)]
  0x00007fbbc7070000 JavaThread "Common-Cleaner" daemon [_thread_blocked, id=24067, stack(0x000070000f0a7000,0x000070000f1a7000)]
  0x00007fbbc803f800 JavaThread "Sweeper thread" daemon [_thread_blocked, id=23555, stack(0x000070000efa4000,0x000070000f0a4000)]
  0x00007fbbc803f000 JavaThread "C1 CompilerThread2" daemon [_thread_blocked, id=23043, stack(0x000070000eea1000,0x000070000efa1000)]
  0x00007fbbc803e000 JavaThread "C2 CompilerThread1" daemon [_thread_blocked, id=22531, stack(0x000070000ed9e000,0x000070000ee9e000)]
  0x00007fbbc8006800 JavaThread "C2 CompilerThread0" daemon [_thread_blocked, id=22019, stack(0x000070000ec9b000,0x000070000ed9b000)]
  0x00007fbbc781b000 JavaThread "Signal Dispatcher" daemon [_thread_blocked, id=21507, stack(0x000070000eb98000,0x000070000ec98000)]
  0x00007fbbc803a800 JavaThread "Finalizer" daemon [_thread_blocked, id=17667, stack(0x000070000ea95000,0x000070000eb95000)]
  0x00007fbbc7815800 JavaThread "Reference Handler" daemon [_thread_blocked, id=17155, stack(0x000070000e992000,0x000070000ea92000)]
  0x00007fbbc8009800 JavaThread "main" [_thread_blocked, id=7427, stack(0x000070000dc6b000,0x000070000dd6b000)]

Other Threads:
  0x00007fbbc8855000 VMThread "VM Thread" [stack: 0x000070000e88f000,0x000070000e98f000] [id=16643]
  0x00007fbbc70a1800 WatcherThread [stack: 0x000070000f3b0000,0x000070000f4b0000] [id=25603]
  0x00007fbbc7808000 GCTaskThread "GC Thread#0" [stack: 0x000070000dd6e000,0x000070000de6e000] [id=10499]
  0x00007fbbc7808800 GCTaskThread "GC Thread#1" [stack: 0x000070000de71000,0x000070000df71000] [id=11011]
  0x00007fbbc7000800 GCTaskThread "GC Thread#2" [stack: 0x000070000df74000,0x000070000e074000] [id=11523]
  0x00007fbbc7002800 GCTaskThread "GC Thread#3" [stack: 0x000070000e077000,0x000070000e177000] [id=12035]
  0x00007fbbc8037800 ConcurrentGCThread "G1 Main Marker" [stack: 0x000070000e689000,0x000070000e789000] [id=15107]
  0x00007fbbc700c000 ConcurrentGCThread "G1 Marker#0" [stack: 0x000070000e78c000,0x000070000e88c000] [id=16131]
  0x00007fbbc8012000 ConcurrentGCThread "G1 Refine#0" [stack: 0x000070000e483000,0x000070000e583000] [id=14083]
  0x00007fbbc700b800 ConcurrentGCThread "G1 Refine#1" [stack: 0x000070000e380000,0x000070000e480000] [id=13571]
  0x00007fbbc7003800 ConcurrentGCThread "G1 Refine#2" [stack: 0x000070000e27d000,0x000070000e37d000] [id=13059]
  0x00007fbbc7003000 ConcurrentGCThread "G1 Refine#3" [stack: 0x000070000e17a000,0x000070000e27a000] [id=12547]
  0x00007fbbc8013000 ConcurrentGCThread "G1 Young RemSet Sampling" [stack: 0x000070000e586000,0x000070000e686000] [id=14595]

Threads with active compile tasks:

VM state:not at safepoint (normal execution)

VM Mutex/Monitor currently owned by a thread: None

Heap address: 0x0000000740000000, size: 2048 MB, Compressed Oops mode: Zero based, Oop shift amount: 3
Narrow klass base: 0x0000000000000000, Narrow klass shift: 3
Compressed class space size: 1073741824 Address: 0x00000007c0000000

Heap:
 garbage-first heap   total 131072K, used 109521K [0x0000000740000000, 0x0000000740100400, 0x00000007c0000000)
  region size 1024K, 8 young (8192K), 2 survivors (2048K)
 Metaspace       used 25701K, capacity 27970K, committed 28160K, reserved 1073152K
  class space    used 3311K, capacity 3729K, committed 3840K, reserved 1048576K
Heap Regions: E=young(eden), S=young(survivor), O=old, HS=humongous(starts), HC=humongous(continues), CS=collection set, F=free, A=archive, TS=gc time stamp, AC=allocation context, TAMS=top-at-mark-start (previous, next)
|   0|0x0000000740000000, 0x0000000740100000, 0x0000000740100000|100%| O|  |TS  0|AC  0|TAMS 0x0000000740100000, 0x0000000740100000|
|   1|0x0000000740100000, 0x0000000740200000, 0x0000000740200000|100%|HS|  |TS  0|AC  0|TAMS 0x0000000740200000, 0x0000000740200000|
|   2|0x0000000740200000, 0x0000000740300000, 0x0000000740300000|100%|HC|  |TS  0|AC  0|TAMS 0x0000000740300000, 0x0000000740300000|
|   3|0x0000000740300000, 0x0000000740400000, 0x0000000740400000|100%| O|  |TS  0|AC  0|TAMS 0x0000000740400000, 0x0000000740400000|
|   4|0x0000000740400000, 0x0000000740500000, 0x0000000740500000|100%| O|  |TS  0|AC  0|TAMS 0x0000000740500000, 0x0000000740500000|
|   5|0x0000000740500000, 0x0000000740600000, 0x0000000740600000|100%| O|  |TS  0|AC  0|TAMS 0x0000000740600000, 0x0000000740600000|
|   6|0x0000000740600000, 0x0000000740700000, 0x0000000740700000|100%| O|  |TS  0|AC  0|TAMS 0x0000000740700000, 0x0000000740700000|
|   7|0x0000000740700000, 0x0000000740800000, 0x0000000740800000|100%| O|  |TS  0|AC  0|TAMS 0x0000000740800000, 0x0000000740800000|
|   8|0x0000000740800000, 0x0000000740837e00, 0x0000000740900000| 21%| O|  |TS  0|AC  0|TAMS 0x0000000740837e00, 0x0000000740837e00|
|   9|0x0000000740900000, 0x0000000740900000, 0x0000000740a00000|  0%| F|  |TS  0|AC  0|TAMS 0x0000000740900000, 0x0000000740900000|
|  10|0x0000000740a00000, 0x0000000740b00000, 0x0000000740b00000|100%|HS|  |TS  0|AC  0|TAMS 0x0000000740b00000, 0x0000000740b00000|
|  11|0x0000000740b00000, 0x0000000740c00000, 0x0000000740c00000|100%|HC|  |TS  0|AC  0|TAMS 0x0000000740c00000, 0x0000000740c00000|
|  12|0x0000000740c00000, 0x0000000740d00000, 0x0000000740d00000|100%|HC|  |TS  0|AC  0|TAMS 0x0000000740d00000, 0x0000000740d00000|
|  13|0x0000000740d00000, 0x0000000740e00000, 0x0000000740e00000|100%|HC|  |TS  0|AC  0|TAMS 0x0000000740e00000, 0x0000000740e00000|
|  14|0x0000000740e00000, 0x0000000740f00000, 0x0000000740f00000|100%|HC|  |TS  0|AC  0|TAMS 0x0000000740f00000, 0x0000000740f00000|
|  15|0x0000000740f00000, 0x0000000741000000, 0x0000000741000000|100%|HS|  |TS  0|AC  0|TAMS 0x0000000741000000, 0x0000000741000000|
|  16|0x0000000741000000, 0x0000000741100000, 0x0000000741100000|100%|HC|  |TS  0|AC  0|TAMS 0x0000000741100000, 0x0000000741100000|
|  17|0x0000000741100000, 0x0000000741200000, 0x0000000741200000|100%|HS|  |TS  0|AC  0|TAMS 0x0000000741200000, 0x0000000741200000|
|  18|0x0000000741200000, 0x0000000741300000, 0x0000000741300000|100%|HC|  |TS  0|AC  0|TAMS 0x0000000741300000, 0x0000000741300000|
|  19|0x0000000741300000, 0x0000000741400000, 0x0000000741400000|100%|HC|  |TS  0|AC  0|TAMS 0x0000000741400000, 0x0000000741400000|
|  20|0x0000000741400000, 0x0000000741500000, 0x0000000741500000|100%| O|  |TS  0|AC  0|TAMS 0x0000000741500000, 0x0000000741500000|
|  21|0x0000000741500000, 0x0000000741600000, 0x0000000741600000|100%|HS|  |TS  0|AC  0|TAMS 0x0000000741600000, 0x0000000741600000|
|  22|0x0000000741600000, 0x0000000741700000, 0x0000000741700000|100%|HC|  |TS  0|AC  0|TAMS 0x0000000741700000, 0x0000000741700000|
|  23|0x0000000741700000, 0x0000000741800000, 0x0000000741800000|100%|HC|  |TS  0|AC  0|TAMS 0x0000000741800000, 0x0000000741800000|
|  24|0x0000000741800000, 0x0000000741900000, 0x0000000741900000|100%|HC|  |TS  0|AC  0|TAMS 0x0000000741900000, 0x0000000741900000|
|  25|0x0000000741900000, 0x0000000741a00000, 0x0000000741a00000|100%|HC|  |TS  0|AC  0|TAMS 0x0000000741a00000, 0x0000000741a00000|
|  26|0x0000000741a00000, 0x0000000741b00000, 0x0000000741b00000|100%|HC|  |TS  0|AC  0|TAMS 0x0000000741b00000, 0x0000000741b00000|
|  27|0x0000000741b00000, 0x0000000741c00000, 0x0000000741c00000|100%|HC|  |TS  0|AC  0|TAMS 0x0000000741c00000, 0x0000000741c00000|
|  28|0x0000000741c00000, 0x0000000741d00000, 0x0000000741d00000|100%|HC|  |TS  0|AC  0|TAMS 0x0000000741d00000, 0x0000000741d00000|
|  29|0x0000000741d00000, 0x0000000741e00000, 0x0000000741e00000|100%|HC|  |TS  0|AC  0|TAMS 0x0000000741e00000, 0x0000000741e00000|
|  30|0x0000000741e00000, 0x0000000741f00000, 0x0000000741f00000|100%|HC|  |TS  0|AC  0|TAMS 0x0000000741f00000, 0x0000000741f00000|
|  31|0x0000000741f00000, 0x0000000742000000, 0x0000000742000000|100%|HC|  |TS  0|AC  0|TAMS 0x0000000742000000, 0x0000000742000000|
|  32|0x0000000742000000, 0x0000000742100000, 0x0000000742100000|100%|HC|  |TS  0|AC  0|TAMS 0x0000000742100000, 0x0000000742100000|
|  33|0x0000000742100000, 0x0000000742200000, 0x0000000742200000|100%|HC|  |TS  0|AC  0|TAMS 0x0000000742200000, 0x0000000742200000|
|  34|0x0000000742200000, 0x0000000742300000, 0x0000000742300000|100%|HC|  |TS  0|AC  0|TAMS 0x0000000742300000, 0x0000000742300000|
|  35|0x0000000742300000, 0x0000000742400000, 0x0000000742400000|100%|HC|  |TS  0|AC  0|TAMS 0x0000000742400000, 0x0000000742400000|
|  36|0x0000000742400000, 0x0000000742500000, 0x0000000742500000|100%|HC|  |TS  0|AC  0|TAMS 0x0000000742500000, 0x0000000742500000|
|  37|0x0000000742500000, 0x0000000742600000, 0x0000000742600000|100%|HC|  |TS  0|AC  0|TAMS 0x0000000742600000, 0x0000000742600000|
|  38|0x0000000742600000, 0x0000000742700000, 0x0000000742700000|100%|HC|  |TS  0|AC  0|TAMS 0x0000000742700000, 0x0000000742700000|
|  39|0x0000000742700000, 0x0000000742800000, 0x0000000742800000|100%|HC|  |TS  0|AC  0|TAMS 0x0000000742800000, 0x0000000742800000|
|  40|0x0000000742800000, 0x0000000742900000, 0x0000000742900000|100%|HC|  |TS  0|AC  0|TAMS 0x0000000742900000, 0x0000000742900000|
|  41|0x0000000742900000, 0x0000000742a00000, 0x0000000742a00000|100%|HC|  |TS  0|AC  0|TAMS 0x0000000742a00000, 0x0000000742a00000|
|  42|0x0000000742a00000, 0x0000000742b00000, 0x0000000742b00000|100%|HC|  |TS  0|AC  0|TAMS 0x0000000742b00000, 0x0000000742b00000|
|  43|0x0000000742b00000, 0x0000000742c00000, 0x0000000742c00000|100%|HC|  |TS  0|AC  0|TAMS 0x0000000742c00000, 0x0000000742c00000|
|  44|0x0000000742c00000, 0x0000000742d00000, 0x0000000742d00000|100%|HC|  |TS  0|AC  0|TAMS 0x0000000742d00000, 0x0000000742d00000|
|  45|0x0000000742d00000, 0x0000000742e00000, 0x0000000742e00000|100%|HC|  |TS  0|AC  0|TAMS 0x0000000742e00000, 0x0000000742e00000|
|  46|0x0000000742e00000, 0x0000000742f00000, 0x0000000742f00000|100%|HC|  |TS  0|AC  0|TAMS 0x0000000742f00000, 0x0000000742f00000|
|  47|0x0000000742f00000, 0x0000000743000000, 0x0000000743000000|100%|HC|  |TS  0|AC  0|TAMS 0x0000000743000000, 0x0000000743000000|
|  48|0x0000000743000000, 0x0000000743100000, 0x0000000743100000|100%|HC|  |TS  0|AC  0|TAMS 0x0000000743100000, 0x0000000743100000|
|  49|0x0000000743100000, 0x0000000743200000, 0x0000000743200000|100%|HC|  |TS  0|AC  0|TAMS 0x0000000743200000, 0x0000000743200000|
|  50|0x0000000743200000, 0x0000000743300000, 0x0000000743300000|100%|HC|  |TS  0|AC  0|TAMS 0x0000000743300000, 0x0000000743300000|
|  51|0x0000000743300000, 0x0000000743400000, 0x0000000743400000|100%|HC|  |TS  0|AC  0|TAMS 0x0000000743400000, 0x0000000743400000|
|  52|0x0000000743400000, 0x0000000743500000, 0x0000000743500000|100%|HC|  |TS  0|AC  0|TAMS 0x0000000743500000, 0x0000000743500000|
|  53|0x0000000743500000, 0x0000000743600000, 0x0000000743600000|100%|HC|  |TS  0|AC  0|TAMS 0x0000000743600000, 0x0000000743600000|
|  54|0x0000000743600000, 0x0000000743700000, 0x0000000743700000|100%|HC|  |TS  0|AC  0|TAMS 0x0000000743700000, 0x0000000743700000|
|  55|0x0000000743700000, 0x0000000743800000, 0x0000000743800000|100%|HC|  |TS  0|AC  0|TAMS 0x0000000743800000, 0x0000000743800000|
|  56|0x0000000743800000, 0x0000000743900000, 0x0000000743900000|100%|HC|  |TS  0|AC  0|TAMS 0x0000000743900000, 0x0000000743900000|
|  57|0x0000000743900000, 0x0000000743a00000, 0x0000000743a00000|100%|HC|  |TS  0|AC  0|TAMS 0x0000000743a00000, 0x0000000743a00000|
|  58|0x0000000743a00000, 0x0000000743b00000, 0x0000000743b00000|100%|HC|  |TS  0|AC  0|TAMS 0x0000000743b00000, 0x0000000743b00000|
|  59|0x0000000743b00000, 0x0000000743c00000, 0x0000000743c00000|100%|HC|  |TS  0|AC  0|TAMS 0x0000000743c00000, 0x0000000743c00000|
|  60|0x0000000743c00000, 0x0000000743d00000, 0x0000000743d00000|100%|HC|  |TS  0|AC  0|TAMS 0x0000000743d00000, 0x0000000743d00000|
|  61|0x0000000743d00000, 0x0000000743e00000, 0x0000000743e00000|100%|HC|  |TS  0|AC  0|TAMS 0x0000000743e00000, 0x0000000743e00000|
|  62|0x0000000743e00000, 0x0000000743f00000, 0x0000000743f00000|100%|HC|  |TS  0|AC  0|TAMS 0x0000000743f00000, 0x0000000743f00000|
|  63|0x0000000743f00000, 0x0000000744000000, 0x0000000744000000|100%|HC|  |TS  0|AC  0|TAMS 0x0000000744000000, 0x0000000744000000|
|  64|0x0000000744000000, 0x0000000744100000, 0x0000000744100000|100%|HC|  |TS  0|AC  0|TAMS 0x0000000744100000, 0x0000000744100000|
|  65|0x0000000744100000, 0x0000000744200000, 0x0000000744200000|100%|HC|  |TS  0|AC  0|TAMS 0x0000000744200000, 0x0000000744200000|
|  66|0x0000000744200000, 0x0000000744300000, 0x0000000744300000|100%|HC|  |TS  0|AC  0|TAMS 0x0000000744300000, 0x0000000744300000|
|  67|0x0000000744300000, 0x0000000744400000, 0x0000000744400000|100%|HC|  |TS  0|AC  0|TAMS 0x0000000744400000, 0x0000000744400000|
|  68|0x0000000744400000, 0x0000000744500000, 0x0000000744500000|100%|HC|  |TS  0|AC  0|TAMS 0x0000000744500000, 0x0000000744500000|
|  69|0x0000000744500000, 0x0000000744600000, 0x0000000744600000|100%|HC|  |TS  0|AC  0|TAMS 0x0000000744600000, 0x0000000744600000|
|  70|0x0000000744600000, 0x0000000744700000, 0x0000000744700000|100%|HC|  |TS  0|AC  0|TAMS 0x0000000744700000, 0x0000000744700000|
|  71|0x0000000744700000, 0x0000000744800000, 0x0000000744800000|100%|HC|  |TS  0|AC  0|TAMS 0x0000000744800000, 0x0000000744800000|
|  72|0x0000000744800000, 0x0000000744900000, 0x0000000744900000|100%|HC|  |TS  0|AC  0|TAMS 0x0000000744900000, 0x0000000744900000|
|  73|0x0000000744900000, 0x0000000744a00000, 0x0000000744a00000|100%|HC|  |TS  0|AC  0|TAMS 0x0000000744a00000, 0x0000000744a00000|
|  74|0x0000000744a00000, 0x0000000744b00000, 0x0000000744b00000|100%|HC|  |TS  0|AC  0|TAMS 0x0000000744b00000, 0x0000000744b00000|
|  75|0x0000000744b00000, 0x0000000744c00000, 0x0000000744c00000|100%|HC|  |TS  0|AC  0|TAMS 0x0000000744c00000, 0x0000000744c00000|
|  76|0x0000000744c00000, 0x0000000744d00000, 0x0000000744d00000|100%|HC|  |TS  0|AC  0|TAMS 0x0000000744d00000, 0x0000000744d00000|
|  77|0x0000000744d00000, 0x0000000744e00000, 0x0000000744e00000|100%|HC|  |TS  0|AC  0|TAMS 0x0000000744e00000, 0x0000000744e00000|
|  78|0x0000000744e00000, 0x0000000744f00000, 0x0000000744f00000|100%|HS|  |TS  0|AC  0|TAMS 0x0000000744f00000, 0x0000000744f00000|
|  79|0x0000000744f00000, 0x0000000745000000, 0x0000000745000000|100%|HC|  |TS  0|AC  0|TAMS 0x0000000745000000, 0x0000000745000000|
|  80|0x0000000745000000, 0x0000000745100000, 0x0000000745100000|100%|HC|  |TS  0|AC  0|TAMS 0x0000000745100000, 0x0000000745100000|
|  81|0x0000000745100000, 0x0000000745200000, 0x0000000745200000|100%|HC|  |TS  0|AC  0|TAMS 0x0000000745200000, 0x0000000745200000|
|  82|0x0000000745200000, 0x0000000745300000, 0x0000000745300000|100%|HC|  |TS  0|AC  0|TAMS 0x0000000745300000, 0x0000000745300000|
|  83|0x0000000745300000, 0x0000000745400000, 0x0000000745400000|100%|HC|  |TS  0|AC  0|TAMS 0x0000000745400000, 0x0000000745400000|
|  84|0x0000000745400000, 0x0000000745500000, 0x0000000745500000|100%|HS|  |TS  0|AC  0|TAMS 0x0000000745500000, 0x0000000745500000|
|  85|0x0000000745500000, 0x0000000745600000, 0x0000000745600000|100%|HC|  |TS  0|AC  0|TAMS 0x0000000745600000, 0x0000000745600000|
|  86|0x0000000745600000, 0x0000000745700000, 0x0000000745700000|100%|HC|  |TS  0|AC  0|TAMS 0x0000000745700000, 0x0000000745700000|
|  87|0x0000000745700000, 0x0000000745800000, 0x0000000745800000|100%|HS|  |TS  0|AC  0|TAMS 0x0000000745800000, 0x0000000745800000|
|  88|0x0000000745800000, 0x0000000745900000, 0x0000000745900000|100%|HC|  |TS  0|AC  0|TAMS 0x0000000745900000, 0x0000000745900000|
|  89|0x0000000745900000, 0x0000000745a00000, 0x0000000745a00000|100%|HC|  |TS  0|AC  0|TAMS 0x0000000745a00000, 0x0000000745a00000|
|  90|0x0000000745a00000, 0x0000000745b00000, 0x0000000745b00000|100%|HC|  |TS  0|AC  0|TAMS 0x0000000745b00000, 0x0000000745b00000|
|  91|0x0000000745b00000, 0x0000000745c00000, 0x0000000745c00000|100%|HS|  |TS  0|AC  0|TAMS 0x0000000745c00000, 0x0000000745c00000|
|  92|0x0000000745c00000, 0x0000000745d00000, 0x0000000745d00000|100%|HC|  |TS  0|AC  0|TAMS 0x0000000745d00000, 0x0000000745d00000|
|  93|0x0000000745d00000, 0x0000000745e00000, 0x0000000745e00000|100%|HS|  |TS  0|AC  0|TAMS 0x0000000745e00000, 0x0000000745e00000|
|  94|0x0000000745e00000, 0x0000000745f00000, 0x0000000745f00000|100%|HC|  |TS  0|AC  0|TAMS 0x0000000745f00000, 0x0000000745f00000|
|  95|0x0000000745f00000, 0x0000000746000000, 0x0000000746000000|100%|HC|  |TS  0|AC  0|TAMS 0x0000000746000000, 0x0000000746000000|
|  96|0x0000000746000000, 0x0000000746100000, 0x0000000746100000|100%|HS|  |TS  0|AC  0|TAMS 0x0000000746100000, 0x0000000746100000|
|  97|0x0000000746100000, 0x0000000746200000, 0x0000000746200000|100%|HC|  |TS  0|AC  0|TAMS 0x0000000746200000, 0x0000000746200000|
|  98|0x0000000746200000, 0x0000000746300000, 0x0000000746300000|100%|HC|  |TS  0|AC  0|TAMS 0x0000000746300000, 0x0000000746300000|
|  99|0x0000000746300000, 0x0000000746400000, 0x0000000746400000|100%|HC|  |TS  0|AC  0|TAMS 0x0000000746400000, 0x0000000746400000|
| 100|0x0000000746400000, 0x0000000746500000, 0x0000000746500000|100%|HS|  |TS  0|AC  0|TAMS 0x0000000746400000, 0x0000000746400000|
| 101|0x0000000746500000, 0x0000000746600000, 0x0000000746600000|100%|HC|  |TS  0|AC  0|TAMS 0x0000000746500000, 0x0000000746500000|
| 102|0x0000000746600000, 0x0000000746600000, 0x0000000746700000|  0%| F|  |TS  0|AC  0|TAMS 0x0000000746600000, 0x0000000746600000|
| 103|0x0000000746700000, 0x0000000746700000, 0x0000000746800000|  0%| F|  |TS  0|AC  0|TAMS 0x0000000746700000, 0x0000000746700000|
| 104|0x0000000746800000, 0x0000000746800000, 0x0000000746900000|  0%| F|  |TS  0|AC  0|TAMS 0x0000000746800000, 0x0000000746800000|
| 105|0x0000000746900000, 0x0000000746900000, 0x0000000746a00000|  0%| F|  |TS  0|AC  0|TAMS 0x0000000746900000, 0x0000000746900000|
| 106|0x0000000746a00000, 0x0000000746a00000, 0x0000000746b00000|  0%| F|  |TS  0|AC  0|TAMS 0x0000000746a00000, 0x0000000746a00000|
| 107|0x0000000746b00000, 0x0000000746b00000, 0x0000000746c00000|  0%| F|  |TS  0|AC  0|TAMS 0x0000000746b00000, 0x0000000746b00000|
| 108|0x0000000746c00000, 0x0000000746c00000, 0x0000000746d00000|  0%| F|  |TS  0|AC  0|TAMS 0x0000000746c00000, 0x0000000746c00000|
| 109|0x0000000746d00000, 0x0000000746d00000, 0x0000000746e00000|  0%| F|  |TS  0|AC  0|TAMS 0x0000000746d00000, 0x0000000746d00000|
| 110|0x0000000746e00000, 0x0000000746e00000, 0x0000000746f00000|  0%| F|  |TS  0|AC  0|TAMS 0x0000000746e00000, 0x0000000746e00000|
| 111|0x0000000746f00000, 0x0000000746f00000, 0x0000000747000000|  0%| F|  |TS  0|AC  0|TAMS 0x0000000746f00000, 0x0000000746f00000|
| 112|0x0000000747000000, 0x0000000747000000, 0x0000000747100000|  0%| F|  |TS  0|AC  0|TAMS 0x0000000747000000, 0x0000000747000000|
| 113|0x0000000747100000, 0x0000000747100000, 0x0000000747200000|  0%| F|  |TS  0|AC  0|TAMS 0x0000000747100000, 0x0000000747100000|
| 114|0x0000000747200000, 0x0000000747200000, 0x0000000747300000|  0%| F|  |TS  0|AC  0|TAMS 0x0000000747200000, 0x0000000747200000|
| 115|0x0000000747300000, 0x0000000747300000, 0x0000000747400000|  0%| F|  |TS  0|AC  0|TAMS 0x0000000747300000, 0x0000000747300000|
| 116|0x0000000747400000, 0x0000000747400000, 0x0000000747500000|  0%| F|  |TS  0|AC  0|TAMS 0x0000000747400000, 0x0000000747400000|
| 117|0x0000000747500000, 0x0000000747500000, 0x0000000747600000|  0%| F|  |TS  0|AC  0|TAMS 0x0000000747500000, 0x0000000747500000|
| 118|0x0000000747600000, 0x0000000747600000, 0x0000000747700000|  0%| F|  |TS  0|AC  0|TAMS 0x0000000747600000, 0x0000000747600000|
| 119|0x0000000747700000, 0x0000000747700000, 0x0000000747800000|  0%| F|  |TS  0|AC  0|TAMS 0x0000000747700000, 0x0000000747700000|
| 120|0x0000000747800000, 0x00000007478ba908, 0x0000000747900000| 72%| E|  |TS  0|AC  0|TAMS 0x0000000747800000, 0x0000000747800000|
| 121|0x0000000747900000, 0x0000000747a00000, 0x0000000747a00000|100%| E|CS|TS  0|AC  0|TAMS 0x0000000747900000, 0x0000000747900000|
| 122|0x0000000747a00000, 0x0000000747abc6f8, 0x0000000747b00000| 73%| S|CS|TS  0|AC  0|TAMS 0x0000000747a00000, 0x0000000747a00000|
| 123|0x0000000747b00000, 0x0000000747c00000, 0x0000000747c00000|100%| S|CS|TS  0|AC  0|TAMS 0x0000000747b00000, 0x0000000747b00000|
| 124|0x0000000747c00000, 0x0000000747d00000, 0x0000000747d00000|100%| E|CS|TS  0|AC  0|TAMS 0x0000000747c00000, 0x0000000747c00000|
| 125|0x0000000747d00000, 0x0000000747e00000, 0x0000000747e00000|100%| E|CS|TS  0|AC  0|TAMS 0x0000000747d00000, 0x0000000747d00000|
| 126|0x0000000747e00000, 0x0000000747f00000, 0x0000000747f00000|100%| E|CS|TS  0|AC  0|TAMS 0x0000000747e00000, 0x0000000747e00000|
| 127|0x0000000747f00000, 0x0000000748000000, 0x0000000748000000|100%| E|CS|TS  0|AC  0|TAMS 0x0000000747f00000, 0x0000000747f00000|

Card table byte_map: [0x000000010458e000,0x000000010498e000] byte_map_base: 0x0000000100b8e000

Marking Bits (Prev, Next): (CMBitMap*) 0x00007fbbc8036e70, (CMBitMap*) 0x00007fbbc8036ea8
 Prev Bits: [0x000000011e870000, 0x0000000120870000)
 Next Bits: [0x0000000120870000, 0x0000000122870000)

Polling page: 0x000000010227a000

CodeHeap 'non-profiled nmethods': size=120032Kb used=1418Kb max_used=1418Kb free=118613Kb
 bounds [0x0000000116f38000, 0x00000001171a8000, 0x000000011e470000]
CodeHeap 'profiled nmethods': size=120032Kb used=7261Kb max_used=7261Kb free=112770Kb
 bounds [0x000000010fa00000, 0x0000000110120000, 0x0000000116f38000]
CodeHeap 'non-nmethods': size=5696Kb used=1469Kb max_used=1492Kb free=4226Kb
 bounds [0x000000010f470000, 0x000000010f6e0000, 0x000000010fa00000]
 total_blobs=4910 nmethods=3494 adapters=695
 compilation: enabled

Compilation events (10 events):
Event: 37.643 Thread 0x00007fbbc803f000 nmethod 3489 0x000000011709a390 code [0x000000011709a540, 0x000000011709a650]
Event: 37.643 Thread 0x00007fbbc8006800 3490       4       com.sun.javafx.geom.transform.GeneralTransform3D::updateState (196 bytes)
Event: 37.643 Thread 0x00007fbbc803f000 3491       3       com.sun.javafx.geom.transform.BaseTransform::equals (164 bytes)
Event: 37.644 Thread 0x00007fbbc803f000 nmethod 3491 0x0000000110114010 code [0x0000000110114360, 0x0000000110115d58]
Event: 37.645 Thread 0x00007fbbc8006800 nmethod 3490 0x000000011709a710 code [0x000000011709a8c0, 0x000000011709a9b8]
Event: 37.646 Thread 0x00007fbbc803f000 3492       3       com.sun.javafx.binding.BindingHelperObserver::invalidated (32 bytes)
Event: 37.647 Thread 0x00007fbbc803f000 nmethod 3492 0x0000000110116090 code [0x0000000110116280, 0x0000000110116788]
Event: 38.235 Thread 0x00007fbbc803f000 3493       3       com.sun.javafx.sg.prism.NGNode::release (1 bytes)
Event: 38.235 Thread 0x00007fbbc803f000 nmethod 3493 0x0000000110116910 code [0x0000000110116ac0, 0x0000000110116c10]
Event: 38.235 Thread 0x00007fbbc803f000 3494       3       javafx.scene.image.ImageView::getCssMetaData (4 bytes)

GC Heap History (10 events):
Event: 30.000 GC heap before
{Heap before GC invocations=16 (full 0):
 garbage-first heap   total 131072K, used 107716K [0x0000000740000000, 0x0000000740100400, 0x00000007c0000000)
  region size 1024K, 23 young (23552K), 1 survivors (1024K)
 Metaspace       used 25483K, capacity 27680K, committed 27776K, reserved 1073152K
  class space    used 3297K, capacity 3696K, committed 3712K, reserved 1048576K
}
Event: 30.001 GC heap after
{Heap after GC invocations=17 (full 0):
 garbage-first heap   total 131072K, used 85231K [0x0000000740000000, 0x0000000740100400, 0x00000007c0000000)
  region size 1024K, 2 young (2048K), 2 survivors (2048K)
 Metaspace       used 25483K, capacity 27680K, committed 27776K, reserved 1073152K
  class space    used 3297K, capacity 3696K, committed 3712K, reserved 1048576K
}
Event: 34.283 GC heap before
{Heap before GC invocations=18 (full 0):
 garbage-first heap   total 131072K, used 107759K [0x0000000740000000, 0x0000000740100400, 0x00000007c0000000)
  region size 1024K, 24 young (24576K), 2 survivors (2048K)
 Metaspace       used 25576K, capacity 27808K, committed 28032K, reserved 1073152K
  class space    used 3297K, capacity 3696K, committed 3712K, reserved 1048576K
}
Event: 34.285 GC heap after
{Heap after GC invocations=19 (full 0):
 garbage-first heap   total 131072K, used 85205K [0x0000000740000000, 0x0000000740100400, 0x00000007c0000000)
  region size 1024K, 1 young (1024K), 1 survivors (1024K)
 Metaspace       used 25576K, capacity 27808K, committed 28032K, reserved 1073152K
  class space    used 3297K, capacity 3696K, committed 3712K, reserved 1048576K
}
Event: 36.866 GC heap before
{Heap before GC invocations=19 (full 0):
 garbage-first heap   total 131072K, used 99541K [0x0000000740000000, 0x0000000740100400, 0x00000007c0000000)
  region size 1024K, 16 young (16384K), 1 survivors (1024K)
 Metaspace       used 25602K, capacity 27872K, committed 28032K, reserved 1073152K
  class space    used 3297K, capacity 3696K, committed 3712K, reserved 1048576K
}
Event: 36.869 GC heap after
{Heap after GC invocations=20 (full 0):
 garbage-first heap   total 131072K, used 85267K [0x0000000740000000, 0x0000000740100400, 0x00000007c0000000)
  region size 1024K, 2 young (2048K), 2 survivors (2048K)
 Metaspace       used 25602K, capacity 27872K, committed 28032K, reserved 1073152K
  class space    used 3297K, capacity 3696K, committed 3712K, reserved 1048576K
}
Event: 36.904 GC heap before
{Heap before GC invocations=21 (full 0):
 garbage-first heap   total 131072K, used 92435K [0x0000000740000000, 0x0000000740100400, 0x00000007c0000000)
  region size 1024K, 3 young (3072K), 2 survivors (2048K)
 Metaspace       used 25603K, capacity 27872K, committed 28032K, reserved 1073152K
  class space    used 3297K, capacity 3696K, committed 3712K, reserved 1048576K
}
Event: 36.907 GC heap after
{Heap after GC invocations=22 (full 0):
 garbage-first heap   total 131072K, used 92425K [0x0000000740000000, 0x0000000740100400, 0x00000007c0000000)
  region size 1024K, 2 young (2048K), 2 survivors (2048K)
 Metaspace       used 25603K, capacity 27872K, committed 28032K, reserved 1073152K
  class space    used 3297K, capacity 3696K, committed 3712K, reserved 1048576K
}
Event: 36.979 GC heap before
{Heap before GC invocations=23 (full 0):
 garbage-first heap   total 131072K, used 102665K [0x0000000740000000, 0x0000000740100400, 0x00000007c0000000)
  region size 1024K, 4 young (4096K), 2 survivors (2048K)
 Metaspace       used 25629K, capacity 27904K, committed 28160K, reserved 1073152K
  class space    used 3300K, capacity 3728K, committed 3840K, reserved 1048576K
}
Event: 36.981 GC heap after
{Heap after GC invocations=24 (full 0):
 garbage-first heap   total 131072K, used 102353K [0x0000000740000000, 0x0000000740100400, 0x00000007c0000000)
  region size 1024K, 2 young (2048K), 2 survivors (2048K)
 Metaspace       used 25629K, capacity 27904K, committed 28160K, reserved 1073152K
  class space    used 3300K, capacity 3728K, committed 3840K, reserved 1048576K
}

Deoptimization events (10 events):
Event: 4.217 Thread 0x00007fbbc8970000 Uncommon trap: reason=class_check action=maybe_recompile pc=0x0000000116fd1468 method=com.sun.javafx.geom.Path2D$TxIterator.currentSegment([F)I @ 40 c2
Event: 4.217 Thread 0x00007fbbc8970000 Uncommon trap: reason=class_check action=maybe_recompile pc=0x0000000116fd1468 method=com.sun.javafx.geom.Path2D$TxIterator.currentSegment([F)I @ 40 c2
Event: 4.219 Thread 0x00007fbbc8970000 Uncommon trap: reason=class_check action=maybe_recompile pc=0x0000000116fd1468 method=com.sun.javafx.geom.Path2D$TxIterator.currentSegment([F)I @ 40 c2
Event: 4.219 Thread 0x00007fbbc8970000 Uncommon trap: reason=class_check action=maybe_recompile pc=0x0000000116fd1468 method=com.sun.javafx.geom.Path2D$TxIterator.currentSegment([F)I @ 40 c2
Event: 8.096 Thread 0x00007fbbc8970000 Uncommon trap: reason=unstable_if action=reinterpret pc=0x000000011702afe0 method=javafx.event.Event.<init>(Ljava/lang/Object;Ljavafx/event/EventTarget;Ljavafx/event/EventType;)V @ 17 c2
Event: 11.286 Thread 0x00007fbbc8970000 Uncommon trap: reason=unstable_if action=reinterpret pc=0x0000000116f75238 method=com.sun.javafx.image.impl.BaseByteToByteConverter$FourByteReorderer.doConvert([BII[BIIII)V @ 31 c2
Event: 11.892 Thread 0x00007fbbc8970000 Uncommon trap: reason=unstable_if action=reinterpret pc=0x0000000116fb786c method=java.lang.AbstractStringBuilder.putStringAt(ILjava/lang/String;)V @ 8 c2
Event: 11.892 Thread 0x00007fbbc8970000 Uncommon trap: reason=unstable_if action=reinterpret pc=0x0000000116fa615c method=java.lang.AbstractStringBuilder.putStringAt(ILjava/lang/String;)V @ 8 c2
Event: 11.892 Thread 0x00007fbbc8970000 Uncommon trap: reason=unstable_if action=reinterpret pc=0x0000000116f60c64 method=java.lang.String.getBytes([BIB)V @ 5 c2
Event: 11.892 Thread 0x00007fbbc8970000 Uncommon trap: reason=unstable_if action=reinterpret pc=0x0000000116f86cd0 method=java.lang.StringBuilder.toString()Ljava/lang/String; @ 4 c2

Classes redefined (0 events):
No events

Internal exceptions (10 events):
Event: 8.026 Thread 0x00007fbbc8970000 Exception <a 'java/lang/NoSuchMethodError'{0x00000007476d5ab0}: method resolution failed> (0x00000007476d5ab0) thrown at [/scratch/mesos/slaves/450fa0f5-8733-43f8-b866-79fe3e86d200-S756/frameworks/1735e8a2-a1db-478c-8104-60c8b0af87dd-0196/executors/132405
Event: 8.027 Thread 0x00007fbbc8970000 Exception <a 'java/lang/NoSuchMethodError'{0x00000007476dd340}: java.lang.invoke.DirectMethodHandle$Holder.invokeStatic(Ljava/lang/Object;Ljava/lang/Object;Ljava/lang/Object;IIIII)Ljava/lang/Object;> (0x00000007476dd340) thrown at [/scratch/mesos/slaves/4
Event: 8.027 Thread 0x00007fbbc8970000 Exception <a 'java/lang/NoSuchMethodError'{0x00000007476e0cc8}: method resolution failed> (0x00000007476e0cc8) thrown at [/scratch/mesos/slaves/450fa0f5-8733-43f8-b866-79fe3e86d200-S756/frameworks/1735e8a2-a1db-478c-8104-60c8b0af87dd-0196/executors/132405
Event: 8.114 Thread 0x00007fbbc8970000 Exception <a 'java/lang/NoSuchMethodError'{0x000000074756cdb0}: java.lang.invoke.DirectMethodHandle$Holder.invokeStaticInit(Ljava/lang/Object;Ljava/lang/Object;Ljava/lang/Object;)Ljava/lang/Object;> (0x000000074756cdb0) thrown at [/scratch/mesos/slaves/45
Event: 8.117 Thread 0x00007fbbce08b800 Exception <a 'java/lang/NoSuchMethodError'{0x0000000747407cc0}: method resolution failed> (0x0000000747407cc0) thrown at [/scratch/mesos/slaves/450fa0f5-8733-43f8-b866-79fe3e86d200-S756/frameworks/1735e8a2-a1db-478c-8104-60c8b0af87dd-0196/executors/132405
Event: 8.130 Thread 0x00007fbbc8970000 Exception <a 'java/io/FileNotFoundException'{0x0000000747464f80}> (0x0000000747464f80) thrown at [/scratch/mesos/slaves/450fa0f5-8733-43f8-b866-79fe3e86d200-S756/frameworks/1735e8a2-a1db-478c-8104-60c8b0af87dd-0196/executors/132405fd-871a-46c3-bcb1-9693a1
Event: 11.195 Thread 0x00007fbbc8970000 Exception <a 'java/io/FileNotFoundException'{0x000000074712e618}> (0x000000074712e618) thrown at [/scratch/mesos/slaves/450fa0f5-8733-43f8-b866-79fe3e86d200-S756/frameworks/1735e8a2-a1db-478c-8104-60c8b0af87dd-0196/executors/132405fd-871a-46c3-bcb1-9693a1
Event: 11.891 Thread 0x00007fbbc8970000 Exception <a 'java/lang/NoSuchMethodError'{0x0000000747f3f738}: java.lang.Object.lambda$negate$3(I)Z> (0x0000000747f3f738) thrown at [/scratch/mesos/slaves/450fa0f5-8733-43f8-b866-79fe3e86d200-S756/frameworks/1735e8a2-a1db-478c-8104-60c8b0af87dd-0196/exec
Event: 11.891 Thread 0x00007fbbc8970000 Exception <a 'java/lang/NoSuchMethodError'{0x0000000747f42390}: java.lang.Object.lambda$and$0(Ljava/util/regex/Pattern$CharPredicate;I)Z> (0x0000000747f42390) thrown at [/scratch/mesos/slaves/450fa0f5-8733-43f8-b866-79fe3e86d200-S756/frameworks/1735e8a2-a
Event: 11.896 Thread 0x00007fbbc8970000 Exception <a 'java/io/FileNotFoundException'{0x0000000747cbe7d8}> (0x0000000747cbe7d8) thrown at [/scratch/mesos/slaves/450fa0f5-8733-43f8-b866-79fe3e86d200-S756/frameworks/1735e8a2-a1db-478c-8104-60c8b0af87dd-0196/executors/132405fd-871a-46c3-bcb1-9693a1

Events (10 events):
Event: 38.161 Thread 0x00007fbbcb01c000 Thread added: 0x00007fbbcb01c000
Event: 38.161 Thread 0x00007fbbcb01c000 Thread exited: 0x00007fbbcb01c000
Event: 38.208 Thread 0x00007fbbcab53800 Thread added: 0x00007fbbcab53800
Event: 38.209 Thread 0x00007fbbcab53800 Thread exited: 0x00007fbbcab53800
Event: 38.209 Thread 0x00007fbbce17d800 Thread added: 0x00007fbbce17d800
Event: 38.209 Thread 0x00007fbbce17d800 Thread exited: 0x00007fbbce17d800
Event: 38.209 Thread 0x00007fbbce17d800 Thread added: 0x00007fbbce17d800
Event: 38.209 Thread 0x00007fbbce17d800 Thread exited: 0x00007fbbce17d800
Event: 38.209 Thread 0x00007fbbce17d800 Thread added: 0x00007fbbce17d800
Event: 38.209 Thread 0x00007fbbce17d800 Thread exited: 0x00007fbbce17d800


Dynamic libraries:
0x00007fff7bd0f000 	/System/Library/Frameworks/Cocoa.framework/Versions/A/Cocoa
0x00007fff825b2000 	/System/Library/Frameworks/Security.framework/Versions/A/Security
0x00007fff7abc8000 	/System/Library/Frameworks/ApplicationServices.framework/Versions/A/ApplicationServices
0x00007fff919b6000 	/usr/lib/libz.1.dylib
0x00007fff90509000 	/usr/lib/libSystem.B.dylib
0x00007fff7c2a5000 	/System/Library/Frameworks/CoreFoundation.framework/Versions/A/CoreFoundation
0x00007fff7dd1d000 	/System/Library/Frameworks/Foundation.framework/Versions/C/Foundation
0x00007fff911b7000 	/usr/lib/libobjc.A.dylib
0x00007fff79ddd000 	/System/Library/Frameworks/AppKit.framework/Versions/C/AppKit
0x00007fff7befb000 	/System/Library/Frameworks/CoreData.framework/Versions/A/CoreData
0x00007fff8cf8e000 	/System/Library/PrivateFrameworks/RemoteViewServices.framework/Versions/A/RemoteViewServices
0x00007fff8ef79000 	/System/Library/PrivateFrameworks/UIFoundation.framework/Versions/A/UIFoundation
0x00007fff88333000 	/System/Library/PrivateFrameworks/DFRFoundation.framework/Versions/A/DFRFoundation
0x00007fff90afa000 	/usr/lib/libenergytrace.dylib
0x00007fff8ddbb000 	/System/Library/PrivateFrameworks/SkyLight.framework/Versions/A/SkyLight
0x00007fff7c73f000 	/System/Library/Frameworks/CoreGraphics.framework/Versions/A/CoreGraphics
0x00007fff90504000 	/usr/lib/libScreenReader.dylib
0x00007fff78dff000 	/System/Library/Frameworks/Accelerate.framework/Versions/A/Accelerate
0x00007fff7e31b000 	/System/Library/Frameworks/IOSurface.framework/Versions/A/IOSurface
0x00007fff7b0eb000 	/System/Library/Frameworks/AudioToolbox.framework/Versions/A/AudioToolbox
0x00007fff7b2f8000 	/System/Library/Frameworks/AudioUnit.framework/Versions/A/AudioUnit
0x00007fff88378000 	/System/Library/PrivateFrameworks/DataDetectorsCore.framework/Versions/A/DataDetectorsCore
0x00007fff88469000 	/System/Library/PrivateFrameworks/DesktopServicesPriv.framework/Versions/A/DesktopServicesPriv
0x00007fff7b85c000 	/System/Library/Frameworks/Carbon.framework/Versions/A/Frameworks/HIToolbox.framework/Versions/A/HIToolbox
0x00007fff90c03000 	/usr/lib/libicucore.A.dylib
0x00007fff81e4a000 	/System/Library/Frameworks/QuartzCore.framework/Versions/A/QuartzCore
0x00007fff7bc28000 	/System/Library/Frameworks/Carbon.framework/Versions/A/Frameworks/SpeechRecognition.framework/Versions/A/SpeechRecognition
0x00007fff90622000 	/usr/lib/libauto.dylib
0x00007fff9189c000 	/usr/lib/libxml2.2.dylib
0x00007fff87fed000 	/System/Library/PrivateFrameworks/CoreUI.framework/Versions/A/CoreUI
0x00007fff7be59000 	/System/Library/Frameworks/CoreAudio.framework/Versions/A/CoreAudio
0x00007fff7db86000 	/System/Library/Frameworks/DiskArbitration.framework/Versions/A/DiskArbitration
0x00007fff90e2e000 	/usr/lib/liblangid.dylib
0x00007fff8be75000 	/System/Library/PrivateFrameworks/MultitouchSupport.framework/Versions/A/MultitouchSupport
0x00007fff7e284000 	/System/Library/Frameworks/IOKit.framework/Versions/A/IOKit
0x00007fff902ca000 	/usr/lib/libDiagnosticMessagesClient.dylib
0x00007fff7d16a000 	/System/Library/Frameworks/CoreServices.framework/Versions/A/CoreServices
0x00007fff8c832000 	/System/Library/PrivateFrameworks/PerformanceAnalysis.framework/Versions/A/PerformanceAnalysis
0x00007fff8a2bb000 	/System/Library/PrivateFrameworks/GenerationalStorage.framework/Versions/A/GenerationalStorage
0x00007fff812ea000 	/System/Library/Frameworks/OpenGL.framework/Versions/A/OpenGL
0x00007fff7cdc2000 	/System/Library/Frameworks/CoreImage.framework/Versions/A/CoreImage
0x00007fff7d893000 	/System/Library/Frameworks/CoreText.framework/Versions/A/CoreText
0x00007fff7e374000 	/System/Library/Frameworks/ImageIO.framework/Versions/A/ImageIO
0x00007fff85baa000 	/System/Library/PrivateFrameworks/Backup.framework/Versions/A/Backup
0x00007fff90576000 	/usr/lib/libarchive.2.dylib
0x00007fff7b461000 	/System/Library/Frameworks/CFNetwork.framework/Versions/A/CFNetwork
0x00007fff82cdf000 	/System/Library/Frameworks/SystemConfiguration.framework/Versions/A/SystemConfiguration
0x00007fff90211000 	/usr/lib/libCRFSuite.dylib
0x00007fff90643000 	/usr/lib/libc++.1.dylib
0x00007fff9069a000 	/usr/lib/libc++abi.dylib
0x00007fff919d6000 	/usr/lib/system/libcache.dylib
0x00007fff919db000 	/usr/lib/system/libcommonCrypto.dylib
0x00007fff919e6000 	/usr/lib/system/libcompiler_rt.dylib
0x00007fff919ee000 	/usr/lib/system/libcopyfile.dylib
0x00007fff919f7000 	/usr/lib/system/libcorecrypto.dylib
0x00007fff91a7b000 	/usr/lib/system/libdispatch.dylib
0x00007fff91aad000 	/usr/lib/system/libdyld.dylib
0x00007fff91ab3000 	/usr/lib/system/libkeymgr.dylib
0x00007fff91ac1000 	/usr/lib/system/liblaunch.dylib
0x00007fff91ac2000 	/usr/lib/system/libmacho.dylib
0x00007fff91ac8000 	/usr/lib/system/libquarantine.dylib
0x00007fff91acb000 	/usr/lib/system/libremovefile.dylib
0x00007fff91acd000 	/usr/lib/system/libsystem_asl.dylib
0x00007fff91ae6000 	/usr/lib/system/libsystem_blocks.dylib
0x00007fff91ae7000 	/usr/lib/system/libsystem_c.dylib
0x00007fff91b75000 	/usr/lib/system/libsystem_configuration.dylib
0x00007fff91b79000 	/usr/lib/system/libsystem_coreservices.dylib
0x00007fff91b7d000 	/usr/lib/system/libsystem_coretls.dylib
0x00007fff91b96000 	/usr/lib/system/libsystem_dnssd.dylib
0x00007fff91b9d000 	/usr/lib/system/libsystem_info.dylib
0x00007fff91bc7000 	/usr/lib/system/libsystem_kernel.dylib
0x00007fff91bea000 	/usr/lib/system/libsystem_m.dylib
0x00007fff91c32000 	/usr/lib/system/libsystem_malloc.dylib
0x00007fff91c51000 	/usr/lib/system/libsystem_network.dylib
0x00007fff91cab000 	/usr/lib/system/libsystem_networkextension.dylib
0x00007fff91cb5000 	/usr/lib/system/libsystem_notify.dylib
0x00007fff91cbf000 	/usr/lib/system/libsystem_platform.dylib
0x00007fff91cc8000 	/usr/lib/system/libsystem_pthread.dylib
0x00007fff91cd3000 	/usr/lib/system/libsystem_sandbox.dylib
0x00007fff91cd7000 	/usr/lib/system/libsystem_secinit.dylib
0x00007fff91cd9000 	/usr/lib/system/libsystem_symptoms.dylib
0x00007fff91ce1000 	/usr/lib/system/libsystem_trace.dylib
0x00007fff91cf5000 	/usr/lib/system/libunwind.dylib
0x00007fff91cfb000 	/usr/lib/system/libxpc.dylib
0x00007fff90623000 	/usr/lib/libbsm.0.dylib
0x00007fff91ab4000 	/usr/lib/system/libkxld.dylib
0x00007fff906ec000 	/usr/lib/libcoretls.dylib
0x00007fff906ed000 	/usr/lib/libcoretls_cfhelpers.dylib
0x00007fff90503000 	/usr/lib/libOpenScriptingUtil.dylib
0x00007fff9158c000 	/usr/lib/libpam.2.dylib
0x00007fff9164b000 	/usr/lib/libsqlite3.dylib
0x00007fff9188e000 	/usr/lib/libxar.1.dylib
0x00007fff90634000 	/usr/lib/libbz2.1.0.dylib
0x00007fff90e30000 	/usr/lib/liblzma.5.dylib
0x00007fff9113c000 	/usr/lib/libnetwork.dylib
0x00007fff91591000 	/usr/lib/libpcap.A.dylib
0x00007fff7d4cd000 	/System/Library/Frameworks/CoreServices.framework/Versions/A/Frameworks/FSEvents.framework/Versions/A/FSEvents
0x00007fff7d1bd000 	/System/Library/Frameworks/CoreServices.framework/Versions/A/Frameworks/CarbonCore.framework/Versions/A/CarbonCore
0x00007fff7d643000 	/System/Library/Frameworks/CoreServices.framework/Versions/A/Frameworks/Metadata.framework/Versions/A/Metadata
0x00007fff7d6f4000 	/System/Library/Frameworks/CoreServices.framework/Versions/A/Frameworks/OSServices.framework/Versions/A/OSServices
0x00007fff7d754000 	/System/Library/Frameworks/CoreServices.framework/Versions/A/Frameworks/SearchKit.framework/Versions/A/SearchKit
0x00007fff7d16b000 	/System/Library/Frameworks/CoreServices.framework/Versions/A/Frameworks/AE.framework/Versions/A/AE
0x00007fff7d4d6000 	/System/Library/Frameworks/CoreServices.framework/Versions/A/Frameworks/LaunchServices.framework/Versions/A/LaunchServices
0x00007fff7d499000 	/System/Library/Frameworks/CoreServices.framework/Versions/A/Frameworks/DictionaryServices.framework/Versions/A/DictionaryServices
0x00007fff7d7c5000 	/System/Library/Frameworks/CoreServices.framework/Versions/A/Frameworks/SharedFileList.framework/Versions/A/SharedFileList
0x00007fff8050e000 	/System/Library/Frameworks/NetFS.framework/Versions/A/NetFS
0x00007fff8bf4f000 	/System/Library/PrivateFrameworks/NetAuth.framework/Versions/A/NetAuth
0x00007fff901ba000 	/System/Library/PrivateFrameworks/login.framework/Versions/A/Frameworks/loginsupport.framework/Versions/A/loginsupport
0x00007fff8edab000 	/System/Library/PrivateFrameworks/TCC.framework/Versions/A/TCC
0x00007fff90e61000 	/usr/lib/libmecabra.dylib
0x00007fff7abc9000 	/System/Library/Frameworks/ApplicationServices.framework/Versions/A/Frameworks/ATS.framework/Versions/A/ATS
0x00007fff7af48000 	/System/Library/Frameworks/ApplicationServices.framework/Versions/A/Frameworks/ColorSync.framework/Versions/A/ColorSync
0x00007fff7aff3000 	/System/Library/Frameworks/ApplicationServices.framework/Versions/A/Frameworks/HIServices.framework/Versions/A/HIServices
0x00007fff7b045000 	/System/Library/Frameworks/ApplicationServices.framework/Versions/A/Frameworks/LangAnalysis.framework/Versions/A/LangAnalysis
0x00007fff7b055000 	/System/Library/Frameworks/ApplicationServices.framework/Versions/A/Frameworks/PrintCore.framework/Versions/A/PrintCore
0x00007fff7b0a3000 	/System/Library/Frameworks/ApplicationServices.framework/Versions/A/Frameworks/QD.framework/Versions/A/QD
0x00007fff7b0df000 	/System/Library/Frameworks/ApplicationServices.framework/Versions/A/Frameworks/SpeechSynthesis.framework/Versions/A/SpeechSynthesis
0x00007fff78e18000 	/System/Library/Frameworks/Accelerate.framework/Versions/A/Frameworks/vImage.framework/Versions/A/vImage
0x00007fff79b1e000 	/System/Library/Frameworks/Accelerate.framework/Versions/A/Frameworks/vecLib.framework/Versions/A/vecLib
0x00007fff798e3000 	/System/Library/Frameworks/Accelerate.framework/Versions/A/Frameworks/vecLib.framework/Versions/A/libvDSP.dylib
0x00007fff794a4000 	/System/Library/Frameworks/Accelerate.framework/Versions/A/Frameworks/vecLib.framework/Versions/A/libBNNS.dylib
0x00007fff798c7000 	/System/Library/Frameworks/Accelerate.framework/Versions/A/Frameworks/vecLib.framework/Versions/A/libQuadrature.dylib
0x00007fff79a6b000 	/System/Library/Frameworks/Accelerate.framework/Versions/A/Frameworks/vecLib.framework/Versions/A/libvMisc.dylib
0x00007fff794b9000 	/System/Library/Frameworks/Accelerate.framework/Versions/A/Frameworks/vecLib.framework/Versions/A/libLAPACK.dylib
0x00007fff79332000 	/System/Library/Frameworks/Accelerate.framework/Versions/A/Frameworks/vecLib.framework/Versions/A/libBLAS.dylib
0x00007fff798b0000 	/System/Library/Frameworks/Accelerate.framework/Versions/A/Frameworks/vecLib.framework/Versions/A/libLinearAlgebra.dylib
0x00007fff798ce000 	/System/Library/Frameworks/Accelerate.framework/Versions/A/Frameworks/vecLib.framework/Versions/A/libSparseBLAS.dylib
0x00007fff7acd1000 	/System/Library/Frameworks/ApplicationServices.framework/Versions/A/Frameworks/ATS.framework/Versions/A/Resources/libFontParser.dylib
0x00007fff7ae01000 	/System/Library/Frameworks/ApplicationServices.framework/Versions/A/Frameworks/ATS.framework/Versions/A/Resources/libFontRegistry.dylib
0x00007fff7e5cb000 	/System/Library/Frameworks/ImageIO.framework/Versions/A/Resources/libJPEG.dylib
0x00007fff7e61a000 	/System/Library/Frameworks/ImageIO.framework/Versions/A/Resources/libTIFF.dylib
0x00007fff7e5ef000 	/System/Library/Frameworks/ImageIO.framework/Versions/A/Resources/libPng.dylib
0x00007fff7e4d5000 	/System/Library/Frameworks/ImageIO.framework/Versions/A/Resources/libGIF.dylib
0x00007fff7e4da000 	/System/Library/Frameworks/ImageIO.framework/Versions/A/Resources/libJP2.dylib
0x00007fff7e617000 	/System/Library/Frameworks/ImageIO.framework/Versions/A/Resources/libRadiance.dylib
0x00007fff906d5000 	/usr/lib/libcompression.dylib
0x00007fff856ec000 	/System/Library/PrivateFrameworks/AppleJPEG.framework/Versions/A/AppleJPEG
0x00007fff90a2a000 	/usr/lib/libcups.2.dylib
0x00007fff7f3d1000 	/System/Library/Frameworks/Kerberos.framework/Versions/A/Kerberos
0x00007fff7e0ef000 	/System/Library/Frameworks/GSS.framework/Versions/A/GSS
0x00007fff915df000 	/usr/lib/libresolv.9.dylib
0x00007fff90b10000 	/usr/lib/libiconv.2.dylib
0x00007fff8a9e8000 	/System/Library/PrivateFrameworks/Heimdal.framework/Versions/A/Heimdal
0x00007fff90b0a000 	/usr/lib/libheimdal-asn1.dylib
0x00007fff8075f000 	/System/Library/Frameworks/OpenDirectory.framework/Versions/A/OpenDirectory
0x00007fff871ff000 	/System/Library/PrivateFrameworks/CommonAuth.framework/Versions/A/CommonAuth
0x00007fff80745000 	/System/Library/Frameworks/OpenDirectory.framework/Versions/A/Frameworks/CFOpenDirectory.framework/Versions/A/CFOpenDirectory
0x00007fff828b5000 	/System/Library/Frameworks/SecurityFoundation.framework/Versions/A/SecurityFoundation
0x00007fff8b1a0000 	/System/Library/PrivateFrameworks/LanguageModeling.framework/Versions/A/LanguageModeling
0x00007fff90e4a000 	/usr/lib/libmarisa.dylib
0x00007fff9022d000 	/usr/lib/libChineseTokenizer.dylib
0x00007fff906c4000 	/usr/lib/libcmph.dylib
0x00007fff87951000 	/System/Library/PrivateFrameworks/CoreEmoji.framework/Versions/A/CoreEmoji
0x00007fff82955000 	/System/Library/Frameworks/ServiceManagement.framework/Versions/A/ServiceManagement
0x00007fff9198c000 	/usr/lib/libxslt.1.dylib
0x00007fff7bb70000 	/System/Library/Frameworks/Carbon.framework/Versions/A/Frameworks/Ink.framework/Versions/A/Ink
0x00007fff8ee3d000 	/System/Library/PrivateFrameworks/TextureIO.framework/Versions/A/TextureIO
0x00007fff7fbca000 	/System/Library/Frameworks/Metal.framework/Versions/A/Metal
0x00007fff905a2000 	/usr/lib/libate.dylib
0x00007fff89fea000 	/System/Library/PrivateFrameworks/GPUCompiler.framework/libmetal_timestamp.dylib
0x00007fff8076e000 	/System/Library/Frameworks/OpenGL.framework/Versions/A/Libraries/libCoreFSCache.dylib
0x00007fff8b079000 	/System/Library/PrivateFrameworks/IOAccelerator.framework/Versions/A/IOAccelerator
0x00007fff7d9e1000 	/System/Library/Frameworks/CoreVideo.framework/Versions/A/CoreVideo
0x00007fff902cc000 	/usr/lib/libFosl_dynamic.dylib
0x00007fff8bc78000 	/System/Library/PrivateFrameworks/MetalPerformanceShaders.framework/Versions/A/MetalPerformanceShaders
0x00007fff88862000 	/System/Library/PrivateFrameworks/FaceCore.framework/Versions/A/FaceCore
0x00007fff806f6000 	/System/Library/Frameworks/OpenCL.framework/Versions/A/OpenCL
0x00007fff80941000 	/System/Library/Frameworks/OpenGL.framework/Versions/A/Libraries/libGLU.dylib
0x00007fff80777000 	/System/Library/Frameworks/OpenGL.framework/Versions/A/Libraries/libGFXShared.dylib
0x00007fff80781000 	/System/Library/Frameworks/OpenGL.framework/Versions/A/Libraries/libGL.dylib
0x00007fff8078d000 	/System/Library/Frameworks/OpenGL.framework/Versions/A/Libraries/libGLImage.dylib
0x00007fff8076b000 	/System/Library/Frameworks/OpenGL.framework/Versions/A/Libraries/libCVMSPluginSupport.dylib
0x00007fff80772000 	/System/Library/Frameworks/OpenGL.framework/Versions/A/Libraries/libCoreVMClient.dylib
0x00007fff882b3000 	/System/Library/PrivateFrameworks/CrashReporterSupport.framework/Versions/A/CrashReporterSupport
0x00007fff8dd0d000 	/System/Library/PrivateFrameworks/Sharing.framework/Versions/A/Sharing
0x00007fff8b097000 	/System/Library/PrivateFrameworks/IconServices.framework/Versions/A/IconServices
0x00007fff8cf5b000 	/System/Library/PrivateFrameworks/ProtocolBuffer.framework/Versions/A/ProtocolBuffer
0x00007fff855cf000 	/System/Library/PrivateFrameworks/Apple80211.framework/Versions/A/Apple80211
0x00007fff7da17000 	/System/Library/Frameworks/CoreWLAN.framework/Versions/A/CoreWLAN
0x00007fff8812d000 	/System/Library/PrivateFrameworks/CoreUtils.framework/Versions/A/CoreUtils
0x00007fff7e1e0000 	/System/Library/Frameworks/IOBluetooth.framework/Versions/A/IOBluetooth
0x00007fff8824d000 	/System/Library/PrivateFrameworks/CoreWiFi.framework/Versions/A/CoreWiFi
0x00007fff7bee7000 	/System/Library/Frameworks/CoreBluetooth.framework/Versions/A/CoreBluetooth
0x00007fff7c1f7000 	/System/Library/Frameworks/CoreDisplay.framework/Versions/A/CoreDisplay
0x00007fff8b082000 	/System/Library/PrivateFrameworks/IOPresentment.framework/Versions/A/IOPresentment
0x00007fff8833e000 	/System/Library/PrivateFrameworks/DSExternalDisplay.framework/Versions/A/DSExternalDisplay
0x00007fff88429000 	/System/Library/PrivateFrameworks/DebugSymbols.framework/Versions/A/DebugSymbols
0x00007fff87f5d000 	/System/Library/PrivateFrameworks/CoreSymbolication.framework/Versions/A/CoreSymbolication
0x00007fff8e8f8000 	/System/Library/PrivateFrameworks/Symbolication.framework/Versions/A/Symbolication
0x00007fff855f2000 	/System/Library/PrivateFrameworks/AppleFSCompression.framework/Versions/A/AppleFSCompression
0x00007fff8e200000 	/System/Library/PrivateFrameworks/SpeechRecognitionCore.framework/Versions/A/SpeechRecognitionCore
0x00007fff868b3000 	/System/Library/PrivateFrameworks/ChunkingLibrary.framework/Versions/A/ChunkingLibrary
0x0000000102c00000 	/Library/Java/JavaVirtualMachines/jdk-9.0.4.jdk/Contents/Home/lib/server/libjvm.dylib
0x00007fff917f5000 	/usr/lib/libstdc++.6.dylib
0x0000000102238000 	/Library/Java/JavaVirtualMachines/jdk-9.0.4.jdk/Contents/Home/lib/libverify.dylib
0x0000000102245000 	/Library/Java/JavaVirtualMachines/jdk-9.0.4.jdk/Contents/Home/lib/libjava.dylib
0x000000010227b000 	/Library/Java/JavaVirtualMachines/jdk-9.0.4.jdk/Contents/Home/lib/libinstrument.dylib
0x00000001022d0000 	/Library/Java/JavaVirtualMachines/jdk-9.0.4.jdk/Contents/Home/lib/libzip.dylib
0x00000001022d8000 	/Library/Java/JavaVirtualMachines/jdk-9.0.4.jdk/Contents/Home/lib/libjimage.dylib
0x00000001023e0000 	/Library/Java/JavaVirtualMachines/jdk-9.0.4.jdk/Contents/Home/lib/libnio.dylib
0x0000000125341000 	/Library/Java/JavaVirtualMachines/jdk-9.0.4.jdk/Contents/Home/lib/./libnet.dylib
0x00000001023f0000 	/Library/Java/JavaVirtualMachines/jdk-9.0.4.jdk/Contents/Home/lib/libprism_es2.dylib
0x0000000125643000 	/System/Library/Frameworks/OpenGL.framework/Resources/GLEngine.bundle/GLEngine
0x00007fff807ca000 	/System/Library/Frameworks/OpenGL.framework/Versions/A/Libraries/libGLProgrammability.dylib
0x0000000125828000 	/System/Library/Extensions/AppleIntelKBLGraphicsGLDriver.bundle/Contents/MacOS/AppleIntelKBLGraphicsGLDriver
0x00007fff89ff7000 	/System/Library/PrivateFrameworks/GPUSupport.framework/Versions/A/Libraries/libGPUSupportMercury.dylib
0x00000001265af000 	/System/Library/Frameworks/OpenGL.framework/Resources//GLRendererFloat.bundle/GLRendererFloat
0x00007fff806ed000 	/System/Library/Frameworks/OpenCL.framework/Versions/A/Libraries/libcldcpuengine.dylib
0x00007fff907a8000 	/usr/lib/libcrypto.0.9.8.dylib
0x00007fff8ef77000 	/System/Library/PrivateFrameworks/TrustEvaluationAgent.framework/Versions/A/TrustEvaluationAgent
0x00000001269d2000 	/Library/Java/JavaVirtualMachines/jdk-9.0.4.jdk/Contents/Home/lib/libglass.dylib
0x00007fff87c9c000 	/System/Library/PrivateFrameworks/CoreServicesInternal.framework/Versions/A/CoreServicesInternal
0x00007fff76f54000 	/System/Library/CoreServices/RawCamera.bundle/Contents/MacOS/RawCamera
0x00007fff78e00000 	/System/Library/Frameworks/Accelerate.framework/Versions/A/Frameworks/vImage.framework/Versions/A/Libraries/libCGInterfaces.dylib
0x000000012b280000 	/Library/Java/JavaVirtualMachines/jdk-9.0.4.jdk/Contents/Home/lib/libglib-lite.dylib
0x00007fff90b08000 	/usr/lib/libffi.dylib
0x000000012b3b2000 	/Library/Java/JavaVirtualMachines/jdk-9.0.4.jdk/Contents/Home/lib/libgstreamer-lite.dylib
0x000000012b517000 	/Library/Java/JavaVirtualMachines/jdk-9.0.4.jdk/Contents/Home/lib/libjfxmedia.dylib
0x000000012b54c000 	/Library/Java/JavaVirtualMachines/jdk-9.0.4.jdk/Contents/Home/lib/libjfxmedia_avf.dylib
0x00007fff78ad0000 	/System/Library/Frameworks/AVFoundation.framework/Versions/A/AVFoundation
0x00007fff7d06c000 	/System/Library/Frameworks/CoreMedia.framework/Versions/A/CoreMedia
0x00007fff7f690000 	/System/Library/Frameworks/MediaToolbox.framework/Versions/A/MediaToolbox
0x00007fff78c92000 	/System/Library/Frameworks/AVFoundation.framework/Versions/A/Frameworks/AVFAudio.framework/Versions/A/AVFAudio
0x00007fff82d4f000 	/System/Library/Frameworks/VideoToolbox.framework/Versions/A/VideoToolbox
0x00007fff8b155000 	/System/Library/PrivateFrameworks/IntlPreferences.framework/Versions/A/IntlPreferences
0x00007fff7d11e000 	/System/Library/Frameworks/CoreMediaIO.framework/Versions/A/CoreMediaIO
0x00007fff91649000 	/usr/lib/libspindump.dylib
0x00007fff90ad1000 	/usr/lib/libdscsym.dylib
0x00007fff8776d000 	/System/Library/PrivateFrameworks/CoreAVCHD.framework/Versions/A/CoreAVCHD
0x00007fff7f674000 	/System/Library/Frameworks/MediaAccessibility.framework/Versions/A/MediaAccessibility
0x00007fff8b9c7000 	/System/Library/PrivateFrameworks/Mangrove.framework/Versions/A/Mangrove
0x00007fff8738d000 	/System/Library/PrivateFrameworks/CoreAUC.framework/Versions/A/CoreAUC
0x00007fff857b4000 	/System/Library/PrivateFrameworks/AppleVA.framework/Versions/A/AppleVA
0x00007fff7b857000 	/System/Library/Frameworks/Carbon.framework/Versions/A/Carbon
0x00007fff7b858000 	/System/Library/Frameworks/Carbon.framework/Versions/A/Frameworks/CommonPanels.framework/Versions/A/CommonPanels
0x00007fff7bb66000 	/System/Library/Frameworks/Carbon.framework/Versions/A/Frameworks/Help.framework/Versions/A/Help
0x00007fff7bb6a000 	/System/Library/Frameworks/Carbon.framework/Versions/A/Frameworks/ImageCapture.framework/Versions/A/ImageCapture
0x00007fff7bc08000 	/System/Library/Frameworks/Carbon.framework/Versions/A/Frameworks/OpenScripting.framework/Versions/A/OpenScripting
0x00007fff7bc23000 	/System/Library/Frameworks/Carbon.framework/Versions/A/Frameworks/Print.framework/Versions/A/Print
0x00007fff7bc25000 	/System/Library/Frameworks/Carbon.framework/Versions/A/Frameworks/SecurityHI.framework/Versions/A/SecurityHI
0x00007fff900e3000 	/System/Library/PrivateFrameworks/XPCService.framework/Versions/A/XPCService
0x00007fff855c1000 	/System/Library/PrivateFrameworks/AppSandbox.framework/Versions/A/AppSandbox
0x00007fff915fc000 	/usr/lib/libsandbox.1.dylib
0x00007fff855a5000 	/System/Library/PrivateFrameworks/AppContainer.framework/Versions/A/AppContainer
0x00007fff8dc7b000 	/System/Library/PrivateFrameworks/SecCodeWrapper.framework/Versions/A/SecCodeWrapper
0x00007fff904fb000 	/usr/lib/libMatch.1.dylib
0x000000012b77f000 	/Library/Java/JavaVirtualMachines/jdk-9.0.4.jdk/Contents/Home/lib/libfxplugins.dylib
0x0000000128400000 	/System/Library/Frameworks/VideoDecodeAcceleration.framework/Versions/A/VideoDecodeAcceleration
0x00000001285de000 	/System/Library/Extensions/AppleHDA.kext/Contents/PlugIns/AppleHDAHALPlugIn.bundle/Contents/MacOS/AppleHDAHALPlugIn
0x000000012b7a7000 	/System/Library/Components/CoreAudio.component/Contents/MacOS/CoreAudio
0x000000012b9cc000 	/System/Library/Components/AudioCodecs.component/Contents/MacOS/AudioCodecs
0x000000012c66d000 	/Library/Java/JavaVirtualMachines/jdk-9.0.4.jdk/Contents/Home/lib/libjavafx_font.dylib
0x000000012c677000 	/Library/Java/JavaVirtualMachines/jdk-9.0.4.jdk/Contents/Home/lib/libawt.dylib
0x000000012c71c000 	/Library/Java/JavaVirtualMachines/jdk-9.0.4.jdk/Contents/Home/lib/./libmlib_image.dylib
0x000000012c78a000 	/System/Library/Frameworks/JavaVM.framework/Versions/A/Frameworks/JavaNativeFoundation.framework/Versions/A/JavaNativeFoundation
0x000000012c79f000 	/System/Library/Frameworks/JavaVM.framework/Versions/A/Frameworks/JavaRuntimeSupport.framework/Versions/A/JavaRuntimeSupport
0x000000012c7b9000 	/System/Library/Frameworks/JavaVM.framework/Versions/A/JavaVM
0x000000012c7c6000 	/System/Library/PrivateFrameworks/JavaLaunching.framework/Versions/A/JavaLaunching
0x000000012c7d2000 	/Library/Java/JavaVirtualMachines/jdk-9.0.4.jdk/Contents/Home/lib/libawt_lwawt.dylib
0x000000012c892000 	/Library/Java/JavaVirtualMachines/jdk-9.0.4.jdk/Contents/Home/lib/./libosxapp.dylib
0x00007fff7dd1a000 	/System/Library/Frameworks/ExceptionHandling.framework/Versions/A/ExceptionHandling
0x000000012c987000 	/Library/Java/JavaVirtualMachines/jdk-9.0.4.jdk/Contents/Home/lib/libfontmanager.dylib
0x00007fff7aea8000 	/System/Library/Frameworks/ApplicationServices.framework/Versions/A/Frameworks/ATS.framework/Versions/A/Resources/libTrueTypeScaler.dylib
0x00000001254f4000 	/Library/Java/JavaVirtualMachines/jdk-9.0.4.jdk/Contents/Home/lib/libprism_common.dylib
0x000000012ddfd000 	/System/Library/Extensions/AppleIntelKBLGraphicsMTLDriver.bundle/Contents/MacOS/AppleIntelKBLGraphicsMTLDriver
0x00007fff8fbd8000 	/System/Library/PrivateFrameworks/ViewBridge.framework/Versions/A/ViewBridge
0x000000012fc9b000 	/Library/Java/JavaVirtualMachines/jdk-9.0.4.jdk/Contents/Home/lib/libjavafx_iio.dylib

VM Arguments:
jvm_args: -javaagent:/Users/macbook/Library/Application Support/JetBrains/Toolbox/apps/IDEA-U/ch-0/173.4548.28/IntelliJ IDEA.app/Contents/lib/idea_rt.jar=49313:/Users/macbook/Library/Application Support/JetBrains/Toolbox/apps/IDEA-U/ch-0/173.4548.28/IntelliJ IDEA.app/Contents/bin -Dfile.encoding=UTF-8 
java_command: Main.Main
java_class_path (initial): /Users/macbook/Desktop/javacodes/projectfooking/ap_project/out/production/projectAp
Launcher Type: SUN_STANDARD

Logging:
Log output configuration:
#0: stdout all=warning uptime,level,tags
#1: stderr all=off uptime,level,tags

Environment Variables:
PATH=/usr/local/bin:/usr/bin:/bin:/usr/sbin:/sbin
SHELL=/bin/bash

Signal Handlers:
SIGSEGV: [libjvm.dylib+0x73f3dc], sa_mask[0]=11111111011111110111111111111111, sa_flags=SA_ONSTACK|SA_RESTART|SA_SIGINFO
SIGBUS: [libjvm.dylib+0x73f3dc], sa_mask[0]=11111111011111110111111111111111, sa_flags=SA_RESTART|SA_SIGINFO
SIGFPE: [libjvm.dylib+0x73f3dc], sa_mask[0]=11111111011111110111111111111111, sa_flags=SA_RESTART|SA_SIGINFO
SIGPIPE: [libjvm.dylib+0x5f233c], sa_mask[0]=11111111011111110111111111111111, sa_flags=SA_RESTART|SA_SIGINFO
SIGXFSZ: [libjvm.dylib+0x5f233c], sa_mask[0]=11111111011111110111111111111111, sa_flags=SA_RESTART|SA_SIGINFO
SIGILL: [libjvm.dylib+0x73f3dc], sa_mask[0]=11111111011111110111111111111111, sa_flags=SA_RESTART|SA_SIGINFO
SIGUSR2: [libjvm.dylib+0x5f2bcc], sa_mask[0]=00100000000000000000000000000000, sa_flags=SA_RESTART|SA_SIGINFO
SIGHUP: [libjvm.dylib+0x5f1409], sa_mask[0]=11111111011111110111111111111111, sa_flags=SA_RESTART|SA_SIGINFO
SIGINT: [libjvm.dylib+0x5f1409], sa_mask[0]=11111111011111110111111111111111, sa_flags=SA_RESTART|SA_SIGINFO
SIGTERM: [libjvm.dylib+0x5f1409], sa_mask[0]=11111111011111110111111111111111, sa_flags=SA_RESTART|SA_SIGINFO
SIGQUIT: [libjvm.dylib+0x5f1409], sa_mask[0]=11111111011111110111111111111111, sa_flags=SA_RESTART|SA_SIGINFO


---------------  S Y S T E M  ---------------

OS:uname:Darwin 16.7.0 Darwin Kernel Version 16.7.0: Mon Nov 13 21:56:25 PST 2017; root:xnu-3789.72.11~1/RELEASE_X86_64 x86_64
rlimit: STACK 8192k, CORE 0k, NPROC 709, NOFILE 10240, AS infinity
load average:2.98 2.86 2.38

CPU:total 4 (initial active 4) (2 cores per cpu, 2 threads per core) family 6 model 142 stepping 9, cmov, cx8, fxsr, mmx, sse, sse2, sse3, ssse3, sse4.1, sse4.2, popcnt, avx, avx2, aes, clmul, erms, rtm, 3dnowpref, lzcnt, ht, tsc, tscinvbit, bmi1, bmi2, adx, fma

Memory: 4k page, physical 8388608k(1214700k free)

vm_info: Java HotSpot(TM) 64-Bit Server VM (9.0.4+11) for bsd-amd64 JRE (9.0.4+11), built on Dec 20 2017 02:08:50 by "mach5one" with gcc 4.2.1 Compatible Apple LLVM 6.1.0 (clang-602.0.49)

END.
