#
# A fatal error has been detected by the Java Runtime Environment:
#
#  SIGSEGV (0xb) at pc=0x00007fff90b40057, pid=647, tid=775
#
# JRE version: Java(TM) SE Runtime Environment (9.0+11) (build 9.0.4+11)
# Java VM: Java HotSpot(TM) 64-Bit Server VM (9.0.4+11, mixed mode, tiered, compressed oops, g1 gc, bsd-amd64)
# Problematic frame:
# C  [libobjc.A.dylib+0x7057]  objc_msgSend+0x17
#
# No core dump will be written. Core dumps have been disabled. To enable core dumping, try "ulimit -c unlimited" before starting Java again
#
# If you would like to submit a bug report, please visit:
#   http://bugreport.java.com/bugreport/crash.jsp
# The crash happened outside the Java Virtual Machine in native code.
# See problematic frame for where to report the bug.
#

---------------  S U M M A R Y ------------

Command Line: -javaagent:/Users/macbook/Library/Application Support/JetBrains/Toolbox/apps/IDEA-U/ch-0/173.4548.28/IntelliJ IDEA.app/Contents/lib/idea_rt.jar=49367:/Users/macbook/Library/Application Support/JetBrains/Toolbox/apps/IDEA-U/ch-0/173.4548.28/IntelliJ IDEA.app/Contents/bin -Dfile.encoding=UTF-8 Main.Main

Host: MacBookPro14,1 x86_64 2300 MHz, 4 cores, 8G, Darwin 16.7.0
Time: Sun Jul 15 07:03:12 2018 PDT elapsed time: 33 seconds (0d 0h 0m 33s)

---------------  T H R E A D  ---------------

Current thread (0x00007fb77e121800):  JavaThread "JavaFX Application Thread" [_thread_in_native, id=775, stack(0x00007fff4f4de000,0x00007fff4fcde000)]

Stack: [0x00007fff4f4de000,0x00007fff4fcde000],  sp=0x00007fff4fcda8e8,  free space=8178k
Native frames: (J=compiled Java code, A=aot compiled Java code, j=interpreted, Vv=VM code, C=native code)
C  [libobjc.A.dylib+0x7057]  objc_msgSend+0x17
C  [libglass.dylib+0x20009]  -[GlassView3D performKeyEquivalent:]+0x319
C  [AppKit+0x29554e]  -[NSView _performKeyEquivalent:conditionally:]+0xe3
C  [AppKit+0x29564c]  -[NSView performKeyEquivalent:]+0xea
C  [AppKit+0x29554e]  -[NSView _performKeyEquivalent:conditionally:]+0xe3
C  [AppKit+0x29564c]  -[NSView performKeyEquivalent:]+0xea
C  [AppKit+0x29554e]  -[NSView _performKeyEquivalent:conditionally:]+0xe3
C  [AppKit+0x8e6ea2]  -[NSWindow _commonPerformKeyEquivalent:conditionally:]+0x4f
C  [libglass.dylib+0x27eb0]  -[GlassWindow_Normal performKeyEquivalent:]+0x40
C  [AppKit+0x7c3158]  routeKeyEquivalent+0x23c
C  [AppKit+0x7c0f39]  -[NSApplication(NSEvent) sendEvent:]+0xd31
C  [AppKit+0x3b427]  -[NSApplication run]+0x3ea
C  [libglass.dylib+0x7592]  -[GlassApplication runLoop:]+0x742
C  [Foundation+0x7152a]  __NSThreadPerformPerform+0x146
C  [CoreFoundation+0xa7321]  __CFRUNLOOP_IS_CALLING_OUT_TO_A_SOURCE0_PERFORM_FUNCTION__+0x11
C  [CoreFoundation+0x8821d]  __CFRunLoopDoSources0+0x22d
C  [CoreFoundation+0x87716]  __CFRunLoopRun+0x3a6
C  [CoreFoundation+0x87114]  CFRunLoopRunSpecific+0x1a4
C  [java+0x6b2e]  CreateExecutionEnvironment+0x35c
C  [java+0x2c65]  JLI_Launch+0x5a9
C  [java+0x1b62]  main+0x186
C  [java+0x19d4]  start+0x34
C  0x0000000000000006


siginfo: si_signo: 11 (SIGSEGV), si_code: 1 (SEGV_MAPERR), si_addr: 0x0000000200011980

Register to memory mapping:

RAX=0x0000000000000008 is an unknown value
RBX=0x00007fff90b40040: objc_msgSend+0 in /usr/lib/libobjc.A.dylib at 0x00007fff90b39000
RCX=0x00007fb78052da80 is an unknown value
RDX=0x0000000134774f78: OBJC_CLASS_$_GlassNSEvent+0 in /Library/Java/JavaVirtualMachines/jdk-9.0.4.jdk/Contents/Home/lib/libglass.dylib at 0x0000000134733000
RSP=0x00007fff4fcda8e8 is pointing into the stack for thread: 0x00007fb77e121800
RBP=0x00007fff4fcdad40 is pointing into the stack for thread: 0x00007fb77e121800
RSI=0x00007fff7a3c6fd8: __NSStyleNameIndexTable+0x7ac20 in /System/Library/Frameworks/AppKit.framework/Versions/C/AppKit at 0x00007fff7975f000
RDI=0x0000000200011980 is an unknown value
R8 =0x0000000000000002 is an unknown value
R9 =0x000000074076ce10 is an oop
com.sun.javafx.collections.ListListenerHelper$SingleChange 
{0x000000074076ce10} - klass: 'com/sun/javafx/collections/ListListenerHelper$SingleChange'
R10=0x00007ffffffffff8 is an unknown value
R11=0x00007fb77fc05460 is an unknown value
R12=0x00007fb78058b4c0 is an unknown value
R13=0x00007fb77e121a18 is an unknown value
R14=0x0000000000000000 is an unknown value
R15=0x0000000000000002 is an unknown value


Registers:
RAX=0x0000000000000008, RBX=0x00007fff90b40040, RCX=0x00007fb78052da80, RDX=0x0000000134774f78
RSP=0x00007fff4fcda8e8, RBP=0x00007fff4fcdad40, RSI=0x00007fff7a3c6fd8, RDI=0x0000000200011980
R8 =0x0000000000000002, R9 =0x000000074076ce10, R10=0x00007ffffffffff8, R11=0x00007fb77fc05460
R12=0x00007fb78058b4c0, R13=0x00007fb77e121a18, R14=0x0000000000000000, R15=0x0000000000000002
RIP=0x00007fff90b40057, EFLAGS=0x0000000000010246, ERR=0x0000000000000004
  TRAPNO=0x000000000000000e

Top of Stack: (sp=0x00007fff4fcda8e8)
0x00007fff4fcda8e8:   0000000134755fc3 00007fff00000002
0x00007fff4fcda8f8:   00007fb78065a360 0000000000000026
0x00007fff4fcda908:   00007fb78052da80 00007fff4fcda920
0x00007fff4fcda918:   00007fff7b21efc5 00007fff4fcdac70
0x00007fff4fcda928:   00007fff7b21c6f9 00007fff4fcdaa18
0x00007fff4fcda938:   00007fffffffd96e 00007fb77ddad3e0
0x00007fff4fcda948:   00007fb7805901c0 00007fff4fcda9f0
0x00007fff4fcda958:   00007fff7b23c775 00007fff4fcda9c0
0x00007fff4fcda968:   00007fff9a330060 0000000042000000
0x00007fff4fcda978:   00007fff7b23c84d 00007fff969dbc60
0x00007fff4fcda988:   00007fff4fcdacd0 00007fb7805901c0
0x00007fff4fcda998:   00007fff00000000 00007fff4fcda9d0
0x00007fff4fcda9a8:   00007fb77ddad3e0 00007fb7805901c0
0x00007fff4fcda9b8:   00000000ffffd96e 00007fff4fcda9f0
0x00007fff4fcda9c8:   00007fb77ddad3e0 00007fff4fcdaa20
0x00007fff4fcda9d8:   000000011c192d33 00007fb7805901c0
0x00007fff4fcda9e8:   00007fff969f0ba0 00007fb77df4ea20
0x00007fff4fcda9f8:   0000000000000002 00007fff969ec7a0
0x00007fff4fcdaa08:   0000000000000000 00007fff4fcdaa30
0x00007fff4fcdaa18:   00007fff7bc43870 00007fff969f0ba0
0x00007fff4fcdaa28:   000000000000000d 00007fff4fcdaac0
0x00007fff4fcdaa38:   00007fff7bc32ea5 00007fff4fcdaa60
0x00007fff4fcdaa48:   00007fff7bc43870 00007fff969f0ba0
0x00007fff4fcdaa58:   000000000000000d 00007fff4fcdaaf0
0x00007fff4fcdaa68:   aff108aa33140b62 ffffffffffffffff
0x00007fff4fcdaa78:   00007fb78064f700 0000000000000017
0x00007fff4fcdaa88:   00007fff4fcdaad8 00007fff969ec7a0
0x00007fff4fcdaa98:   00007fb77df4ea20 c35c65b69a100049
0x00007fff4fcdaaa8:   c35c65b69a100049 00007fff4fcdab38
0x00007fff4fcdaab8:   00007fff969ec7a0 00007fff4fcdab10
0x00007fff4fcdaac8:   00007fff7bc4c4a1 c35c65b69a100049
0x00007fff4fcdaad8:   000000000000000e c35c65b69a100049 

Instructions: (pc=0x00007fff90b40057)
0x00007fff90b40037:   84 00 00 00 00 00 0f 1f 00 48 85 ff 2e 74 62 40
0x00007fff90b40047:   f6 c7 01 2e 75 66 49 ba f8 ff ff ff ff 7f 00 00
0x00007fff90b40057:   4c 23 17 49 89 f3 45 23 5a 18 49 c1 e3 04 4d 03
0x00007fff90b40067:   5a 10 49 3b 33 75 04 41 ff 63 08 49 83 3b 01 76 


---------------  P R O C E S S  ---------------

Java Threads: ( => current thread )
  0x00007fb77ebd0000 JavaThread "Timer-1" daemon [_thread_blocked, id=92027, stack(0x000070000bdc1000,0x000070000bec1000)]
  0x00007fb77fbac800 JavaThread "Media Resource Disposer" daemon [_thread_blocked, id=1571, stack(0x000070000bc3b000,0x000070000bd3b000)]
  0x00007fb77eb4c000 JavaThread "Prism Font Disposer" daemon [_thread_blocked, id=76279, stack(0x000070000bab5000,0x000070000bbb5000)]
  0x00007fb77f8e3800 JavaThread "Java2D Disposer" daemon [_thread_blocked, id=74759, stack(0x000070000b9b2000,0x000070000bab2000)]
  0x00007fb77ea97000 JavaThread "JFXMedia Player EventQueueThread" daemon [_thread_blocked, id=73219, stack(0x000070000b7a9000,0x000070000b8a9000)]
  0x00007fb77f15d000 JavaThread "JFXMedia Player EventQueueThread" daemon [_thread_blocked, id=71939, stack(0x000070000b5a0000,0x000070000b6a0000)]
  0x00007fb77e27d000 JavaThread "JFXMedia Player EventQueueThread" daemon [_thread_blocked, id=58375, stack(0x000070000b314000,0x000070000b414000)]
  0x00007fb77f8b0000 JavaThread "JavaFX-Launcher" [_thread_blocked, id=57347, stack(0x000070000b18e000,0x000070000b28e000)]
  0x00007fb77e127800 JavaThread "Thread-2" daemon [_thread_in_native, id=43523, stack(0x000070000b005000,0x000070000b085000)]
=>0x00007fb77e121800 JavaThread "JavaFX Application Thread" [_thread_in_native, id=775, stack(0x00007fff4f4de000,0x00007fff4fcde000)]
  0x00007fb77e98a000 JavaThread "InvokeLaterDispatcher" daemon [_thread_blocked, id=31751, stack(0x000070000af02000,0x000070000b002000)]
  0x00007fb77e11e800 JavaThread "QuantumRenderer-0" daemon [_thread_blocked, id=26371, stack(0x000070000adff000,0x000070000aeff000)]
  0x00007fb77e906000 JavaThread "Service Thread" daemon [_thread_blocked, id=25347, stack(0x000070000abf9000,0x000070000acf9000)]
  0x00007fb77f811800 JavaThread "Monitor Ctrl-Break" daemon [_thread_in_native, id=24835, stack(0x000070000aaf6000,0x000070000abf6000)]
  0x00007fb77e863000 JavaThread "Common-Cleaner" daemon [_thread_blocked, id=24323, stack(0x000070000a9f3000,0x000070000aaf3000)]
  0x00007fb77e860800 JavaThread "Sweeper thread" daemon [_thread_blocked, id=23811, stack(0x000070000a8f0000,0x000070000a9f0000)]
  0x00007fb77f081000 JavaThread "C1 CompilerThread2" daemon [_thread_blocked, id=23299, stack(0x000070000a7ed000,0x000070000a8ed000)]
  0x00007fb77f080000 JavaThread "C2 CompilerThread1" daemon [_thread_blocked, id=22787, stack(0x000070000a6ea000,0x000070000a7ea000)]
  0x00007fb77e85d000 JavaThread "C2 CompilerThread0" daemon [_thread_blocked, id=22275, stack(0x000070000a5e7000,0x000070000a6e7000)]
  0x00007fb77f05d000 JavaThread "Signal Dispatcher" daemon [_thread_blocked, id=21763, stack(0x000070000a4e4000,0x000070000a5e4000)]
  0x00007fb77e01c800 JavaThread "Finalizer" daemon [_thread_blocked, id=17411, stack(0x000070000a35e000,0x000070000a45e000)]
  0x00007fb77e801000 JavaThread "Reference Handler" daemon [_thread_blocked, id=16899, stack(0x000070000a25b000,0x000070000a35b000)]
  0x00007fb77e003800 JavaThread "main" [_thread_blocked, id=3843, stack(0x000070000942e000,0x000070000952e000)]

Other Threads:
  0x00007fb77f80e800 VMThread "VM Thread" [stack: 0x000070000a158000,0x000070000a258000] [id=16387]
  0x00007fb77f812000 WatcherThread [stack: 0x000070000acfc000,0x000070000adfc000] [id=25859]
  0x00007fb77f807800 GCTaskThread "GC Thread#0" [stack: 0x0000700009637000,0x0000700009737000] [id=10243]
  0x00007fb77f808800 GCTaskThread "GC Thread#1" [stack: 0x000070000973a000,0x000070000983a000] [id=10755]
  0x00007fb77f009000 GCTaskThread "GC Thread#2" [stack: 0x000070000983d000,0x000070000993d000] [id=11267]
  0x00007fb77e802000 GCTaskThread "GC Thread#3" [stack: 0x0000700009940000,0x0000700009a40000] [id=11779]
  0x00007fb77f014000 ConcurrentGCThread "G1 Main Marker" [stack: 0x0000700009f52000,0x000070000a052000] [id=14851]
  0x00007fb77f014800 ConcurrentGCThread "G1 Marker#0" [stack: 0x000070000a055000,0x000070000a155000] [id=15875]
  0x00007fb77e804800 ConcurrentGCThread "G1 Refine#0" [stack: 0x0000700009d4c000,0x0000700009e4c000] [id=13827]
  0x00007fb77e804000 ConcurrentGCThread "G1 Refine#1" [stack: 0x0000700009c49000,0x0000700009d49000] [id=13315]
  0x00007fb77e803000 ConcurrentGCThread "G1 Refine#2" [stack: 0x0000700009b46000,0x0000700009c46000] [id=12803]
  0x00007fb77e802800 ConcurrentGCThread "G1 Refine#3" [stack: 0x0000700009a43000,0x0000700009b43000] [id=12291]
  0x00007fb77e805800 ConcurrentGCThread "G1 Young RemSet Sampling" [stack: 0x0000700009e4f000,0x0000700009f4f000] [id=14339]

Threads with active compile tasks:

VM state:not at safepoint (normal execution)

VM Mutex/Monitor currently owned by a thread: None

Heap address: 0x0000000740000000, size: 2048 MB, Compressed Oops mode: Zero based, Oop shift amount: 3
Narrow klass base: 0x0000000000000000, Narrow klass shift: 3
Compressed class space size: 1073741824 Address: 0x00000007c0000000

Heap:
 garbage-first heap   total 134144K, used 109543K [0x0000000740000000, 0x0000000740100418, 0x00000007c0000000)
  region size 1024K, 7 young (7168K), 1 survivors (1024K)
 Metaspace       used 25633K, capacity 27830K, committed 28160K, reserved 1073152K
  class space    used 3311K, capacity 3729K, committed 3840K, reserved 1048576K
Heap Regions: E=young(eden), S=young(survivor), O=old, HS=humongous(starts), HC=humongous(continues), CS=collection set, F=free, A=archive, TS=gc time stamp, AC=allocation context, TAMS=top-at-mark-start (previous, next)
|   0|0x0000000740000000, 0x0000000740100000, 0x0000000740100000|100%| O|  |TS  0|AC  0|TAMS 0x0000000740100000, 0x0000000740100000|
|   1|0x0000000740100000, 0x0000000740200000, 0x0000000740200000|100%|HS|  |TS  0|AC  0|TAMS 0x0000000740200000, 0x0000000740200000|
|   2|0x0000000740200000, 0x0000000740300000, 0x0000000740300000|100%|HC|  |TS  0|AC  0|TAMS 0x0000000740300000, 0x0000000740300000|
|   3|0x0000000740300000, 0x0000000740331a00, 0x0000000740400000| 19%| O|  |TS  0|AC  0|TAMS 0x0000000740331a00, 0x0000000740331a00|
|   4|0x0000000740400000, 0x0000000740500000, 0x0000000740500000|100%| O|  |TS  0|AC  0|TAMS 0x0000000740500000, 0x0000000740500000|
|   5|0x0000000740500000, 0x0000000740600000, 0x0000000740600000|100%| O|  |TS  0|AC  0|TAMS 0x0000000740600000, 0x0000000740600000|
|   6|0x0000000740600000, 0x0000000740700000, 0x0000000740700000|100%| O|  |TS  0|AC  0|TAMS 0x0000000740700000, 0x0000000740700000|
|   7|0x0000000740700000, 0x0000000740800000, 0x0000000740800000|100%| O|  |TS  0|AC  0|TAMS 0x0000000740800000, 0x0000000740800000|
|   8|0x0000000740800000, 0x0000000740900000, 0x0000000740900000|100%|HS|  |TS  0|AC  0|TAMS 0x0000000740900000, 0x0000000740900000|
|   9|0x0000000740900000, 0x0000000740a00000, 0x0000000740a00000|100%|HC|  |TS  0|AC  0|TAMS 0x0000000740a00000, 0x0000000740a00000|
|  10|0x0000000740a00000, 0x0000000740b00000, 0x0000000740b00000|100%|HS|  |TS  0|AC  0|TAMS 0x0000000740b00000, 0x0000000740b00000|
|  11|0x0000000740b00000, 0x0000000740c00000, 0x0000000740c00000|100%|HC|  |TS  0|AC  0|TAMS 0x0000000740c00000, 0x0000000740c00000|
|  12|0x0000000740c00000, 0x0000000740d00000, 0x0000000740d00000|100%|HC|  |TS  0|AC  0|TAMS 0x0000000740d00000, 0x0000000740d00000|
|  13|0x0000000740d00000, 0x0000000740e00000, 0x0000000740e00000|100%|HC|  |TS  0|AC  0|TAMS 0x0000000740e00000, 0x0000000740e00000|
|  14|0x0000000740e00000, 0x0000000740f00000, 0x0000000740f00000|100%|HC|  |TS  0|AC  0|TAMS 0x0000000740f00000, 0x0000000740f00000|
|  15|0x0000000740f00000, 0x0000000741000000, 0x0000000741000000|100%| O|  |TS  0|AC  0|TAMS 0x0000000741000000, 0x0000000741000000|
|  16|0x0000000741000000, 0x0000000741100000, 0x0000000741100000|100%| O|  |TS  0|AC  0|TAMS 0x0000000741100000, 0x0000000741100000|
|  17|0x0000000741100000, 0x0000000741200000, 0x0000000741200000|100%| O|  |TS  0|AC  0|TAMS 0x0000000741200000, 0x0000000741200000|
|  18|0x0000000741200000, 0x0000000741300000, 0x0000000741300000|100%|HS|  |TS  0|AC  0|TAMS 0x0000000741300000, 0x0000000741300000|
|  19|0x0000000741300000, 0x0000000741400000, 0x0000000741400000|100%|HC|  |TS  0|AC  0|TAMS 0x0000000741400000, 0x0000000741400000|
|  20|0x0000000741400000, 0x0000000741500000, 0x0000000741500000|100%|HS|  |TS  0|AC  0|TAMS 0x0000000741500000, 0x0000000741500000|
|  21|0x0000000741500000, 0x0000000741600000, 0x0000000741600000|100%|HC|  |TS  0|AC  0|TAMS 0x0000000741600000, 0x0000000741600000|
|  22|0x0000000741600000, 0x0000000741700000, 0x0000000741700000|100%|HC|  |TS  0|AC  0|TAMS 0x0000000741700000, 0x0000000741700000|
|  23|0x0000000741700000, 0x0000000741800000, 0x0000000741800000|100%|HS|  |TS  0|AC  0|TAMS 0x0000000741800000, 0x0000000741800000|
|  24|0x0000000741800000, 0x0000000741900000, 0x0000000741900000|100%|HC|  |TS  0|AC  0|TAMS 0x0000000741900000, 0x0000000741900000|
|  25|0x0000000741900000, 0x0000000741a00000, 0x0000000741a00000|100%|HC|  |TS  0|AC  0|TAMS 0x0000000741a00000, 0x0000000741a00000|
|  26|0x0000000741a00000, 0x0000000741b00000, 0x0000000741b00000|100%|HC|  |TS  0|AC  0|TAMS 0x0000000741b00000, 0x0000000741b00000|
|  27|0x0000000741b00000, 0x0000000741c00000, 0x0000000741c00000|100%|HC|  |TS  0|AC  0|TAMS 0x0000000741c00000, 0x0000000741c00000|
|  28|0x0000000741c00000, 0x0000000741d00000, 0x0000000741d00000|100%|HC|  |TS  0|AC  0|TAMS 0x0000000741d00000, 0x0000000741d00000|
|  29|0x0000000741d00000, 0x0000000741e00000, 0x0000000741e00000|100%|HC|  |TS  0|AC  0|TAMS 0x0000000741e00000, 0x0000000741e00000|
|  30|0x0000000741e00000, 0x0000000741f00000, 0x0000000741f00000|100%|HC|  |TS  0|AC  0|TAMS 0x0000000741f00000, 0x0000000741f00000|
|  31|0x0000000741f00000, 0x0000000742000000, 0x0000000742000000|100%|HC|  |TS  0|AC  0|TAMS 0x0000000742000000, 0x0000000742000000|
|  32|0x0000000742000000, 0x0000000742100000, 0x0000000742100000|100%|HC|  |TS  0|AC  0|TAMS 0x0000000742100000, 0x0000000742100000|
|  33|0x0000000742100000, 0x0000000742200000, 0x0000000742200000|100%|HC|  |TS  0|AC  0|TAMS 0x0000000742200000, 0x0000000742200000|
|  34|0x0000000742200000, 0x0000000742300000, 0x0000000742300000|100%|HC|  |TS  0|AC  0|TAMS 0x0000000742300000, 0x0000000742300000|
|  35|0x0000000742300000, 0x0000000742400000, 0x0000000742400000|100%|HC|  |TS  0|AC  0|TAMS 0x0000000742400000, 0x0000000742400000|
|  36|0x0000000742400000, 0x0000000742500000, 0x0000000742500000|100%|HC|  |TS  0|AC  0|TAMS 0x0000000742500000, 0x0000000742500000|
|  37|0x0000000742500000, 0x0000000742600000, 0x0000000742600000|100%|HC|  |TS  0|AC  0|TAMS 0x0000000742600000, 0x0000000742600000|
|  38|0x0000000742600000, 0x0000000742700000, 0x0000000742700000|100%|HC|  |TS  0|AC  0|TAMS 0x0000000742700000, 0x0000000742700000|
|  39|0x0000000742700000, 0x0000000742800000, 0x0000000742800000|100%|HC|  |TS  0|AC  0|TAMS 0x0000000742800000, 0x0000000742800000|
|  40|0x0000000742800000, 0x0000000742900000, 0x0000000742900000|100%|HC|  |TS  0|AC  0|TAMS 0x0000000742900000, 0x0000000742900000|
|  41|0x0000000742900000, 0x0000000742a00000, 0x0000000742a00000|100%|HC|  |TS  0|AC  0|TAMS 0x0000000742a00000, 0x0000000742a00000|
|  42|0x0000000742a00000, 0x0000000742b00000, 0x0000000742b00000|100%|HC|  |TS  0|AC  0|TAMS 0x0000000742b00000, 0x0000000742b00000|
|  43|0x0000000742b00000, 0x0000000742c00000, 0x0000000742c00000|100%|HC|  |TS  0|AC  0|TAMS 0x0000000742c00000, 0x0000000742c00000|
|  44|0x0000000742c00000, 0x0000000742d00000, 0x0000000742d00000|100%|HC|  |TS  0|AC  0|TAMS 0x0000000742d00000, 0x0000000742d00000|
|  45|0x0000000742d00000, 0x0000000742e00000, 0x0000000742e00000|100%|HC|  |TS  0|AC  0|TAMS 0x0000000742e00000, 0x0000000742e00000|
|  46|0x0000000742e00000, 0x0000000742f00000, 0x0000000742f00000|100%|HC|  |TS  0|AC  0|TAMS 0x0000000742f00000, 0x0000000742f00000|
|  47|0x0000000742f00000, 0x0000000743000000, 0x0000000743000000|100%|HC|  |TS  0|AC  0|TAMS 0x0000000743000000, 0x0000000743000000|
|  48|0x0000000743000000, 0x0000000743100000, 0x0000000743100000|100%|HC|  |TS  0|AC  0|TAMS 0x0000000743100000, 0x0000000743100000|
|  49|0x0000000743100000, 0x0000000743200000, 0x0000000743200000|100%|HC|  |TS  0|AC  0|TAMS 0x0000000743200000, 0x0000000743200000|
|  50|0x0000000743200000, 0x0000000743300000, 0x0000000743300000|100%|HC|  |TS  0|AC  0|TAMS 0x0000000743300000, 0x0000000743300000|
|  51|0x0000000743300000, 0x0000000743400000, 0x0000000743400000|100%|HC|  |TS  0|AC  0|TAMS 0x0000000743400000, 0x0000000743400000|
|  52|0x0000000743400000, 0x0000000743500000, 0x0000000743500000|100%|HC|  |TS  0|AC  0|TAMS 0x0000000743500000, 0x0000000743500000|
|  53|0x0000000743500000, 0x0000000743600000, 0x0000000743600000|100%|HC|  |TS  0|AC  0|TAMS 0x0000000743600000, 0x0000000743600000|
|  54|0x0000000743600000, 0x0000000743700000, 0x0000000743700000|100%|HC|  |TS  0|AC  0|TAMS 0x0000000743700000, 0x0000000743700000|
|  55|0x0000000743700000, 0x0000000743800000, 0x0000000743800000|100%|HC|  |TS  0|AC  0|TAMS 0x0000000743800000, 0x0000000743800000|
|  56|0x0000000743800000, 0x0000000743900000, 0x0000000743900000|100%|HC|  |TS  0|AC  0|TAMS 0x0000000743900000, 0x0000000743900000|
|  57|0x0000000743900000, 0x0000000743a00000, 0x0000000743a00000|100%|HC|  |TS  0|AC  0|TAMS 0x0000000743a00000, 0x0000000743a00000|
|  58|0x0000000743a00000, 0x0000000743b00000, 0x0000000743b00000|100%|HC|  |TS  0|AC  0|TAMS 0x0000000743b00000, 0x0000000743b00000|
|  59|0x0000000743b00000, 0x0000000743c00000, 0x0000000743c00000|100%|HC|  |TS  0|AC  0|TAMS 0x0000000743c00000, 0x0000000743c00000|
|  60|0x0000000743c00000, 0x0000000743d00000, 0x0000000743d00000|100%|HC|  |TS  0|AC  0|TAMS 0x0000000743d00000, 0x0000000743d00000|
|  61|0x0000000743d00000, 0x0000000743e00000, 0x0000000743e00000|100%|HC|  |TS  0|AC  0|TAMS 0x0000000743e00000, 0x0000000743e00000|
|  62|0x0000000743e00000, 0x0000000743f00000, 0x0000000743f00000|100%|HC|  |TS  0|AC  0|TAMS 0x0000000743f00000, 0x0000000743f00000|
|  63|0x0000000743f00000, 0x0000000744000000, 0x0000000744000000|100%|HC|  |TS  0|AC  0|TAMS 0x0000000744000000, 0x0000000744000000|
|  64|0x0000000744000000, 0x0000000744100000, 0x0000000744100000|100%|HC|  |TS  0|AC  0|TAMS 0x0000000744100000, 0x0000000744100000|
|  65|0x0000000744100000, 0x0000000744200000, 0x0000000744200000|100%|HC|  |TS  0|AC  0|TAMS 0x0000000744200000, 0x0000000744200000|
|  66|0x0000000744200000, 0x0000000744300000, 0x0000000744300000|100%|HC|  |TS  0|AC  0|TAMS 0x0000000744300000, 0x0000000744300000|
|  67|0x0000000744300000, 0x0000000744400000, 0x0000000744400000|100%|HC|  |TS  0|AC  0|TAMS 0x0000000744400000, 0x0000000744400000|
|  68|0x0000000744400000, 0x0000000744500000, 0x0000000744500000|100%|HC|  |TS  0|AC  0|TAMS 0x0000000744500000, 0x0000000744500000|
|  69|0x0000000744500000, 0x0000000744600000, 0x0000000744600000|100%|HC|  |TS  0|AC  0|TAMS 0x0000000744600000, 0x0000000744600000|
|  70|0x0000000744600000, 0x0000000744700000, 0x0000000744700000|100%|HC|  |TS  0|AC  0|TAMS 0x0000000744700000, 0x0000000744700000|
|  71|0x0000000744700000, 0x0000000744800000, 0x0000000744800000|100%|HC|  |TS  0|AC  0|TAMS 0x0000000744800000, 0x0000000744800000|
|  72|0x0000000744800000, 0x0000000744900000, 0x0000000744900000|100%|HC|  |TS  0|AC  0|TAMS 0x0000000744900000, 0x0000000744900000|
|  73|0x0000000744900000, 0x0000000744a00000, 0x0000000744a00000|100%|HC|  |TS  0|AC  0|TAMS 0x0000000744a00000, 0x0000000744a00000|
|  74|0x0000000744a00000, 0x0000000744b00000, 0x0000000744b00000|100%|HC|  |TS  0|AC  0|TAMS 0x0000000744b00000, 0x0000000744b00000|
|  75|0x0000000744b00000, 0x0000000744c00000, 0x0000000744c00000|100%|HC|  |TS  0|AC  0|TAMS 0x0000000744c00000, 0x0000000744c00000|
|  76|0x0000000744c00000, 0x0000000744d00000, 0x0000000744d00000|100%|HC|  |TS  0|AC  0|TAMS 0x0000000744d00000, 0x0000000744d00000|
|  77|0x0000000744d00000, 0x0000000744e00000, 0x0000000744e00000|100%|HC|  |TS  0|AC  0|TAMS 0x0000000744e00000, 0x0000000744e00000|
|  78|0x0000000744e00000, 0x0000000744f00000, 0x0000000744f00000|100%|HC|  |TS  0|AC  0|TAMS 0x0000000744f00000, 0x0000000744f00000|
|  79|0x0000000744f00000, 0x0000000745000000, 0x0000000745000000|100%|HC|  |TS  0|AC  0|TAMS 0x0000000745000000, 0x0000000745000000|
|  80|0x0000000745000000, 0x0000000745100000, 0x0000000745100000|100%|HS|  |TS  0|AC  0|TAMS 0x0000000745100000, 0x0000000745100000|
|  81|0x0000000745100000, 0x0000000745200000, 0x0000000745200000|100%|HC|  |TS  0|AC  0|TAMS 0x0000000745200000, 0x0000000745200000|
|  82|0x0000000745200000, 0x0000000745300000, 0x0000000745300000|100%|HC|  |TS  0|AC  0|TAMS 0x0000000745300000, 0x0000000745300000|
|  83|0x0000000745300000, 0x0000000745400000, 0x0000000745400000|100%|HC|  |TS  0|AC  0|TAMS 0x0000000745400000, 0x0000000745400000|
|  84|0x0000000745400000, 0x0000000745500000, 0x0000000745500000|100%|HC|  |TS  0|AC  0|TAMS 0x0000000745500000, 0x0000000745500000|
|  85|0x0000000745500000, 0x0000000745600000, 0x0000000745600000|100%|HC|  |TS  0|AC  0|TAMS 0x0000000745600000, 0x0000000745600000|
|  86|0x0000000745600000, 0x0000000745700000, 0x0000000745700000|100%|HS|  |TS  0|AC  0|TAMS 0x0000000745700000, 0x0000000745700000|
|  87|0x0000000745700000, 0x0000000745800000, 0x0000000745800000|100%|HC|  |TS  0|AC  0|TAMS 0x0000000745800000, 0x0000000745800000|
|  88|0x0000000745800000, 0x0000000745900000, 0x0000000745900000|100%|HC|  |TS  0|AC  0|TAMS 0x0000000745900000, 0x0000000745900000|
|  89|0x0000000745900000, 0x0000000745a00000, 0x0000000745a00000|100%|HS|  |TS  0|AC  0|TAMS 0x0000000745a00000, 0x0000000745a00000|
|  90|0x0000000745a00000, 0x0000000745b00000, 0x0000000745b00000|100%|HC|  |TS  0|AC  0|TAMS 0x0000000745b00000, 0x0000000745b00000|
|  91|0x0000000745b00000, 0x0000000745c00000, 0x0000000745c00000|100%|HC|  |TS  0|AC  0|TAMS 0x0000000745c00000, 0x0000000745c00000|
|  92|0x0000000745c00000, 0x0000000745d00000, 0x0000000745d00000|100%|HC|  |TS  0|AC  0|TAMS 0x0000000745d00000, 0x0000000745d00000|
|  93|0x0000000745d00000, 0x0000000745e00000, 0x0000000745e00000|100%|HS|  |TS  0|AC  0|TAMS 0x0000000745e00000, 0x0000000745e00000|
|  94|0x0000000745e00000, 0x0000000745f00000, 0x0000000745f00000|100%|HC|  |TS  0|AC  0|TAMS 0x0000000745f00000, 0x0000000745f00000|
|  95|0x0000000745f00000, 0x0000000746000000, 0x0000000746000000|100%|HC|  |TS  0|AC  0|TAMS 0x0000000746000000, 0x0000000746000000|
|  96|0x0000000746000000, 0x0000000746100000, 0x0000000746100000|100%|HS|  |TS  0|AC  0|TAMS 0x0000000746100000, 0x0000000746100000|
|  97|0x0000000746100000, 0x0000000746200000, 0x0000000746200000|100%|HC|  |TS  0|AC  0|TAMS 0x0000000746200000, 0x0000000746200000|
|  98|0x0000000746200000, 0x0000000746300000, 0x0000000746300000|100%|HC|  |TS  0|AC  0|TAMS 0x0000000746300000, 0x0000000746300000|
|  99|0x0000000746300000, 0x0000000746400000, 0x0000000746400000|100%|HC|  |TS  0|AC  0|TAMS 0x0000000746400000, 0x0000000746400000|
| 100|0x0000000746400000, 0x0000000746500000, 0x0000000746500000|100%|HS|  |TS  0|AC  0|TAMS 0x0000000746400000, 0x0000000746400000|
| 101|0x0000000746500000, 0x0000000746600000, 0x0000000746600000|100%|HC|  |TS  0|AC  0|TAMS 0x0000000746500000, 0x0000000746500000|
| 102|0x0000000746600000, 0x0000000746600000, 0x0000000746700000|  0%| F|  |TS  0|AC  0|TAMS 0x0000000746600000, 0x0000000746600000|
| 103|0x0000000746700000, 0x0000000746700000, 0x0000000746800000|  0%| F|  |TS  0|AC  0|TAMS 0x0000000746700000, 0x0000000746700000|
| 104|0x0000000746800000, 0x0000000746800000, 0x0000000746900000|  0%| F|  |TS  0|AC  0|TAMS 0x0000000746800000, 0x0000000746800000|
| 105|0x0000000746900000, 0x0000000746900000, 0x0000000746a00000|  0%| F|  |TS  0|AC  0|TAMS 0x0000000746900000, 0x0000000746900000|
| 106|0x0000000746a00000, 0x0000000746a00000, 0x0000000746b00000|  0%| F|  |TS  0|AC  0|TAMS 0x0000000746a00000, 0x0000000746a00000|
| 107|0x0000000746b00000, 0x0000000746b00000, 0x0000000746c00000|  0%| F|  |TS  0|AC  0|TAMS 0x0000000746b00000, 0x0000000746b00000|
| 108|0x0000000746c00000, 0x0000000746c00000, 0x0000000746d00000|  0%| F|  |TS  0|AC  0|TAMS 0x0000000746c00000, 0x0000000746c00000|
| 109|0x0000000746d00000, 0x0000000746d00000, 0x0000000746e00000|  0%| F|  |TS  0|AC  0|TAMS 0x0000000746d00000, 0x0000000746d00000|
| 110|0x0000000746e00000, 0x0000000746e00000, 0x0000000746f00000|  0%| F|  |TS  0|AC  0|TAMS 0x0000000746e00000, 0x0000000746e00000|
| 111|0x0000000746f00000, 0x0000000746f00000, 0x0000000747000000|  0%| F|  |TS  0|AC  0|TAMS 0x0000000746f00000, 0x0000000746f00000|
| 112|0x0000000747000000, 0x0000000747000000, 0x0000000747100000|  0%| F|  |TS  0|AC  0|TAMS 0x0000000747000000, 0x0000000747000000|
| 113|0x0000000747100000, 0x0000000747100000, 0x0000000747200000|  0%| F|  |TS  0|AC  0|TAMS 0x0000000747100000, 0x0000000747100000|
| 114|0x0000000747200000, 0x0000000747200000, 0x0000000747300000|  0%| F|  |TS  0|AC  0|TAMS 0x0000000747200000, 0x0000000747200000|
| 115|0x0000000747300000, 0x0000000747300000, 0x0000000747400000|  0%| F|  |TS  0|AC  0|TAMS 0x0000000747300000, 0x0000000747300000|
| 116|0x0000000747400000, 0x0000000747400000, 0x0000000747500000|  0%| F|  |TS  0|AC  0|TAMS 0x0000000747400000, 0x0000000747400000|
| 117|0x0000000747500000, 0x0000000747500000, 0x0000000747600000|  0%| F|  |TS  0|AC  0|TAMS 0x0000000747500000, 0x0000000747500000|
| 118|0x0000000747600000, 0x0000000747600000, 0x0000000747700000|  0%| F|  |TS  0|AC  0|TAMS 0x0000000747600000, 0x0000000747600000|
| 119|0x0000000747700000, 0x0000000747700000, 0x0000000747800000|  0%| F|  |TS  0|AC  0|TAMS 0x0000000747700000, 0x0000000747700000|
| 120|0x0000000747800000, 0x0000000747800000, 0x0000000747900000|  0%| F|  |TS  0|AC  0|TAMS 0x0000000747800000, 0x0000000747800000|
| 121|0x0000000747900000, 0x0000000747900000, 0x0000000747a00000|  0%| F|  |TS  0|AC  0|TAMS 0x0000000747900000, 0x0000000747900000|
| 122|0x0000000747a00000, 0x0000000747a00000, 0x0000000747b00000|  0%| F|  |TS  0|AC  0|TAMS 0x0000000747a00000, 0x0000000747a00000|
| 123|0x0000000747b00000, 0x0000000747b00000, 0x0000000747c00000|  0%| F|  |TS  0|AC  0|TAMS 0x0000000747b00000, 0x0000000747b00000|
| 124|0x0000000747c00000, 0x0000000747c52f70, 0x0000000747d00000| 32%| E|  |TS  0|AC  0|TAMS 0x0000000747c00000, 0x0000000747c00000|
| 125|0x0000000747d00000, 0x0000000747e00000, 0x0000000747e00000|100%| E|CS|TS  0|AC  0|TAMS 0x0000000747d00000, 0x0000000747d00000|
| 126|0x0000000747e00000, 0x0000000747f00000, 0x0000000747f00000|100%| E|CS|TS  0|AC  0|TAMS 0x0000000747e00000, 0x0000000747e00000|
| 127|0x0000000747f00000, 0x0000000748000000, 0x0000000748000000|100%| E|CS|TS  0|AC  0|TAMS 0x0000000747f00000, 0x0000000747f00000|
| 128|0x0000000748000000, 0x0000000748100000, 0x0000000748100000|100%| E|CS|TS  0|AC  0|TAMS 0x0000000748000000, 0x0000000748000000|
| 129|0x0000000748100000, 0x00000007481c8290, 0x0000000748200000| 78%| S|CS|TS  0|AC  0|TAMS 0x0000000748100000, 0x0000000748100000|
| 130|0x0000000748200000, 0x0000000748300000, 0x0000000748300000|100%| E|CS|TS  0|AC  0|TAMS 0x0000000748200000, 0x0000000748200000|

Card table byte_map: [0x000000012bb0c000,0x000000012bf0c000] byte_map_base: 0x000000012810c000

Marking Bits (Prev, Next): (CMBitMap*) 0x00007fb77f013270, (CMBitMap*) 0x00007fb77f0132a8
 Prev Bits: [0x000000012c30c000, 0x000000012e30c000)
 Next Bits: [0x000000012e30c000, 0x000000013030c000)

Polling page: 0x0000000110c7e000

CodeHeap 'non-profiled nmethods': size=120032Kb used=1432Kb max_used=1432Kb free=118599Kb
 bounds [0x0000000123cd4000, 0x0000000123f44000, 0x000000012b20c000]
CodeHeap 'profiled nmethods': size=120032Kb used=6993Kb max_used=6993Kb free=113039Kb
 bounds [0x000000011c79c000, 0x000000011ce7c000, 0x0000000123cd4000]
CodeHeap 'non-nmethods': size=5696Kb used=1467Kb max_used=1517Kb free=4228Kb
 bounds [0x000000011c20c000, 0x000000011c47c000, 0x000000011c79c000]
 total_blobs=4825 nmethods=3417 adapters=695
 compilation: enabled

Compilation events (10 events):
Event: 33.274 Thread 0x00007fb77f081000 3411       1       com.sun.prism.impl.BaseGraphics::setExtraAlpha (6 bytes)
Event: 33.274 Thread 0x00007fb77f081000 nmethod 3411 0x0000000123e39c90 code [0x0000000123e39e40, 0x0000000123e39f50]
Event: 33.282 Thread 0x00007fb77f081000 3412       3       javafx.scene.layout.Region::getSnapScaleX (8 bytes)
Event: 33.283 Thread 0x00007fb77f081000 nmethod 3412 0x000000011ce6c010 code [0x000000011ce6c260, 0x000000011ce6cce8]
Event: 33.283 Thread 0x00007fb77f081000 3413       3       javafx.scene.layout.Region::getSnapScaleY (8 bytes)
Event: 33.283 Thread 0x00007fb77f081000 nmethod 3413 0x000000011ce6cf90 code [0x000000011ce6d1e0, 0x000000011ce6dc68]
Event: 33.283 Thread 0x00007fb77f081000 3414       3       javafx.scene.layout.Region::snapPosition (14 bytes)
Event: 33.284 Thread 0x00007fb77f081000 nmethod 3414 0x000000011ce6df10 code [0x000000011ce6e0c0, 0x000000011ce6e2e8]
Event: 33.869 Thread 0x00007fb77f081000 3416       3       javafx.scene.Node::wouldCreateCycle (76 bytes)
Event: 33.869 Thread 0x00007fb77f080000 3417       4       com.sun.javafx.css.StyleClassSet::getIndex (9 bytes)

GC Heap History (10 events):
Event: 31.157 GC heap before
{Heap before GC invocations=15 (full 0):
 garbage-first heap   total 134144K, used 111833K [0x0000000740000000, 0x0000000740100418, 0x00000007c0000000)
  region size 1024K, 27 young (27648K), 1 survivors (1024K)
 Metaspace       used 25554K, capacity 27732K, committed 27776K, reserved 1073152K
  class space    used 3298K, capacity 3696K, committed 3712K, reserved 1048576K
}
Event: 31.162 GC heap after
{Heap after GC invocations=16 (full 0):
 garbage-first heap   total 134144K, used 85209K [0x0000000740000000, 0x0000000740100418, 0x00000007c0000000)
  region size 1024K, 1 young (1024K), 1 survivors (1024K)
 Metaspace       used 25554K, capacity 27732K, committed 27776K, reserved 1073152K
  class space    used 3298K, capacity 3696K, committed 3712K, reserved 1048576K
}
Event: 32.438 GC heap before
{Heap before GC invocations=17 (full 0):
 garbage-first heap   total 134144K, used 92377K [0x0000000740000000, 0x0000000740100418, 0x00000007c0000000)
  region size 1024K, 9 young (9216K), 1 survivors (1024K)
 Metaspace       used 25555K, capacity 27732K, committed 27776K, reserved 1073152K
  class space    used 3298K, capacity 3696K, committed 3712K, reserved 1048576K
}
Event: 32.440 GC heap after
{Heap after GC invocations=18 (full 0):
 garbage-first heap   total 134144K, used 85233K [0x0000000740000000, 0x0000000740100418, 0x00000007c0000000)
  region size 1024K, 2 young (2048K), 2 survivors (2048K)
 Metaspace       used 25555K, capacity 27732K, committed 27776K, reserved 1073152K
  class space    used 3298K, capacity 3696K, committed 3712K, reserved 1048576K
}
Event: 32.472 GC heap before
{Heap before GC invocations=19 (full 0):
 garbage-first heap   total 134144K, used 92401K [0x0000000740000000, 0x0000000740100418, 0x00000007c0000000)
  region size 1024K, 3 young (3072K), 2 survivors (2048K)
 Metaspace       used 25556K, capacity 27732K, committed 27776K, reserved 1073152K
  class space    used 3298K, capacity 3696K, committed 3712K, reserved 1048576K
}
Event: 32.475 GC heap after
{Heap after GC invocations=20 (full 0):
 garbage-first heap   total 134144K, used 92402K [0x0000000740000000, 0x0000000740100418, 0x00000007c0000000)
  region size 1024K, 2 young (2048K), 2 survivors (2048K)
 Metaspace       used 25556K, capacity 27732K, committed 27776K, reserved 1073152K
  class space    used 3298K, capacity 3696K, committed 3712K, reserved 1048576K
}
Event: 32.507 GC heap before
{Heap before GC invocations=21 (full 0):
 garbage-first heap   total 134144K, used 97522K [0x0000000740000000, 0x0000000740100418, 0x00000007c0000000)
  region size 1024K, 3 young (3072K), 2 survivors (2048K)
 Metaspace       used 25569K, capacity 27764K, committed 27904K, reserved 1073152K
  class space    used 3299K, capacity 3728K, committed 3840K, reserved 1048576K
}
Event: 32.508 GC heap after
{Heap after GC invocations=22 (full 0):
 garbage-first heap   total 134144K, used 98213K [0x0000000740000000, 0x0000000740100418, 0x00000007c0000000)
  region size 1024K, 2 young (2048K), 2 survivors (2048K)
 Metaspace       used 25569K, capacity 27764K, committed 27904K, reserved 1073152K
  class space    used 3299K, capacity 3728K, committed 3840K, reserved 1048576K
}
Event: 32.550 GC heap before
{Heap before GC invocations=23 (full 0):
 garbage-first heap   total 134144K, used 102309K [0x0000000740000000, 0x0000000740100418, 0x00000007c0000000)
  region size 1024K, 3 young (3072K), 2 survivors (2048K)
 Metaspace       used 25578K, capacity 27764K, committed 27904K, reserved 1073152K
  class space    used 3300K, capacity 3728K, committed 3840K, reserved 1048576K
}
Event: 32.553 GC heap after
{Heap after GC invocations=24 (full 0):
 garbage-first heap   total 134144K, used 102375K [0x0000000740000000, 0x0000000740100418, 0x00000007c0000000)
  region size 1024K, 1 young (1024K), 1 survivors (1024K)
 Metaspace       used 25578K, capacity 27764K, committed 27904K, reserved 1073152K
  class space    used 3300K, capacity 3728K, committed 3840K, reserved 1048576K
}

Deoptimization events (10 events):
Event: 3.892 Thread 0x00007fb77e121800 Uncommon trap: reason=class_check action=maybe_recompile pc=0x0000000123d7fee8 method=com.sun.javafx.geom.Path2D$TxIterator.currentSegment([F)I @ 40 c2
Event: 3.894 Thread 0x00007fb77e121800 Uncommon trap: reason=class_check action=maybe_recompile pc=0x0000000123d7fee8 method=com.sun.javafx.geom.Path2D$TxIterator.currentSegment([F)I @ 40 c2
Event: 3.894 Thread 0x00007fb77e121800 Uncommon trap: reason=class_check action=maybe_recompile pc=0x0000000123d7fee8 method=com.sun.javafx.geom.Path2D$TxIterator.currentSegment([F)I @ 40 c2
Event: 11.006 Thread 0x00007fb77e121800 Uncommon trap: reason=unstable_if action=reinterpret pc=0x0000000123d0f880 method=com.sun.javafx.image.impl.ByteBgra$ToByteBgraPreConv.doConvert([BII[BIIII)V @ 31 c2
Event: 11.009 Thread 0x00007fb77e121800 Uncommon trap: reason=unstable_if action=reinterpret pc=0x0000000123d10c38 method=com.sun.javafx.image.impl.BaseByteToByteConverter$FourByteReorderer.doConvert([BII[BIIII)V @ 31 c2
Event: 11.618 Thread 0x00007fb77e121800 Uncommon trap: reason=unstable_if action=reinterpret pc=0x0000000123d2074c method=java.lang.AbstractStringBuilder.putStringAt(ILjava/lang/String;)V @ 8 c2
Event: 11.618 Thread 0x00007fb77e121800 Uncommon trap: reason=unstable_if action=reinterpret pc=0x0000000123d1edd4 method=java.lang.AbstractStringBuilder.putStringAt(ILjava/lang/String;)V @ 8 c2
Event: 11.618 Thread 0x00007fb77e121800 Uncommon trap: reason=unstable_if action=reinterpret pc=0x0000000123d03964 method=java.lang.String.getBytes([BIB)V @ 5 c2
Event: 11.618 Thread 0x00007fb77e121800 Uncommon trap: reason=unstable_if action=reinterpret pc=0x0000000123d21150 method=java.lang.StringBuilder.toString()Ljava/lang/String; @ 4 c2
Event: 11.646 Thread 0x00007fb77e121800 Uncommon trap: reason=unstable_if action=reinterpret pc=0x0000000123e0682c method=com.sun.prism.Image.getPixelAccessor()Lcom/sun/prism/Image$Accessor; @ 4 c2

Classes redefined (0 events):
No events

Internal exceptions (10 events):
Event: 5.964 Thread 0x00007fb77e121800 Exception <a 'java/lang/NoSuchMethodError'{0x0000000747f8d858}: method resolution failed> (0x0000000747f8d858) thrown at [/scratch/mesos/slaves/450fa0f5-8733-43f8-b866-79fe3e86d200-S756/frameworks/1735e8a2-a1db-478c-8104-60c8b0af87dd-0196/executors/132405
Event: 5.964 Thread 0x00007fb77e121800 Exception <a 'java/lang/NoSuchMethodError'{0x0000000747f950e8}: java.lang.invoke.DirectMethodHandle$Holder.invokeStatic(Ljava/lang/Object;Ljava/lang/Object;Ljava/lang/Object;IIIII)Ljava/lang/Object;> (0x0000000747f950e8) thrown at [/scratch/mesos/slaves/4
Event: 5.964 Thread 0x00007fb77e121800 Exception <a 'java/lang/NoSuchMethodError'{0x0000000747f98a70}: method resolution failed> (0x0000000747f98a70) thrown at [/scratch/mesos/slaves/450fa0f5-8733-43f8-b866-79fe3e86d200-S756/frameworks/1735e8a2-a1db-478c-8104-60c8b0af87dd-0196/executors/132405
Event: 6.063 Thread 0x00007fb77e121800 Exception <a 'java/lang/NoSuchMethodError'{0x0000000747dec8c8}: java.lang.invoke.DirectMethodHandle$Holder.invokeStaticInit(Ljava/lang/Object;Ljava/lang/Object;Ljava/lang/Object;)Ljava/lang/Object;> (0x0000000747dec8c8) thrown at [/scratch/mesos/slaves/45
Event: 6.065 Thread 0x00007fb77f914800 Exception <a 'java/lang/NoSuchMethodError'{0x0000000747c07cc0}: method resolution failed> (0x0000000747c07cc0) thrown at [/scratch/mesos/slaves/450fa0f5-8733-43f8-b866-79fe3e86d200-S756/frameworks/1735e8a2-a1db-478c-8104-60c8b0af87dd-0196/executors/132405
Event: 6.075 Thread 0x00007fb77e121800 Exception <a 'java/io/FileNotFoundException'{0x0000000747c72640}> (0x0000000747c72640) thrown at [/scratch/mesos/slaves/450fa0f5-8733-43f8-b866-79fe3e86d200-S756/frameworks/1735e8a2-a1db-478c-8104-60c8b0af87dd-0196/executors/132405fd-871a-46c3-bcb1-9693a1
Event: 10.914 Thread 0x00007fb77e121800 Exception <a 'java/io/FileNotFoundException'{0x00000007458ed0a8}> (0x00000007458ed0a8) thrown at [/scratch/mesos/slaves/450fa0f5-8733-43f8-b866-79fe3e86d200-S756/frameworks/1735e8a2-a1db-478c-8104-60c8b0af87dd-0196/executors/132405fd-871a-46c3-bcb1-9693a1
Event: 11.618 Thread 0x00007fb77e121800 Exception <a 'java/lang/NoSuchMethodError'{0x0000000747fa04f0}: java.lang.Object.lambda$negate$3(I)Z> (0x0000000747fa04f0) thrown at [/scratch/mesos/slaves/450fa0f5-8733-43f8-b866-79fe3e86d200-S756/frameworks/1735e8a2-a1db-478c-8104-60c8b0af87dd-0196/exec
Event: 11.618 Thread 0x00007fb77e121800 Exception <a 'java/lang/NoSuchMethodError'{0x0000000747fa3148}: java.lang.Object.lambda$and$0(Ljava/util/regex/Pattern$CharPredicate;I)Z> (0x0000000747fa3148) thrown at [/scratch/mesos/slaves/450fa0f5-8733-43f8-b866-79fe3e86d200-S756/frameworks/1735e8a2-a
Event: 11.622 Thread 0x00007fb77e121800 Exception <a 'java/io/FileNotFoundException'{0x0000000747fc9f98}> (0x0000000747fc9f98) thrown at [/scratch/mesos/slaves/450fa0f5-8733-43f8-b866-79fe3e86d200-S756/frameworks/1735e8a2-a1db-478c-8104-60c8b0af87dd-0196/executors/132405fd-871a-46c3-bcb1-9693a1

Events (10 events):
Event: 33.791 Thread 0x00007fb782000000 Thread added: 0x00007fb782000000
Event: 33.791 Thread 0x00007fb782000000 Thread exited: 0x00007fb782000000
Event: 33.791 Thread 0x00007fb782000000 Thread added: 0x00007fb782000000
Event: 33.791 Thread 0x00007fb782000000 Thread exited: 0x00007fb782000000
Event: 33.791 Thread 0x00007fb782000000 Thread added: 0x00007fb782000000
Event: 33.791 Thread 0x00007fb782000000 Thread exited: 0x00007fb782000000
Event: 33.838 Thread 0x00007fb782000000 Thread added: 0x00007fb782000000
Event: 33.838 Thread 0x00007fb782000000 Thread exited: 0x00007fb782000000
Event: 33.838 Thread 0x00007fb782000000 Thread added: 0x00007fb782000000
Event: 33.838 Thread 0x00007fb782000000 Thread exited: 0x00007fb782000000


Dynamic libraries:
0x00007fff7b691000 	/System/Library/Frameworks/Cocoa.framework/Versions/A/Cocoa
0x00007fff81f34000 	/System/Library/Frameworks/Security.framework/Versions/A/Security
0x00007fff7a54a000 	/System/Library/Frameworks/ApplicationServices.framework/Versions/A/ApplicationServices
0x00007fff91338000 	/usr/lib/libz.1.dylib
0x00007fff8fe8b000 	/usr/lib/libSystem.B.dylib
0x00007fff7bc27000 	/System/Library/Frameworks/CoreFoundation.framework/Versions/A/CoreFoundation
0x00007fff7d69f000 	/System/Library/Frameworks/Foundation.framework/Versions/C/Foundation
0x00007fff90b39000 	/usr/lib/libobjc.A.dylib
0x00007fff7975f000 	/System/Library/Frameworks/AppKit.framework/Versions/C/AppKit
0x00007fff7b87d000 	/System/Library/Frameworks/CoreData.framework/Versions/A/CoreData
0x00007fff8c910000 	/System/Library/PrivateFrameworks/RemoteViewServices.framework/Versions/A/RemoteViewServices
0x00007fff8e8fb000 	/System/Library/PrivateFrameworks/UIFoundation.framework/Versions/A/UIFoundation
0x00007fff87cb5000 	/System/Library/PrivateFrameworks/DFRFoundation.framework/Versions/A/DFRFoundation
0x00007fff9047c000 	/usr/lib/libenergytrace.dylib
0x00007fff8d73d000 	/System/Library/PrivateFrameworks/SkyLight.framework/Versions/A/SkyLight
0x00007fff7c0c1000 	/System/Library/Frameworks/CoreGraphics.framework/Versions/A/CoreGraphics
0x00007fff8fe86000 	/usr/lib/libScreenReader.dylib
0x00007fff78781000 	/System/Library/Frameworks/Accelerate.framework/Versions/A/Accelerate
0x00007fff7dc9d000 	/System/Library/Frameworks/IOSurface.framework/Versions/A/IOSurface
0x00007fff7aa6d000 	/System/Library/Frameworks/AudioToolbox.framework/Versions/A/AudioToolbox
0x00007fff7ac7a000 	/System/Library/Frameworks/AudioUnit.framework/Versions/A/AudioUnit
0x00007fff87cfa000 	/System/Library/PrivateFrameworks/DataDetectorsCore.framework/Versions/A/DataDetectorsCore
0x00007fff87deb000 	/System/Library/PrivateFrameworks/DesktopServicesPriv.framework/Versions/A/DesktopServicesPriv
0x00007fff7b1de000 	/System/Library/Frameworks/Carbon.framework/Versions/A/Frameworks/HIToolbox.framework/Versions/A/HIToolbox
0x00007fff90585000 	/usr/lib/libicucore.A.dylib
0x00007fff817cc000 	/System/Library/Frameworks/QuartzCore.framework/Versions/A/QuartzCore
0x00007fff7b5aa000 	/System/Library/Frameworks/Carbon.framework/Versions/A/Frameworks/SpeechRecognition.framework/Versions/A/SpeechRecognition
0x00007fff8ffa4000 	/usr/lib/libauto.dylib
0x00007fff9121e000 	/usr/lib/libxml2.2.dylib
0x00007fff8796f000 	/System/Library/PrivateFrameworks/CoreUI.framework/Versions/A/CoreUI
0x00007fff7b7db000 	/System/Library/Frameworks/CoreAudio.framework/Versions/A/CoreAudio
0x00007fff7d508000 	/System/Library/Frameworks/DiskArbitration.framework/Versions/A/DiskArbitration
0x00007fff907b0000 	/usr/lib/liblangid.dylib
0x00007fff8b7f7000 	/System/Library/PrivateFrameworks/MultitouchSupport.framework/Versions/A/MultitouchSupport
0x00007fff7dc06000 	/System/Library/Frameworks/IOKit.framework/Versions/A/IOKit
0x00007fff8fc4c000 	/usr/lib/libDiagnosticMessagesClient.dylib
0x00007fff7caec000 	/System/Library/Frameworks/CoreServices.framework/Versions/A/CoreServices
0x00007fff8c1b4000 	/System/Library/PrivateFrameworks/PerformanceAnalysis.framework/Versions/A/PerformanceAnalysis
0x00007fff89c3d000 	/System/Library/PrivateFrameworks/GenerationalStorage.framework/Versions/A/GenerationalStorage
0x00007fff80c6c000 	/System/Library/Frameworks/OpenGL.framework/Versions/A/OpenGL
0x00007fff7c744000 	/System/Library/Frameworks/CoreImage.framework/Versions/A/CoreImage
0x00007fff7d215000 	/System/Library/Frameworks/CoreText.framework/Versions/A/CoreText
0x00007fff7dcf6000 	/System/Library/Frameworks/ImageIO.framework/Versions/A/ImageIO
0x00007fff8552c000 	/System/Library/PrivateFrameworks/Backup.framework/Versions/A/Backup
0x00007fff8fef8000 	/usr/lib/libarchive.2.dylib
0x00007fff7ade3000 	/System/Library/Frameworks/CFNetwork.framework/Versions/A/CFNetwork
0x00007fff82661000 	/System/Library/Frameworks/SystemConfiguration.framework/Versions/A/SystemConfiguration
0x00007fff8fb93000 	/usr/lib/libCRFSuite.dylib
0x00007fff8ffc5000 	/usr/lib/libc++.1.dylib
0x00007fff9001c000 	/usr/lib/libc++abi.dylib
0x00007fff91358000 	/usr/lib/system/libcache.dylib
0x00007fff9135d000 	/usr/lib/system/libcommonCrypto.dylib
0x00007fff91368000 	/usr/lib/system/libcompiler_rt.dylib
0x00007fff91370000 	/usr/lib/system/libcopyfile.dylib
0x00007fff91379000 	/usr/lib/system/libcorecrypto.dylib
0x00007fff913fd000 	/usr/lib/system/libdispatch.dylib
0x00007fff9142f000 	/usr/lib/system/libdyld.dylib
0x00007fff91435000 	/usr/lib/system/libkeymgr.dylib
0x00007fff91443000 	/usr/lib/system/liblaunch.dylib
0x00007fff91444000 	/usr/lib/system/libmacho.dylib
0x00007fff9144a000 	/usr/lib/system/libquarantine.dylib
0x00007fff9144d000 	/usr/lib/system/libremovefile.dylib
0x00007fff9144f000 	/usr/lib/system/libsystem_asl.dylib
0x00007fff91468000 	/usr/lib/system/libsystem_blocks.dylib
0x00007fff91469000 	/usr/lib/system/libsystem_c.dylib
0x00007fff914f7000 	/usr/lib/system/libsystem_configuration.dylib
0x00007fff914fb000 	/usr/lib/system/libsystem_coreservices.dylib
0x00007fff914ff000 	/usr/lib/system/libsystem_coretls.dylib
0x00007fff91518000 	/usr/lib/system/libsystem_dnssd.dylib
0x00007fff9151f000 	/usr/lib/system/libsystem_info.dylib
0x00007fff91549000 	/usr/lib/system/libsystem_kernel.dylib
0x00007fff9156c000 	/usr/lib/system/libsystem_m.dylib
0x00007fff915b4000 	/usr/lib/system/libsystem_malloc.dylib
0x00007fff915d3000 	/usr/lib/system/libsystem_network.dylib
0x00007fff9162d000 	/usr/lib/system/libsystem_networkextension.dylib
0x00007fff91637000 	/usr/lib/system/libsystem_notify.dylib
0x00007fff91641000 	/usr/lib/system/libsystem_platform.dylib
0x00007fff9164a000 	/usr/lib/system/libsystem_pthread.dylib
0x00007fff91655000 	/usr/lib/system/libsystem_sandbox.dylib
0x00007fff91659000 	/usr/lib/system/libsystem_secinit.dylib
0x00007fff9165b000 	/usr/lib/system/libsystem_symptoms.dylib
0x00007fff91663000 	/usr/lib/system/libsystem_trace.dylib
0x00007fff91677000 	/usr/lib/system/libunwind.dylib
0x00007fff9167d000 	/usr/lib/system/libxpc.dylib
0x00007fff8ffa5000 	/usr/lib/libbsm.0.dylib
0x00007fff91436000 	/usr/lib/system/libkxld.dylib
0x00007fff9006e000 	/usr/lib/libcoretls.dylib
0x00007fff9006f000 	/usr/lib/libcoretls_cfhelpers.dylib
0x00007fff8fe85000 	/usr/lib/libOpenScriptingUtil.dylib
0x00007fff90f0e000 	/usr/lib/libpam.2.dylib
0x00007fff90fcd000 	/usr/lib/libsqlite3.dylib
0x00007fff91210000 	/usr/lib/libxar.1.dylib
0x00007fff8ffb6000 	/usr/lib/libbz2.1.0.dylib
0x00007fff907b2000 	/usr/lib/liblzma.5.dylib
0x00007fff90abe000 	/usr/lib/libnetwork.dylib
0x00007fff90f13000 	/usr/lib/libpcap.A.dylib
0x00007fff7ce4f000 	/System/Library/Frameworks/CoreServices.framework/Versions/A/Frameworks/FSEvents.framework/Versions/A/FSEvents
0x00007fff7cb3f000 	/System/Library/Frameworks/CoreServices.framework/Versions/A/Frameworks/CarbonCore.framework/Versions/A/CarbonCore
0x00007fff7cfc5000 	/System/Library/Frameworks/CoreServices.framework/Versions/A/Frameworks/Metadata.framework/Versions/A/Metadata
0x00007fff7d076000 	/System/Library/Frameworks/CoreServices.framework/Versions/A/Frameworks/OSServices.framework/Versions/A/OSServices
0x00007fff7d0d6000 	/System/Library/Frameworks/CoreServices.framework/Versions/A/Frameworks/SearchKit.framework/Versions/A/SearchKit
0x00007fff7caed000 	/System/Library/Frameworks/CoreServices.framework/Versions/A/Frameworks/AE.framework/Versions/A/AE
0x00007fff7ce58000 	/System/Library/Frameworks/CoreServices.framework/Versions/A/Frameworks/LaunchServices.framework/Versions/A/LaunchServices
0x00007fff7ce1b000 	/System/Library/Frameworks/CoreServices.framework/Versions/A/Frameworks/DictionaryServices.framework/Versions/A/DictionaryServices
0x00007fff7d147000 	/System/Library/Frameworks/CoreServices.framework/Versions/A/Frameworks/SharedFileList.framework/Versions/A/SharedFileList
0x00007fff7fe90000 	/System/Library/Frameworks/NetFS.framework/Versions/A/NetFS
0x00007fff8b8d1000 	/System/Library/PrivateFrameworks/NetAuth.framework/Versions/A/NetAuth
0x00007fff8fb3c000 	/System/Library/PrivateFrameworks/login.framework/Versions/A/Frameworks/loginsupport.framework/Versions/A/loginsupport
0x00007fff8e72d000 	/System/Library/PrivateFrameworks/TCC.framework/Versions/A/TCC
0x00007fff907e3000 	/usr/lib/libmecabra.dylib
0x00007fff7a54b000 	/System/Library/Frameworks/ApplicationServices.framework/Versions/A/Frameworks/ATS.framework/Versions/A/ATS
0x00007fff7a8ca000 	/System/Library/Frameworks/ApplicationServices.framework/Versions/A/Frameworks/ColorSync.framework/Versions/A/ColorSync
0x00007fff7a975000 	/System/Library/Frameworks/ApplicationServices.framework/Versions/A/Frameworks/HIServices.framework/Versions/A/HIServices
0x00007fff7a9c7000 	/System/Library/Frameworks/ApplicationServices.framework/Versions/A/Frameworks/LangAnalysis.framework/Versions/A/LangAnalysis
0x00007fff7a9d7000 	/System/Library/Frameworks/ApplicationServices.framework/Versions/A/Frameworks/PrintCore.framework/Versions/A/PrintCore
0x00007fff7aa25000 	/System/Library/Frameworks/ApplicationServices.framework/Versions/A/Frameworks/QD.framework/Versions/A/QD
0x00007fff7aa61000 	/System/Library/Frameworks/ApplicationServices.framework/Versions/A/Frameworks/SpeechSynthesis.framework/Versions/A/SpeechSynthesis
0x00007fff7879a000 	/System/Library/Frameworks/Accelerate.framework/Versions/A/Frameworks/vImage.framework/Versions/A/vImage
0x00007fff794a0000 	/System/Library/Frameworks/Accelerate.framework/Versions/A/Frameworks/vecLib.framework/Versions/A/vecLib
0x00007fff79265000 	/System/Library/Frameworks/Accelerate.framework/Versions/A/Frameworks/vecLib.framework/Versions/A/libvDSP.dylib
0x00007fff78e26000 	/System/Library/Frameworks/Accelerate.framework/Versions/A/Frameworks/vecLib.framework/Versions/A/libBNNS.dylib
0x00007fff79249000 	/System/Library/Frameworks/Accelerate.framework/Versions/A/Frameworks/vecLib.framework/Versions/A/libQuadrature.dylib
0x00007fff793ed000 	/System/Library/Frameworks/Accelerate.framework/Versions/A/Frameworks/vecLib.framework/Versions/A/libvMisc.dylib
0x00007fff78e3b000 	/System/Library/Frameworks/Accelerate.framework/Versions/A/Frameworks/vecLib.framework/Versions/A/libLAPACK.dylib
0x00007fff78cb4000 	/System/Library/Frameworks/Accelerate.framework/Versions/A/Frameworks/vecLib.framework/Versions/A/libBLAS.dylib
0x00007fff79232000 	/System/Library/Frameworks/Accelerate.framework/Versions/A/Frameworks/vecLib.framework/Versions/A/libLinearAlgebra.dylib
0x00007fff79250000 	/System/Library/Frameworks/Accelerate.framework/Versions/A/Frameworks/vecLib.framework/Versions/A/libSparseBLAS.dylib
0x00007fff7a653000 	/System/Library/Frameworks/ApplicationServices.framework/Versions/A/Frameworks/ATS.framework/Versions/A/Resources/libFontParser.dylib
0x00007fff7a783000 	/System/Library/Frameworks/ApplicationServices.framework/Versions/A/Frameworks/ATS.framework/Versions/A/Resources/libFontRegistry.dylib
0x00007fff7df4d000 	/System/Library/Frameworks/ImageIO.framework/Versions/A/Resources/libJPEG.dylib
0x00007fff7df9c000 	/System/Library/Frameworks/ImageIO.framework/Versions/A/Resources/libTIFF.dylib
0x00007fff7df71000 	/System/Library/Frameworks/ImageIO.framework/Versions/A/Resources/libPng.dylib
0x00007fff7de57000 	/System/Library/Frameworks/ImageIO.framework/Versions/A/Resources/libGIF.dylib
0x00007fff7de5c000 	/System/Library/Frameworks/ImageIO.framework/Versions/A/Resources/libJP2.dylib
0x00007fff7df99000 	/System/Library/Frameworks/ImageIO.framework/Versions/A/Resources/libRadiance.dylib
0x00007fff90057000 	/usr/lib/libcompression.dylib
0x00007fff8506e000 	/System/Library/PrivateFrameworks/AppleJPEG.framework/Versions/A/AppleJPEG
0x00007fff903ac000 	/usr/lib/libcups.2.dylib
0x00007fff7ed53000 	/System/Library/Frameworks/Kerberos.framework/Versions/A/Kerberos
0x00007fff7da71000 	/System/Library/Frameworks/GSS.framework/Versions/A/GSS
0x00007fff90f61000 	/usr/lib/libresolv.9.dylib
0x00007fff90492000 	/usr/lib/libiconv.2.dylib
0x00007fff8a36a000 	/System/Library/PrivateFrameworks/Heimdal.framework/Versions/A/Heimdal
0x00007fff9048c000 	/usr/lib/libheimdal-asn1.dylib
0x00007fff800e1000 	/System/Library/Frameworks/OpenDirectory.framework/Versions/A/OpenDirectory
0x00007fff86b81000 	/System/Library/PrivateFrameworks/CommonAuth.framework/Versions/A/CommonAuth
0x00007fff800c7000 	/System/Library/Frameworks/OpenDirectory.framework/Versions/A/Frameworks/CFOpenDirectory.framework/Versions/A/CFOpenDirectory
0x00007fff82237000 	/System/Library/Frameworks/SecurityFoundation.framework/Versions/A/SecurityFoundation
0x00007fff8ab22000 	/System/Library/PrivateFrameworks/LanguageModeling.framework/Versions/A/LanguageModeling
0x00007fff907cc000 	/usr/lib/libmarisa.dylib
0x00007fff8fbaf000 	/usr/lib/libChineseTokenizer.dylib
0x00007fff90046000 	/usr/lib/libcmph.dylib
0x00007fff872d3000 	/System/Library/PrivateFrameworks/CoreEmoji.framework/Versions/A/CoreEmoji
0x00007fff822d7000 	/System/Library/Frameworks/ServiceManagement.framework/Versions/A/ServiceManagement
0x00007fff9130e000 	/usr/lib/libxslt.1.dylib
0x00007fff7b4f2000 	/System/Library/Frameworks/Carbon.framework/Versions/A/Frameworks/Ink.framework/Versions/A/Ink
0x00007fff8e7bf000 	/System/Library/PrivateFrameworks/TextureIO.framework/Versions/A/TextureIO
0x00007fff7f54c000 	/System/Library/Frameworks/Metal.framework/Versions/A/Metal
0x00007fff8ff24000 	/usr/lib/libate.dylib
0x00007fff8996c000 	/System/Library/PrivateFrameworks/GPUCompiler.framework/libmetal_timestamp.dylib
0x00007fff800f0000 	/System/Library/Frameworks/OpenGL.framework/Versions/A/Libraries/libCoreFSCache.dylib
0x00007fff8a9fb000 	/System/Library/PrivateFrameworks/IOAccelerator.framework/Versions/A/IOAccelerator
0x00007fff7d363000 	/System/Library/Frameworks/CoreVideo.framework/Versions/A/CoreVideo
0x00007fff8fc4e000 	/usr/lib/libFosl_dynamic.dylib
0x00007fff8b5fa000 	/System/Library/PrivateFrameworks/MetalPerformanceShaders.framework/Versions/A/MetalPerformanceShaders
0x00007fff881e4000 	/System/Library/PrivateFrameworks/FaceCore.framework/Versions/A/FaceCore
0x00007fff80078000 	/System/Library/Frameworks/OpenCL.framework/Versions/A/OpenCL
0x00007fff802c3000 	/System/Library/Frameworks/OpenGL.framework/Versions/A/Libraries/libGLU.dylib
0x00007fff800f9000 	/System/Library/Frameworks/OpenGL.framework/Versions/A/Libraries/libGFXShared.dylib
0x00007fff80103000 	/System/Library/Frameworks/OpenGL.framework/Versions/A/Libraries/libGL.dylib
0x00007fff8010f000 	/System/Library/Frameworks/OpenGL.framework/Versions/A/Libraries/libGLImage.dylib
0x00007fff800ed000 	/System/Library/Frameworks/OpenGL.framework/Versions/A/Libraries/libCVMSPluginSupport.dylib
0x00007fff800f4000 	/System/Library/Frameworks/OpenGL.framework/Versions/A/Libraries/libCoreVMClient.dylib
0x00007fff87c35000 	/System/Library/PrivateFrameworks/CrashReporterSupport.framework/Versions/A/CrashReporterSupport
0x00007fff8d68f000 	/System/Library/PrivateFrameworks/Sharing.framework/Versions/A/Sharing
0x00007fff8aa19000 	/System/Library/PrivateFrameworks/IconServices.framework/Versions/A/IconServices
0x00007fff8c8dd000 	/System/Library/PrivateFrameworks/ProtocolBuffer.framework/Versions/A/ProtocolBuffer
0x00007fff84f51000 	/System/Library/PrivateFrameworks/Apple80211.framework/Versions/A/Apple80211
0x00007fff7d399000 	/System/Library/Frameworks/CoreWLAN.framework/Versions/A/CoreWLAN
0x00007fff87aaf000 	/System/Library/PrivateFrameworks/CoreUtils.framework/Versions/A/CoreUtils
0x00007fff7db62000 	/System/Library/Frameworks/IOBluetooth.framework/Versions/A/IOBluetooth
0x00007fff87bcf000 	/System/Library/PrivateFrameworks/CoreWiFi.framework/Versions/A/CoreWiFi
0x00007fff7b869000 	/System/Library/Frameworks/CoreBluetooth.framework/Versions/A/CoreBluetooth
0x00007fff7bb79000 	/System/Library/Frameworks/CoreDisplay.framework/Versions/A/CoreDisplay
0x00007fff8aa04000 	/System/Library/PrivateFrameworks/IOPresentment.framework/Versions/A/IOPresentment
0x00007fff87cc0000 	/System/Library/PrivateFrameworks/DSExternalDisplay.framework/Versions/A/DSExternalDisplay
0x00007fff87dab000 	/System/Library/PrivateFrameworks/DebugSymbols.framework/Versions/A/DebugSymbols
0x00007fff878df000 	/System/Library/PrivateFrameworks/CoreSymbolication.framework/Versions/A/CoreSymbolication
0x00007fff8e27a000 	/System/Library/PrivateFrameworks/Symbolication.framework/Versions/A/Symbolication
0x00007fff84f74000 	/System/Library/PrivateFrameworks/AppleFSCompression.framework/Versions/A/AppleFSCompression
0x00007fff8db82000 	/System/Library/PrivateFrameworks/SpeechRecognitionCore.framework/Versions/A/SpeechRecognitionCore
0x00007fff86235000 	/System/Library/PrivateFrameworks/ChunkingLibrary.framework/Versions/A/ChunkingLibrary
0x000000010ff99000 	/Library/Java/JavaVirtualMachines/jdk-9.0.4.jdk/Contents/Home/lib/server/libjvm.dylib
0x00007fff91177000 	/usr/lib/libstdc++.6.dylib
0x0000000110c3c000 	/Library/Java/JavaVirtualMachines/jdk-9.0.4.jdk/Contents/Home/lib/libverify.dylib
0x0000000110c49000 	/Library/Java/JavaVirtualMachines/jdk-9.0.4.jdk/Contents/Home/lib/libjava.dylib
0x0000000110c7f000 	/Library/Java/JavaVirtualMachines/jdk-9.0.4.jdk/Contents/Home/lib/libinstrument.dylib
0x0000000110cd4000 	/Library/Java/JavaVirtualMachines/jdk-9.0.4.jdk/Contents/Home/lib/libzip.dylib
0x0000000110cdc000 	/Library/Java/JavaVirtualMachines/jdk-9.0.4.jdk/Contents/Home/lib/libjimage.dylib
0x0000000110de4000 	/Library/Java/JavaVirtualMachines/jdk-9.0.4.jdk/Contents/Home/lib/libnio.dylib
0x000000013309d000 	/Library/Java/JavaVirtualMachines/jdk-9.0.4.jdk/Contents/Home/lib/./libnet.dylib
0x000000013334c000 	/Library/Java/JavaVirtualMachines/jdk-9.0.4.jdk/Contents/Home/lib/libprism_es2.dylib
0x00000001333a5000 	/System/Library/Frameworks/OpenGL.framework/Resources/GLEngine.bundle/GLEngine
0x00007fff8014c000 	/System/Library/Frameworks/OpenGL.framework/Versions/A/Libraries/libGLProgrammability.dylib
0x000000013358a000 	/System/Library/Extensions/AppleIntelKBLGraphicsGLDriver.bundle/Contents/MacOS/AppleIntelKBLGraphicsGLDriver
0x00007fff89979000 	/System/Library/PrivateFrameworks/GPUSupport.framework/Versions/A/Libraries/libGPUSupportMercury.dylib
0x0000000134310000 	/System/Library/Frameworks/OpenGL.framework/Resources//GLRendererFloat.bundle/GLRendererFloat
0x00007fff8006f000 	/System/Library/Frameworks/OpenCL.framework/Versions/A/Libraries/libcldcpuengine.dylib
0x00007fff9012a000 	/usr/lib/libcrypto.0.9.8.dylib
0x00007fff8e8f9000 	/System/Library/PrivateFrameworks/TrustEvaluationAgent.framework/Versions/A/TrustEvaluationAgent
0x0000000134733000 	/Library/Java/JavaVirtualMachines/jdk-9.0.4.jdk/Contents/Home/lib/libglass.dylib
0x00007fff8761e000 	/System/Library/PrivateFrameworks/CoreServicesInternal.framework/Versions/A/CoreServicesInternal
0x00007fff768d6000 	/System/Library/CoreServices/RawCamera.bundle/Contents/MacOS/RawCamera
0x00007fff78782000 	/System/Library/Frameworks/Accelerate.framework/Versions/A/Frameworks/vImage.framework/Versions/A/Libraries/libCGInterfaces.dylib
0x0000000138fcb000 	/Library/Java/JavaVirtualMachines/jdk-9.0.4.jdk/Contents/Home/lib/libglib-lite.dylib
0x00007fff9048a000 	/usr/lib/libffi.dylib
0x00000001390fd000 	/Library/Java/JavaVirtualMachines/jdk-9.0.4.jdk/Contents/Home/lib/libgstreamer-lite.dylib
0x0000000139262000 	/Library/Java/JavaVirtualMachines/jdk-9.0.4.jdk/Contents/Home/lib/libjfxmedia.dylib
0x0000000139297000 	/Library/Java/JavaVirtualMachines/jdk-9.0.4.jdk/Contents/Home/lib/libjfxmedia_avf.dylib
0x00007fff78452000 	/System/Library/Frameworks/AVFoundation.framework/Versions/A/AVFoundation
0x00007fff7c9ee000 	/System/Library/Frameworks/CoreMedia.framework/Versions/A/CoreMedia
0x00007fff7f012000 	/System/Library/Frameworks/MediaToolbox.framework/Versions/A/MediaToolbox
0x00007fff78614000 	/System/Library/Frameworks/AVFoundation.framework/Versions/A/Frameworks/AVFAudio.framework/Versions/A/AVFAudio
0x00007fff826d1000 	/System/Library/Frameworks/VideoToolbox.framework/Versions/A/VideoToolbox
0x00007fff8aad7000 	/System/Library/PrivateFrameworks/IntlPreferences.framework/Versions/A/IntlPreferences
0x00007fff7caa0000 	/System/Library/Frameworks/CoreMediaIO.framework/Versions/A/CoreMediaIO
0x00007fff90fcb000 	/usr/lib/libspindump.dylib
0x00007fff90453000 	/usr/lib/libdscsym.dylib
0x00007fff870ef000 	/System/Library/PrivateFrameworks/CoreAVCHD.framework/Versions/A/CoreAVCHD
0x00007fff7eff6000 	/System/Library/Frameworks/MediaAccessibility.framework/Versions/A/MediaAccessibility
0x00007fff8b349000 	/System/Library/PrivateFrameworks/Mangrove.framework/Versions/A/Mangrove
0x00007fff86d0f000 	/System/Library/PrivateFrameworks/CoreAUC.framework/Versions/A/CoreAUC
0x00007fff85136000 	/System/Library/PrivateFrameworks/AppleVA.framework/Versions/A/AppleVA
0x00007fff7b1d9000 	/System/Library/Frameworks/Carbon.framework/Versions/A/Carbon
0x00007fff7b1da000 	/System/Library/Frameworks/Carbon.framework/Versions/A/Frameworks/CommonPanels.framework/Versions/A/CommonPanels
0x00007fff7b4e8000 	/System/Library/Frameworks/Carbon.framework/Versions/A/Frameworks/Help.framework/Versions/A/Help
0x00007fff7b4ec000 	/System/Library/Frameworks/Carbon.framework/Versions/A/Frameworks/ImageCapture.framework/Versions/A/ImageCapture
0x00007fff7b58a000 	/System/Library/Frameworks/Carbon.framework/Versions/A/Frameworks/OpenScripting.framework/Versions/A/OpenScripting
0x00007fff7b5a5000 	/System/Library/Frameworks/Carbon.framework/Versions/A/Frameworks/Print.framework/Versions/A/Print
0x00007fff7b5a7000 	/System/Library/Frameworks/Carbon.framework/Versions/A/Frameworks/SecurityHI.framework/Versions/A/SecurityHI
0x00007fff8fa65000 	/System/Library/PrivateFrameworks/XPCService.framework/Versions/A/XPCService
0x00007fff84f43000 	/System/Library/PrivateFrameworks/AppSandbox.framework/Versions/A/AppSandbox
0x00007fff90f7e000 	/usr/lib/libsandbox.1.dylib
0x00007fff84f27000 	/System/Library/PrivateFrameworks/AppContainer.framework/Versions/A/AppContainer
0x00007fff8d5fd000 	/System/Library/PrivateFrameworks/SecCodeWrapper.framework/Versions/A/SecCodeWrapper
0x00007fff8fe7d000 	/usr/lib/libMatch.1.dylib
0x00000001394ca000 	/Library/Java/JavaVirtualMachines/jdk-9.0.4.jdk/Contents/Home/lib/libfxplugins.dylib
0x0000000136161000 	/System/Library/Frameworks/VideoDecodeAcceleration.framework/Versions/A/VideoDecodeAcceleration
0x00000001394f2000 	/System/Library/Extensions/AppleHDA.kext/Contents/PlugIns/AppleHDAHALPlugIn.bundle/Contents/MacOS/AppleHDAHALPlugIn
0x00000001394fc000 	/System/Library/Components/CoreAudio.component/Contents/MacOS/CoreAudio
0x0000000139721000 	/System/Library/Components/AudioCodecs.component/Contents/MacOS/AudioCodecs
0x000000013a572000 	/Library/Java/JavaVirtualMachines/jdk-9.0.4.jdk/Contents/Home/lib/libjavafx_font.dylib
0x000000013a57c000 	/Library/Java/JavaVirtualMachines/jdk-9.0.4.jdk/Contents/Home/lib/libawt.dylib
0x000000013a621000 	/Library/Java/JavaVirtualMachines/jdk-9.0.4.jdk/Contents/Home/lib/./libmlib_image.dylib
0x000000013a68f000 	/System/Library/Frameworks/JavaVM.framework/Versions/A/Frameworks/JavaNativeFoundation.framework/Versions/A/JavaNativeFoundation
0x000000013a6a4000 	/System/Library/Frameworks/JavaVM.framework/Versions/A/Frameworks/JavaRuntimeSupport.framework/Versions/A/JavaRuntimeSupport
0x000000013a6be000 	/System/Library/Frameworks/JavaVM.framework/Versions/A/JavaVM
0x000000013a6cb000 	/System/Library/PrivateFrameworks/JavaLaunching.framework/Versions/A/JavaLaunching
0x000000013a6d7000 	/Library/Java/JavaVirtualMachines/jdk-9.0.4.jdk/Contents/Home/lib/libawt_lwawt.dylib
0x000000013a797000 	/Library/Java/JavaVirtualMachines/jdk-9.0.4.jdk/Contents/Home/lib/./libosxapp.dylib
0x00007fff7d69c000 	/System/Library/Frameworks/ExceptionHandling.framework/Versions/A/ExceptionHandling
0x000000013a7b2000 	/Library/Java/JavaVirtualMachines/jdk-9.0.4.jdk/Contents/Home/lib/libfontmanager.dylib
0x00007fff7a82a000 	/System/Library/Frameworks/ApplicationServices.framework/Versions/A/Frameworks/ATS.framework/Versions/A/Resources/libTrueTypeScaler.dylib
0x0000000136214000 	/Library/Java/JavaVirtualMachines/jdk-9.0.4.jdk/Contents/Home/lib/libprism_common.dylib
0x000000013bad8000 	/System/Library/Extensions/AppleIntelKBLGraphicsMTLDriver.bundle/Contents/MacOS/AppleIntelKBLGraphicsMTLDriver
0x00007fff8f55a000 	/System/Library/PrivateFrameworks/ViewBridge.framework/Versions/A/ViewBridge
0x000000013c26f000 	/Library/Java/JavaVirtualMachines/jdk-9.0.4.jdk/Contents/Home/lib/libjavafx_iio.dylib

VM Arguments:
jvm_args: -javaagent:/Users/macbook/Library/Application Support/JetBrains/Toolbox/apps/IDEA-U/ch-0/173.4548.28/IntelliJ IDEA.app/Contents/lib/idea_rt.jar=49367:/Users/macbook/Library/Application Support/JetBrains/Toolbox/apps/IDEA-U/ch-0/173.4548.28/IntelliJ IDEA.app/Contents/bin -Dfile.encoding=UTF-8 
java_command: Main.Main
java_class_path (initial): /Users/macbook/Desktop/javacodes/projectfooking/ap_project/out/production/projectAp
Launcher Type: SUN_STANDARD

Logging:
Log output configuration:
#0: stdout all=warning uptime,level,tags
#1: stderr all=off uptime,level,tags

Environment Variables:
PATH=/usr/local/bin:/usr/bin:/bin:/usr/sbin:/sbin
SHELL=/bin/bash

Signal Handlers:
SIGSEGV: [libjvm.dylib+0x73f3dc], sa_mask[0]=11111111011111110111111111111111, sa_flags=SA_ONSTACK|SA_RESTART|SA_SIGINFO
SIGBUS: [libjvm.dylib+0x73f3dc], sa_mask[0]=11111111011111110111111111111111, sa_flags=SA_RESTART|SA_SIGINFO
SIGFPE: [libjvm.dylib+0x73f3dc], sa_mask[0]=11111111011111110111111111111111, sa_flags=SA_RESTART|SA_SIGINFO
SIGPIPE: [libjvm.dylib+0x5f233c], sa_mask[0]=11111111011111110111111111111111, sa_flags=SA_RESTART|SA_SIGINFO
SIGXFSZ: [libjvm.dylib+0x5f233c], sa_mask[0]=11111111011111110111111111111111, sa_flags=SA_RESTART|SA_SIGINFO
SIGILL: [libjvm.dylib+0x73f3dc], sa_mask[0]=11111111011111110111111111111111, sa_flags=SA_RESTART|SA_SIGINFO
SIGUSR2: [libjvm.dylib+0x5f2bcc], sa_mask[0]=00100000000000000000000000000000, sa_flags=SA_RESTART|SA_SIGINFO
SIGHUP: [libjvm.dylib+0x5f1409], sa_mask[0]=11111111011111110111111111111111, sa_flags=SA_RESTART|SA_SIGINFO
SIGINT: [libjvm.dylib+0x5f1409], sa_mask[0]=11111111011111110111111111111111, sa_flags=SA_RESTART|SA_SIGINFO
SIGTERM: [libjvm.dylib+0x5f1409], sa_mask[0]=11111111011111110111111111111111, sa_flags=SA_RESTART|SA_SIGINFO
SIGQUIT: [libjvm.dylib+0x5f1409], sa_mask[0]=11111111011111110111111111111111, sa_flags=SA_RESTART|SA_SIGINFO


---------------  S Y S T E M  ---------------

OS:uname:Darwin 16.7.0 Darwin Kernel Version 16.7.0: Mon Nov 13 21:56:25 PST 2017; root:xnu-3789.72.11~1/RELEASE_X86_64 x86_64
rlimit: STACK 8192k, CORE 0k, NPROC 709, NOFILE 10240, AS infinity
load average:3.53 3.47 2.72

CPU:total 4 (initial active 4) (2 cores per cpu, 2 threads per core) family 6 model 142 stepping 9, cmov, cx8, fxsr, mmx, sse, sse2, sse3, ssse3, sse4.1, sse4.2, popcnt, avx, avx2, aes, clmul, erms, rtm, 3dnowpref, lzcnt, ht, tsc, tscinvbit, bmi1, bmi2, adx, fma

Memory: 4k page, physical 8388608k(768644k free)

vm_info: Java HotSpot(TM) 64-Bit Server VM (9.0.4+11) for bsd-amd64 JRE (9.0.4+11), built on Dec 20 2017 02:08:50 by "mach5one" with gcc 4.2.1 Compatible Apple LLVM 6.1.0 (clang-602.0.49)

END.
