#
# A fatal error has been detected by the Java Runtime Environment:
#
#  SIGSEGV (0xb) at pc=0x00007fffab6ea057, pid=510, tid=775
#
# JRE version: Java(TM) SE Runtime Environment (9.0+11) (build 9.0.4+11)
# Java VM: Java HotSpot(TM) 64-Bit Server VM (9.0.4+11, mixed mode, tiered, compressed oops, g1 gc, bsd-amd64)
# Problematic frame:
# C  [libobjc.A.dylib+0x7057]  objc_msgSend+0x17
#
# No core dump will be written. Core dumps have been disabled. To enable core dumping, try "ulimit -c unlimited" before starting Java again
#
# If you would like to submit a bug report, please visit:
#   http://bugreport.java.com/bugreport/crash.jsp
# The crash happened outside the Java Virtual Machine in native code.
# See problematic frame for where to report the bug.
#

---------------  S U M M A R Y ------------

Command Line: -javaagent:/Users/macbook/Library/Application Support/JetBrains/Toolbox/apps/IDEA-U/ch-0/173.4548.28/IntelliJ IDEA.app/Contents/lib/idea_rt.jar=49204:/Users/macbook/Library/Application Support/JetBrains/Toolbox/apps/IDEA-U/ch-0/173.4548.28/IntelliJ IDEA.app/Contents/bin -Dfile.encoding=UTF-8 Main.Main

Host: MacBookPro14,1 x86_64 2300 MHz, 4 cores, 8G, Darwin 16.7.0
Time: Sun Jul 15 07:17:37 2018 PDT elapsed time: 39 seconds (0d 0h 0m 39s)

---------------  T H R E A D  ---------------

Current thread (0x00007fe1210ad800):  JavaThread "JavaFX Application Thread" [_thread_in_native, id=775, stack(0x00007fff51522000,0x00007fff51d22000)]

Stack: [0x00007fff51522000,0x00007fff51d22000],  sp=0x00007fff51d1e8e8,  free space=8178k
Native frames: (J=compiled Java code, A=aot compiled Java code, j=interpreted, Vv=VM code, C=native code)
C  [libobjc.A.dylib+0x7057]  objc_msgSend+0x17
C  [libglass.dylib+0x20009]  -[GlassView3D performKeyEquivalent:]+0x319
C  [AppKit+0x29554e]  -[NSView _performKeyEquivalent:conditionally:]+0xe3
C  [AppKit+0x29564c]  -[NSView performKeyEquivalent:]+0xea
C  [AppKit+0x29554e]  -[NSView _performKeyEquivalent:conditionally:]+0xe3
C  [AppKit+0x29564c]  -[NSView performKeyEquivalent:]+0xea
C  [AppKit+0x29554e]  -[NSView _performKeyEquivalent:conditionally:]+0xe3
C  [AppKit+0x8e6ea2]  -[NSWindow _commonPerformKeyEquivalent:conditionally:]+0x4f
C  [libglass.dylib+0x27eb0]  -[GlassWindow_Normal performKeyEquivalent:]+0x40
C  [AppKit+0x7c3158]  routeKeyEquivalent+0x23c
C  [AppKit+0x7c0f39]  -[NSApplication(NSEvent) sendEvent:]+0xd31
C  [AppKit+0x3b427]  -[NSApplication run]+0x3ea
C  [libglass.dylib+0x7592]  -[GlassApplication runLoop:]+0x742
C  [Foundation+0x7152a]  __NSThreadPerformPerform+0x146
C  [CoreFoundation+0xa7321]  __CFRUNLOOP_IS_CALLING_OUT_TO_A_SOURCE0_PERFORM_FUNCTION__+0x11
C  [CoreFoundation+0x8821d]  __CFRunLoopDoSources0+0x22d
C  [CoreFoundation+0x87716]  __CFRunLoopRun+0x3a6
C  [CoreFoundation+0x87114]  CFRunLoopRunSpecific+0x1a4
C  [java+0x6b2e]  CreateExecutionEnvironment+0x35c
C  [java+0x2c65]  JLI_Launch+0x5a9
C  [java+0x1b62]  main+0x186
C  [java+0x19d4]  start+0x34
C  0x0000000000000006


siginfo: si_signo: 11 (SIGSEGV), si_code: 0 (unknown), si_addr: 0x0000000000000000

Register to memory mapping:

RAX=0x0000000000000008 is an unknown value
RBX=0x00007fffab6ea040: objc_msgSend+0 in /usr/lib/libobjc.A.dylib at 0x00007fffab6e3000
RCX=0x00007fe11f7f1180 is an unknown value
RDX=0x0000000132730f78: OBJC_CLASS_$_GlassNSEvent+0 in /Library/Java/JavaVirtualMachines/jdk-9.0.4.jdk/Contents/Home/lib/libglass.dylib at 0x00000001326ef000
RSP=0x00007fff51d1e8e8 is pointing into the stack for thread: 0x00007fe1210ad800
RBP=0x00007fff51d1ed40 is pointing into the stack for thread: 0x00007fe1210ad800
RSI=0x00007fff94f70fd8: __NSStyleNameIndexTable+0x7ac20 in /System/Library/Frameworks/AppKit.framework/Versions/C/AppKit at 0x00007fff94309000
RDI=0xc00007fe12531718 is an unknown value
R8 =0x0000000000000002 is an unknown value
R9 =0x00000007408721c0 is an oop
com.sun.javafx.collections.ListListenerHelper$SingleChange 
{0x00000007408721c0} - klass: 'com/sun/javafx/collections/ListListenerHelper$SingleChange'
R10=0x00007ffffffffff8 is an unknown value
R11=0x00007fe123882610 is an unknown value
R12=0x00007fe121c4cb00 is an unknown value
R13=0x00007fe1210ada18 is an unknown value
R14=0x0000000000000000 is an unknown value
R15=0x0000000000000002 is an unknown value


Registers:
RAX=0x0000000000000008, RBX=0x00007fffab6ea040, RCX=0x00007fe11f7f1180, RDX=0x0000000132730f78
RSP=0x00007fff51d1e8e8, RBP=0x00007fff51d1ed40, RSI=0x00007fff94f70fd8, RDI=0xc00007fe12531718
R8 =0x0000000000000002, R9 =0x00000007408721c0, R10=0x00007ffffffffff8, R11=0x00007fe123882610
R12=0x00007fe121c4cb00, R13=0x00007fe1210ada18, R14=0x0000000000000000, R15=0x0000000000000002
RIP=0x00007fffab6ea057, EFLAGS=0x0000000000010246, ERR=0x0000000000000000
  TRAPNO=0x000000000000000d

Top of Stack: (sp=0x00007fff51d1e8e8)
0x00007fff51d1e8e8:   0000000132711fc3 00007fff00000002
0x00007fff51d1e8f8:   00007fe121b3fa88 0000000000000026
0x00007fff51d1e908:   00007fe11f7f1180 00007fff51d1e920
0x00007fff51d1e918:   00007fff95dc8fc5 00007fff51d1ec70
0x00007fff51d1e928:   00007fff95dc66f9 00007fff51d1ea18
0x00007fff51d1e938:   00007fffffffd96e 00007fe11f560890
0x00007fff51d1e948:   00007fe121b47dc0 00007fff51d1e9f0
0x00007fff51d1e958:   00007fff95de6775 00007fff51d1e9c0
0x00007fff51d1e968:   00007fffb4eda060 0000000042000000
0x00007fff51d1e978:   00007fff95de684d 00007fffb1585c60
0x00007fff51d1e988:   00007fff51d1ecd0 00007fe121b47dc0
0x00007fff51d1e998:   00007fff00000000 00007fff51d1e9d0
0x00007fff51d1e9a8:   00007fe11f560890 00007fe121b47dc0
0x00007fff51d1e9b8:   00000000ffffd96e 00007fff51d1e9f0
0x00007fff51d1e9c8:   00007fe11f560890 00007fff51d1ea20
0x00007fff51d1e9d8:   0000000116f72d33 00007fe121b47dc0
0x00007fff51d1e9e8:   00007fffb159aba0 00007fe11f63b430
0x00007fff51d1e9f8:   0000000000000002 00007fffb15967a0
0x00007fff51d1ea08:   0000000000000000 00007fff51d1ea30
0x00007fff51d1ea18:   00007fff967ed870 00007fffb159aba0
0x00007fff51d1ea28:   000000000000000d 00007fff51d1eac0
0x00007fff51d1ea38:   00007fff967dcea5 00007fff51d1ea60
0x00007fff51d1ea48:   00007fff967ed870 00007fffb159aba0
0x00007fff51d1ea58:   000000000000000d 00007fff51d1eaf0
0x00007fff51d1ea68:   aff108aa33140b62 ffffffffffffffff
0x00007fff51d1ea78:   00007fe121aa33d0 0000000000000017
0x00007fff51d1ea88:   00007fff51d1ead8 00007fffb15967a0
0x00007fff51d1ea98:   00007fe11f63b430 6add22fe3b820020
0x00007fff51d1eaa8:   6add22fe3b820020 00007fff51d1eb38
0x00007fff51d1eab8:   00007fffb15967a0 00007fff51d1eb10
0x00007fff51d1eac8:   00007fff967f64a1 6add22fe3b820020
0x00007fff51d1ead8:   000000000000000e 6add22fe3b820020 

Instructions: (pc=0x00007fffab6ea057)
0x00007fffab6ea037:   84 00 00 00 00 00 0f 1f 00 48 85 ff 2e 74 62 40
0x00007fffab6ea047:   f6 c7 01 2e 75 66 49 ba f8 ff ff ff ff 7f 00 00
0x00007fffab6ea057:   4c 23 17 49 89 f3 45 23 5a 18 49 c1 e3 04 4d 03
0x00007fffab6ea067:   5a 10 49 3b 33 75 04 41 ff 63 08 49 83 3b 01 76 


---------------  P R O C E S S  ---------------

Java Threads: ( => current thread )
  0x00007fe120bab800 JavaThread "Timer-1" daemon [_thread_blocked, id=92179, stack(0x000070000fc63000,0x000070000fd63000)]
  0x00007fe11fd3d800 JavaThread "Media Resource Disposer" daemon [_thread_blocked, id=1571, stack(0x000070000fa5a000,0x000070000fb5a000)]
  0x00007fe1202a6000 JavaThread "Prism Font Disposer" daemon [_thread_blocked, id=76279, stack(0x000070000f8d4000,0x000070000f9d4000)]
  0x00007fe11fd1c800 JavaThread "Java2D Disposer" daemon [_thread_blocked, id=74755, stack(0x000070000f7d1000,0x000070000f8d1000)]
  0x00007fe11fb08800 JavaThread "JFXMedia Player EventQueueThread" daemon [_thread_blocked, id=72963, stack(0x000070000f5c8000,0x000070000f6c8000)]
  0x00007fe11faca000 JavaThread "JFXMedia Player EventQueueThread" daemon [_thread_blocked, id=70915, stack(0x000070000f3bf000,0x000070000f4bf000)]
  0x00007fe1201cf800 JavaThread "JFXMedia Player EventQueueThread" daemon [_thread_blocked, id=58379, stack(0x000070000f133000,0x000070000f233000)]
  0x00007fe1201a5800 JavaThread "JavaFX-Launcher" [_thread_blocked, id=57347, stack(0x000070000efad000,0x000070000f0ad000)]
  0x00007fe11fa99800 JavaThread "Thread-2" daemon [_thread_in_native, id=43523, stack(0x000070000ee24000,0x000070000eea4000)]
=>0x00007fe1210ad800 JavaThread "JavaFX Application Thread" [_thread_in_native, id=775, stack(0x00007fff51522000,0x00007fff51d22000)]
  0x00007fe12017c800 JavaThread "InvokeLaterDispatcher" daemon [_thread_blocked, id=31239, stack(0x000070000ec9e000,0x000070000ed9e000)]
  0x00007fe11f8fa000 JavaThread "QuantumRenderer-0" daemon [_thread_blocked, id=25859, stack(0x000070000eb9b000,0x000070000ec9b000)]
  0x00007fe1210a1800 JavaThread "Service Thread" daemon [_thread_blocked, id=24835, stack(0x000070000e995000,0x000070000ea95000)]
  0x00007fe12104e000 JavaThread "Monitor Ctrl-Break" daemon [_thread_in_native, id=24323, stack(0x000070000e892000,0x000070000e992000)]
  0x00007fe11f8db000 JavaThread "Common-Cleaner" daemon [_thread_blocked, id=23811, stack(0x000070000e78f000,0x000070000e88f000)]
  0x00007fe11f8b9000 JavaThread "Sweeper thread" daemon [_thread_blocked, id=23299, stack(0x000070000e68c000,0x000070000e78c000)]
  0x00007fe120815000 JavaThread "C1 CompilerThread2" daemon [_thread_blocked, id=22787, stack(0x000070000e589000,0x000070000e689000)]
  0x00007fe120814000 JavaThread "C2 CompilerThread1" daemon [_thread_blocked, id=22275, stack(0x000070000e486000,0x000070000e586000)]
  0x00007fe120011800 JavaThread "C2 CompilerThread0" daemon [_thread_blocked, id=21763, stack(0x000070000e383000,0x000070000e483000)]
  0x00007fe120004800 JavaThread "Signal Dispatcher" daemon [_thread_blocked, id=21251, stack(0x000070000e280000,0x000070000e380000)]
  0x00007fe120800000 JavaThread "Finalizer" daemon [_thread_blocked, id=17411, stack(0x000070000e17d000,0x000070000e27d000)]
  0x00007fe12000f000 JavaThread "Reference Handler" daemon [_thread_blocked, id=16899, stack(0x000070000e07a000,0x000070000e17a000)]
  0x00007fe120005800 JavaThread "main" [_thread_blocked, id=3843, stack(0x000070000d24d000,0x000070000d34d000)]

Other Threads:
  0x00007fe120803000 VMThread "VM Thread" [stack: 0x000070000df77000,0x000070000e077000] [id=16387]
  0x00007fe1200b1000 WatcherThread [stack: 0x000070000ea98000,0x000070000eb98000] [id=25347]
  0x00007fe11f812000 GCTaskThread "GC Thread#0" [stack: 0x000070000d456000,0x000070000d556000] [id=10243]
  0x00007fe11f812800 GCTaskThread "GC Thread#1" [stack: 0x000070000d559000,0x000070000d659000] [id=10755]
  0x00007fe121000800 GCTaskThread "GC Thread#2" [stack: 0x000070000d65c000,0x000070000d75c000] [id=11267]
  0x00007fe121001800 GCTaskThread "GC Thread#3" [stack: 0x000070000d75f000,0x000070000d85f000] [id=11779]
  0x00007fe12102a000 ConcurrentGCThread "G1 Main Marker" [stack: 0x000070000dd71000,0x000070000de71000] [id=14851]
  0x00007fe12102a800 ConcurrentGCThread "G1 Marker#0" [stack: 0x000070000de74000,0x000070000df74000] [id=15875]
  0x00007fe121004000 ConcurrentGCThread "G1 Refine#0" [stack: 0x000070000db6b000,0x000070000dc6b000] [id=13827]
  0x00007fe121003800 ConcurrentGCThread "G1 Refine#1" [stack: 0x000070000da68000,0x000070000db68000] [id=13315]
  0x00007fe121002800 ConcurrentGCThread "G1 Refine#2" [stack: 0x000070000d965000,0x000070000da65000] [id=12803]
  0x00007fe121002000 ConcurrentGCThread "G1 Refine#3" [stack: 0x000070000d862000,0x000070000d962000] [id=12291]
  0x00007fe121005000 ConcurrentGCThread "G1 Young RemSet Sampling" [stack: 0x000070000dc6e000,0x000070000dd6e000] [id=14339]

Threads with active compile tasks:

VM state:not at safepoint (normal execution)

VM Mutex/Monitor currently owned by a thread: None

Heap address: 0x0000000740000000, size: 2048 MB, Compressed Oops mode: Zero based, Oop shift amount: 3
Narrow klass base: 0x0000000000000000, Narrow klass shift: 3
Compressed class space size: 1073741824 Address: 0x00000007c0000000

Heap:
 garbage-first heap   total 131072K, used 107385K [0x0000000740000000, 0x0000000740100400, 0x00000007c0000000)
  region size 1024K, 5 young (5120K), 1 survivors (1024K)
 Metaspace       used 25602K, capacity 27818K, committed 28160K, reserved 1073152K
  class space    used 3301K, capacity 3719K, committed 3840K, reserved 1048576K
Heap Regions: E=young(eden), S=young(survivor), O=old, HS=humongous(starts), HC=humongous(continues), CS=collection set, F=free, A=archive, TS=gc time stamp, AC=allocation context, TAMS=top-at-mark-start (previous, next)
|   0|0x0000000740000000, 0x0000000740100000, 0x0000000740100000|100%| O|  |TS  0|AC  0|TAMS 0x0000000740100000, 0x0000000740100000|
|   1|0x0000000740100000, 0x0000000740200000, 0x0000000740200000|100%|HS|  |TS  0|AC  0|TAMS 0x0000000740200000, 0x0000000740200000|
|   2|0x0000000740200000, 0x0000000740300000, 0x0000000740300000|100%|HC|  |TS  0|AC  0|TAMS 0x0000000740300000, 0x0000000740300000|
|   3|0x0000000740300000, 0x0000000740400000, 0x0000000740400000|100%| O|  |TS  0|AC  0|TAMS 0x0000000740400000, 0x0000000740400000|
|   4|0x0000000740400000, 0x0000000740500000, 0x0000000740500000|100%| O|  |TS  0|AC  0|TAMS 0x0000000740500000, 0x0000000740500000|
|   5|0x0000000740500000, 0x0000000740600000, 0x0000000740600000|100%| O|  |TS  0|AC  0|TAMS 0x0000000740600000, 0x0000000740600000|
|   6|0x0000000740600000, 0x0000000740700000, 0x0000000740700000|100%| O|  |TS  0|AC  0|TAMS 0x0000000740700000, 0x0000000740700000|
|   7|0x0000000740700000, 0x0000000740800000, 0x0000000740800000|100%| O|  |TS  0|AC  0|TAMS 0x0000000740800000, 0x0000000740800000|
|   8|0x0000000740800000, 0x0000000740900000, 0x0000000740900000|100%| O|  |TS  0|AC  0|TAMS 0x0000000740900000, 0x0000000740900000|
|   9|0x0000000740900000, 0x0000000740916a00, 0x0000000740a00000|  8%| O|  |TS  0|AC  0|TAMS 0x0000000740916a00, 0x0000000740916a00|
|  10|0x0000000740a00000, 0x0000000740b00000, 0x0000000740b00000|100%|HS|  |TS  0|AC  0|TAMS 0x0000000740b00000, 0x0000000740b00000|
|  11|0x0000000740b00000, 0x0000000740c00000, 0x0000000740c00000|100%|HC|  |TS  0|AC  0|TAMS 0x0000000740c00000, 0x0000000740c00000|
|  12|0x0000000740c00000, 0x0000000740d00000, 0x0000000740d00000|100%|HC|  |TS  0|AC  0|TAMS 0x0000000740d00000, 0x0000000740d00000|
|  13|0x0000000740d00000, 0x0000000740e00000, 0x0000000740e00000|100%|HC|  |TS  0|AC  0|TAMS 0x0000000740e00000, 0x0000000740e00000|
|  14|0x0000000740e00000, 0x0000000740f00000, 0x0000000740f00000|100%|HC|  |TS  0|AC  0|TAMS 0x0000000740f00000, 0x0000000740f00000|
|  15|0x0000000740f00000, 0x0000000741000000, 0x0000000741000000|100%|HS|  |TS  0|AC  0|TAMS 0x0000000741000000, 0x0000000741000000|
|  16|0x0000000741000000, 0x0000000741100000, 0x0000000741100000|100%|HC|  |TS  0|AC  0|TAMS 0x0000000741100000, 0x0000000741100000|
|  17|0x0000000741100000, 0x0000000741200000, 0x0000000741200000|100%|HS|  |TS  0|AC  0|TAMS 0x0000000741200000, 0x0000000741200000|
|  18|0x0000000741200000, 0x0000000741300000, 0x0000000741300000|100%|HC|  |TS  0|AC  0|TAMS 0x0000000741300000, 0x0000000741300000|
|  19|0x0000000741300000, 0x0000000741400000, 0x0000000741400000|100%|HC|  |TS  0|AC  0|TAMS 0x0000000741400000, 0x0000000741400000|
|  20|0x0000000741400000, 0x0000000741500000, 0x0000000741500000|100%| O|  |TS  0|AC  0|TAMS 0x0000000741500000, 0x0000000741500000|
|  21|0x0000000741500000, 0x0000000741600000, 0x0000000741600000|100%|HS|  |TS  0|AC  0|TAMS 0x0000000741600000, 0x0000000741600000|
|  22|0x0000000741600000, 0x0000000741700000, 0x0000000741700000|100%|HC|  |TS  0|AC  0|TAMS 0x0000000741700000, 0x0000000741700000|
|  23|0x0000000741700000, 0x0000000741800000, 0x0000000741800000|100%|HC|  |TS  0|AC  0|TAMS 0x0000000741800000, 0x0000000741800000|
|  24|0x0000000741800000, 0x0000000741900000, 0x0000000741900000|100%|HC|  |TS  0|AC  0|TAMS 0x0000000741900000, 0x0000000741900000|
|  25|0x0000000741900000, 0x0000000741a00000, 0x0000000741a00000|100%|HC|  |TS  0|AC  0|TAMS 0x0000000741a00000, 0x0000000741a00000|
|  26|0x0000000741a00000, 0x0000000741b00000, 0x0000000741b00000|100%|HC|  |TS  0|AC  0|TAMS 0x0000000741b00000, 0x0000000741b00000|
|  27|0x0000000741b00000, 0x0000000741c00000, 0x0000000741c00000|100%|HC|  |TS  0|AC  0|TAMS 0x0000000741c00000, 0x0000000741c00000|
|  28|0x0000000741c00000, 0x0000000741d00000, 0x0000000741d00000|100%|HC|  |TS  0|AC  0|TAMS 0x0000000741d00000, 0x0000000741d00000|
|  29|0x0000000741d00000, 0x0000000741e00000, 0x0000000741e00000|100%|HC|  |TS  0|AC  0|TAMS 0x0000000741e00000, 0x0000000741e00000|
|  30|0x0000000741e00000, 0x0000000741f00000, 0x0000000741f00000|100%|HC|  |TS  0|AC  0|TAMS 0x0000000741f00000, 0x0000000741f00000|
|  31|0x0000000741f00000, 0x0000000742000000, 0x0000000742000000|100%|HC|  |TS  0|AC  0|TAMS 0x0000000742000000, 0x0000000742000000|
|  32|0x0000000742000000, 0x0000000742100000, 0x0000000742100000|100%|HC|  |TS  0|AC  0|TAMS 0x0000000742100000, 0x0000000742100000|
|  33|0x0000000742100000, 0x0000000742200000, 0x0000000742200000|100%|HC|  |TS  0|AC  0|TAMS 0x0000000742200000, 0x0000000742200000|
|  34|0x0000000742200000, 0x0000000742300000, 0x0000000742300000|100%|HC|  |TS  0|AC  0|TAMS 0x0000000742300000, 0x0000000742300000|
|  35|0x0000000742300000, 0x0000000742400000, 0x0000000742400000|100%|HC|  |TS  0|AC  0|TAMS 0x0000000742400000, 0x0000000742400000|
|  36|0x0000000742400000, 0x0000000742500000, 0x0000000742500000|100%|HC|  |TS  0|AC  0|TAMS 0x0000000742500000, 0x0000000742500000|
|  37|0x0000000742500000, 0x0000000742600000, 0x0000000742600000|100%|HC|  |TS  0|AC  0|TAMS 0x0000000742600000, 0x0000000742600000|
|  38|0x0000000742600000, 0x0000000742700000, 0x0000000742700000|100%|HC|  |TS  0|AC  0|TAMS 0x0000000742700000, 0x0000000742700000|
|  39|0x0000000742700000, 0x0000000742800000, 0x0000000742800000|100%|HC|  |TS  0|AC  0|TAMS 0x0000000742800000, 0x0000000742800000|
|  40|0x0000000742800000, 0x0000000742900000, 0x0000000742900000|100%|HC|  |TS  0|AC  0|TAMS 0x0000000742900000, 0x0000000742900000|
|  41|0x0000000742900000, 0x0000000742a00000, 0x0000000742a00000|100%|HC|  |TS  0|AC  0|TAMS 0x0000000742a00000, 0x0000000742a00000|
|  42|0x0000000742a00000, 0x0000000742b00000, 0x0000000742b00000|100%|HC|  |TS  0|AC  0|TAMS 0x0000000742b00000, 0x0000000742b00000|
|  43|0x0000000742b00000, 0x0000000742c00000, 0x0000000742c00000|100%|HC|  |TS  0|AC  0|TAMS 0x0000000742c00000, 0x0000000742c00000|
|  44|0x0000000742c00000, 0x0000000742d00000, 0x0000000742d00000|100%|HC|  |TS  0|AC  0|TAMS 0x0000000742d00000, 0x0000000742d00000|
|  45|0x0000000742d00000, 0x0000000742e00000, 0x0000000742e00000|100%|HC|  |TS  0|AC  0|TAMS 0x0000000742e00000, 0x0000000742e00000|
|  46|0x0000000742e00000, 0x0000000742f00000, 0x0000000742f00000|100%|HC|  |TS  0|AC  0|TAMS 0x0000000742f00000, 0x0000000742f00000|
|  47|0x0000000742f00000, 0x0000000743000000, 0x0000000743000000|100%|HC|  |TS  0|AC  0|TAMS 0x0000000743000000, 0x0000000743000000|
|  48|0x0000000743000000, 0x0000000743100000, 0x0000000743100000|100%|HC|  |TS  0|AC  0|TAMS 0x0000000743100000, 0x0000000743100000|
|  49|0x0000000743100000, 0x0000000743200000, 0x0000000743200000|100%|HC|  |TS  0|AC  0|TAMS 0x0000000743200000, 0x0000000743200000|
|  50|0x0000000743200000, 0x0000000743300000, 0x0000000743300000|100%|HC|  |TS  0|AC  0|TAMS 0x0000000743300000, 0x0000000743300000|
|  51|0x0000000743300000, 0x0000000743400000, 0x0000000743400000|100%|HC|  |TS  0|AC  0|TAMS 0x0000000743400000, 0x0000000743400000|
|  52|0x0000000743400000, 0x0000000743500000, 0x0000000743500000|100%|HC|  |TS  0|AC  0|TAMS 0x0000000743500000, 0x0000000743500000|
|  53|0x0000000743500000, 0x0000000743600000, 0x0000000743600000|100%|HC|  |TS  0|AC  0|TAMS 0x0000000743600000, 0x0000000743600000|
|  54|0x0000000743600000, 0x0000000743700000, 0x0000000743700000|100%|HC|  |TS  0|AC  0|TAMS 0x0000000743700000, 0x0000000743700000|
|  55|0x0000000743700000, 0x0000000743800000, 0x0000000743800000|100%|HC|  |TS  0|AC  0|TAMS 0x0000000743800000, 0x0000000743800000|
|  56|0x0000000743800000, 0x0000000743900000, 0x0000000743900000|100%|HC|  |TS  0|AC  0|TAMS 0x0000000743900000, 0x0000000743900000|
|  57|0x0000000743900000, 0x0000000743a00000, 0x0000000743a00000|100%|HC|  |TS  0|AC  0|TAMS 0x0000000743a00000, 0x0000000743a00000|
|  58|0x0000000743a00000, 0x0000000743b00000, 0x0000000743b00000|100%|HC|  |TS  0|AC  0|TAMS 0x0000000743b00000, 0x0000000743b00000|
|  59|0x0000000743b00000, 0x0000000743c00000, 0x0000000743c00000|100%|HC|  |TS  0|AC  0|TAMS 0x0000000743c00000, 0x0000000743c00000|
|  60|0x0000000743c00000, 0x0000000743d00000, 0x0000000743d00000|100%|HC|  |TS  0|AC  0|TAMS 0x0000000743d00000, 0x0000000743d00000|
|  61|0x0000000743d00000, 0x0000000743e00000, 0x0000000743e00000|100%|HC|  |TS  0|AC  0|TAMS 0x0000000743e00000, 0x0000000743e00000|
|  62|0x0000000743e00000, 0x0000000743f00000, 0x0000000743f00000|100%|HC|  |TS  0|AC  0|TAMS 0x0000000743f00000, 0x0000000743f00000|
|  63|0x0000000743f00000, 0x0000000744000000, 0x0000000744000000|100%|HC|  |TS  0|AC  0|TAMS 0x0000000744000000, 0x0000000744000000|
|  64|0x0000000744000000, 0x0000000744100000, 0x0000000744100000|100%|HC|  |TS  0|AC  0|TAMS 0x0000000744100000, 0x0000000744100000|
|  65|0x0000000744100000, 0x0000000744200000, 0x0000000744200000|100%|HC|  |TS  0|AC  0|TAMS 0x0000000744200000, 0x0000000744200000|
|  66|0x0000000744200000, 0x0000000744300000, 0x0000000744300000|100%|HC|  |TS  0|AC  0|TAMS 0x0000000744300000, 0x0000000744300000|
|  67|0x0000000744300000, 0x0000000744400000, 0x0000000744400000|100%|HC|  |TS  0|AC  0|TAMS 0x0000000744400000, 0x0000000744400000|
|  68|0x0000000744400000, 0x0000000744500000, 0x0000000744500000|100%|HC|  |TS  0|AC  0|TAMS 0x0000000744500000, 0x0000000744500000|
|  69|0x0000000744500000, 0x0000000744600000, 0x0000000744600000|100%|HC|  |TS  0|AC  0|TAMS 0x0000000744600000, 0x0000000744600000|
|  70|0x0000000744600000, 0x0000000744700000, 0x0000000744700000|100%|HC|  |TS  0|AC  0|TAMS 0x0000000744700000, 0x0000000744700000|
|  71|0x0000000744700000, 0x0000000744800000, 0x0000000744800000|100%|HC|  |TS  0|AC  0|TAMS 0x0000000744800000, 0x0000000744800000|
|  72|0x0000000744800000, 0x0000000744900000, 0x0000000744900000|100%|HC|  |TS  0|AC  0|TAMS 0x0000000744900000, 0x0000000744900000|
|  73|0x0000000744900000, 0x0000000744a00000, 0x0000000744a00000|100%|HC|  |TS  0|AC  0|TAMS 0x0000000744a00000, 0x0000000744a00000|
|  74|0x0000000744a00000, 0x0000000744b00000, 0x0000000744b00000|100%|HC|  |TS  0|AC  0|TAMS 0x0000000744b00000, 0x0000000744b00000|
|  75|0x0000000744b00000, 0x0000000744c00000, 0x0000000744c00000|100%|HC|  |TS  0|AC  0|TAMS 0x0000000744c00000, 0x0000000744c00000|
|  76|0x0000000744c00000, 0x0000000744d00000, 0x0000000744d00000|100%|HC|  |TS  0|AC  0|TAMS 0x0000000744d00000, 0x0000000744d00000|
|  77|0x0000000744d00000, 0x0000000744e00000, 0x0000000744e00000|100%|HC|  |TS  0|AC  0|TAMS 0x0000000744e00000, 0x0000000744e00000|
|  78|0x0000000744e00000, 0x0000000744f00000, 0x0000000744f00000|100%|HS|  |TS  0|AC  0|TAMS 0x0000000744f00000, 0x0000000744f00000|
|  79|0x0000000744f00000, 0x0000000745000000, 0x0000000745000000|100%|HC|  |TS  0|AC  0|TAMS 0x0000000745000000, 0x0000000745000000|
|  80|0x0000000745000000, 0x0000000745100000, 0x0000000745100000|100%|HC|  |TS  0|AC  0|TAMS 0x0000000745100000, 0x0000000745100000|
|  81|0x0000000745100000, 0x0000000745200000, 0x0000000745200000|100%|HC|  |TS  0|AC  0|TAMS 0x0000000745200000, 0x0000000745200000|
|  82|0x0000000745200000, 0x0000000745300000, 0x0000000745300000|100%|HC|  |TS  0|AC  0|TAMS 0x0000000745300000, 0x0000000745300000|
|  83|0x0000000745300000, 0x0000000745400000, 0x0000000745400000|100%|HC|  |TS  0|AC  0|TAMS 0x0000000745400000, 0x0000000745400000|
|  84|0x0000000745400000, 0x0000000745500000, 0x0000000745500000|100%|HS|  |TS  0|AC  0|TAMS 0x0000000745500000, 0x0000000745500000|
|  85|0x0000000745500000, 0x0000000745600000, 0x0000000745600000|100%|HC|  |TS  0|AC  0|TAMS 0x0000000745600000, 0x0000000745600000|
|  86|0x0000000745600000, 0x0000000745700000, 0x0000000745700000|100%|HC|  |TS  0|AC  0|TAMS 0x0000000745700000, 0x0000000745700000|
|  87|0x0000000745700000, 0x0000000745800000, 0x0000000745800000|100%|HS|  |TS  0|AC  0|TAMS 0x0000000745800000, 0x0000000745800000|
|  88|0x0000000745800000, 0x0000000745900000, 0x0000000745900000|100%|HC|  |TS  0|AC  0|TAMS 0x0000000745900000, 0x0000000745900000|
|  89|0x0000000745900000, 0x0000000745a00000, 0x0000000745a00000|100%|HC|  |TS  0|AC  0|TAMS 0x0000000745a00000, 0x0000000745a00000|
|  90|0x0000000745a00000, 0x0000000745b00000, 0x0000000745b00000|100%|HC|  |TS  0|AC  0|TAMS 0x0000000745b00000, 0x0000000745b00000|
|  91|0x0000000745b00000, 0x0000000745c00000, 0x0000000745c00000|100%|HS|  |TS  0|AC  0|TAMS 0x0000000745c00000, 0x0000000745c00000|
|  92|0x0000000745c00000, 0x0000000745d00000, 0x0000000745d00000|100%|HC|  |TS  0|AC  0|TAMS 0x0000000745d00000, 0x0000000745d00000|
|  93|0x0000000745d00000, 0x0000000745e00000, 0x0000000745e00000|100%|HS|  |TS  0|AC  0|TAMS 0x0000000745e00000, 0x0000000745e00000|
|  94|0x0000000745e00000, 0x0000000745f00000, 0x0000000745f00000|100%|HC|  |TS  0|AC  0|TAMS 0x0000000745f00000, 0x0000000745f00000|
|  95|0x0000000745f00000, 0x0000000746000000, 0x0000000746000000|100%|HC|  |TS  0|AC  0|TAMS 0x0000000746000000, 0x0000000746000000|
|  96|0x0000000746000000, 0x0000000746100000, 0x0000000746100000|100%|HS|  |TS  0|AC  0|TAMS 0x0000000746100000, 0x0000000746100000|
|  97|0x0000000746100000, 0x0000000746200000, 0x0000000746200000|100%|HC|  |TS  0|AC  0|TAMS 0x0000000746200000, 0x0000000746200000|
|  98|0x0000000746200000, 0x0000000746300000, 0x0000000746300000|100%|HC|  |TS  0|AC  0|TAMS 0x0000000746300000, 0x0000000746300000|
|  99|0x0000000746300000, 0x0000000746400000, 0x0000000746400000|100%|HC|  |TS  0|AC  0|TAMS 0x0000000746400000, 0x0000000746400000|
| 100|0x0000000746400000, 0x0000000746500000, 0x0000000746500000|100%|HS|  |TS  0|AC  0|TAMS 0x0000000746400000, 0x0000000746400000|
| 101|0x0000000746500000, 0x0000000746600000, 0x0000000746600000|100%|HC|  |TS  0|AC  0|TAMS 0x0000000746500000, 0x0000000746500000|
| 102|0x0000000746600000, 0x0000000746600000, 0x0000000746700000|  0%| F|  |TS  0|AC  0|TAMS 0x0000000746600000, 0x0000000746600000|
| 103|0x0000000746700000, 0x0000000746700000, 0x0000000746800000|  0%| F|  |TS  0|AC  0|TAMS 0x0000000746700000, 0x0000000746700000|
| 104|0x0000000746800000, 0x0000000746800000, 0x0000000746900000|  0%| F|  |TS  0|AC  0|TAMS 0x0000000746800000, 0x0000000746800000|
| 105|0x0000000746900000, 0x0000000746900000, 0x0000000746a00000|  0%| F|  |TS  0|AC  0|TAMS 0x0000000746900000, 0x0000000746900000|
| 106|0x0000000746a00000, 0x0000000746a00000, 0x0000000746b00000|  0%| F|  |TS  0|AC  0|TAMS 0x0000000746a00000, 0x0000000746a00000|
| 107|0x0000000746b00000, 0x0000000746b00000, 0x0000000746c00000|  0%| F|  |TS  0|AC  0|TAMS 0x0000000746b00000, 0x0000000746b00000|
| 108|0x0000000746c00000, 0x0000000746c00000, 0x0000000746d00000|  0%| F|  |TS  0|AC  0|TAMS 0x0000000746c00000, 0x0000000746c00000|
| 109|0x0000000746d00000, 0x0000000746d00000, 0x0000000746e00000|  0%| F|  |TS  0|AC  0|TAMS 0x0000000746d00000, 0x0000000746d00000|
| 110|0x0000000746e00000, 0x0000000746e00000, 0x0000000746f00000|  0%| F|  |TS  0|AC  0|TAMS 0x0000000746e00000, 0x0000000746e00000|
| 111|0x0000000746f00000, 0x0000000746f00000, 0x0000000747000000|  0%| F|  |TS  0|AC  0|TAMS 0x0000000746f00000, 0x0000000746f00000|
| 112|0x0000000747000000, 0x0000000747000000, 0x0000000747100000|  0%| F|  |TS  0|AC  0|TAMS 0x0000000747000000, 0x0000000747000000|
| 113|0x0000000747100000, 0x0000000747100000, 0x0000000747200000|  0%| F|  |TS  0|AC  0|TAMS 0x0000000747100000, 0x0000000747100000|
| 114|0x0000000747200000, 0x0000000747200000, 0x0000000747300000|  0%| F|  |TS  0|AC  0|TAMS 0x0000000747200000, 0x0000000747200000|
| 115|0x0000000747300000, 0x0000000747300000, 0x0000000747400000|  0%| F|  |TS  0|AC  0|TAMS 0x0000000747300000, 0x0000000747300000|
| 116|0x0000000747400000, 0x0000000747400000, 0x0000000747500000|  0%| F|  |TS  0|AC  0|TAMS 0x0000000747400000, 0x0000000747400000|
| 117|0x0000000747500000, 0x0000000747500000, 0x0000000747600000|  0%| F|  |TS  0|AC  0|TAMS 0x0000000747500000, 0x0000000747500000|
| 118|0x0000000747600000, 0x0000000747600000, 0x0000000747700000|  0%| F|  |TS  0|AC  0|TAMS 0x0000000747600000, 0x0000000747600000|
| 119|0x0000000747700000, 0x0000000747700000, 0x0000000747800000|  0%| F|  |TS  0|AC  0|TAMS 0x0000000747700000, 0x0000000747700000|
| 120|0x0000000747800000, 0x0000000747800000, 0x0000000747900000|  0%| F|  |TS  0|AC  0|TAMS 0x0000000747800000, 0x0000000747800000|
| 121|0x0000000747900000, 0x0000000747900000, 0x0000000747a00000|  0%| F|  |TS  0|AC  0|TAMS 0x0000000747900000, 0x0000000747900000|
| 122|0x0000000747a00000, 0x0000000747a00000, 0x0000000747b00000|  0%| F|  |TS  0|AC  0|TAMS 0x0000000747a00000, 0x0000000747a00000|
| 123|0x0000000747b00000, 0x0000000747b60e10, 0x0000000747c00000| 37%| E|  |TS  0|AC  0|TAMS 0x0000000747b00000, 0x0000000747b00000|
| 124|0x0000000747c00000, 0x0000000747d00000, 0x0000000747d00000|100%| E|CS|TS  0|AC  0|TAMS 0x0000000747c00000, 0x0000000747c00000|
| 125|0x0000000747d00000, 0x0000000747e00000, 0x0000000747e00000|100%| E|CS|TS  0|AC  0|TAMS 0x0000000747d00000, 0x0000000747d00000|
| 126|0x0000000747e00000, 0x0000000747ec7d10, 0x0000000747f00000| 78%| S|CS|TS  0|AC  0|TAMS 0x0000000747e00000, 0x0000000747e00000|
| 127|0x0000000747f00000, 0x0000000748000000, 0x0000000748000000|100%| E|CS|TS  0|AC  0|TAMS 0x0000000747f00000, 0x0000000747f00000|

Card table byte_map: [0x00000001102eb000,0x00000001106eb000] byte_map_base: 0x000000010c8eb000

Marking Bits (Prev, Next): (CMBitMap*) 0x00007fe1210294a8, (CMBitMap*) 0x00007fe121029470
 Prev Bits: [0x0000000112aeb000, 0x0000000114aeb000)
 Next Bits: [0x0000000110aeb000, 0x0000000112aeb000)

Polling page: 0x000000010ec3a000

CodeHeap 'non-profiled nmethods': size=120032Kb used=1385Kb max_used=1385Kb free=118647Kb
 bounds [0x0000000129204000, 0x0000000129474000, 0x000000013073c000]
CodeHeap 'profiled nmethods': size=120032Kb used=7096Kb max_used=7096Kb free=112935Kb
 bounds [0x0000000121ccc000, 0x00000001223bc000, 0x0000000129204000]
CodeHeap 'non-nmethods': size=5696Kb used=1469Kb max_used=1488Kb free=4226Kb
 bounds [0x000000012173c000, 0x00000001219ac000, 0x0000000121ccc000]
 total_blobs=4861 nmethods=3444 adapters=692
 compilation: enabled

Compilation events (10 events):
Event: 39.062 Thread 0x00007fe120815000 3442       3       com.sun.javafx.geom.transform.BaseTransform::equals (164 bytes)
Event: 39.063 Thread 0x00007fe120011800 nmethod 3441 0x000000012935da10 code [0x000000012935dbc0, 0x000000012935dc98]
Event: 39.063 Thread 0x00007fe120815000 nmethod 3442 0x00000001223b6c90 code [0x00000001223b6fe0, 0x00000001223b89d8]
Event: 39.066 Thread 0x00007fe120815000 3443       3       com.sun.javafx.binding.BindingHelperObserver::invalidated (32 bytes)
Event: 39.066 Thread 0x00007fe120815000 nmethod 3443 0x00000001223b8d10 code [0x00000001223b8f00, 0x00000001223b9408]
Event: 39.067 Thread 0x00007fe120814000 nmethod 3439 0x000000012935dd90 code [0x000000012935df20, 0x000000012935e338]
Event: 39.099 Thread 0x00007fe120815000 3444       3       com.sun.javafx.scene.ImageViewHelper::computeGeomBoundsImpl (12 bytes)
Event: 39.099 Thread 0x00007fe120815000 nmethod 3444 0x00000001223b9590 code [0x00000001223b9760, 0x00000001223b9ae8]
Event: 39.099 Thread 0x00007fe120815000 3445       3       javafx.scene.image.ImageView$1::doComputeGeomBounds (10 bytes)
Event: 39.099 Thread 0x00007fe120815000 nmethod 3445 0x00000001223b9c90 code [0x00000001223b9e60, 0x00000001223ba148]

GC Heap History (10 events):
Event: 35.281 GC heap before
{Heap before GC invocations=19 (full 0):
 garbage-first heap   total 131072K, used 108659K [0x0000000740000000, 0x0000000740100400, 0x00000007c0000000)
  region size 1024K, 24 young (24576K), 1 survivors (1024K)
 Metaspace       used 25484K, capacity 27720K, committed 27776K, reserved 1073152K
  class space    used 3288K, capacity 3686K, committed 3712K, reserved 1048576K
}
Event: 35.283 GC heap after
{Heap after GC invocations=20 (full 0):
 garbage-first heap   total 131072K, used 85100K [0x0000000740000000, 0x0000000740100400, 0x00000007c0000000)
  region size 1024K, 1 young (1024K), 1 survivors (1024K)
 Metaspace       used 25484K, capacity 27720K, committed 27776K, reserved 1073152K
  class space    used 3288K, capacity 3686K, committed 3712K, reserved 1048576K
}
Event: 38.251 GC heap before
{Heap before GC invocations=20 (full 0):
 garbage-first heap   total 131072K, used 101484K [0x0000000740000000, 0x0000000740100400, 0x00000007c0000000)
  region size 1024K, 18 young (18432K), 1 survivors (1024K)
 Metaspace       used 25507K, capacity 27720K, committed 27776K, reserved 1073152K
  class space    used 3288K, capacity 3686K, committed 3712K, reserved 1048576K
}
Event: 38.253 GC heap after
{Heap after GC invocations=21 (full 0):
 garbage-first heap   total 131072K, used 85126K [0x0000000740000000, 0x0000000740100400, 0x00000007c0000000)
  region size 1024K, 1 young (1024K), 1 survivors (1024K)
 Metaspace       used 25507K, capacity 27720K, committed 27776K, reserved 1073152K
  class space    used 3288K, capacity 3686K, committed 3712K, reserved 1048576K
}
Event: 38.286 GC heap before
{Heap before GC invocations=22 (full 0):
 garbage-first heap   total 131072K, used 92294K [0x0000000740000000, 0x0000000740100400, 0x00000007c0000000)
  region size 1024K, 2 young (2048K), 1 survivors (1024K)
 Metaspace       used 25508K, capacity 27720K, committed 27776K, reserved 1073152K
  class space    used 3288K, capacity 3686K, committed 3712K, reserved 1048576K
}
Event: 38.289 GC heap after
{Heap after GC invocations=23 (full 0):
 garbage-first heap   total 131072K, used 92294K [0x0000000740000000, 0x0000000740100400, 0x00000007c0000000)
  region size 1024K, 1 young (1024K), 1 survivors (1024K)
 Metaspace       used 25508K, capacity 27720K, committed 27776K, reserved 1073152K
  class space    used 3288K, capacity 3686K, committed 3712K, reserved 1048576K
}
Event: 38.326 GC heap before
{Heap before GC invocations=24 (full 0):
 garbage-first heap   total 131072K, used 97414K [0x0000000740000000, 0x0000000740100400, 0x00000007c0000000)
  region size 1024K, 2 young (2048K), 1 survivors (1024K)
 Metaspace       used 25521K, capacity 27752K, committed 27904K, reserved 1073152K
  class space    used 3289K, capacity 3718K, committed 3840K, reserved 1048576K
}
Event: 38.329 GC heap after
{Heap after GC invocations=25 (full 0):
 garbage-first heap   total 131072K, used 98296K [0x0000000740000000, 0x0000000740100400, 0x00000007c0000000)
  region size 1024K, 2 young (2048K), 2 survivors (2048K)
 Metaspace       used 25521K, capacity 27752K, committed 27904K, reserved 1073152K
  class space    used 3289K, capacity 3718K, committed 3840K, reserved 1048576K
}
Event: 38.370 GC heap before
{Heap before GC invocations=26 (full 0):
 garbage-first heap   total 131072K, used 102392K [0x0000000740000000, 0x0000000740100400, 0x00000007c0000000)
  region size 1024K, 3 young (3072K), 2 survivors (2048K)
 Metaspace       used 25531K, capacity 27752K, committed 27904K, reserved 1073152K
  class space    used 3290K, capacity 3718K, committed 3840K, reserved 1048576K
}
Event: 38.373 GC heap after
{Heap after GC invocations=27 (full 0):
 garbage-first heap   total 131072K, used 102265K [0x0000000740000000, 0x0000000740100400, 0x00000007c0000000)
  region size 1024K, 1 young (1024K), 1 survivors (1024K)
 Metaspace       used 25531K, capacity 27752K, committed 27904K, reserved 1073152K
  class space    used 3290K, capacity 3718K, committed 3840K, reserved 1048576K
}

Deoptimization events (10 events):
Event: 5.284 Thread 0x00007fe1210ad800 Uncommon trap: reason=class_check action=maybe_recompile pc=0x00000001292a0d68 method=com.sun.javafx.geom.Path2D$TxIterator.currentSegment([F)I @ 40 c2
Event: 5.284 Thread 0x00007fe1210ad800 Uncommon trap: reason=class_check action=maybe_recompile pc=0x00000001292a0d68 method=com.sun.javafx.geom.Path2D$TxIterator.currentSegment([F)I @ 40 c2
Event: 5.291 Thread 0x00007fe1210ad800 Uncommon trap: reason=unstable_if action=reinterpret pc=0x000000012929a4fc method=javafx.beans.property.DoublePropertyBase.get()D @ 9 c2
Event: 13.019 Thread 0x00007fe1210ad800 Uncommon trap: reason=unstable_if action=reinterpret pc=0x0000000129240a74 method=com.sun.javafx.image.impl.ByteBgra$ToByteBgraPreConv.doConvert([BII[BIIII)V @ 31 c2
Event: 13.022 Thread 0x00007fe1210ad800 Uncommon trap: reason=unstable_if action=reinterpret pc=0x00000001292417b8 method=com.sun.javafx.image.impl.BaseByteToByteConverter$FourByteReorderer.doConvert([BII[BIIII)V @ 31 c2
Event: 13.637 Thread 0x00007fe1210ad800 Uncommon trap: reason=unstable_if action=reinterpret pc=0x0000000129250fec method=java.lang.AbstractStringBuilder.putStringAt(ILjava/lang/String;)V @ 8 c2
Event: 13.637 Thread 0x00007fe1210ad800 Uncommon trap: reason=unstable_if action=reinterpret pc=0x00000001292570dc method=java.lang.AbstractStringBuilder.putStringAt(ILjava/lang/String;)V @ 8 c2
Event: 13.637 Thread 0x00007fe1210ad800 Uncommon trap: reason=unstable_if action=reinterpret pc=0x000000012922b164 method=java.lang.String.getBytes([BIB)V @ 5 c2
Event: 13.637 Thread 0x00007fe1210ad800 Uncommon trap: reason=unstable_if action=reinterpret pc=0x00000001292519d0 method=java.lang.StringBuilder.toString()Ljava/lang/String; @ 4 c2
Event: 13.666 Thread 0x00007fe1210ad800 Uncommon trap: reason=unstable_if action=reinterpret pc=0x0000000129322b2c method=com.sun.prism.Image.getPixelAccessor()Lcom/sun/prism/Image$Accessor; @ 4 c2

Classes redefined (0 events):
No events

Internal exceptions (10 events):
Event: 5.916 Thread 0x00007fe1210ad800 Exception <a 'java/lang/NoSuchMethodError'{0x00000007465e1918}: method resolution failed> (0x00000007465e1918) thrown at [/scratch/mesos/slaves/450fa0f5-8733-43f8-b866-79fe3e86d200-S756/frameworks/1735e8a2-a1db-478c-8104-60c8b0af87dd-0196/executors/132405
Event: 5.916 Thread 0x00007fe1210ad800 Exception <a 'java/lang/NoSuchMethodError'{0x00000007465e93c0}: java.lang.invoke.DirectMethodHandle$Holder.invokeStatic(Ljava/lang/Object;Ljava/lang/Object;ILjava/lang/Object;JIIII)Ljava/lang/Object;> (0x00000007465e93c0) thrown at [/scratch/mesos/slaves/
Event: 5.916 Thread 0x00007fe1210ad800 Exception <a 'java/lang/NoSuchMethodError'{0x00000007465ed088}: method resolution failed> (0x00000007465ed088) thrown at [/scratch/mesos/slaves/450fa0f5-8733-43f8-b866-79fe3e86d200-S756/frameworks/1735e8a2-a1db-478c-8104-60c8b0af87dd-0196/executors/132405
Event: 8.605 Thread 0x00007fe1210ad800 Exception <a 'java/lang/NoSuchMethodError'{0x000000074722bcd8}: java.lang.invoke.DirectMethodHandle$Holder.invokeStaticInit(Ljava/lang/Object;Ljava/lang/Object;Ljava/lang/Object;)Ljava/lang/Object;> (0x000000074722bcd8) thrown at [/scratch/mesos/slaves/45
Event: 8.608 Thread 0x00007fe120045800 Exception <a 'java/lang/NoSuchMethodError'{0x00000007472b4fb8}: method resolution failed> (0x00000007472b4fb8) thrown at [/scratch/mesos/slaves/450fa0f5-8733-43f8-b866-79fe3e86d200-S756/frameworks/1735e8a2-a1db-478c-8104-60c8b0af87dd-0196/executors/132405
Event: 8.620 Thread 0x00007fe1210ad800 Exception <a 'java/io/FileNotFoundException'{0x00000007471029c8}> (0x00000007471029c8) thrown at [/scratch/mesos/slaves/450fa0f5-8733-43f8-b866-79fe3e86d200-S756/frameworks/1735e8a2-a1db-478c-8104-60c8b0af87dd-0196/executors/132405fd-871a-46c3-bcb1-9693a1
Event: 12.925 Thread 0x00007fe1210ad800 Exception <a 'java/io/FileNotFoundException'{0x0000000746fe2500}> (0x0000000746fe2500) thrown at [/scratch/mesos/slaves/450fa0f5-8733-43f8-b866-79fe3e86d200-S756/frameworks/1735e8a2-a1db-478c-8104-60c8b0af87dd-0196/executors/132405fd-871a-46c3-bcb1-9693a1
Event: 13.635 Thread 0x00007fe1210ad800 Exception <a 'java/lang/NoSuchMethodError'{0x0000000747b0a8e0}: java.lang.Object.lambda$negate$3(I)Z> (0x0000000747b0a8e0) thrown at [/scratch/mesos/slaves/450fa0f5-8733-43f8-b866-79fe3e86d200-S756/frameworks/1735e8a2-a1db-478c-8104-60c8b0af87dd-0196/exec
Event: 13.636 Thread 0x00007fe1210ad800 Exception <a 'java/lang/NoSuchMethodError'{0x0000000747b0d538}: java.lang.Object.lambda$and$0(Ljava/util/regex/Pattern$CharPredicate;I)Z> (0x0000000747b0d538) thrown at [/scratch/mesos/slaves/450fa0f5-8733-43f8-b866-79fe3e86d200-S756/frameworks/1735e8a2-a
Event: 13.642 Thread 0x00007fe1210ad800 Exception <a 'java/io/FileNotFoundException'{0x0000000747b6b7e8}> (0x0000000747b6b7e8) thrown at [/scratch/mesos/slaves/450fa0f5-8733-43f8-b866-79fe3e86d200-S756/frameworks/1735e8a2-a1db-478c-8104-60c8b0af87dd-0196/executors/132405fd-871a-46c3-bcb1-9693a1

Events (10 events):
Event: 39.598 Thread 0x00007fe12309f800 Thread added: 0x00007fe12309f800
Event: 39.598 Thread 0x00007fe12309f800 Thread exited: 0x00007fe12309f800
Event: 39.598 Thread 0x00007fe12309f800 Thread added: 0x00007fe12309f800
Event: 39.600 Thread 0x00007fe12309f800 Thread exited: 0x00007fe12309f800
Event: 39.600 Thread 0x00007fe120403000 Thread added: 0x00007fe120403000
Event: 39.600 Thread 0x00007fe120403000 Thread exited: 0x00007fe120403000
Event: 39.645 Thread 0x00007fe12309f800 Thread added: 0x00007fe12309f800
Event: 39.645 Thread 0x00007fe12309f800 Thread exited: 0x00007fe12309f800
Event: 39.645 Thread 0x00007fe12309f800 Thread added: 0x00007fe12309f800
Event: 39.645 Thread 0x00007fe12309f800 Thread exited: 0x00007fe12309f800


Dynamic libraries:
0x00007fff9623b000 	/System/Library/Frameworks/Cocoa.framework/Versions/A/Cocoa
0x00007fff9cade000 	/System/Library/Frameworks/Security.framework/Versions/A/Security
0x00007fff950f4000 	/System/Library/Frameworks/ApplicationServices.framework/Versions/A/ApplicationServices
0x00007fffabee2000 	/usr/lib/libz.1.dylib
0x00007fffaaa35000 	/usr/lib/libSystem.B.dylib
0x00007fff967d1000 	/System/Library/Frameworks/CoreFoundation.framework/Versions/A/CoreFoundation
0x00007fff98249000 	/System/Library/Frameworks/Foundation.framework/Versions/C/Foundation
0x00007fffab6e3000 	/usr/lib/libobjc.A.dylib
0x00007fff94309000 	/System/Library/Frameworks/AppKit.framework/Versions/C/AppKit
0x00007fff96427000 	/System/Library/Frameworks/CoreData.framework/Versions/A/CoreData
0x00007fffa74ba000 	/System/Library/PrivateFrameworks/RemoteViewServices.framework/Versions/A/RemoteViewServices
0x00007fffa94a5000 	/System/Library/PrivateFrameworks/UIFoundation.framework/Versions/A/UIFoundation
0x00007fffa285f000 	/System/Library/PrivateFrameworks/DFRFoundation.framework/Versions/A/DFRFoundation
0x00007fffab026000 	/usr/lib/libenergytrace.dylib
0x00007fffa82e7000 	/System/Library/PrivateFrameworks/SkyLight.framework/Versions/A/SkyLight
0x00007fff96c6b000 	/System/Library/Frameworks/CoreGraphics.framework/Versions/A/CoreGraphics
0x00007fffaaa30000 	/usr/lib/libScreenReader.dylib
0x00007fff9332b000 	/System/Library/Frameworks/Accelerate.framework/Versions/A/Accelerate
0x00007fff98847000 	/System/Library/Frameworks/IOSurface.framework/Versions/A/IOSurface
0x00007fff95617000 	/System/Library/Frameworks/AudioToolbox.framework/Versions/A/AudioToolbox
0x00007fff95824000 	/System/Library/Frameworks/AudioUnit.framework/Versions/A/AudioUnit
0x00007fffa28a4000 	/System/Library/PrivateFrameworks/DataDetectorsCore.framework/Versions/A/DataDetectorsCore
0x00007fffa2995000 	/System/Library/PrivateFrameworks/DesktopServicesPriv.framework/Versions/A/DesktopServicesPriv
0x00007fff95d88000 	/System/Library/Frameworks/Carbon.framework/Versions/A/Frameworks/HIToolbox.framework/Versions/A/HIToolbox
0x00007fffab12f000 	/usr/lib/libicucore.A.dylib
0x00007fff9c376000 	/System/Library/Frameworks/QuartzCore.framework/Versions/A/QuartzCore
0x00007fff96154000 	/System/Library/Frameworks/Carbon.framework/Versions/A/Frameworks/SpeechRecognition.framework/Versions/A/SpeechRecognition
0x00007fffaab4e000 	/usr/lib/libauto.dylib
0x00007fffabdc8000 	/usr/lib/libxml2.2.dylib
0x00007fffa2519000 	/System/Library/PrivateFrameworks/CoreUI.framework/Versions/A/CoreUI
0x00007fff96385000 	/System/Library/Frameworks/CoreAudio.framework/Versions/A/CoreAudio
0x00007fff980b2000 	/System/Library/Frameworks/DiskArbitration.framework/Versions/A/DiskArbitration
0x00007fffab35a000 	/usr/lib/liblangid.dylib
0x00007fffa63a1000 	/System/Library/PrivateFrameworks/MultitouchSupport.framework/Versions/A/MultitouchSupport
0x00007fff987b0000 	/System/Library/Frameworks/IOKit.framework/Versions/A/IOKit
0x00007fffaa7f6000 	/usr/lib/libDiagnosticMessagesClient.dylib
0x00007fff97696000 	/System/Library/Frameworks/CoreServices.framework/Versions/A/CoreServices
0x00007fffa6d5e000 	/System/Library/PrivateFrameworks/PerformanceAnalysis.framework/Versions/A/PerformanceAnalysis
0x00007fffa47e7000 	/System/Library/PrivateFrameworks/GenerationalStorage.framework/Versions/A/GenerationalStorage
0x00007fff9b816000 	/System/Library/Frameworks/OpenGL.framework/Versions/A/OpenGL
0x00007fff972ee000 	/System/Library/Frameworks/CoreImage.framework/Versions/A/CoreImage
0x00007fff97dbf000 	/System/Library/Frameworks/CoreText.framework/Versions/A/CoreText
0x00007fff988a0000 	/System/Library/Frameworks/ImageIO.framework/Versions/A/ImageIO
0x00007fffa00d6000 	/System/Library/PrivateFrameworks/Backup.framework/Versions/A/Backup
0x00007fffaaaa2000 	/usr/lib/libarchive.2.dylib
0x00007fff9598d000 	/System/Library/Frameworks/CFNetwork.framework/Versions/A/CFNetwork
0x00007fff9d20b000 	/System/Library/Frameworks/SystemConfiguration.framework/Versions/A/SystemConfiguration
0x00007fffaa73d000 	/usr/lib/libCRFSuite.dylib
0x00007fffaab6f000 	/usr/lib/libc++.1.dylib
0x00007fffaabc6000 	/usr/lib/libc++abi.dylib
0x00007fffabf02000 	/usr/lib/system/libcache.dylib
0x00007fffabf07000 	/usr/lib/system/libcommonCrypto.dylib
0x00007fffabf12000 	/usr/lib/system/libcompiler_rt.dylib
0x00007fffabf1a000 	/usr/lib/system/libcopyfile.dylib
0x00007fffabf23000 	/usr/lib/system/libcorecrypto.dylib
0x00007fffabfa7000 	/usr/lib/system/libdispatch.dylib
0x00007fffabfd9000 	/usr/lib/system/libdyld.dylib
0x00007fffabfdf000 	/usr/lib/system/libkeymgr.dylib
0x00007fffabfed000 	/usr/lib/system/liblaunch.dylib
0x00007fffabfee000 	/usr/lib/system/libmacho.dylib
0x00007fffabff4000 	/usr/lib/system/libquarantine.dylib
0x00007fffabff7000 	/usr/lib/system/libremovefile.dylib
0x00007fffabff9000 	/usr/lib/system/libsystem_asl.dylib
0x00007fffac012000 	/usr/lib/system/libsystem_blocks.dylib
0x00007fffac013000 	/usr/lib/system/libsystem_c.dylib
0x00007fffac0a1000 	/usr/lib/system/libsystem_configuration.dylib
0x00007fffac0a5000 	/usr/lib/system/libsystem_coreservices.dylib
0x00007fffac0a9000 	/usr/lib/system/libsystem_coretls.dylib
0x00007fffac0c2000 	/usr/lib/system/libsystem_dnssd.dylib
0x00007fffac0c9000 	/usr/lib/system/libsystem_info.dylib
0x00007fffac0f3000 	/usr/lib/system/libsystem_kernel.dylib
0x00007fffac116000 	/usr/lib/system/libsystem_m.dylib
0x00007fffac15e000 	/usr/lib/system/libsystem_malloc.dylib
0x00007fffac17d000 	/usr/lib/system/libsystem_network.dylib
0x00007fffac1d7000 	/usr/lib/system/libsystem_networkextension.dylib
0x00007fffac1e1000 	/usr/lib/system/libsystem_notify.dylib
0x00007fffac1eb000 	/usr/lib/system/libsystem_platform.dylib
0x00007fffac1f4000 	/usr/lib/system/libsystem_pthread.dylib
0x00007fffac1ff000 	/usr/lib/system/libsystem_sandbox.dylib
0x00007fffac203000 	/usr/lib/system/libsystem_secinit.dylib
0x00007fffac205000 	/usr/lib/system/libsystem_symptoms.dylib
0x00007fffac20d000 	/usr/lib/system/libsystem_trace.dylib
0x00007fffac221000 	/usr/lib/system/libunwind.dylib
0x00007fffac227000 	/usr/lib/system/libxpc.dylib
0x00007fffaab4f000 	/usr/lib/libbsm.0.dylib
0x00007fffabfe0000 	/usr/lib/system/libkxld.dylib
0x00007fffaac18000 	/usr/lib/libcoretls.dylib
0x00007fffaac19000 	/usr/lib/libcoretls_cfhelpers.dylib
0x00007fffaaa2f000 	/usr/lib/libOpenScriptingUtil.dylib
0x00007fffabab8000 	/usr/lib/libpam.2.dylib
0x00007fffabb77000 	/usr/lib/libsqlite3.dylib
0x00007fffabdba000 	/usr/lib/libxar.1.dylib
0x00007fffaab60000 	/usr/lib/libbz2.1.0.dylib
0x00007fffab35c000 	/usr/lib/liblzma.5.dylib
0x00007fffab668000 	/usr/lib/libnetwork.dylib
0x00007fffababd000 	/usr/lib/libpcap.A.dylib
0x00007fff979f9000 	/System/Library/Frameworks/CoreServices.framework/Versions/A/Frameworks/FSEvents.framework/Versions/A/FSEvents
0x00007fff976e9000 	/System/Library/Frameworks/CoreServices.framework/Versions/A/Frameworks/CarbonCore.framework/Versions/A/CarbonCore
0x00007fff97b6f000 	/System/Library/Frameworks/CoreServices.framework/Versions/A/Frameworks/Metadata.framework/Versions/A/Metadata
0x00007fff97c20000 	/System/Library/Frameworks/CoreServices.framework/Versions/A/Frameworks/OSServices.framework/Versions/A/OSServices
0x00007fff97c80000 	/System/Library/Frameworks/CoreServices.framework/Versions/A/Frameworks/SearchKit.framework/Versions/A/SearchKit
0x00007fff97697000 	/System/Library/Frameworks/CoreServices.framework/Versions/A/Frameworks/AE.framework/Versions/A/AE
0x00007fff97a02000 	/System/Library/Frameworks/CoreServices.framework/Versions/A/Frameworks/LaunchServices.framework/Versions/A/LaunchServices
0x00007fff979c5000 	/System/Library/Frameworks/CoreServices.framework/Versions/A/Frameworks/DictionaryServices.framework/Versions/A/DictionaryServices
0x00007fff97cf1000 	/System/Library/Frameworks/CoreServices.framework/Versions/A/Frameworks/SharedFileList.framework/Versions/A/SharedFileList
0x00007fff9aa3a000 	/System/Library/Frameworks/NetFS.framework/Versions/A/NetFS
0x00007fffa647b000 	/System/Library/PrivateFrameworks/NetAuth.framework/Versions/A/NetAuth
0x00007fffaa6e6000 	/System/Library/PrivateFrameworks/login.framework/Versions/A/Frameworks/loginsupport.framework/Versions/A/loginsupport
0x00007fffa92d7000 	/System/Library/PrivateFrameworks/TCC.framework/Versions/A/TCC
0x00007fffab38d000 	/usr/lib/libmecabra.dylib
0x00007fff950f5000 	/System/Library/Frameworks/ApplicationServices.framework/Versions/A/Frameworks/ATS.framework/Versions/A/ATS
0x00007fff95474000 	/System/Library/Frameworks/ApplicationServices.framework/Versions/A/Frameworks/ColorSync.framework/Versions/A/ColorSync
0x00007fff9551f000 	/System/Library/Frameworks/ApplicationServices.framework/Versions/A/Frameworks/HIServices.framework/Versions/A/HIServices
0x00007fff95571000 	/System/Library/Frameworks/ApplicationServices.framework/Versions/A/Frameworks/LangAnalysis.framework/Versions/A/LangAnalysis
0x00007fff95581000 	/System/Library/Frameworks/ApplicationServices.framework/Versions/A/Frameworks/PrintCore.framework/Versions/A/PrintCore
0x00007fff955cf000 	/System/Library/Frameworks/ApplicationServices.framework/Versions/A/Frameworks/QD.framework/Versions/A/QD
0x00007fff9560b000 	/System/Library/Frameworks/ApplicationServices.framework/Versions/A/Frameworks/SpeechSynthesis.framework/Versions/A/SpeechSynthesis
0x00007fff93344000 	/System/Library/Frameworks/Accelerate.framework/Versions/A/Frameworks/vImage.framework/Versions/A/vImage
0x00007fff9404a000 	/System/Library/Frameworks/Accelerate.framework/Versions/A/Frameworks/vecLib.framework/Versions/A/vecLib
0x00007fff93e0f000 	/System/Library/Frameworks/Accelerate.framework/Versions/A/Frameworks/vecLib.framework/Versions/A/libvDSP.dylib
0x00007fff939d0000 	/System/Library/Frameworks/Accelerate.framework/Versions/A/Frameworks/vecLib.framework/Versions/A/libBNNS.dylib
0x00007fff93df3000 	/System/Library/Frameworks/Accelerate.framework/Versions/A/Frameworks/vecLib.framework/Versions/A/libQuadrature.dylib
0x00007fff93f97000 	/System/Library/Frameworks/Accelerate.framework/Versions/A/Frameworks/vecLib.framework/Versions/A/libvMisc.dylib
0x00007fff939e5000 	/System/Library/Frameworks/Accelerate.framework/Versions/A/Frameworks/vecLib.framework/Versions/A/libLAPACK.dylib
0x00007fff9385e000 	/System/Library/Frameworks/Accelerate.framework/Versions/A/Frameworks/vecLib.framework/Versions/A/libBLAS.dylib
0x00007fff93ddc000 	/System/Library/Frameworks/Accelerate.framework/Versions/A/Frameworks/vecLib.framework/Versions/A/libLinearAlgebra.dylib
0x00007fff93dfa000 	/System/Library/Frameworks/Accelerate.framework/Versions/A/Frameworks/vecLib.framework/Versions/A/libSparseBLAS.dylib
0x00007fff951fd000 	/System/Library/Frameworks/ApplicationServices.framework/Versions/A/Frameworks/ATS.framework/Versions/A/Resources/libFontParser.dylib
0x00007fff9532d000 	/System/Library/Frameworks/ApplicationServices.framework/Versions/A/Frameworks/ATS.framework/Versions/A/Resources/libFontRegistry.dylib
0x00007fff98af7000 	/System/Library/Frameworks/ImageIO.framework/Versions/A/Resources/libJPEG.dylib
0x00007fff98b46000 	/System/Library/Frameworks/ImageIO.framework/Versions/A/Resources/libTIFF.dylib
0x00007fff98b1b000 	/System/Library/Frameworks/ImageIO.framework/Versions/A/Resources/libPng.dylib
0x00007fff98a01000 	/System/Library/Frameworks/ImageIO.framework/Versions/A/Resources/libGIF.dylib
0x00007fff98a06000 	/System/Library/Frameworks/ImageIO.framework/Versions/A/Resources/libJP2.dylib
0x00007fff98b43000 	/System/Library/Frameworks/ImageIO.framework/Versions/A/Resources/libRadiance.dylib
0x00007fffaac01000 	/usr/lib/libcompression.dylib
0x00007fff9fc18000 	/System/Library/PrivateFrameworks/AppleJPEG.framework/Versions/A/AppleJPEG
0x00007fffaaf56000 	/usr/lib/libcups.2.dylib
0x00007fff998fd000 	/System/Library/Frameworks/Kerberos.framework/Versions/A/Kerberos
0x00007fff9861b000 	/System/Library/Frameworks/GSS.framework/Versions/A/GSS
0x00007fffabb0b000 	/usr/lib/libresolv.9.dylib
0x00007fffab03c000 	/usr/lib/libiconv.2.dylib
0x00007fffa4f14000 	/System/Library/PrivateFrameworks/Heimdal.framework/Versions/A/Heimdal
0x00007fffab036000 	/usr/lib/libheimdal-asn1.dylib
0x00007fff9ac8b000 	/System/Library/Frameworks/OpenDirectory.framework/Versions/A/OpenDirectory
0x00007fffa172b000 	/System/Library/PrivateFrameworks/CommonAuth.framework/Versions/A/CommonAuth
0x00007fff9ac71000 	/System/Library/Frameworks/OpenDirectory.framework/Versions/A/Frameworks/CFOpenDirectory.framework/Versions/A/CFOpenDirectory
0x00007fff9cde1000 	/System/Library/Frameworks/SecurityFoundation.framework/Versions/A/SecurityFoundation
0x00007fffa56cc000 	/System/Library/PrivateFrameworks/LanguageModeling.framework/Versions/A/LanguageModeling
0x00007fffab376000 	/usr/lib/libmarisa.dylib
0x00007fffaa759000 	/usr/lib/libChineseTokenizer.dylib
0x00007fffaabf0000 	/usr/lib/libcmph.dylib
0x00007fffa1e7d000 	/System/Library/PrivateFrameworks/CoreEmoji.framework/Versions/A/CoreEmoji
0x00007fff9ce81000 	/System/Library/Frameworks/ServiceManagement.framework/Versions/A/ServiceManagement
0x00007fffabeb8000 	/usr/lib/libxslt.1.dylib
0x00007fff9609c000 	/System/Library/Frameworks/Carbon.framework/Versions/A/Frameworks/Ink.framework/Versions/A/Ink
0x00007fffa9369000 	/System/Library/PrivateFrameworks/TextureIO.framework/Versions/A/TextureIO
0x00007fff9a0f6000 	/System/Library/Frameworks/Metal.framework/Versions/A/Metal
0x00007fffaaace000 	/usr/lib/libate.dylib
0x00007fffa4516000 	/System/Library/PrivateFrameworks/GPUCompiler.framework/libmetal_timestamp.dylib
0x00007fff9ac9a000 	/System/Library/Frameworks/OpenGL.framework/Versions/A/Libraries/libCoreFSCache.dylib
0x00007fffa55a5000 	/System/Library/PrivateFrameworks/IOAccelerator.framework/Versions/A/IOAccelerator
0x00007fff97f0d000 	/System/Library/Frameworks/CoreVideo.framework/Versions/A/CoreVideo
0x00007fffaa7f8000 	/usr/lib/libFosl_dynamic.dylib
0x00007fffa61a4000 	/System/Library/PrivateFrameworks/MetalPerformanceShaders.framework/Versions/A/MetalPerformanceShaders
0x00007fffa2d8e000 	/System/Library/PrivateFrameworks/FaceCore.framework/Versions/A/FaceCore
0x00007fff9ac22000 	/System/Library/Frameworks/OpenCL.framework/Versions/A/OpenCL
0x00007fff9ae6d000 	/System/Library/Frameworks/OpenGL.framework/Versions/A/Libraries/libGLU.dylib
0x00007fff9aca3000 	/System/Library/Frameworks/OpenGL.framework/Versions/A/Libraries/libGFXShared.dylib
0x00007fff9acad000 	/System/Library/Frameworks/OpenGL.framework/Versions/A/Libraries/libGL.dylib
0x00007fff9acb9000 	/System/Library/Frameworks/OpenGL.framework/Versions/A/Libraries/libGLImage.dylib
0x00007fff9ac97000 	/System/Library/Frameworks/OpenGL.framework/Versions/A/Libraries/libCVMSPluginSupport.dylib
0x00007fff9ac9e000 	/System/Library/Frameworks/OpenGL.framework/Versions/A/Libraries/libCoreVMClient.dylib
0x00007fffa27df000 	/System/Library/PrivateFrameworks/CrashReporterSupport.framework/Versions/A/CrashReporterSupport
0x00007fffa8239000 	/System/Library/PrivateFrameworks/Sharing.framework/Versions/A/Sharing
0x00007fffa55c3000 	/System/Library/PrivateFrameworks/IconServices.framework/Versions/A/IconServices
0x00007fffa7487000 	/System/Library/PrivateFrameworks/ProtocolBuffer.framework/Versions/A/ProtocolBuffer
0x00007fff9fafb000 	/System/Library/PrivateFrameworks/Apple80211.framework/Versions/A/Apple80211
0x00007fff97f43000 	/System/Library/Frameworks/CoreWLAN.framework/Versions/A/CoreWLAN
0x00007fffa2659000 	/System/Library/PrivateFrameworks/CoreUtils.framework/Versions/A/CoreUtils
0x00007fff9870c000 	/System/Library/Frameworks/IOBluetooth.framework/Versions/A/IOBluetooth
0x00007fffa2779000 	/System/Library/PrivateFrameworks/CoreWiFi.framework/Versions/A/CoreWiFi
0x00007fff96413000 	/System/Library/Frameworks/CoreBluetooth.framework/Versions/A/CoreBluetooth
0x00007fff96723000 	/System/Library/Frameworks/CoreDisplay.framework/Versions/A/CoreDisplay
0x00007fffa55ae000 	/System/Library/PrivateFrameworks/IOPresentment.framework/Versions/A/IOPresentment
0x00007fffa286a000 	/System/Library/PrivateFrameworks/DSExternalDisplay.framework/Versions/A/DSExternalDisplay
0x00007fffa2955000 	/System/Library/PrivateFrameworks/DebugSymbols.framework/Versions/A/DebugSymbols
0x00007fffa2489000 	/System/Library/PrivateFrameworks/CoreSymbolication.framework/Versions/A/CoreSymbolication
0x00007fffa8e24000 	/System/Library/PrivateFrameworks/Symbolication.framework/Versions/A/Symbolication
0x00007fff9fb1e000 	/System/Library/PrivateFrameworks/AppleFSCompression.framework/Versions/A/AppleFSCompression
0x00007fffa872c000 	/System/Library/PrivateFrameworks/SpeechRecognitionCore.framework/Versions/A/SpeechRecognitionCore
0x00007fffa0ddf000 	/System/Library/PrivateFrameworks/ChunkingLibrary.framework/Versions/A/ChunkingLibrary
0x000000010df55000 	/Library/Java/JavaVirtualMachines/jdk-9.0.4.jdk/Contents/Home/lib/server/libjvm.dylib
0x00007fffabd21000 	/usr/lib/libstdc++.6.dylib
0x000000010ebf8000 	/Library/Java/JavaVirtualMachines/jdk-9.0.4.jdk/Contents/Home/lib/libverify.dylib
0x000000010ec05000 	/Library/Java/JavaVirtualMachines/jdk-9.0.4.jdk/Contents/Home/lib/libjava.dylib
0x000000010ec3b000 	/Library/Java/JavaVirtualMachines/jdk-9.0.4.jdk/Contents/Home/lib/libinstrument.dylib
0x000000010ec90000 	/Library/Java/JavaVirtualMachines/jdk-9.0.4.jdk/Contents/Home/lib/libzip.dylib
0x000000010ec98000 	/Library/Java/JavaVirtualMachines/jdk-9.0.4.jdk/Contents/Home/lib/libjimage.dylib
0x000000010ede5000 	/Library/Java/JavaVirtualMachines/jdk-9.0.4.jdk/Contents/Home/lib/libnio.dylib
0x0000000116f3c000 	/Library/Java/JavaVirtualMachines/jdk-9.0.4.jdk/Contents/Home/lib/./libnet.dylib
0x0000000131314000 	/Library/Java/JavaVirtualMachines/jdk-9.0.4.jdk/Contents/Home/lib/libprism_es2.dylib
0x0000000131363000 	/System/Library/Frameworks/OpenGL.framework/Resources/GLEngine.bundle/GLEngine
0x00007fff9acf6000 	/System/Library/Frameworks/OpenGL.framework/Versions/A/Libraries/libGLProgrammability.dylib
0x0000000131548000 	/System/Library/Extensions/AppleIntelKBLGraphicsGLDriver.bundle/Contents/MacOS/AppleIntelKBLGraphicsGLDriver
0x00007fffa4523000 	/System/Library/PrivateFrameworks/GPUSupport.framework/Versions/A/Libraries/libGPUSupportMercury.dylib
0x00000001322cc000 	/System/Library/Frameworks/OpenGL.framework/Resources//GLRendererFloat.bundle/GLRendererFloat
0x00007fff9ac19000 	/System/Library/Frameworks/OpenCL.framework/Versions/A/Libraries/libcldcpuengine.dylib
0x00007fffaacd4000 	/usr/lib/libcrypto.0.9.8.dylib
0x00007fffa94a3000 	/System/Library/PrivateFrameworks/TrustEvaluationAgent.framework/Versions/A/TrustEvaluationAgent
0x00000001326ef000 	/Library/Java/JavaVirtualMachines/jdk-9.0.4.jdk/Contents/Home/lib/libglass.dylib
0x00007fffa21c8000 	/System/Library/PrivateFrameworks/CoreServicesInternal.framework/Versions/A/CoreServicesInternal
0x00007fff91480000 	/System/Library/CoreServices/RawCamera.bundle/Contents/MacOS/RawCamera
0x00007fff9332c000 	/System/Library/Frameworks/Accelerate.framework/Versions/A/Frameworks/vImage.framework/Versions/A/Libraries/libCGInterfaces.dylib
0x0000000136f8b000 	/Library/Java/JavaVirtualMachines/jdk-9.0.4.jdk/Contents/Home/lib/libglib-lite.dylib
0x00007fffab034000 	/usr/lib/libffi.dylib
0x00000001370bd000 	/Library/Java/JavaVirtualMachines/jdk-9.0.4.jdk/Contents/Home/lib/libgstreamer-lite.dylib
0x0000000137222000 	/Library/Java/JavaVirtualMachines/jdk-9.0.4.jdk/Contents/Home/lib/libjfxmedia.dylib
0x0000000137257000 	/Library/Java/JavaVirtualMachines/jdk-9.0.4.jdk/Contents/Home/lib/libjfxmedia_avf.dylib
0x00007fff92ffc000 	/System/Library/Frameworks/AVFoundation.framework/Versions/A/AVFoundation
0x00007fff97598000 	/System/Library/Frameworks/CoreMedia.framework/Versions/A/CoreMedia
0x00007fff99bbc000 	/System/Library/Frameworks/MediaToolbox.framework/Versions/A/MediaToolbox
0x00007fff931be000 	/System/Library/Frameworks/AVFoundation.framework/Versions/A/Frameworks/AVFAudio.framework/Versions/A/AVFAudio
0x00007fff9d27b000 	/System/Library/Frameworks/VideoToolbox.framework/Versions/A/VideoToolbox
0x00007fffa5681000 	/System/Library/PrivateFrameworks/IntlPreferences.framework/Versions/A/IntlPreferences
0x00007fff9764a000 	/System/Library/Frameworks/CoreMediaIO.framework/Versions/A/CoreMediaIO
0x00007fffabb75000 	/usr/lib/libspindump.dylib
0x00007fffaaffd000 	/usr/lib/libdscsym.dylib
0x00007fffa1c99000 	/System/Library/PrivateFrameworks/CoreAVCHD.framework/Versions/A/CoreAVCHD
0x00007fff99ba0000 	/System/Library/Frameworks/MediaAccessibility.framework/Versions/A/MediaAccessibility
0x00007fffa5ef3000 	/System/Library/PrivateFrameworks/Mangrove.framework/Versions/A/Mangrove
0x00007fffa18b9000 	/System/Library/PrivateFrameworks/CoreAUC.framework/Versions/A/CoreAUC
0x00007fff9fce0000 	/System/Library/PrivateFrameworks/AppleVA.framework/Versions/A/AppleVA
0x00007fff95d83000 	/System/Library/Frameworks/Carbon.framework/Versions/A/Carbon
0x00007fff95d84000 	/System/Library/Frameworks/Carbon.framework/Versions/A/Frameworks/CommonPanels.framework/Versions/A/CommonPanels
0x00007fff96092000 	/System/Library/Frameworks/Carbon.framework/Versions/A/Frameworks/Help.framework/Versions/A/Help
0x00007fff96096000 	/System/Library/Frameworks/Carbon.framework/Versions/A/Frameworks/ImageCapture.framework/Versions/A/ImageCapture
0x00007fff96134000 	/System/Library/Frameworks/Carbon.framework/Versions/A/Frameworks/OpenScripting.framework/Versions/A/OpenScripting
0x00007fff9614f000 	/System/Library/Frameworks/Carbon.framework/Versions/A/Frameworks/Print.framework/Versions/A/Print
0x00007fff96151000 	/System/Library/Frameworks/Carbon.framework/Versions/A/Frameworks/SecurityHI.framework/Versions/A/SecurityHI
0x00007fffaa60f000 	/System/Library/PrivateFrameworks/XPCService.framework/Versions/A/XPCService
0x00007fff9faed000 	/System/Library/PrivateFrameworks/AppSandbox.framework/Versions/A/AppSandbox
0x00007fffabb28000 	/usr/lib/libsandbox.1.dylib
0x00007fff9fad1000 	/System/Library/PrivateFrameworks/AppContainer.framework/Versions/A/AppContainer
0x00007fffa81a7000 	/System/Library/PrivateFrameworks/SecCodeWrapper.framework/Versions/A/SecCodeWrapper
0x00007fffaaa27000 	/usr/lib/libMatch.1.dylib
0x000000013748a000 	/Library/Java/JavaVirtualMachines/jdk-9.0.4.jdk/Contents/Home/lib/libfxplugins.dylib
0x000000013411d000 	/System/Library/Frameworks/VideoDecodeAcceleration.framework/Versions/A/VideoDecodeAcceleration
0x00000001374b2000 	/System/Library/Extensions/AppleHDA.kext/Contents/PlugIns/AppleHDAHALPlugIn.bundle/Contents/MacOS/AppleHDAHALPlugIn
0x00000001374bc000 	/System/Library/Components/CoreAudio.component/Contents/MacOS/CoreAudio
0x00000001376e1000 	/System/Library/Components/AudioCodecs.component/Contents/MacOS/AudioCodecs
0x000000013807c000 	/Library/Java/JavaVirtualMachines/jdk-9.0.4.jdk/Contents/Home/lib/libjavafx_font.dylib
0x0000000138086000 	/Library/Java/JavaVirtualMachines/jdk-9.0.4.jdk/Contents/Home/lib/libawt.dylib
0x000000013812b000 	/Library/Java/JavaVirtualMachines/jdk-9.0.4.jdk/Contents/Home/lib/./libmlib_image.dylib
0x0000000138199000 	/System/Library/Frameworks/JavaVM.framework/Versions/A/Frameworks/JavaNativeFoundation.framework/Versions/A/JavaNativeFoundation
0x00000001381ae000 	/System/Library/Frameworks/JavaVM.framework/Versions/A/Frameworks/JavaRuntimeSupport.framework/Versions/A/JavaRuntimeSupport
0x00000001381c8000 	/System/Library/Frameworks/JavaVM.framework/Versions/A/JavaVM
0x00000001381d5000 	/System/Library/PrivateFrameworks/JavaLaunching.framework/Versions/A/JavaLaunching
0x00000001381e1000 	/Library/Java/JavaVirtualMachines/jdk-9.0.4.jdk/Contents/Home/lib/libawt_lwawt.dylib
0x00000001382a1000 	/Library/Java/JavaVirtualMachines/jdk-9.0.4.jdk/Contents/Home/lib/./libosxapp.dylib
0x00007fff98246000 	/System/Library/Frameworks/ExceptionHandling.framework/Versions/A/ExceptionHandling
0x00000001382bc000 	/Library/Java/JavaVirtualMachines/jdk-9.0.4.jdk/Contents/Home/lib/libfontmanager.dylib
0x00007fff953d4000 	/System/Library/Frameworks/ApplicationServices.framework/Versions/A/Frameworks/ATS.framework/Versions/A/Resources/libTrueTypeScaler.dylib
0x0000000131293000 	/Library/Java/JavaVirtualMachines/jdk-9.0.4.jdk/Contents/Home/lib/libprism_common.dylib
0x0000000139cbf000 	/System/Library/Extensions/AppleIntelKBLGraphicsMTLDriver.bundle/Contents/MacOS/AppleIntelKBLGraphicsMTLDriver
0x00007fffaa104000 	/System/Library/PrivateFrameworks/ViewBridge.framework/Versions/A/ViewBridge
0x000000013bb30000 	/Library/Java/JavaVirtualMachines/jdk-9.0.4.jdk/Contents/Home/lib/libjavafx_iio.dylib

VM Arguments:
jvm_args: -javaagent:/Users/macbook/Library/Application Support/JetBrains/Toolbox/apps/IDEA-U/ch-0/173.4548.28/IntelliJ IDEA.app/Contents/lib/idea_rt.jar=49204:/Users/macbook/Library/Application Support/JetBrains/Toolbox/apps/IDEA-U/ch-0/173.4548.28/IntelliJ IDEA.app/Contents/bin -Dfile.encoding=UTF-8 
java_command: Main.Main
java_class_path (initial): /Users/macbook/Desktop/javacodes/projectfooking/ap_project/out/production/projectAp
Launcher Type: SUN_STANDARD

Logging:
Log output configuration:
#0: stdout all=warning uptime,level,tags
#1: stderr all=off uptime,level,tags

Environment Variables:
PATH=/usr/local/bin:/usr/bin:/bin:/usr/sbin:/sbin
SHELL=/bin/bash

Signal Handlers:
SIGSEGV: [libjvm.dylib+0x73f3dc], sa_mask[0]=11111111011111110111111111111111, sa_flags=SA_ONSTACK|SA_RESTART|SA_SIGINFO
SIGBUS: [libjvm.dylib+0x73f3dc], sa_mask[0]=11111111011111110111111111111111, sa_flags=SA_RESTART|SA_SIGINFO
SIGFPE: [libjvm.dylib+0x73f3dc], sa_mask[0]=11111111011111110111111111111111, sa_flags=SA_RESTART|SA_SIGINFO
SIGPIPE: [libjvm.dylib+0x5f233c], sa_mask[0]=11111111011111110111111111111111, sa_flags=SA_RESTART|SA_SIGINFO
SIGXFSZ: [libjvm.dylib+0x5f233c], sa_mask[0]=11111111011111110111111111111111, sa_flags=SA_RESTART|SA_SIGINFO
SIGILL: [libjvm.dylib+0x73f3dc], sa_mask[0]=11111111011111110111111111111111, sa_flags=SA_RESTART|SA_SIGINFO
SIGUSR2: [libjvm.dylib+0x5f2bcc], sa_mask[0]=00100000000000000000000000000000, sa_flags=SA_RESTART|SA_SIGINFO
SIGHUP: [libjvm.dylib+0x5f1409], sa_mask[0]=11111111011111110111111111111111, sa_flags=SA_RESTART|SA_SIGINFO
SIGINT: [libjvm.dylib+0x5f1409], sa_mask[0]=11111111011111110111111111111111, sa_flags=SA_RESTART|SA_SIGINFO
SIGTERM: [libjvm.dylib+0x5f1409], sa_mask[0]=11111111011111110111111111111111, sa_flags=SA_RESTART|SA_SIGINFO
SIGQUIT: [libjvm.dylib+0x5f1409], sa_mask[0]=11111111011111110111111111111111, sa_flags=SA_RESTART|SA_SIGINFO


---------------  S Y S T E M  ---------------

OS:uname:Darwin 16.7.0 Darwin Kernel Version 16.7.0: Mon Nov 13 21:56:25 PST 2017; root:xnu-3789.72.11~1/RELEASE_X86_64 x86_64
rlimit: STACK 8192k, CORE 0k, NPROC 709, NOFILE 10240, AS infinity
load average:17.81 8.42 3.44

CPU:total 4 (initial active 4) (2 cores per cpu, 2 threads per core) family 6 model 142 stepping 9, cmov, cx8, fxsr, mmx, sse, sse2, sse3, ssse3, sse4.1, sse4.2, popcnt, avx, avx2, aes, clmul, erms, rtm, 3dnowpref, lzcnt, ht, tsc, tscinvbit, bmi1, bmi2, adx, fma

Memory: 4k page, physical 8388608k(1834780k free)

vm_info: Java HotSpot(TM) 64-Bit Server VM (9.0.4+11) for bsd-amd64 JRE (9.0.4+11), built on Dec 20 2017 02:08:50 by "mach5one" with gcc 4.2.1 Compatible Apple LLVM 6.1.0 (clang-602.0.49)

END.
