#
# A fatal error has been detected by the Java Runtime Environment:
#
#  SIGSEGV (0xb) at pc=0x00007fff9340e057, pid=551, tid=775
#
# JRE version: Java(TM) SE Runtime Environment (9.0+11) (build 9.0.4+11)
# Java VM: Java HotSpot(TM) 64-Bit Server VM (9.0.4+11, mixed mode, tiered, compressed oops, g1 gc, bsd-amd64)
# Problematic frame:
# C  [libobjc.A.dylib+0x7057]  objc_msgSend+0x17
#
# No core dump will be written. Core dumps have been disabled. To enable core dumping, try "ulimit -c unlimited" before starting Java again
#
# If you would like to submit a bug report, please visit:
#   http://bugreport.java.com/bugreport/crash.jsp
# The crash happened outside the Java Virtual Machine in native code.
# See problematic frame for where to report the bug.
#

---------------  S U M M A R Y ------------

Command Line: -javaagent:/Users/macbook/Library/Application Support/JetBrains/Toolbox/apps/IDEA-U/ch-0/173.4548.28/IntelliJ IDEA.app/Contents/lib/idea_rt.jar=49233:/Users/macbook/Library/Application Support/JetBrains/Toolbox/apps/IDEA-U/ch-0/173.4548.28/IntelliJ IDEA.app/Contents/bin -Dfile.encoding=UTF-8 Main.Main

Host: MacBookPro14,1 x86_64 2300 MHz, 4 cores, 8G, Darwin 16.7.0
Time: Sun Jul 15 12:58:45 2018 PDT elapsed time: 39 seconds (0d 0h 0m 39s)

---------------  T H R E A D  ---------------

Current thread (0x00007f8d7a85d000):  JavaThread "JavaFX Application Thread" [_thread_in_native, id=775, stack(0x00007fff5e486000,0x00007fff5ec86000)]

Stack: [0x00007fff5e486000,0x00007fff5ec86000],  sp=0x00007fff5ec828e8,  free space=8178k
Native frames: (J=compiled Java code, A=aot compiled Java code, j=interpreted, Vv=VM code, C=native code)
C  [libobjc.A.dylib+0x7057]  objc_msgSend+0x17
C  [libglass.dylib+0x20009]  -[GlassView3D performKeyEquivalent:]+0x319
C  [AppKit+0x29554e]  -[NSView _performKeyEquivalent:conditionally:]+0xe3
C  [AppKit+0x29564c]  -[NSView performKeyEquivalent:]+0xea
C  [AppKit+0x29554e]  -[NSView _performKeyEquivalent:conditionally:]+0xe3
C  [AppKit+0x29564c]  -[NSView performKeyEquivalent:]+0xea
C  [AppKit+0x29554e]  -[NSView _performKeyEquivalent:conditionally:]+0xe3
C  [AppKit+0x8e6ea2]  -[NSWindow _commonPerformKeyEquivalent:conditionally:]+0x4f
C  [libglass.dylib+0x27eb0]  -[GlassWindow_Normal performKeyEquivalent:]+0x40
C  [AppKit+0x7c3158]  routeKeyEquivalent+0x23c
C  [AppKit+0x7c0f39]  -[NSApplication(NSEvent) sendEvent:]+0xd31
C  [AppKit+0x3b427]  -[NSApplication run]+0x3ea
C  [libglass.dylib+0x7592]  -[GlassApplication runLoop:]+0x742
C  [Foundation+0x7152a]  __NSThreadPerformPerform+0x146
C  [CoreFoundation+0xa7321]  __CFRUNLOOP_IS_CALLING_OUT_TO_A_SOURCE0_PERFORM_FUNCTION__+0x11
C  [CoreFoundation+0x8821d]  __CFRunLoopDoSources0+0x22d
C  [CoreFoundation+0x87716]  __CFRunLoopRun+0x3a6
C  [CoreFoundation+0x87114]  CFRunLoopRunSpecific+0x1a4
C  [java+0x6b2e]  CreateExecutionEnvironment+0x35c
C  [java+0x2c65]  JLI_Launch+0x5a9
C  [java+0x1b62]  main+0x186
C  [java+0x19d4]  start+0x34
C  0x0000000000000006


siginfo: si_signo: 11 (SIGSEGV), si_code: 1 (SEGV_MAPERR), si_addr: 0x0000000000000014

Register to memory mapping:

RAX=0x0000000000000008 is an unknown value
RBX=0x00007fff9340e040: objc_msgSend+0 in /usr/lib/libobjc.A.dylib at 0x00007fff93407000
RCX=0x00007f8d78fe0c60 is an unknown value
RDX=0x00000001257ccf78: OBJC_CLASS_$_GlassNSEvent+0 in /Library/Java/JavaVirtualMachines/jdk-9.0.4.jdk/Contents/Home/lib/libglass.dylib at 0x000000012578b000
RSP=0x00007fff5ec828e8 is pointing into the stack for thread: 0x00007f8d7a85d000
RBP=0x00007fff5ec82d40 is pointing into the stack for thread: 0x00007f8d7a85d000
RSI=0x00007fff7cc94fd8: __NSStyleNameIndexTable+0x7ac20 in /System/Library/Frameworks/AppKit.framework/Versions/C/AppKit at 0x00007fff7c02d000
RDI=0x0000000000000014 is an unknown value
R8 =0x0000000000000002 is an unknown value
R9 =0x0000000740b89428 is an oop
com.sun.javafx.collections.ListListenerHelper$SingleChange 
{0x0000000740b89428} - klass: 'com/sun/javafx/collections/ListListenerHelper$SingleChange'
R10=0x00007ffffffffff8 is an unknown value
R11=0x00007f8d7af5c660 is an unknown value
R12=0x00007f8d7db1c6a0 is an unknown value
R13=0x00007f8d7a85d218 is an unknown value
R14=0x0000000000000000 is an unknown value
R15=0x0000000000000002 is an unknown value


Registers:
RAX=0x0000000000000008, RBX=0x00007fff9340e040, RCX=0x00007f8d78fe0c60, RDX=0x00000001257ccf78
RSP=0x00007fff5ec828e8, RBP=0x00007fff5ec82d40, RSI=0x00007fff7cc94fd8, RDI=0x0000000000000014
R8 =0x0000000000000002, R9 =0x0000000740b89428, R10=0x00007ffffffffff8, R11=0x00007f8d7af5c660
R12=0x00007f8d7db1c6a0, R13=0x00007f8d7a85d218, R14=0x0000000000000000, R15=0x0000000000000002
RIP=0x00007fff9340e057, EFLAGS=0x0000000000010246, ERR=0x0000000000000004
  TRAPNO=0x000000000000000e

Top of Stack: (sp=0x00007fff5ec828e8)
0x00007fff5ec828e8:   00000001257adfc3 00007fff00000002
0x00007fff5ec828f8:   00007f8d7dc06da8 0000000000000026
0x00007fff5ec82908:   00007f8d78fe0c60 00007fff5ec82920
0x00007fff5ec82918:   00007fff7daecfc5 00007fff5ec82c70
0x00007fff5ec82928:   00007fff7daea6f9 00007fff5ec82a18
0x00007fff5ec82938:   00007fffffffd96e 00007f8d7b416d30
0x00007fff5ec82948:   00007f8d7dc23a40 00007fff5ec829f0
0x00007fff5ec82958:   00007fff7db0a775 00007fff5ec829c0
0x00007fff5ec82968:   00007fff9cbfe060 0000000042000000
0x00007fff5ec82978:   00007fff7db0a84d 00007fff992a9c60
0x00007fff5ec82988:   00007fff5ec82cd0 00007f8d7dc23a40
0x00007fff5ec82998:   00007fff00000000 00007fff5ec829d0
0x00007fff5ec829a8:   00007f8d7b416d30 00007f8d7dc23a40
0x00007fff5ec829b8:   00000000ffffd96e 00007fff5ec829f0
0x00007fff5ec829c8:   00007f8d7b416d30 00007fff5ec82a20
0x00007fff5ec829d8:   0000000102534d33 00007f8d7dc23a40
0x00007fff5ec829e8:   00007fff992beba0 00007f8d78d66250
0x00007fff5ec829f8:   0000000000000002 00007fff992ba7a0
0x00007fff5ec82a08:   0000000000000000 00007fff5ec82a30
0x00007fff5ec82a18:   00007fff7e511870 00007fff992beba0
0x00007fff5ec82a28:   000000000000000d 00007fff5ec82ac0
0x00007fff5ec82a38:   00007fff7e500ea5 00007fff5ec82a60
0x00007fff5ec82a48:   00007fff7e511870 00007fff992beba0
0x00007fff5ec82a58:   000000000000000d 00007fff5ec82af0
0x00007fff5ec82a68:   aff108aa33140b62 ffffffffffffffff
0x00007fff5ec82a78:   00007f8d78df9eb0 0000000000000017
0x00007fff5ec82a88:   00007fff5ec82ad8 00007fff992ba7a0
0x00007fff5ec82a98:   00007f8d78d66250 992f8d759a840089
0x00007fff5ec82aa8:   992f8d759a840089 00007fff5ec82b38
0x00007fff5ec82ab8:   00007fff992ba7a0 00007fff5ec82b10
0x00007fff5ec82ac8:   00007fff7e51a4a1 992f8d759a840089
0x00007fff5ec82ad8:   000000000000000e 992f8d759a840089 

Instructions: (pc=0x00007fff9340e057)
0x00007fff9340e037:   84 00 00 00 00 00 0f 1f 00 48 85 ff 2e 74 62 40
0x00007fff9340e047:   f6 c7 01 2e 75 66 49 ba f8 ff ff ff ff 7f 00 00
0x00007fff9340e057:   4c 23 17 49 89 f3 45 23 5a 18 49 c1 e3 04 4d 03
0x00007fff9340e067:   5a 10 49 3b 33 75 04 41 ff 63 08 49 83 3b 01 76 


---------------  P R O C E S S  ---------------

Java Threads: ( => current thread )
  0x00007f8d79da9800 JavaThread "Timer-1" daemon [_thread_blocked, id=91399, stack(0x0000700006930000,0x0000700006a30000)]
  0x00007f8d79b09000 JavaThread "Media Resource Disposer" daemon [_thread_blocked, id=81719, stack(0x00007000067aa000,0x00007000068aa000)]
  0x00007f8d79c4a800 JavaThread "Prism Font Disposer" daemon [_thread_blocked, id=75767, stack(0x0000700006624000,0x0000700006724000)]
  0x00007f8d7a93f000 JavaThread "Java2D Disposer" daemon [_thread_blocked, id=74247, stack(0x0000700006521000,0x0000700006621000)]
  0x00007f8d7a8fe000 JavaThread "JFXMedia Player EventQueueThread" daemon [_thread_blocked, id=72707, stack(0x0000700006318000,0x0000700006418000)]
  0x00007f8d7a2ce800 JavaThread "JFXMedia Player EventQueueThread" daemon [_thread_blocked, id=71171, stack(0x000070000610f000,0x000070000620f000)]
  0x00007f8d7a8af000 JavaThread "JFXMedia Player EventQueueThread" daemon [_thread_blocked, id=57351, stack(0x0000700005e83000,0x0000700005f83000)]
  0x00007f8d7a87a800 JavaThread "JavaFX-Launcher" [_thread_blocked, id=56835, stack(0x0000700005cfd000,0x0000700005dfd000)]
  0x00007f8d7a86b800 JavaThread "Thread-2" daemon [_thread_in_native, id=43523, stack(0x0000700005bf7000,0x0000700005c77000)]
=>0x00007f8d7a85d000 JavaThread "JavaFX Application Thread" [_thread_in_native, id=775, stack(0x00007fff5e486000,0x00007fff5ec86000)]
  0x00007f8d7a85a000 JavaThread "InvokeLaterDispatcher" daemon [_thread_blocked, id=31239, stack(0x0000700005a71000,0x0000700005b71000)]
  0x00007f8d790d3000 JavaThread "QuantumRenderer-0" daemon [_thread_blocked, id=25859, stack(0x000070000596e000,0x0000700005a6e000)]
  0x00007f8d79003000 JavaThread "Service Thread" daemon [_thread_blocked, id=24835, stack(0x0000700005768000,0x0000700005868000)]
  0x00007f8d7a0bf800 JavaThread "Monitor Ctrl-Break" daemon [_thread_in_native, id=24323, stack(0x0000700005665000,0x0000700005765000)]
  0x00007f8d79815000 JavaThread "Common-Cleaner" daemon [_thread_blocked, id=23811, stack(0x0000700005562000,0x0000700005662000)]
  0x00007f8d7a815000 JavaThread "Sweeper thread" daemon [_thread_blocked, id=23299, stack(0x000070000545f000,0x000070000555f000)]
  0x00007f8d7a814000 JavaThread "C1 CompilerThread2" daemon [_thread_blocked, id=22787, stack(0x000070000535c000,0x000070000545c000)]
  0x00007f8d7906b800 JavaThread "C2 CompilerThread1" daemon [_thread_blocked, id=22275, stack(0x0000700005259000,0x0000700005359000)]
  0x00007f8d7a08e000 JavaThread "C2 CompilerThread0" daemon [_thread_blocked, id=21763, stack(0x0000700005156000,0x0000700005256000)]
  0x00007f8d79808000 JavaThread "Signal Dispatcher" daemon [_thread_blocked, id=21251, stack(0x0000700005053000,0x0000700005153000)]
  0x00007f8d79824800 JavaThread "Finalizer" daemon [_thread_blocked, id=17411, stack(0x0000700004f50000,0x0000700005050000)]
  0x00007f8d79800800 JavaThread "Reference Handler" daemon [_thread_blocked, id=16899, stack(0x0000700004e4d000,0x0000700004f4d000)]
  0x00007f8d7900a000 JavaThread "main" [_thread_blocked, id=7171, stack(0x0000700004126000,0x0000700004226000)]

Other Threads:
  0x00007f8d7a07b000 VMThread "VM Thread" [stack: 0x0000700004d4a000,0x0000700004e4a000] [id=16387]
  0x00007f8d79816000 WatcherThread [stack: 0x000070000586b000,0x000070000596b000] [id=25347]
  0x00007f8d79017800 GCTaskThread "GC Thread#0" [stack: 0x0000700004229000,0x0000700004329000] [id=10243]
  0x00007f8d79018000 GCTaskThread "GC Thread#1" [stack: 0x000070000432c000,0x000070000442c000] [id=10755]
  0x00007f8d79019000 GCTaskThread "GC Thread#2" [stack: 0x000070000442f000,0x000070000452f000] [id=11267]
  0x00007f8d79019800 GCTaskThread "GC Thread#3" [stack: 0x0000700004532000,0x0000700004632000] [id=11779]
  0x00007f8d79042000 ConcurrentGCThread "G1 Main Marker" [stack: 0x0000700004b44000,0x0000700004c44000] [id=14851]
  0x00007f8d7a007000 ConcurrentGCThread "G1 Marker#0" [stack: 0x0000700004c47000,0x0000700004d47000] [id=15875]
  0x00007f8d7901c800 ConcurrentGCThread "G1 Refine#0" [stack: 0x000070000493e000,0x0000700004a3e000] [id=13827]
  0x00007f8d7901b800 ConcurrentGCThread "G1 Refine#1" [stack: 0x000070000483b000,0x000070000493b000] [id=13315]
  0x00007f8d7901b000 ConcurrentGCThread "G1 Refine#2" [stack: 0x0000700004738000,0x0000700004838000] [id=12803]
  0x00007f8d7901a000 ConcurrentGCThread "G1 Refine#3" [stack: 0x0000700004635000,0x0000700004735000] [id=12291]
  0x00007f8d7901d000 ConcurrentGCThread "G1 Young RemSet Sampling" [stack: 0x0000700004a41000,0x0000700004b41000] [id=14339]

Threads with active compile tasks:

VM state:not at safepoint (normal execution)

VM Mutex/Monitor currently owned by a thread: None

Heap address: 0x0000000740000000, size: 2048 MB, Compressed Oops mode: Zero based, Oop shift amount: 3
Narrow klass base: 0x0000000000000000, Narrow klass shift: 3
Compressed class space size: 1073741824 Address: 0x00000007c0000000

Heap:
 garbage-first heap   total 131072K, used 107506K [0x0000000740000000, 0x0000000740100400, 0x00000007c0000000)
  region size 1024K, 5 young (5120K), 1 survivors (1024K)
 Metaspace       used 25698K, capacity 27970K, committed 28160K, reserved 1073152K
  class space    used 3312K, capacity 3729K, committed 3840K, reserved 1048576K
Heap Regions: E=young(eden), S=young(survivor), O=old, HS=humongous(starts), HC=humongous(continues), CS=collection set, F=free, A=archive, TS=gc time stamp, AC=allocation context, TAMS=top-at-mark-start (previous, next)
|   0|0x0000000740000000, 0x0000000740100000, 0x0000000740100000|100%|HS|  |TS  0|AC  0|TAMS 0x0000000740100000, 0x0000000740100000|
|   1|0x0000000740100000, 0x0000000740200000, 0x0000000740200000|100%|HC|  |TS  0|AC  0|TAMS 0x0000000740200000, 0x0000000740200000|
|   2|0x0000000740200000, 0x0000000740300000, 0x0000000740300000|100%| O|  |TS  0|AC  0|TAMS 0x0000000740300000, 0x0000000740300000|
|   3|0x0000000740300000, 0x0000000740400000, 0x0000000740400000|100%| O|  |TS  0|AC  0|TAMS 0x0000000740400000, 0x0000000740400000|
|   4|0x0000000740400000, 0x0000000740500000, 0x0000000740500000|100%| O|  |TS  0|AC  0|TAMS 0x0000000740500000, 0x0000000740500000|
|   5|0x0000000740500000, 0x0000000740600000, 0x0000000740600000|100%| O|  |TS  0|AC  0|TAMS 0x0000000740600000, 0x0000000740600000|
|   6|0x0000000740600000, 0x0000000740700000, 0x0000000740700000|100%|HS|  |TS  0|AC  0|TAMS 0x0000000740700000, 0x0000000740700000|
|   7|0x0000000740700000, 0x0000000740800000, 0x0000000740800000|100%|HC|  |TS  0|AC  0|TAMS 0x0000000740800000, 0x0000000740800000|
|   8|0x0000000740800000, 0x0000000740900000, 0x0000000740900000|100%| O|  |TS  0|AC  0|TAMS 0x0000000740900000, 0x0000000740900000|
|   9|0x0000000740900000, 0x0000000740a00000, 0x0000000740a00000|100%| O|  |TS  0|AC  0|TAMS 0x0000000740a00000, 0x0000000740a00000|
|  10|0x0000000740a00000, 0x0000000740b00000, 0x0000000740b00000|100%| O|  |TS  0|AC  0|TAMS 0x0000000740b00000, 0x0000000740b00000|
|  11|0x0000000740b00000, 0x0000000740c00000, 0x0000000740c00000|100%| O|  |TS  0|AC  0|TAMS 0x0000000740c00000, 0x0000000740c00000|
|  12|0x0000000740c00000, 0x0000000740c3b400, 0x0000000740d00000| 23%| O|  |TS  0|AC  0|TAMS 0x0000000740c3b400, 0x0000000740c3b400|
|  13|0x0000000740d00000, 0x0000000740e00000, 0x0000000740e00000|100%|HS|  |TS  0|AC  0|TAMS 0x0000000740e00000, 0x0000000740e00000|
|  14|0x0000000740e00000, 0x0000000740f00000, 0x0000000740f00000|100%|HC|  |TS  0|AC  0|TAMS 0x0000000740f00000, 0x0000000740f00000|
|  15|0x0000000740f00000, 0x0000000741000000, 0x0000000741000000|100%|HC|  |TS  0|AC  0|TAMS 0x0000000741000000, 0x0000000741000000|
|  16|0x0000000741000000, 0x0000000741100000, 0x0000000741100000|100%|HC|  |TS  0|AC  0|TAMS 0x0000000741100000, 0x0000000741100000|
|  17|0x0000000741100000, 0x0000000741200000, 0x0000000741200000|100%|HC|  |TS  0|AC  0|TAMS 0x0000000741200000, 0x0000000741200000|
|  18|0x0000000741200000, 0x0000000741300000, 0x0000000741300000|100%|HS|  |TS  0|AC  0|TAMS 0x0000000741300000, 0x0000000741300000|
|  19|0x0000000741300000, 0x0000000741400000, 0x0000000741400000|100%|HC|  |TS  0|AC  0|TAMS 0x0000000741400000, 0x0000000741400000|
|  20|0x0000000741400000, 0x0000000741500000, 0x0000000741500000|100%|HS|  |TS  0|AC  0|TAMS 0x0000000741500000, 0x0000000741500000|
|  21|0x0000000741500000, 0x0000000741600000, 0x0000000741600000|100%|HC|  |TS  0|AC  0|TAMS 0x0000000741600000, 0x0000000741600000|
|  22|0x0000000741600000, 0x0000000741700000, 0x0000000741700000|100%|HC|  |TS  0|AC  0|TAMS 0x0000000741700000, 0x0000000741700000|
|  23|0x0000000741700000, 0x0000000741800000, 0x0000000741800000|100%|HS|  |TS  0|AC  0|TAMS 0x0000000741800000, 0x0000000741800000|
|  24|0x0000000741800000, 0x0000000741900000, 0x0000000741900000|100%|HC|  |TS  0|AC  0|TAMS 0x0000000741900000, 0x0000000741900000|
|  25|0x0000000741900000, 0x0000000741a00000, 0x0000000741a00000|100%|HC|  |TS  0|AC  0|TAMS 0x0000000741a00000, 0x0000000741a00000|
|  26|0x0000000741a00000, 0x0000000741b00000, 0x0000000741b00000|100%|HC|  |TS  0|AC  0|TAMS 0x0000000741b00000, 0x0000000741b00000|
|  27|0x0000000741b00000, 0x0000000741c00000, 0x0000000741c00000|100%|HC|  |TS  0|AC  0|TAMS 0x0000000741c00000, 0x0000000741c00000|
|  28|0x0000000741c00000, 0x0000000741d00000, 0x0000000741d00000|100%|HC|  |TS  0|AC  0|TAMS 0x0000000741d00000, 0x0000000741d00000|
|  29|0x0000000741d00000, 0x0000000741e00000, 0x0000000741e00000|100%|HC|  |TS  0|AC  0|TAMS 0x0000000741e00000, 0x0000000741e00000|
|  30|0x0000000741e00000, 0x0000000741f00000, 0x0000000741f00000|100%|HC|  |TS  0|AC  0|TAMS 0x0000000741f00000, 0x0000000741f00000|
|  31|0x0000000741f00000, 0x0000000742000000, 0x0000000742000000|100%|HC|  |TS  0|AC  0|TAMS 0x0000000742000000, 0x0000000742000000|
|  32|0x0000000742000000, 0x0000000742100000, 0x0000000742100000|100%|HC|  |TS  0|AC  0|TAMS 0x0000000742100000, 0x0000000742100000|
|  33|0x0000000742100000, 0x0000000742200000, 0x0000000742200000|100%|HC|  |TS  0|AC  0|TAMS 0x0000000742200000, 0x0000000742200000|
|  34|0x0000000742200000, 0x0000000742300000, 0x0000000742300000|100%|HC|  |TS  0|AC  0|TAMS 0x0000000742300000, 0x0000000742300000|
|  35|0x0000000742300000, 0x0000000742400000, 0x0000000742400000|100%|HC|  |TS  0|AC  0|TAMS 0x0000000742400000, 0x0000000742400000|
|  36|0x0000000742400000, 0x0000000742500000, 0x0000000742500000|100%|HC|  |TS  0|AC  0|TAMS 0x0000000742500000, 0x0000000742500000|
|  37|0x0000000742500000, 0x0000000742600000, 0x0000000742600000|100%|HC|  |TS  0|AC  0|TAMS 0x0000000742600000, 0x0000000742600000|
|  38|0x0000000742600000, 0x0000000742700000, 0x0000000742700000|100%|HC|  |TS  0|AC  0|TAMS 0x0000000742700000, 0x0000000742700000|
|  39|0x0000000742700000, 0x0000000742800000, 0x0000000742800000|100%|HC|  |TS  0|AC  0|TAMS 0x0000000742800000, 0x0000000742800000|
|  40|0x0000000742800000, 0x0000000742900000, 0x0000000742900000|100%|HC|  |TS  0|AC  0|TAMS 0x0000000742900000, 0x0000000742900000|
|  41|0x0000000742900000, 0x0000000742a00000, 0x0000000742a00000|100%|HC|  |TS  0|AC  0|TAMS 0x0000000742a00000, 0x0000000742a00000|
|  42|0x0000000742a00000, 0x0000000742b00000, 0x0000000742b00000|100%|HC|  |TS  0|AC  0|TAMS 0x0000000742b00000, 0x0000000742b00000|
|  43|0x0000000742b00000, 0x0000000742c00000, 0x0000000742c00000|100%|HC|  |TS  0|AC  0|TAMS 0x0000000742c00000, 0x0000000742c00000|
|  44|0x0000000742c00000, 0x0000000742d00000, 0x0000000742d00000|100%|HC|  |TS  0|AC  0|TAMS 0x0000000742d00000, 0x0000000742d00000|
|  45|0x0000000742d00000, 0x0000000742e00000, 0x0000000742e00000|100%|HC|  |TS  0|AC  0|TAMS 0x0000000742e00000, 0x0000000742e00000|
|  46|0x0000000742e00000, 0x0000000742f00000, 0x0000000742f00000|100%|HC|  |TS  0|AC  0|TAMS 0x0000000742f00000, 0x0000000742f00000|
|  47|0x0000000742f00000, 0x0000000743000000, 0x0000000743000000|100%|HC|  |TS  0|AC  0|TAMS 0x0000000743000000, 0x0000000743000000|
|  48|0x0000000743000000, 0x0000000743100000, 0x0000000743100000|100%|HC|  |TS  0|AC  0|TAMS 0x0000000743100000, 0x0000000743100000|
|  49|0x0000000743100000, 0x0000000743200000, 0x0000000743200000|100%|HC|  |TS  0|AC  0|TAMS 0x0000000743200000, 0x0000000743200000|
|  50|0x0000000743200000, 0x0000000743300000, 0x0000000743300000|100%|HC|  |TS  0|AC  0|TAMS 0x0000000743300000, 0x0000000743300000|
|  51|0x0000000743300000, 0x0000000743400000, 0x0000000743400000|100%|HC|  |TS  0|AC  0|TAMS 0x0000000743400000, 0x0000000743400000|
|  52|0x0000000743400000, 0x0000000743500000, 0x0000000743500000|100%|HC|  |TS  0|AC  0|TAMS 0x0000000743500000, 0x0000000743500000|
|  53|0x0000000743500000, 0x0000000743600000, 0x0000000743600000|100%|HC|  |TS  0|AC  0|TAMS 0x0000000743600000, 0x0000000743600000|
|  54|0x0000000743600000, 0x0000000743700000, 0x0000000743700000|100%|HC|  |TS  0|AC  0|TAMS 0x0000000743700000, 0x0000000743700000|
|  55|0x0000000743700000, 0x0000000743800000, 0x0000000743800000|100%|HC|  |TS  0|AC  0|TAMS 0x0000000743800000, 0x0000000743800000|
|  56|0x0000000743800000, 0x0000000743900000, 0x0000000743900000|100%|HC|  |TS  0|AC  0|TAMS 0x0000000743900000, 0x0000000743900000|
|  57|0x0000000743900000, 0x0000000743a00000, 0x0000000743a00000|100%|HC|  |TS  0|AC  0|TAMS 0x0000000743a00000, 0x0000000743a00000|
|  58|0x0000000743a00000, 0x0000000743b00000, 0x0000000743b00000|100%|HC|  |TS  0|AC  0|TAMS 0x0000000743b00000, 0x0000000743b00000|
|  59|0x0000000743b00000, 0x0000000743c00000, 0x0000000743c00000|100%|HC|  |TS  0|AC  0|TAMS 0x0000000743c00000, 0x0000000743c00000|
|  60|0x0000000743c00000, 0x0000000743d00000, 0x0000000743d00000|100%|HC|  |TS  0|AC  0|TAMS 0x0000000743d00000, 0x0000000743d00000|
|  61|0x0000000743d00000, 0x0000000743e00000, 0x0000000743e00000|100%|HC|  |TS  0|AC  0|TAMS 0x0000000743e00000, 0x0000000743e00000|
|  62|0x0000000743e00000, 0x0000000743f00000, 0x0000000743f00000|100%|HC|  |TS  0|AC  0|TAMS 0x0000000743f00000, 0x0000000743f00000|
|  63|0x0000000743f00000, 0x0000000744000000, 0x0000000744000000|100%|HC|  |TS  0|AC  0|TAMS 0x0000000744000000, 0x0000000744000000|
|  64|0x0000000744000000, 0x0000000744100000, 0x0000000744100000|100%|HC|  |TS  0|AC  0|TAMS 0x0000000744100000, 0x0000000744100000|
|  65|0x0000000744100000, 0x0000000744200000, 0x0000000744200000|100%|HC|  |TS  0|AC  0|TAMS 0x0000000744200000, 0x0000000744200000|
|  66|0x0000000744200000, 0x0000000744300000, 0x0000000744300000|100%|HC|  |TS  0|AC  0|TAMS 0x0000000744300000, 0x0000000744300000|
|  67|0x0000000744300000, 0x0000000744400000, 0x0000000744400000|100%|HC|  |TS  0|AC  0|TAMS 0x0000000744400000, 0x0000000744400000|
|  68|0x0000000744400000, 0x0000000744500000, 0x0000000744500000|100%|HC|  |TS  0|AC  0|TAMS 0x0000000744500000, 0x0000000744500000|
|  69|0x0000000744500000, 0x0000000744600000, 0x0000000744600000|100%|HC|  |TS  0|AC  0|TAMS 0x0000000744600000, 0x0000000744600000|
|  70|0x0000000744600000, 0x0000000744700000, 0x0000000744700000|100%|HC|  |TS  0|AC  0|TAMS 0x0000000744700000, 0x0000000744700000|
|  71|0x0000000744700000, 0x0000000744800000, 0x0000000744800000|100%|HC|  |TS  0|AC  0|TAMS 0x0000000744800000, 0x0000000744800000|
|  72|0x0000000744800000, 0x0000000744900000, 0x0000000744900000|100%|HC|  |TS  0|AC  0|TAMS 0x0000000744900000, 0x0000000744900000|
|  73|0x0000000744900000, 0x0000000744a00000, 0x0000000744a00000|100%|HC|  |TS  0|AC  0|TAMS 0x0000000744a00000, 0x0000000744a00000|
|  74|0x0000000744a00000, 0x0000000744b00000, 0x0000000744b00000|100%|HC|  |TS  0|AC  0|TAMS 0x0000000744b00000, 0x0000000744b00000|
|  75|0x0000000744b00000, 0x0000000744c00000, 0x0000000744c00000|100%|HC|  |TS  0|AC  0|TAMS 0x0000000744c00000, 0x0000000744c00000|
|  76|0x0000000744c00000, 0x0000000744d00000, 0x0000000744d00000|100%|HC|  |TS  0|AC  0|TAMS 0x0000000744d00000, 0x0000000744d00000|
|  77|0x0000000744d00000, 0x0000000744e00000, 0x0000000744e00000|100%|HC|  |TS  0|AC  0|TAMS 0x0000000744e00000, 0x0000000744e00000|
|  78|0x0000000744e00000, 0x0000000744f00000, 0x0000000744f00000|100%|HC|  |TS  0|AC  0|TAMS 0x0000000744f00000, 0x0000000744f00000|
|  79|0x0000000744f00000, 0x0000000745000000, 0x0000000745000000|100%|HC|  |TS  0|AC  0|TAMS 0x0000000745000000, 0x0000000745000000|
|  80|0x0000000745000000, 0x0000000745100000, 0x0000000745100000|100%|HS|  |TS  0|AC  0|TAMS 0x0000000745100000, 0x0000000745100000|
|  81|0x0000000745100000, 0x0000000745200000, 0x0000000745200000|100%|HC|  |TS  0|AC  0|TAMS 0x0000000745200000, 0x0000000745200000|
|  82|0x0000000745200000, 0x0000000745300000, 0x0000000745300000|100%|HC|  |TS  0|AC  0|TAMS 0x0000000745300000, 0x0000000745300000|
|  83|0x0000000745300000, 0x0000000745400000, 0x0000000745400000|100%|HC|  |TS  0|AC  0|TAMS 0x0000000745400000, 0x0000000745400000|
|  84|0x0000000745400000, 0x0000000745500000, 0x0000000745500000|100%|HC|  |TS  0|AC  0|TAMS 0x0000000745500000, 0x0000000745500000|
|  85|0x0000000745500000, 0x0000000745600000, 0x0000000745600000|100%|HC|  |TS  0|AC  0|TAMS 0x0000000745600000, 0x0000000745600000|
|  86|0x0000000745600000, 0x0000000745700000, 0x0000000745700000|100%|HS|  |TS  0|AC  0|TAMS 0x0000000745700000, 0x0000000745700000|
|  87|0x0000000745700000, 0x0000000745800000, 0x0000000745800000|100%|HC|  |TS  0|AC  0|TAMS 0x0000000745800000, 0x0000000745800000|
|  88|0x0000000745800000, 0x0000000745900000, 0x0000000745900000|100%|HC|  |TS  0|AC  0|TAMS 0x0000000745900000, 0x0000000745900000|
|  89|0x0000000745900000, 0x0000000745a00000, 0x0000000745a00000|100%|HS|  |TS  0|AC  0|TAMS 0x0000000745a00000, 0x0000000745a00000|
|  90|0x0000000745a00000, 0x0000000745b00000, 0x0000000745b00000|100%|HC|  |TS  0|AC  0|TAMS 0x0000000745b00000, 0x0000000745b00000|
|  91|0x0000000745b00000, 0x0000000745c00000, 0x0000000745c00000|100%|HC|  |TS  0|AC  0|TAMS 0x0000000745c00000, 0x0000000745c00000|
|  92|0x0000000745c00000, 0x0000000745d00000, 0x0000000745d00000|100%|HC|  |TS  0|AC  0|TAMS 0x0000000745d00000, 0x0000000745d00000|
|  93|0x0000000745d00000, 0x0000000745e00000, 0x0000000745e00000|100%|HS|  |TS  0|AC  0|TAMS 0x0000000745e00000, 0x0000000745e00000|
|  94|0x0000000745e00000, 0x0000000745f00000, 0x0000000745f00000|100%|HC|  |TS  0|AC  0|TAMS 0x0000000745f00000, 0x0000000745f00000|
|  95|0x0000000745f00000, 0x0000000746000000, 0x0000000746000000|100%|HC|  |TS  0|AC  0|TAMS 0x0000000746000000, 0x0000000746000000|
|  96|0x0000000746000000, 0x0000000746100000, 0x0000000746100000|100%|HS|  |TS  0|AC  0|TAMS 0x0000000746100000, 0x0000000746100000|
|  97|0x0000000746100000, 0x0000000746200000, 0x0000000746200000|100%|HC|  |TS  0|AC  0|TAMS 0x0000000746200000, 0x0000000746200000|
|  98|0x0000000746200000, 0x0000000746300000, 0x0000000746300000|100%|HC|  |TS  0|AC  0|TAMS 0x0000000746300000, 0x0000000746300000|
|  99|0x0000000746300000, 0x0000000746400000, 0x0000000746400000|100%|HC|  |TS  0|AC  0|TAMS 0x0000000746400000, 0x0000000746400000|
| 100|0x0000000746400000, 0x0000000746500000, 0x0000000746500000|100%|HS|  |TS  0|AC  0|TAMS 0x0000000746400000, 0x0000000746400000|
| 101|0x0000000746500000, 0x0000000746600000, 0x0000000746600000|100%|HC|  |TS  0|AC  0|TAMS 0x0000000746500000, 0x0000000746500000|
| 102|0x0000000746600000, 0x0000000746600000, 0x0000000746700000|  0%| F|  |TS  0|AC  0|TAMS 0x0000000746600000, 0x0000000746600000|
| 103|0x0000000746700000, 0x0000000746700000, 0x0000000746800000|  0%| F|  |TS  0|AC  0|TAMS 0x0000000746700000, 0x0000000746700000|
| 104|0x0000000746800000, 0x0000000746800000, 0x0000000746900000|  0%| F|  |TS  0|AC  0|TAMS 0x0000000746800000, 0x0000000746800000|
| 105|0x0000000746900000, 0x0000000746900000, 0x0000000746a00000|  0%| F|  |TS  0|AC  0|TAMS 0x0000000746900000, 0x0000000746900000|
| 106|0x0000000746a00000, 0x0000000746a00000, 0x0000000746b00000|  0%| F|  |TS  0|AC  0|TAMS 0x0000000746a00000, 0x0000000746a00000|
| 107|0x0000000746b00000, 0x0000000746b00000, 0x0000000746c00000|  0%| F|  |TS  0|AC  0|TAMS 0x0000000746b00000, 0x0000000746b00000|
| 108|0x0000000746c00000, 0x0000000746c00000, 0x0000000746d00000|  0%| F|  |TS  0|AC  0|TAMS 0x0000000746c00000, 0x0000000746c00000|
| 109|0x0000000746d00000, 0x0000000746d00000, 0x0000000746e00000|  0%| F|  |TS  0|AC  0|TAMS 0x0000000746d00000, 0x0000000746d00000|
| 110|0x0000000746e00000, 0x0000000746e00000, 0x0000000746f00000|  0%| F|  |TS  0|AC  0|TAMS 0x0000000746e00000, 0x0000000746e00000|
| 111|0x0000000746f00000, 0x0000000746f00000, 0x0000000747000000|  0%| F|  |TS  0|AC  0|TAMS 0x0000000746f00000, 0x0000000746f00000|
| 112|0x0000000747000000, 0x0000000747000000, 0x0000000747100000|  0%| F|  |TS  0|AC  0|TAMS 0x0000000747000000, 0x0000000747000000|
| 113|0x0000000747100000, 0x0000000747100000, 0x0000000747200000|  0%| F|  |TS  0|AC  0|TAMS 0x0000000747100000, 0x0000000747100000|
| 114|0x0000000747200000, 0x0000000747200000, 0x0000000747300000|  0%| F|  |TS  0|AC  0|TAMS 0x0000000747200000, 0x0000000747200000|
| 115|0x0000000747300000, 0x0000000747300000, 0x0000000747400000|  0%| F|  |TS  0|AC  0|TAMS 0x0000000747300000, 0x0000000747300000|
| 116|0x0000000747400000, 0x0000000747400000, 0x0000000747500000|  0%| F|  |TS  0|AC  0|TAMS 0x0000000747400000, 0x0000000747400000|
| 117|0x0000000747500000, 0x0000000747500000, 0x0000000747600000|  0%| F|  |TS  0|AC  0|TAMS 0x0000000747500000, 0x0000000747500000|
| 118|0x0000000747600000, 0x0000000747600000, 0x0000000747700000|  0%| F|  |TS  0|AC  0|TAMS 0x0000000747600000, 0x0000000747600000|
| 119|0x0000000747700000, 0x0000000747700000, 0x0000000747800000|  0%| F|  |TS  0|AC  0|TAMS 0x0000000747700000, 0x0000000747700000|
| 120|0x0000000747800000, 0x0000000747800000, 0x0000000747900000|  0%| F|  |TS  0|AC  0|TAMS 0x0000000747800000, 0x0000000747800000|
| 121|0x0000000747900000, 0x0000000747900000, 0x0000000747a00000|  0%| F|  |TS  0|AC  0|TAMS 0x0000000747900000, 0x0000000747900000|
| 122|0x0000000747a00000, 0x0000000747a00000, 0x0000000747b00000|  0%| F|  |TS  0|AC  0|TAMS 0x0000000747a00000, 0x0000000747a00000|
| 123|0x0000000747b00000, 0x0000000747bf9110, 0x0000000747c00000| 97%| E|  |TS  0|AC  0|TAMS 0x0000000747b00000, 0x0000000747b00000|
| 124|0x0000000747c00000, 0x0000000747d00000, 0x0000000747d00000|100%| E|CS|TS  0|AC  0|TAMS 0x0000000747c00000, 0x0000000747c00000|
| 125|0x0000000747d00000, 0x0000000747e00000, 0x0000000747e00000|100%| E|CS|TS  0|AC  0|TAMS 0x0000000747d00000, 0x0000000747d00000|
| 126|0x0000000747e00000, 0x0000000747ec1770, 0x0000000747f00000| 75%| S|CS|TS  0|AC  0|TAMS 0x0000000747e00000, 0x0000000747e00000|
| 127|0x0000000747f00000, 0x0000000748000000, 0x0000000748000000|100%| E|CS|TS  0|AC  0|TAMS 0x0000000747f00000, 0x0000000747f00000|

Card table byte_map: [0x000000011caf9000,0x000000011cef9000] byte_map_base: 0x00000001190f9000

Marking Bits (Prev, Next): (CMBitMap*) 0x00007f8d790416a8, (CMBitMap*) 0x00007f8d79041670
 Prev Bits: [0x000000011f2f9000, 0x00000001212f9000)
 Next Bits: [0x000000011d2f9000, 0x000000011f2f9000)

Polling page: 0x0000000100fff000

CodeHeap 'non-profiled nmethods': size=120032Kb used=1407Kb max_used=1407Kb free=118624Kb
 bounds [0x00000001147df000, 0x0000000114a4f000, 0x000000011bd17000]
CodeHeap 'profiled nmethods': size=120032Kb used=7131Kb max_used=7131Kb free=112900Kb
 bounds [0x000000010d2a7000, 0x000000010d9a7000, 0x00000001147df000]
CodeHeap 'non-nmethods': size=5696Kb used=1472Kb max_used=1491Kb free=4223Kb
 bounds [0x000000010cd17000, 0x000000010cf87000, 0x000000010d2a7000]
 total_blobs=4891 nmethods=3470 adapters=696
 compilation: enabled

Compilation events (10 events):
Event: 38.826 Thread 0x00007f8d7a814000 nmethod 3466 0x000000010d99b290 code [0x000000010d99b480, 0x000000010d99b8f8]
Event: 38.828 Thread 0x00007f8d7a814000 3467       3       com.sun.javafx.binding.BindingHelperObserver::invalidated (32 bytes)
Event: 38.829 Thread 0x00007f8d7a814000 nmethod 3467 0x000000010d99ba90 code [0x000000010d99bc80, 0x000000010d99c188]
Event: 38.845 Thread 0x00007f8d7a08e000 3468       4       java.util.concurrent.locks.AbstractQueuedSynchronizer::release (33 bytes)
Event: 38.849 Thread 0x00007f8d7a08e000 nmethod 3468 0x000000011493de10 code [0x000000011493e000, 0x000000011493e408]
Event: 38.863 Thread 0x00007f8d7a814000 3469       1       com.sun.javafx.geom.transform.Translate2D::getDegree (4 bytes)
Event: 38.863 Thread 0x00007f8d7a814000 nmethod 3469 0x000000011493e610 code [0x000000011493e7c0, 0x000000011493e8d0]
Event: 39.387 Thread 0x00007f8d7a814000 3470       1       java.util.AbstractList$SubList::access$200 (5 bytes)
Event: 39.387 Thread 0x00007f8d7a814000 nmethod 3470 0x000000011493e990 code [0x000000011493eb40, 0x000000011493ec30]
Event: 39.428 Thread 0x00007f8d7a814000 3471       3       javafx.scene.Node::wouldCreateCycle (76 bytes)

GC Heap History (10 events):
Event: 33.939 GC heap before
{Heap before GC invocations=18 (full 0):
 garbage-first heap   total 131072K, used 109791K [0x0000000740000000, 0x0000000740100400, 0x00000007c0000000)
  region size 1024K, 25 young (25600K), 1 survivors (1024K)
 Metaspace       used 25546K, capacity 27744K, committed 27776K, reserved 1073152K
  class space    used 3298K, capacity 3696K, committed 3712K, reserved 1048576K
}
Event: 33.941 GC heap after
{Heap after GC invocations=19 (full 0):
 garbage-first heap   total 131072K, used 85256K [0x0000000740000000, 0x0000000740100400, 0x00000007c0000000)
  region size 1024K, 2 young (2048K), 2 survivors (2048K)
 Metaspace       used 25546K, capacity 27744K, committed 27776K, reserved 1073152K
  class space    used 3298K, capacity 3696K, committed 3712K, reserved 1048576K
}
Event: 38.042 GC heap before
{Heap before GC invocations=20 (full 0):
 garbage-first heap   total 131072K, used 107784K [0x0000000740000000, 0x0000000740100400, 0x00000007c0000000)
  region size 1024K, 25 young (25600K), 2 survivors (2048K)
 Metaspace       used 25618K, capacity 27872K, committed 28032K, reserved 1073152K
  class space    used 3298K, capacity 3696K, committed 3712K, reserved 1048576K
}
Event: 38.044 GC heap after
{Heap after GC invocations=21 (full 0):
 garbage-first heap   total 131072K, used 85240K [0x0000000740000000, 0x0000000740100400, 0x00000007c0000000)
  region size 1024K, 1 young (1024K), 1 survivors (1024K)
 Metaspace       used 25618K, capacity 27872K, committed 28032K, reserved 1073152K
  class space    used 3298K, capacity 3696K, committed 3712K, reserved 1048576K
}
Event: 38.063 GC heap before
{Heap before GC invocations=22 (full 0):
 garbage-first heap   total 131072K, used 88312K [0x0000000740000000, 0x0000000740100400, 0x00000007c0000000)
  region size 1024K, 2 young (2048K), 1 survivors (1024K)
 Metaspace       used 25618K, capacity 27872K, committed 28032K, reserved 1073152K
  class space    used 3298K, capacity 3696K, committed 3712K, reserved 1048576K
}
Event: 38.065 GC heap after
{Heap after GC invocations=23 (full 0):
 garbage-first heap   total 131072K, used 88328K [0x0000000740000000, 0x0000000740100400, 0x00000007c0000000)
  region size 1024K, 2 young (2048K), 2 survivors (2048K)
 Metaspace       used 25618K, capacity 27872K, committed 28032K, reserved 1073152K
  class space    used 3298K, capacity 3696K, committed 3712K, reserved 1048576K
}
Event: 38.110 GC heap before
{Heap before GC invocations=24 (full 0):
 garbage-first heap   total 131072K, used 95496K [0x0000000740000000, 0x0000000740100400, 0x00000007c0000000)
  region size 1024K, 4 young (4096K), 2 survivors (2048K)
 Metaspace       used 25633K, capacity 27872K, committed 28032K, reserved 1073152K
  class space    used 3299K, capacity 3696K, committed 3712K, reserved 1048576K
}
Event: 38.116 GC heap after
{Heap after GC invocations=25 (full 0):
 garbage-first heap   total 131072K, used 95337K [0x0000000740000000, 0x0000000740100400, 0x00000007c0000000)
  region size 1024K, 2 young (2048K), 2 survivors (2048K)
 Metaspace       used 25633K, capacity 27872K, committed 28032K, reserved 1073152K
  class space    used 3299K, capacity 3696K, committed 3712K, reserved 1048576K
}
Event: 38.165 GC heap before
{Heap before GC invocations=26 (full 0):
 garbage-first heap   total 131072K, used 102505K [0x0000000740000000, 0x0000000740100400, 0x00000007c0000000)
  region size 1024K, 3 young (3072K), 2 survivors (2048K)
 Metaspace       used 25643K, capacity 27904K, committed 28160K, reserved 1073152K
  class space    used 3301K, capacity 3728K, committed 3840K, reserved 1048576K
}
Event: 38.168 GC heap after
{Heap after GC invocations=27 (full 0):
 garbage-first heap   total 131072K, used 102386K [0x0000000740000000, 0x0000000740100400, 0x00000007c0000000)
  region size 1024K, 1 young (1024K), 1 survivors (1024K)
 Metaspace       used 25643K, capacity 27904K, committed 28160K, reserved 1073152K
  class space    used 3301K, capacity 3728K, committed 3840K, reserved 1048576K
}

Deoptimization events (10 events):
Event: 12.703 Thread 0x00007f8d7a85d000 Uncommon trap: reason=class_check action=maybe_recompile pc=0x00000001148f8e20 method=javafx.scene.Node.updateLocalToParentTransform()V @ 11 c2
Event: 12.703 Thread 0x00007f8d7a85d000 Uncommon trap: reason=class_check action=maybe_recompile pc=0x00000001148f8e20 method=javafx.scene.Node.updateLocalToParentTransform()V @ 11 c2
Event: 12.703 Thread 0x00007f8d7a85d000 Uncommon trap: reason=class_check action=maybe_recompile pc=0x00000001148f8e20 method=javafx.scene.Node.updateLocalToParentTransform()V @ 11 c2
Event: 12.703 Thread 0x00007f8d7a85d000 Uncommon trap: reason=class_check action=maybe_recompile pc=0x00000001148f8e20 method=javafx.scene.Node.updateLocalToParentTransform()V @ 11 c2
Event: 15.608 Thread 0x00007f8d7a85d000 Uncommon trap: reason=unstable_if action=reinterpret pc=0x000000011481c780 method=com.sun.javafx.image.impl.ByteBgra$ToByteBgraPreConv.doConvert([BII[BIIII)V @ 31 c2
Event: 15.610 Thread 0x00007f8d7a85d000 Uncommon trap: reason=unstable_if action=reinterpret pc=0x000000011481dbb8 method=com.sun.javafx.image.impl.BaseByteToByteConverter$FourByteReorderer.doConvert([BII[BIIII)V @ 31 c2
Event: 16.218 Thread 0x00007f8d7a85d000 Uncommon trap: reason=unstable_if action=reinterpret pc=0x00000001148307ec method=java.lang.AbstractStringBuilder.putStringAt(ILjava/lang/String;)V @ 8 c2
Event: 16.218 Thread 0x00007f8d7a85d000 Uncommon trap: reason=unstable_if action=reinterpret pc=0x000000011482d5dc method=java.lang.AbstractStringBuilder.putStringAt(ILjava/lang/String;)V @ 8 c2
Event: 16.218 Thread 0x00007f8d7a85d000 Uncommon trap: reason=unstable_if action=reinterpret pc=0x0000000114806d64 method=java.lang.String.getBytes([BIB)V @ 5 c2
Event: 16.218 Thread 0x00007f8d7a85d000 Uncommon trap: reason=unstable_if action=reinterpret pc=0x000000011482fc50 method=java.lang.StringBuilder.toString()Ljava/lang/String; @ 4 c2

Classes redefined (0 events):
No events

Internal exceptions (10 events):
Event: 8.125 Thread 0x00007f8d7a85d000 Exception <a 'java/lang/NoSuchMethodError'{0x0000000747f48f70}: method resolution failed> (0x0000000747f48f70) thrown at [/scratch/mesos/slaves/450fa0f5-8733-43f8-b866-79fe3e86d200-S756/frameworks/1735e8a2-a1db-478c-8104-60c8b0af87dd-0196/executors/132405
Event: 8.125 Thread 0x00007f8d7a85d000 Exception <a 'java/lang/NoSuchMethodError'{0x0000000747f50800}: java.lang.invoke.DirectMethodHandle$Holder.invokeStatic(Ljava/lang/Object;Ljava/lang/Object;Ljava/lang/Object;IIIII)Ljava/lang/Object;> (0x0000000747f50800) thrown at [/scratch/mesos/slaves/4
Event: 8.125 Thread 0x00007f8d7a85d000 Exception <a 'java/lang/NoSuchMethodError'{0x0000000747f54188}: method resolution failed> (0x0000000747f54188) thrown at [/scratch/mesos/slaves/450fa0f5-8733-43f8-b866-79fe3e86d200-S756/frameworks/1735e8a2-a1db-478c-8104-60c8b0af87dd-0196/executors/132405
Event: 8.260 Thread 0x00007f8d7a85d000 Exception <a 'java/lang/NoSuchMethodError'{0x0000000747847bd8}: java.lang.invoke.DirectMethodHandle$Holder.invokeStaticInit(Ljava/lang/Object;Ljava/lang/Object;Ljava/lang/Object;)Ljava/lang/Object;> (0x0000000747847bd8) thrown at [/scratch/mesos/slaves/45
Event: 8.263 Thread 0x00007f8d7a587800 Exception <a 'java/lang/NoSuchMethodError'{0x0000000747888280}: method resolution failed> (0x0000000747888280) thrown at [/scratch/mesos/slaves/450fa0f5-8733-43f8-b866-79fe3e86d200-S756/frameworks/1735e8a2-a1db-478c-8104-60c8b0af87dd-0196/executors/132405
Event: 8.276 Thread 0x00007f8d7a85d000 Exception <a 'java/io/FileNotFoundException'{0x00000007478e32d0}> (0x00000007478e32d0) thrown at [/scratch/mesos/slaves/450fa0f5-8733-43f8-b866-79fe3e86d200-S756/frameworks/1735e8a2-a1db-478c-8104-60c8b0af87dd-0196/executors/132405fd-871a-46c3-bcb1-9693a1
Event: 15.522 Thread 0x00007f8d7a85d000 Exception <a 'java/io/FileNotFoundException'{0x0000000747a1bd88}> (0x0000000747a1bd88) thrown at [/scratch/mesos/slaves/450fa0f5-8733-43f8-b866-79fe3e86d200-S756/frameworks/1735e8a2-a1db-478c-8104-60c8b0af87dd-0196/executors/132405fd-871a-46c3-bcb1-9693a1
Event: 16.217 Thread 0x00007f8d7a85d000 Exception <a 'java/lang/NoSuchMethodError'{0x0000000747b2ec50}: java.lang.Object.lambda$negate$3(I)Z> (0x0000000747b2ec50) thrown at [/scratch/mesos/slaves/450fa0f5-8733-43f8-b866-79fe3e86d200-S756/frameworks/1735e8a2-a1db-478c-8104-60c8b0af87dd-0196/exec
Event: 16.217 Thread 0x00007f8d7a85d000 Exception <a 'java/lang/NoSuchMethodError'{0x0000000747b318a8}: java.lang.Object.lambda$and$0(Ljava/util/regex/Pattern$CharPredicate;I)Z> (0x0000000747b318a8) thrown at [/scratch/mesos/slaves/450fa0f5-8733-43f8-b866-79fe3e86d200-S756/frameworks/1735e8a2-a
Event: 16.221 Thread 0x00007f8d7a85d000 Exception <a 'java/io/FileNotFoundException'{0x0000000747b57d90}> (0x0000000747b57d90) thrown at [/scratch/mesos/slaves/450fa0f5-8733-43f8-b866-79fe3e86d200-S756/frameworks/1735e8a2-a1db-478c-8104-60c8b0af87dd-0196/executors/132405fd-871a-46c3-bcb1-9693a1

Events (10 events):
Event: 39.373 Thread 0x00007f8d7f0e1800 Thread added: 0x00007f8d7f0e1800
Event: 39.373 Thread 0x00007f8d7f0e1800 Thread exited: 0x00007f8d7f0e1800
Event: 39.373 Thread 0x00007f8d7f0e1800 Thread added: 0x00007f8d7f0e1800
Event: 39.373 Thread 0x00007f8d7f0e1800 Thread exited: 0x00007f8d7f0e1800
Event: 39.373 Thread 0x00007f8d7f0e1800 Thread added: 0x00007f8d7f0e1800
Event: 39.373 Thread 0x00007f8d7f0e1800 Thread exited: 0x00007f8d7f0e1800
Event: 39.417 Thread 0x00007f8d79c0d000 Thread added: 0x00007f8d79c0d000
Event: 39.418 Thread 0x00007f8d79c0d000 Thread exited: 0x00007f8d79c0d000
Event: 39.418 Thread 0x00007f8d79c0d000 Thread added: 0x00007f8d79c0d000
Event: 39.418 Thread 0x00007f8d79c0d000 Thread exited: 0x00007f8d79c0d000


Dynamic libraries:
0x00007fff7df5f000 	/System/Library/Frameworks/Cocoa.framework/Versions/A/Cocoa
0x00007fff84802000 	/System/Library/Frameworks/Security.framework/Versions/A/Security
0x00007fff7ce18000 	/System/Library/Frameworks/ApplicationServices.framework/Versions/A/ApplicationServices
0x00007fff93c06000 	/usr/lib/libz.1.dylib
0x00007fff92759000 	/usr/lib/libSystem.B.dylib
0x00007fff7e4f5000 	/System/Library/Frameworks/CoreFoundation.framework/Versions/A/CoreFoundation
0x00007fff7ff6d000 	/System/Library/Frameworks/Foundation.framework/Versions/C/Foundation
0x00007fff93407000 	/usr/lib/libobjc.A.dylib
0x00007fff7c02d000 	/System/Library/Frameworks/AppKit.framework/Versions/C/AppKit
0x00007fff7e14b000 	/System/Library/Frameworks/CoreData.framework/Versions/A/CoreData
0x00007fff8f1de000 	/System/Library/PrivateFrameworks/RemoteViewServices.framework/Versions/A/RemoteViewServices
0x00007fff911c9000 	/System/Library/PrivateFrameworks/UIFoundation.framework/Versions/A/UIFoundation
0x00007fff8a583000 	/System/Library/PrivateFrameworks/DFRFoundation.framework/Versions/A/DFRFoundation
0x00007fff92d4a000 	/usr/lib/libenergytrace.dylib
0x00007fff9000b000 	/System/Library/PrivateFrameworks/SkyLight.framework/Versions/A/SkyLight
0x00007fff7e98f000 	/System/Library/Frameworks/CoreGraphics.framework/Versions/A/CoreGraphics
0x00007fff92754000 	/usr/lib/libScreenReader.dylib
0x00007fff7b04f000 	/System/Library/Frameworks/Accelerate.framework/Versions/A/Accelerate
0x00007fff8056b000 	/System/Library/Frameworks/IOSurface.framework/Versions/A/IOSurface
0x00007fff7d33b000 	/System/Library/Frameworks/AudioToolbox.framework/Versions/A/AudioToolbox
0x00007fff7d548000 	/System/Library/Frameworks/AudioUnit.framework/Versions/A/AudioUnit
0x00007fff8a5c8000 	/System/Library/PrivateFrameworks/DataDetectorsCore.framework/Versions/A/DataDetectorsCore
0x00007fff8a6b9000 	/System/Library/PrivateFrameworks/DesktopServicesPriv.framework/Versions/A/DesktopServicesPriv
0x00007fff7daac000 	/System/Library/Frameworks/Carbon.framework/Versions/A/Frameworks/HIToolbox.framework/Versions/A/HIToolbox
0x00007fff92e53000 	/usr/lib/libicucore.A.dylib
0x00007fff8409a000 	/System/Library/Frameworks/QuartzCore.framework/Versions/A/QuartzCore
0x00007fff7de78000 	/System/Library/Frameworks/Carbon.framework/Versions/A/Frameworks/SpeechRecognition.framework/Versions/A/SpeechRecognition
0x00007fff92872000 	/usr/lib/libauto.dylib
0x00007fff93aec000 	/usr/lib/libxml2.2.dylib
0x00007fff8a23d000 	/System/Library/PrivateFrameworks/CoreUI.framework/Versions/A/CoreUI
0x00007fff7e0a9000 	/System/Library/Frameworks/CoreAudio.framework/Versions/A/CoreAudio
0x00007fff7fdd6000 	/System/Library/Frameworks/DiskArbitration.framework/Versions/A/DiskArbitration
0x00007fff9307e000 	/usr/lib/liblangid.dylib
0x00007fff8e0c5000 	/System/Library/PrivateFrameworks/MultitouchSupport.framework/Versions/A/MultitouchSupport
0x00007fff804d4000 	/System/Library/Frameworks/IOKit.framework/Versions/A/IOKit
0x00007fff9251a000 	/usr/lib/libDiagnosticMessagesClient.dylib
0x00007fff7f3ba000 	/System/Library/Frameworks/CoreServices.framework/Versions/A/CoreServices
0x00007fff8ea82000 	/System/Library/PrivateFrameworks/PerformanceAnalysis.framework/Versions/A/PerformanceAnalysis
0x00007fff8c50b000 	/System/Library/PrivateFrameworks/GenerationalStorage.framework/Versions/A/GenerationalStorage
0x00007fff8353a000 	/System/Library/Frameworks/OpenGL.framework/Versions/A/OpenGL
0x00007fff7f012000 	/System/Library/Frameworks/CoreImage.framework/Versions/A/CoreImage
0x00007fff7fae3000 	/System/Library/Frameworks/CoreText.framework/Versions/A/CoreText
0x00007fff805c4000 	/System/Library/Frameworks/ImageIO.framework/Versions/A/ImageIO
0x00007fff87dfa000 	/System/Library/PrivateFrameworks/Backup.framework/Versions/A/Backup
0x00007fff927c6000 	/usr/lib/libarchive.2.dylib
0x00007fff7d6b1000 	/System/Library/Frameworks/CFNetwork.framework/Versions/A/CFNetwork
0x00007fff84f2f000 	/System/Library/Frameworks/SystemConfiguration.framework/Versions/A/SystemConfiguration
0x00007fff92461000 	/usr/lib/libCRFSuite.dylib
0x00007fff92893000 	/usr/lib/libc++.1.dylib
0x00007fff928ea000 	/usr/lib/libc++abi.dylib
0x00007fff93c26000 	/usr/lib/system/libcache.dylib
0x00007fff93c2b000 	/usr/lib/system/libcommonCrypto.dylib
0x00007fff93c36000 	/usr/lib/system/libcompiler_rt.dylib
0x00007fff93c3e000 	/usr/lib/system/libcopyfile.dylib
0x00007fff93c47000 	/usr/lib/system/libcorecrypto.dylib
0x00007fff93ccb000 	/usr/lib/system/libdispatch.dylib
0x00007fff93cfd000 	/usr/lib/system/libdyld.dylib
0x00007fff93d03000 	/usr/lib/system/libkeymgr.dylib
0x00007fff93d11000 	/usr/lib/system/liblaunch.dylib
0x00007fff93d12000 	/usr/lib/system/libmacho.dylib
0x00007fff93d18000 	/usr/lib/system/libquarantine.dylib
0x00007fff93d1b000 	/usr/lib/system/libremovefile.dylib
0x00007fff93d1d000 	/usr/lib/system/libsystem_asl.dylib
0x00007fff93d36000 	/usr/lib/system/libsystem_blocks.dylib
0x00007fff93d37000 	/usr/lib/system/libsystem_c.dylib
0x00007fff93dc5000 	/usr/lib/system/libsystem_configuration.dylib
0x00007fff93dc9000 	/usr/lib/system/libsystem_coreservices.dylib
0x00007fff93dcd000 	/usr/lib/system/libsystem_coretls.dylib
0x00007fff93de6000 	/usr/lib/system/libsystem_dnssd.dylib
0x00007fff93ded000 	/usr/lib/system/libsystem_info.dylib
0x00007fff93e17000 	/usr/lib/system/libsystem_kernel.dylib
0x00007fff93e3a000 	/usr/lib/system/libsystem_m.dylib
0x00007fff93e82000 	/usr/lib/system/libsystem_malloc.dylib
0x00007fff93ea1000 	/usr/lib/system/libsystem_network.dylib
0x00007fff93efb000 	/usr/lib/system/libsystem_networkextension.dylib
0x00007fff93f05000 	/usr/lib/system/libsystem_notify.dylib
0x00007fff93f0f000 	/usr/lib/system/libsystem_platform.dylib
0x00007fff93f18000 	/usr/lib/system/libsystem_pthread.dylib
0x00007fff93f23000 	/usr/lib/system/libsystem_sandbox.dylib
0x00007fff93f27000 	/usr/lib/system/libsystem_secinit.dylib
0x00007fff93f29000 	/usr/lib/system/libsystem_symptoms.dylib
0x00007fff93f31000 	/usr/lib/system/libsystem_trace.dylib
0x00007fff93f45000 	/usr/lib/system/libunwind.dylib
0x00007fff93f4b000 	/usr/lib/system/libxpc.dylib
0x00007fff92873000 	/usr/lib/libbsm.0.dylib
0x00007fff93d04000 	/usr/lib/system/libkxld.dylib
0x00007fff9293c000 	/usr/lib/libcoretls.dylib
0x00007fff9293d000 	/usr/lib/libcoretls_cfhelpers.dylib
0x00007fff92753000 	/usr/lib/libOpenScriptingUtil.dylib
0x00007fff937dc000 	/usr/lib/libpam.2.dylib
0x00007fff9389b000 	/usr/lib/libsqlite3.dylib
0x00007fff93ade000 	/usr/lib/libxar.1.dylib
0x00007fff92884000 	/usr/lib/libbz2.1.0.dylib
0x00007fff93080000 	/usr/lib/liblzma.5.dylib
0x00007fff9338c000 	/usr/lib/libnetwork.dylib
0x00007fff937e1000 	/usr/lib/libpcap.A.dylib
0x00007fff7f71d000 	/System/Library/Frameworks/CoreServices.framework/Versions/A/Frameworks/FSEvents.framework/Versions/A/FSEvents
0x00007fff7f40d000 	/System/Library/Frameworks/CoreServices.framework/Versions/A/Frameworks/CarbonCore.framework/Versions/A/CarbonCore
0x00007fff7f893000 	/System/Library/Frameworks/CoreServices.framework/Versions/A/Frameworks/Metadata.framework/Versions/A/Metadata
0x00007fff7f944000 	/System/Library/Frameworks/CoreServices.framework/Versions/A/Frameworks/OSServices.framework/Versions/A/OSServices
0x00007fff7f9a4000 	/System/Library/Frameworks/CoreServices.framework/Versions/A/Frameworks/SearchKit.framework/Versions/A/SearchKit
0x00007fff7f3bb000 	/System/Library/Frameworks/CoreServices.framework/Versions/A/Frameworks/AE.framework/Versions/A/AE
0x00007fff7f726000 	/System/Library/Frameworks/CoreServices.framework/Versions/A/Frameworks/LaunchServices.framework/Versions/A/LaunchServices
0x00007fff7f6e9000 	/System/Library/Frameworks/CoreServices.framework/Versions/A/Frameworks/DictionaryServices.framework/Versions/A/DictionaryServices
0x00007fff7fa15000 	/System/Library/Frameworks/CoreServices.framework/Versions/A/Frameworks/SharedFileList.framework/Versions/A/SharedFileList
0x00007fff8275e000 	/System/Library/Frameworks/NetFS.framework/Versions/A/NetFS
0x00007fff8e19f000 	/System/Library/PrivateFrameworks/NetAuth.framework/Versions/A/NetAuth
0x00007fff9240a000 	/System/Library/PrivateFrameworks/login.framework/Versions/A/Frameworks/loginsupport.framework/Versions/A/loginsupport
0x00007fff90ffb000 	/System/Library/PrivateFrameworks/TCC.framework/Versions/A/TCC
0x00007fff930b1000 	/usr/lib/libmecabra.dylib
0x00007fff7ce19000 	/System/Library/Frameworks/ApplicationServices.framework/Versions/A/Frameworks/ATS.framework/Versions/A/ATS
0x00007fff7d198000 	/System/Library/Frameworks/ApplicationServices.framework/Versions/A/Frameworks/ColorSync.framework/Versions/A/ColorSync
0x00007fff7d243000 	/System/Library/Frameworks/ApplicationServices.framework/Versions/A/Frameworks/HIServices.framework/Versions/A/HIServices
0x00007fff7d295000 	/System/Library/Frameworks/ApplicationServices.framework/Versions/A/Frameworks/LangAnalysis.framework/Versions/A/LangAnalysis
0x00007fff7d2a5000 	/System/Library/Frameworks/ApplicationServices.framework/Versions/A/Frameworks/PrintCore.framework/Versions/A/PrintCore
0x00007fff7d2f3000 	/System/Library/Frameworks/ApplicationServices.framework/Versions/A/Frameworks/QD.framework/Versions/A/QD
0x00007fff7d32f000 	/System/Library/Frameworks/ApplicationServices.framework/Versions/A/Frameworks/SpeechSynthesis.framework/Versions/A/SpeechSynthesis
0x00007fff7b068000 	/System/Library/Frameworks/Accelerate.framework/Versions/A/Frameworks/vImage.framework/Versions/A/vImage
0x00007fff7bd6e000 	/System/Library/Frameworks/Accelerate.framework/Versions/A/Frameworks/vecLib.framework/Versions/A/vecLib
0x00007fff7bb33000 	/System/Library/Frameworks/Accelerate.framework/Versions/A/Frameworks/vecLib.framework/Versions/A/libvDSP.dylib
0x00007fff7b6f4000 	/System/Library/Frameworks/Accelerate.framework/Versions/A/Frameworks/vecLib.framework/Versions/A/libBNNS.dylib
0x00007fff7bb17000 	/System/Library/Frameworks/Accelerate.framework/Versions/A/Frameworks/vecLib.framework/Versions/A/libQuadrature.dylib
0x00007fff7bcbb000 	/System/Library/Frameworks/Accelerate.framework/Versions/A/Frameworks/vecLib.framework/Versions/A/libvMisc.dylib
0x00007fff7b709000 	/System/Library/Frameworks/Accelerate.framework/Versions/A/Frameworks/vecLib.framework/Versions/A/libLAPACK.dylib
0x00007fff7b582000 	/System/Library/Frameworks/Accelerate.framework/Versions/A/Frameworks/vecLib.framework/Versions/A/libBLAS.dylib
0x00007fff7bb00000 	/System/Library/Frameworks/Accelerate.framework/Versions/A/Frameworks/vecLib.framework/Versions/A/libLinearAlgebra.dylib
0x00007fff7bb1e000 	/System/Library/Frameworks/Accelerate.framework/Versions/A/Frameworks/vecLib.framework/Versions/A/libSparseBLAS.dylib
0x00007fff7cf21000 	/System/Library/Frameworks/ApplicationServices.framework/Versions/A/Frameworks/ATS.framework/Versions/A/Resources/libFontParser.dylib
0x00007fff7d051000 	/System/Library/Frameworks/ApplicationServices.framework/Versions/A/Frameworks/ATS.framework/Versions/A/Resources/libFontRegistry.dylib
0x00007fff8081b000 	/System/Library/Frameworks/ImageIO.framework/Versions/A/Resources/libJPEG.dylib
0x00007fff8086a000 	/System/Library/Frameworks/ImageIO.framework/Versions/A/Resources/libTIFF.dylib
0x00007fff8083f000 	/System/Library/Frameworks/ImageIO.framework/Versions/A/Resources/libPng.dylib
0x00007fff80725000 	/System/Library/Frameworks/ImageIO.framework/Versions/A/Resources/libGIF.dylib
0x00007fff8072a000 	/System/Library/Frameworks/ImageIO.framework/Versions/A/Resources/libJP2.dylib
0x00007fff80867000 	/System/Library/Frameworks/ImageIO.framework/Versions/A/Resources/libRadiance.dylib
0x00007fff92925000 	/usr/lib/libcompression.dylib
0x00007fff8793c000 	/System/Library/PrivateFrameworks/AppleJPEG.framework/Versions/A/AppleJPEG
0x00007fff92c7a000 	/usr/lib/libcups.2.dylib
0x00007fff81621000 	/System/Library/Frameworks/Kerberos.framework/Versions/A/Kerberos
0x00007fff8033f000 	/System/Library/Frameworks/GSS.framework/Versions/A/GSS
0x00007fff9382f000 	/usr/lib/libresolv.9.dylib
0x00007fff92d60000 	/usr/lib/libiconv.2.dylib
0x00007fff8cc38000 	/System/Library/PrivateFrameworks/Heimdal.framework/Versions/A/Heimdal
0x00007fff92d5a000 	/usr/lib/libheimdal-asn1.dylib
0x00007fff829af000 	/System/Library/Frameworks/OpenDirectory.framework/Versions/A/OpenDirectory
0x00007fff8944f000 	/System/Library/PrivateFrameworks/CommonAuth.framework/Versions/A/CommonAuth
0x00007fff82995000 	/System/Library/Frameworks/OpenDirectory.framework/Versions/A/Frameworks/CFOpenDirectory.framework/Versions/A/CFOpenDirectory
0x00007fff84b05000 	/System/Library/Frameworks/SecurityFoundation.framework/Versions/A/SecurityFoundation
0x00007fff8d3f0000 	/System/Library/PrivateFrameworks/LanguageModeling.framework/Versions/A/LanguageModeling
0x00007fff9309a000 	/usr/lib/libmarisa.dylib
0x00007fff9247d000 	/usr/lib/libChineseTokenizer.dylib
0x00007fff92914000 	/usr/lib/libcmph.dylib
0x00007fff89ba1000 	/System/Library/PrivateFrameworks/CoreEmoji.framework/Versions/A/CoreEmoji
0x00007fff84ba5000 	/System/Library/Frameworks/ServiceManagement.framework/Versions/A/ServiceManagement
0x00007fff93bdc000 	/usr/lib/libxslt.1.dylib
0x00007fff7ddc0000 	/System/Library/Frameworks/Carbon.framework/Versions/A/Frameworks/Ink.framework/Versions/A/Ink
0x00007fff9108d000 	/System/Library/PrivateFrameworks/TextureIO.framework/Versions/A/TextureIO
0x00007fff81e1a000 	/System/Library/Frameworks/Metal.framework/Versions/A/Metal
0x00007fff927f2000 	/usr/lib/libate.dylib
0x00007fff8c23a000 	/System/Library/PrivateFrameworks/GPUCompiler.framework/libmetal_timestamp.dylib
0x00007fff829be000 	/System/Library/Frameworks/OpenGL.framework/Versions/A/Libraries/libCoreFSCache.dylib
0x00007fff8d2c9000 	/System/Library/PrivateFrameworks/IOAccelerator.framework/Versions/A/IOAccelerator
0x00007fff7fc31000 	/System/Library/Frameworks/CoreVideo.framework/Versions/A/CoreVideo
0x00007fff9251c000 	/usr/lib/libFosl_dynamic.dylib
0x00007fff8dec8000 	/System/Library/PrivateFrameworks/MetalPerformanceShaders.framework/Versions/A/MetalPerformanceShaders
0x00007fff8aab2000 	/System/Library/PrivateFrameworks/FaceCore.framework/Versions/A/FaceCore
0x00007fff82946000 	/System/Library/Frameworks/OpenCL.framework/Versions/A/OpenCL
0x00007fff82b91000 	/System/Library/Frameworks/OpenGL.framework/Versions/A/Libraries/libGLU.dylib
0x00007fff829c7000 	/System/Library/Frameworks/OpenGL.framework/Versions/A/Libraries/libGFXShared.dylib
0x00007fff829d1000 	/System/Library/Frameworks/OpenGL.framework/Versions/A/Libraries/libGL.dylib
0x00007fff829dd000 	/System/Library/Frameworks/OpenGL.framework/Versions/A/Libraries/libGLImage.dylib
0x00007fff829bb000 	/System/Library/Frameworks/OpenGL.framework/Versions/A/Libraries/libCVMSPluginSupport.dylib
0x00007fff829c2000 	/System/Library/Frameworks/OpenGL.framework/Versions/A/Libraries/libCoreVMClient.dylib
0x00007fff8a503000 	/System/Library/PrivateFrameworks/CrashReporterSupport.framework/Versions/A/CrashReporterSupport
0x00007fff8ff5d000 	/System/Library/PrivateFrameworks/Sharing.framework/Versions/A/Sharing
0x00007fff8d2e7000 	/System/Library/PrivateFrameworks/IconServices.framework/Versions/A/IconServices
0x00007fff8f1ab000 	/System/Library/PrivateFrameworks/ProtocolBuffer.framework/Versions/A/ProtocolBuffer
0x00007fff8781f000 	/System/Library/PrivateFrameworks/Apple80211.framework/Versions/A/Apple80211
0x00007fff7fc67000 	/System/Library/Frameworks/CoreWLAN.framework/Versions/A/CoreWLAN
0x00007fff8a37d000 	/System/Library/PrivateFrameworks/CoreUtils.framework/Versions/A/CoreUtils
0x00007fff80430000 	/System/Library/Frameworks/IOBluetooth.framework/Versions/A/IOBluetooth
0x00007fff8a49d000 	/System/Library/PrivateFrameworks/CoreWiFi.framework/Versions/A/CoreWiFi
0x00007fff7e137000 	/System/Library/Frameworks/CoreBluetooth.framework/Versions/A/CoreBluetooth
0x00007fff7e447000 	/System/Library/Frameworks/CoreDisplay.framework/Versions/A/CoreDisplay
0x00007fff8d2d2000 	/System/Library/PrivateFrameworks/IOPresentment.framework/Versions/A/IOPresentment
0x00007fff8a58e000 	/System/Library/PrivateFrameworks/DSExternalDisplay.framework/Versions/A/DSExternalDisplay
0x00007fff8a679000 	/System/Library/PrivateFrameworks/DebugSymbols.framework/Versions/A/DebugSymbols
0x00007fff8a1ad000 	/System/Library/PrivateFrameworks/CoreSymbolication.framework/Versions/A/CoreSymbolication
0x00007fff90b48000 	/System/Library/PrivateFrameworks/Symbolication.framework/Versions/A/Symbolication
0x00007fff87842000 	/System/Library/PrivateFrameworks/AppleFSCompression.framework/Versions/A/AppleFSCompression
0x00007fff90450000 	/System/Library/PrivateFrameworks/SpeechRecognitionCore.framework/Versions/A/SpeechRecognitionCore
0x00007fff88b03000 	/System/Library/PrivateFrameworks/ChunkingLibrary.framework/Versions/A/ChunkingLibrary
0x0000000101800000 	/Library/Java/JavaVirtualMachines/jdk-9.0.4.jdk/Contents/Home/lib/server/libjvm.dylib
0x00007fff93a45000 	/usr/lib/libstdc++.6.dylib
0x0000000100ff1000 	/Library/Java/JavaVirtualMachines/jdk-9.0.4.jdk/Contents/Home/lib/libverify.dylib
0x00000001024a3000 	/Library/Java/JavaVirtualMachines/jdk-9.0.4.jdk/Contents/Home/lib/libjava.dylib
0x00000001024d7000 	/Library/Java/JavaVirtualMachines/jdk-9.0.4.jdk/Contents/Home/lib/libinstrument.dylib
0x00000001025b7000 	/Library/Java/JavaVirtualMachines/jdk-9.0.4.jdk/Contents/Home/lib/libzip.dylib
0x00000001025bf000 	/Library/Java/JavaVirtualMachines/jdk-9.0.4.jdk/Contents/Home/lib/libjimage.dylib
0x00000001240d8000 	/Library/Java/JavaVirtualMachines/jdk-9.0.4.jdk/Contents/Home/lib/libnio.dylib
0x00000001240e8000 	/Library/Java/JavaVirtualMachines/jdk-9.0.4.jdk/Contents/Home/lib/./libnet.dylib
0x0000000124397000 	/Library/Java/JavaVirtualMachines/jdk-9.0.4.jdk/Contents/Home/lib/libprism_es2.dylib
0x00000001243fc000 	/System/Library/Frameworks/OpenGL.framework/Resources/GLEngine.bundle/GLEngine
0x00007fff82a1a000 	/System/Library/Frameworks/OpenGL.framework/Versions/A/Libraries/libGLProgrammability.dylib
0x00000001245e1000 	/System/Library/Extensions/AppleIntelKBLGraphicsGLDriver.bundle/Contents/MacOS/AppleIntelKBLGraphicsGLDriver
0x00007fff8c247000 	/System/Library/PrivateFrameworks/GPUSupport.framework/Versions/A/Libraries/libGPUSupportMercury.dylib
0x0000000125368000 	/System/Library/Frameworks/OpenGL.framework/Resources//GLRendererFloat.bundle/GLRendererFloat
0x00007fff8293d000 	/System/Library/Frameworks/OpenCL.framework/Versions/A/Libraries/libcldcpuengine.dylib
0x00007fff929f8000 	/usr/lib/libcrypto.0.9.8.dylib
0x00007fff911c7000 	/System/Library/PrivateFrameworks/TrustEvaluationAgent.framework/Versions/A/TrustEvaluationAgent
0x000000012578b000 	/Library/Java/JavaVirtualMachines/jdk-9.0.4.jdk/Contents/Home/lib/libglass.dylib
0x00007fff89eec000 	/System/Library/PrivateFrameworks/CoreServicesInternal.framework/Versions/A/CoreServicesInternal
0x00007fff791a4000 	/System/Library/CoreServices/RawCamera.bundle/Contents/MacOS/RawCamera
0x00007fff7b050000 	/System/Library/Frameworks/Accelerate.framework/Versions/A/Frameworks/vImage.framework/Versions/A/Libraries/libCGInterfaces.dylib
0x000000012a035000 	/Library/Java/JavaVirtualMachines/jdk-9.0.4.jdk/Contents/Home/lib/libglib-lite.dylib
0x00007fff92d58000 	/usr/lib/libffi.dylib
0x000000012a167000 	/Library/Java/JavaVirtualMachines/jdk-9.0.4.jdk/Contents/Home/lib/libgstreamer-lite.dylib
0x000000012a2cc000 	/Library/Java/JavaVirtualMachines/jdk-9.0.4.jdk/Contents/Home/lib/libjfxmedia.dylib
0x000000012a301000 	/Library/Java/JavaVirtualMachines/jdk-9.0.4.jdk/Contents/Home/lib/libjfxmedia_avf.dylib
0x00007fff7ad20000 	/System/Library/Frameworks/AVFoundation.framework/Versions/A/AVFoundation
0x00007fff7f2bc000 	/System/Library/Frameworks/CoreMedia.framework/Versions/A/CoreMedia
0x00007fff818e0000 	/System/Library/Frameworks/MediaToolbox.framework/Versions/A/MediaToolbox
0x00007fff7aee2000 	/System/Library/Frameworks/AVFoundation.framework/Versions/A/Frameworks/AVFAudio.framework/Versions/A/AVFAudio
0x00007fff84f9f000 	/System/Library/Frameworks/VideoToolbox.framework/Versions/A/VideoToolbox
0x00007fff8d3a5000 	/System/Library/PrivateFrameworks/IntlPreferences.framework/Versions/A/IntlPreferences
0x00007fff7f36e000 	/System/Library/Frameworks/CoreMediaIO.framework/Versions/A/CoreMediaIO
0x00007fff93899000 	/usr/lib/libspindump.dylib
0x00007fff92d21000 	/usr/lib/libdscsym.dylib
0x00007fff899bd000 	/System/Library/PrivateFrameworks/CoreAVCHD.framework/Versions/A/CoreAVCHD
0x00007fff818c4000 	/System/Library/Frameworks/MediaAccessibility.framework/Versions/A/MediaAccessibility
0x00007fff8dc17000 	/System/Library/PrivateFrameworks/Mangrove.framework/Versions/A/Mangrove
0x00007fff895dd000 	/System/Library/PrivateFrameworks/CoreAUC.framework/Versions/A/CoreAUC
0x00007fff87a04000 	/System/Library/PrivateFrameworks/AppleVA.framework/Versions/A/AppleVA
0x00007fff7daa7000 	/System/Library/Frameworks/Carbon.framework/Versions/A/Carbon
0x00007fff7daa8000 	/System/Library/Frameworks/Carbon.framework/Versions/A/Frameworks/CommonPanels.framework/Versions/A/CommonPanels
0x00007fff7ddb6000 	/System/Library/Frameworks/Carbon.framework/Versions/A/Frameworks/Help.framework/Versions/A/Help
0x00007fff7ddba000 	/System/Library/Frameworks/Carbon.framework/Versions/A/Frameworks/ImageCapture.framework/Versions/A/ImageCapture
0x00007fff7de58000 	/System/Library/Frameworks/Carbon.framework/Versions/A/Frameworks/OpenScripting.framework/Versions/A/OpenScripting
0x00007fff7de73000 	/System/Library/Frameworks/Carbon.framework/Versions/A/Frameworks/Print.framework/Versions/A/Print
0x00007fff7de75000 	/System/Library/Frameworks/Carbon.framework/Versions/A/Frameworks/SecurityHI.framework/Versions/A/SecurityHI
0x00007fff92333000 	/System/Library/PrivateFrameworks/XPCService.framework/Versions/A/XPCService
0x00007fff87811000 	/System/Library/PrivateFrameworks/AppSandbox.framework/Versions/A/AppSandbox
0x00007fff9384c000 	/usr/lib/libsandbox.1.dylib
0x00007fff877f5000 	/System/Library/PrivateFrameworks/AppContainer.framework/Versions/A/AppContainer
0x00007fff8fecb000 	/System/Library/PrivateFrameworks/SecCodeWrapper.framework/Versions/A/SecCodeWrapper
0x00007fff9274b000 	/usr/lib/libMatch.1.dylib
0x000000012a534000 	/Library/Java/JavaVirtualMachines/jdk-9.0.4.jdk/Contents/Home/lib/libfxplugins.dylib
0x00000001271b9000 	/System/Library/Frameworks/VideoDecodeAcceleration.framework/Versions/A/VideoDecodeAcceleration
0x0000000127397000 	/System/Library/Extensions/AppleHDA.kext/Contents/PlugIns/AppleHDAHALPlugIn.bundle/Contents/MacOS/AppleHDAHALPlugIn
0x000000012a55c000 	/System/Library/Components/CoreAudio.component/Contents/MacOS/CoreAudio
0x000000012a781000 	/System/Library/Components/AudioCodecs.component/Contents/MacOS/AudioCodecs
0x000000012b11c000 	/Library/Java/JavaVirtualMachines/jdk-9.0.4.jdk/Contents/Home/lib/libjavafx_font.dylib
0x000000012b438000 	/Library/Java/JavaVirtualMachines/jdk-9.0.4.jdk/Contents/Home/lib/libawt.dylib
0x000000012b4dd000 	/Library/Java/JavaVirtualMachines/jdk-9.0.4.jdk/Contents/Home/lib/./libmlib_image.dylib
0x000000012b54b000 	/System/Library/Frameworks/JavaVM.framework/Versions/A/Frameworks/JavaNativeFoundation.framework/Versions/A/JavaNativeFoundation
0x000000012b560000 	/System/Library/Frameworks/JavaVM.framework/Versions/A/Frameworks/JavaRuntimeSupport.framework/Versions/A/JavaRuntimeSupport
0x000000012b57a000 	/System/Library/Frameworks/JavaVM.framework/Versions/A/JavaVM
0x000000012b587000 	/System/Library/PrivateFrameworks/JavaLaunching.framework/Versions/A/JavaLaunching
0x000000012b593000 	/Library/Java/JavaVirtualMachines/jdk-9.0.4.jdk/Contents/Home/lib/libawt_lwawt.dylib
0x000000012b72d000 	/Library/Java/JavaVirtualMachines/jdk-9.0.4.jdk/Contents/Home/lib/./libosxapp.dylib
0x00007fff7ff6a000 	/System/Library/Frameworks/ExceptionHandling.framework/Versions/A/ExceptionHandling
0x000000012b748000 	/Library/Java/JavaVirtualMachines/jdk-9.0.4.jdk/Contents/Home/lib/libfontmanager.dylib
0x00007fff7d0f8000 	/System/Library/Frameworks/ApplicationServices.framework/Versions/A/Frameworks/ATS.framework/Versions/A/Resources/libTrueTypeScaler.dylib
0x000000012736c000 	/Library/Java/JavaVirtualMachines/jdk-9.0.4.jdk/Contents/Home/lib/libprism_common.dylib
0x000000012e2f8000 	/System/Library/Extensions/AppleIntelKBLGraphicsMTLDriver.bundle/Contents/MacOS/AppleIntelKBLGraphicsMTLDriver
0x00007fff91e28000 	/System/Library/PrivateFrameworks/ViewBridge.framework/Versions/A/ViewBridge
0x000000012ea2d000 	/Library/Java/JavaVirtualMachines/jdk-9.0.4.jdk/Contents/Home/lib/libjavafx_iio.dylib

VM Arguments:
jvm_args: -javaagent:/Users/macbook/Library/Application Support/JetBrains/Toolbox/apps/IDEA-U/ch-0/173.4548.28/IntelliJ IDEA.app/Contents/lib/idea_rt.jar=49233:/Users/macbook/Library/Application Support/JetBrains/Toolbox/apps/IDEA-U/ch-0/173.4548.28/IntelliJ IDEA.app/Contents/bin -Dfile.encoding=UTF-8 
java_command: Main.Main
java_class_path (initial): /Users/macbook/Desktop/javacodes/projectfooking/ap_project/out/production/projectAp
Launcher Type: SUN_STANDARD

Logging:
Log output configuration:
#0: stdout all=warning uptime,level,tags
#1: stderr all=off uptime,level,tags

Environment Variables:
PATH=/usr/local/bin:/usr/bin:/bin:/usr/sbin:/sbin
SHELL=/bin/bash

Signal Handlers:
SIGSEGV: [libjvm.dylib+0x73f3dc], sa_mask[0]=11111111011111110111111111111111, sa_flags=SA_ONSTACK|SA_RESTART|SA_SIGINFO
SIGBUS: [libjvm.dylib+0x73f3dc], sa_mask[0]=11111111011111110111111111111111, sa_flags=SA_RESTART|SA_SIGINFO
SIGFPE: [libjvm.dylib+0x73f3dc], sa_mask[0]=11111111011111110111111111111111, sa_flags=SA_RESTART|SA_SIGINFO
SIGPIPE: [libjvm.dylib+0x5f233c], sa_mask[0]=11111111011111110111111111111111, sa_flags=SA_RESTART|SA_SIGINFO
SIGXFSZ: [libjvm.dylib+0x5f233c], sa_mask[0]=11111111011111110111111111111111, sa_flags=SA_RESTART|SA_SIGINFO
SIGILL: [libjvm.dylib+0x73f3dc], sa_mask[0]=11111111011111110111111111111111, sa_flags=SA_RESTART|SA_SIGINFO
SIGUSR2: [libjvm.dylib+0x5f2bcc], sa_mask[0]=00100000000000000000000000000000, sa_flags=SA_RESTART|SA_SIGINFO
SIGHUP: [libjvm.dylib+0x5f1409], sa_mask[0]=11111111011111110111111111111111, sa_flags=SA_RESTART|SA_SIGINFO
SIGINT: [libjvm.dylib+0x5f1409], sa_mask[0]=11111111011111110111111111111111, sa_flags=SA_RESTART|SA_SIGINFO
SIGTERM: [libjvm.dylib+0x5f1409], sa_mask[0]=11111111011111110111111111111111, sa_flags=SA_RESTART|SA_SIGINFO
SIGQUIT: [libjvm.dylib+0x5f1409], sa_mask[0]=11111111011111110111111111111111, sa_flags=SA_RESTART|SA_SIGINFO


---------------  S Y S T E M  ---------------

OS:uname:Darwin 16.7.0 Darwin Kernel Version 16.7.0: Mon Nov 13 21:56:25 PST 2017; root:xnu-3789.72.11~1/RELEASE_X86_64 x86_64
rlimit: STACK 8192k, CORE 0k, NPROC 709, NOFILE 10240, AS infinity
load average:4.29 4.78 2.37

CPU:total 4 (initial active 4) (2 cores per cpu, 2 threads per core) family 6 model 142 stepping 9, cmov, cx8, fxsr, mmx, sse, sse2, sse3, ssse3, sse4.1, sse4.2, popcnt, avx, avx2, aes, clmul, erms, rtm, 3dnowpref, lzcnt, ht, tsc, tscinvbit, bmi1, bmi2, adx, fma

Memory: 4k page, physical 8388608k(1814852k free)

vm_info: Java HotSpot(TM) 64-Bit Server VM (9.0.4+11) for bsd-amd64 JRE (9.0.4+11), built on Dec 20 2017 02:08:50 by "mach5one" with gcc 4.2.1 Compatible Apple LLVM 6.1.0 (clang-602.0.49)

END.
